#
# A fatal error has been detected by the Java Runtime Environment:
#
#  SIGSEGV (0xb) at pc=0x0000000000000004, pid=18728, tid=0x00007f8d6816f6c0
#
# JRE version: Java(TM) SE Runtime Environment (8.0_202-b08) (build 1.8.0_202-b08)
# Java VM: Java HotSpot(TM) 64-Bit Server VM (25.202-b08 mixed mode linux-amd64 compressed oops)
# Problematic frame:
# C  0x0000000000000004
#
# Core dump written. Default location: /home/neon/NetBeansProjects/ProyectFerreteria/core or core.18728
#
# If you would like to submit a bug report, please visit:
#   http://bugreport.java.com/bugreport/crash.jsp
# The crash happened outside the Java Virtual Machine in native code.
# See problematic frame for where to report the bug.
#

---------------  T H R E A D  ---------------

Current thread (0x00007f8de443e000):  JavaThread "GtkNativeMainLoopThread" [_thread_in_native, id=18759, stack(0x00007f8d68070000,0x00007f8d68170000)]

siginfo: si_signo: 11 (SIGSEGV), si_code: 1 (SEGV_MAPERR), si_addr: 0x0000000000000004

Registers:
RAX=0x00007f8de434f1b0, RBX=0x00007f8de434c6e0, RCX=0x0000000000000002, RDX=0x0000000000000001
RSP=0x00007f8d6816e088, RBP=0x00007f8d6816e100, RSI=0x00007f8d68c39654, RDI=0x00007f8de434c6e0
R8 =0x0000000000000000, R9 =0x00007f8de434bd00, R10=0x00007f8dd0a79e30, R11=0x00007f8dd0aa6190
R12=0x00007f8d68c39654, R13=0x0000000000000001, R14=0x0000000000000780, R15=0x0000000000000438
RIP=0x0000000000000004, EFLAGS=0x0000000000010202, CSGSFS=0x002b000000000033, ERR=0x0000000000000014
  TRAPNO=0x000000000000000e

Top of Stack: (sp=0x00007f8d6816e088)
0x00007f8d6816e088:   00007f8dd0aa61d5 00007f8de4182328
0x00007f8d6816e098:   0000000000000001 00000007c0098d08
0x00007f8d6816e0a8:   00000007c00ab820 00007f8de434c6e0
0x00007f8d6816e0b8:   00007f8de434c510 00007f8de434c6e0
0x00007f8d6816e0c8:   0000000000000780 00007f8d6816e0e0
0x00007f8d6816e0d8:   31788617d89c9500 00007f8d6816e100
0x00007f8d6816e0e8:   00007f8de443e1f8 00007f8de434c6e0
0x00007f8d6816e0f8:   00007f8de434c6e0 00007f8d6816e1d0
0x00007f8d6816e108:   00007f8d68c189aa 00000000000003d8
0x00007f8d6816e118:   00007f8de443e000 00007f8de461a890
0x00007f8d6816e128:   00007f8de443e000 0000000000000001
0x00007f8d6816e138:   00000000e443e1f8 00007f8de443e000
0x00007f8d6816e148:   00007f8de443e000 00007f8d6816e1d0
0x00007f8d6816e158:   00007f8de94cbee4 00007f8de434c6e0
0x00007f8d6816e168:   00007f8de434c510 00007f8dd2b83b68
0x00007f8d6816e178:   000000074e3a8fe8 00007f8de443e000
0x00007f8d6816e188:   00007f8de443e000 0000000000000000
0x00007f8d6816e198:   0000000000000001 00007f8d3c000f90
0x00007f8d6816e1a8:   00007f8de443e1f8 0000000000000000
0x00007f8d6816e1b8:   0000000000000001 00007f8d3c000f90
0x00007f8d6816e1c8:   00007f8de434c6e0 00007f8d6816e210
0x00007f8d6816e1d8:   00007f8d68c18ea6 00007f8dd2b83b68
0x00007f8d6816e1e8:   00007f8dd2b83b68 0000000000000000
0x00007f8d6816e1f8:   00007f8dd2b83b68 00007f8d6816e2a0
0x00007f8d6816e208:   00007f8de443e000 00007f8d6816e220
0x00007f8d6816e218:   00007f8d68c271b9 00007f8d6816e280
0x00007f8d6816e228:   00007f8dd5018087 0000001500000001
0x00007f8d6816e238:   00007f8dd5017da2 00007f8d6816e240
0x00007f8d6816e248:   00007f8dd2b83b68 00007f8d6816e2a0
0x00007f8d6816e258:   00007f8dd2ba3870 0000000000000000
0x00007f8d6816e268:   00007f8dd2b83b68 0000000000000000
0x00007f8d6816e278:   00007f8d6816e2a0 00007f8d6816e2e8 

Instructions: (pc=0x0000000000000004)
0xffffffffffffffe4:   

Register to memory mapping:

RAX=0x00007f8de434f1b0 is an unknown value
RBX=0x00007f8de434c6e0 is an unknown value
RCX=0x0000000000000002 is an unknown value
RDX=0x0000000000000001 is an unknown value
RSP=0x00007f8d6816e088 is pointing into the stack for thread: 0x00007f8de443e000
RBP=0x00007f8d6816e100 is pointing into the stack for thread: 0x00007f8de443e000
RSI=0x00007f8d68c39654: <offset 0x39654> in /usr/lib/jvm/jdk1.8.0_202/jre/lib/amd64/libglassgtk3.so at 0x00007f8d68c00000
RDI=0x00007f8de434c6e0 is an unknown value
R8 =0x0000000000000000 is an unknown value
R9 =0x00007f8de434bd00 is an unknown value
R10=0x00007f8dd0a79e30: <offset 0x6e30> in /lib64/libX11.so.6 at 0x00007f8dd0a73000
R11=0x00007f8dd0aa6190: XInternAtom+0 in /lib64/libX11.so.6 at 0x00007f8dd0a73000
R12=0x00007f8d68c39654: <offset 0x39654> in /usr/lib/jvm/jdk1.8.0_202/jre/lib/amd64/libglassgtk3.so at 0x00007f8d68c00000
R13=0x0000000000000001 is an unknown value
R14=0x0000000000000780 is an unknown value
R15=0x0000000000000438 is an unknown value


Stack: [0x00007f8d68070000,0x00007f8d68170000],  sp=0x00007f8d6816e088,  free space=1016k
Native frames: (J=compiled Java code, j=interpreted, Vv=VM code, C=native code)
C  0x0000000000000004
C  [libglassgtk3.so+0x189aa]  createJavaScreen(JNIEnv_*, _GdkScreen*, int)+0x5a
C  [libglassgtk3.so+0x18ea6]  rebuild_screens(JNIEnv_*)+0x76
C  [libglassgtk3.so+0x271b9]  Java_com_sun_glass_ui_gtk_GtkApplication_staticScreen_1getScreens+0x9
j  com.sun.glass.ui.gtk.GtkApplication.staticScreen_getScreens()[Lcom/sun/glass/ui/Screen;+0
j  com.sun.glass.ui.Screen.initScreens()V+6
j  com.sun.glass.ui.Application.lambda$run$93(Ljava/lang/Runnable;)V+0
j  com.sun.glass.ui.Application$$Lambda$42.run()V+4
v  ~StubRoutines::call_stub
V  [libjvm.so+0x68839b]  JavaCalls::call_helper(JavaValue*, methodHandle*, JavaCallArguments*, Thread*)+0xddb
V  [libjvm.so+0x6cfda8]  jni_invoke_nonstatic(JNIEnv_*, JavaValue*, _jobject*, JNICallType, _jmethodID*, JNI_ArgumentPusher*, Thread*) [clone .constprop.109]+0x208
V  [libjvm.so+0x6d1fba]  jni_CallVoidMethodV+0xea
C  [libglassgtk3.so+0x1b271]  JNIEnv_::CallVoidMethod(_jobject*, _jmethodID*, ...)+0x81
C  [libglassgtk3.so+0x270d1]  Java_com_sun_glass_ui_gtk_GtkApplication__1runLoop+0x21
j  com.sun.glass.ui.gtk.GtkApplication._runLoop(Ljava/lang/Runnable;Z)V+0
j  com.sun.glass.ui.gtk.GtkApplication.lambda$null$208(Ljava/lang/Runnable;Z)V+7
j  com.sun.glass.ui.gtk.GtkApplication$$Lambda$46.run()V+12
j  java.lang.Thread.run()V+11
v  ~StubRoutines::call_stub
V  [libjvm.so+0x68839b]  JavaCalls::call_helper(JavaValue*, methodHandle*, JavaCallArguments*, Thread*)+0xddb
V  [libjvm.so+0x685c63]  JavaCalls::call_virtual(JavaValue*, KlassHandle, Symbol*, Symbol*, JavaCallArguments*, Thread*)+0x263
V  [libjvm.so+0x686227]  JavaCalls::call_virtual(JavaValue*, Handle, KlassHandle, Symbol*, Symbol*, Thread*)+0x47
V  [libjvm.so+0x6f239c]  thread_entry(JavaThread*, Thread*)+0x6c
V  [libjvm.so+0xa7b9eb]  JavaThread::thread_main_inner()+0xdb
V  [libjvm.so+0xa7bcf1]  JavaThread::run()+0x2d1
V  [libjvm.so+0x90d8c2]  java_start(Thread*)+0x102
C  [libc.so.6+0x8e897]  start_thread+0x2f7
C  [libc.so.6+0x1156bc]  __clone3+0x2c

Java frames: (J=compiled Java code, j=interpreted, Vv=VM code)
j  com.sun.glass.ui.gtk.GtkApplication.staticScreen_getScreens()[Lcom/sun/glass/ui/Screen;+0
j  com.sun.glass.ui.Screen.initScreens()V+6
j  com.sun.glass.ui.Application.lambda$run$93(Ljava/lang/Runnable;)V+0
j  com.sun.glass.ui.Application$$Lambda$42.run()V+4
v  ~StubRoutines::call_stub
j  com.sun.glass.ui.gtk.GtkApplication._runLoop(Ljava/lang/Runnable;Z)V+0
j  com.sun.glass.ui.gtk.GtkApplication.lambda$null$208(Ljava/lang/Runnable;Z)V+7
j  com.sun.glass.ui.gtk.GtkApplication$$Lambda$46.run()V+12
j  java.lang.Thread.run()V+11
v  ~StubRoutines::call_stub

---------------  P R O C E S S  ---------------

Java Threads: ( => current thread )
=>0x00007f8de443e000 JavaThread "GtkNativeMainLoopThread" [_thread_in_native, id=18759, stack(0x00007f8d68070000,0x00007f8d68170000)]
  0x00007f8de44a0800 JavaThread "Thread-1" daemon [_thread_blocked, id=18758, stack(0x00007f8d68170000,0x00007f8d68270000)]
  0x00007f8de4300000 JavaThread "QuantumRenderer-0" daemon [_thread_blocked, id=18746, stack(0x00007f8dd0bba000,0x00007f8dd0cba000)]
  0x00007f8de4190800 JavaThread "Service Thread" daemon [_thread_blocked, id=18744, stack(0x00007f8dd0dbb000,0x00007f8dd0ebb000)]
  0x00007f8de4185800 JavaThread "C1 CompilerThread2" daemon [_thread_blocked, id=18743, stack(0x00007f8dd0ebc000,0x00007f8dd0fbc000)]
  0x00007f8de4184000 JavaThread "C2 CompilerThread1" daemon [_thread_blocked, id=18742, stack(0x00007f8dd0fbd000,0x00007f8dd10bd000)]
  0x00007f8de4181000 JavaThread "C2 CompilerThread0" daemon [_thread_in_native, id=18741, stack(0x00007f8dd10be000,0x00007f8dd11be000)]
  0x00007f8de417f800 JavaThread "Signal Dispatcher" daemon [_thread_blocked, id=18740, stack(0x00007f8dd11be000,0x00007f8dd12be000)]
  0x00007f8de414c000 JavaThread "Finalizer" daemon [_thread_blocked, id=18739, stack(0x00007f8dd12be000,0x00007f8dd13be000)]
  0x00007f8de4149800 JavaThread "Reference Handler" daemon [_thread_blocked, id=18738, stack(0x00007f8dd13be000,0x00007f8dd14be000)]
  0x00007f8de4009800 JavaThread "main" [_thread_blocked, id=18732, stack(0x00007f8de8d00000,0x00007f8de8e00000)]

Other Threads:
  0x00007f8de4140000 VMThread [stack: 0x00007f8dd14bf000,0x00007f8dd15bf000] [id=18737]
  0x00007f8de4193800 WatcherThread [stack: 0x00007f8dd0cbb000,0x00007f8dd0dbb000] [id=18745]

VM state:not at safepoint (normal execution)

VM Mutex/Monitor currently owned by a thread: None

heap address: 0x0000000669000000, size: 5488 MB, Compressed Oops mode: Zero based, Oop shift amount: 3
Narrow klass base: 0x0000000000000000, Narrow klass shift: 3
Compressed class space size: 1073741824 Address: 0x00000007c0000000

Heap:
 PSYoungGen      total 102912K, used 10630K [0x000000074db00000, 0x0000000754d80000, 0x00000007c0000000)
  eden space 88576K, 12% used [0x000000074db00000,0x000000074e561860,0x0000000753180000)
  from space 14336K, 0% used [0x0000000753f80000,0x0000000753f80000,0x0000000754d80000)
  to   space 14336K, 0% used [0x0000000753180000,0x0000000753180000,0x0000000753f80000)
 ParOldGen       total 235008K, used 0K [0x0000000669000000, 0x0000000677580000, 0x000000074db00000)
  object space 235008K, 0% used [0x0000000669000000,0x0000000669000000,0x0000000677580000)
 Metaspace       used 5428K, capacity 5968K, committed 6144K, reserved 1056768K
  class space    used 622K, capacity 727K, committed 768K, reserved 1048576K

Card table byte_map: [0x00007f8dd4187000,0x00007f8dd4c40000] byte_map_base: 0x00007f8dd0e3f000

Marking Bits: (ParMarkBitMap*) 0x00007f8de9dcbd80
 Begin Bits: [0x00007f8db9480000, 0x00007f8dbea40000)
 End Bits:   [0x00007f8dbea40000, 0x00007f8dc4000000)

Polling page: 0x00007f8dea369000

CodeCache: size=245760Kb used=1866Kb max_used=1866Kb free=243893Kb
 bounds [0x00007f8dd5000000, 0x00007f8dd5270000, 0x00007f8de4000000]
 total_blobs=712 nmethods=376 adapters=251
 compilation: enabled

Compilation events (10 events):
Event: 0,523 Thread 0x00007f8de4185800 nmethod 370 0x00007f8dd51cf510 code [0x00007f8dd51cf680, 0x00007f8dd51cf810]
Event: 0,523 Thread 0x00007f8de4185800  372       3       java.lang.invoke.MemberName::getInvocationType (56 bytes)
Event: 0,523 Thread 0x00007f8de4185800 nmethod 372 0x00007f8dd51cfdd0 code [0x00007f8dd51cffc0, 0x00007f8dd51d0ba8]
Event: 0,523 Thread 0x00007f8de4185800  371       3       jdk.internal.org.objectweb.asm.Frame::pop (53 bytes)
Event: 0,524 Thread 0x00007f8de4185800 nmethod 371 0x00007f8dd51d0ed0 code [0x00007f8dd51d10a0, 0x00007f8dd51d1588]
Event: 0,524 Thread 0x00007f8de4185800  376       3       java.lang.invoke.LambdaForm::parameterType (9 bytes)
Event: 0,524 Thread 0x00007f8de4185800 nmethod 376 0x00007f8dd51d17d0 code [0x00007f8dd51d1940, 0x00007f8dd51d1ae8]
Event: 0,524 Thread 0x00007f8de4185800  374       3       java.lang.invoke.MemberName$Factory::resolveOrFail (52 bytes)
Event: 0,524 Thread 0x00007f8de4185800 nmethod 374 0x00007f8dd51d1bd0 code [0x00007f8dd51d1da0, 0x00007f8dd51d2698]
Event: 0,525 Thread 0x00007f8de4181000  377       4       jdk.internal.org.objectweb.asm.Item::set (143 bytes)

GC Heap History (0 events):
No events

Deoptimization events (0 events):
No events

Classes redefined (0 events):
No events

Internal exceptions (9 events):
Event: 0,040 Thread 0x00007f8de4009800 Exception <a 'java/lang/NoSuchMethodError': Method sun.misc.Unsafe.defineClass(Ljava/lang/String;[BII)Ljava/lang/Class; name or signature does not match> (0x000000074db07cb0) thrown at [/HUDSON/workspace/8-2-build-linux-amd64/jdk8u202/12319/hotspot/src/sh
Event: 0,040 Thread 0x00007f8de4009800 Exception <a 'java/lang/NoSuchMethodError': Method sun.misc.Unsafe.prefetchRead(Ljava/lang/Object;J)V name or signature does not match> (0x000000074db07f98) thrown at [/HUDSON/workspace/8-2-build-linux-amd64/jdk8u202/12319/hotspot/src/share/vm/prims/jni.c
Event: 0,178 Thread 0x00007f8de4009800 Exception <a 'java/lang/NoSuchFieldError': method resolution failed> (0x000000074dc84908) thrown at [/HUDSON/workspace/8-2-build-linux-amd64/jdk8u202/12319/hotspot/src/share/vm/prims/methodHandles.cpp, line 1167]
Event: 0,181 Thread 0x00007f8de4009800 Exception <a 'java/lang/NoSuchFieldError': method resolution failed> (0x000000074dc91c88) thrown at [/HUDSON/workspace/8-2-build-linux-amd64/jdk8u202/12319/hotspot/src/share/vm/prims/methodHandles.cpp, line 1167]
Event: 0,207 Thread 0x00007f8de4009800 Exception <a 'java/security/PrivilegedActionException'> (0x000000074ded6070) thrown at [/HUDSON/workspace/8-2-build-linux-amd64/jdk8u202/12319/hotspot/src/share/vm/prims/jvm.cpp, line 1502]
Event: 0,207 Thread 0x00007f8de4009800 Exception <a 'java/security/PrivilegedActionException'> (0x000000074ded6280) thrown at [/HUDSON/workspace/8-2-build-linux-amd64/jdk8u202/12319/hotspot/src/share/vm/prims/jvm.cpp, line 1502]
Event: 0,207 Thread 0x00007f8de4009800 Exception <a 'java/security/PrivilegedActionException'> (0x000000074ded8680) thrown at [/HUDSON/workspace/8-2-build-linux-amd64/jdk8u202/12319/hotspot/src/share/vm/prims/jvm.cpp, line 1502]
Event: 0,207 Thread 0x00007f8de4009800 Exception <a 'java/security/PrivilegedActionException'> (0x000000074ded8890) thrown at [/HUDSON/workspace/8-2-build-linux-amd64/jdk8u202/12319/hotspot/src/share/vm/prims/jvm.cpp, line 1502]
Event: 0,208 Thread 0x00007f8de4009800 Exception <a 'java/lang/NullPointerException'> (0x000000074ded8e68) thrown at [/HUDSON/workspace/8-2-build-linux-amd64/jdk8u202/12319/hotspot/src/share/vm/interpreter/linkResolver.cpp, line 1185]

Events (10 events):
Event: 0,519 loading class java/util/concurrent/BlockingDeque
Event: 0,519 loading class java/util/concurrent/BlockingDeque done
Event: 0,520 loading class java/util/concurrent/LinkedBlockingDeque
Event: 0,520 loading class java/util/concurrent/LinkedBlockingDeque done
Event: 0,520 Thread 0x00007f8de44a0800 Thread added: 0x00007f8de44a0800
Event: 0,522 loading class com/sun/glass/ui/gtk/GtkApplication
Event: 0,522 loading class com/sun/glass/ui/gtk/GtkApplication done
Event: 0,524 loading class com/sun/glass/ui/gtk/GtkApplication
Event: 0,524 loading class com/sun/glass/ui/gtk/GtkApplication done
Event: 0,524 Thread 0x00007f8de443e000 Thread added: 0x00007f8de443e000


Dynamic libraries:
00400000-00401000 r-xp 00000000 00:20 710258                             /usr/lib/jvm/jdk1.8.0_202/bin/java
00600000-00601000 r--p 00000000 00:20 710258                             /usr/lib/jvm/jdk1.8.0_202/bin/java
00601000-00602000 rw-p 00001000 00:20 710258                             /usr/lib/jvm/jdk1.8.0_202/bin/java
01e49000-01e6a000 rw-p 00000000 00:00 0                                  [heap]
669000000-677580000 rw-p 00000000 00:00 0 
677580000-74db00000 ---p 00000000 00:00 0 
74db00000-754d80000 rw-p 00000000 00:00 0 
754d80000-7c0000000 ---p 00000000 00:00 0 
7c0000000-7c00c0000 rw-p 00000000 00:00 0 
7c00c0000-800000000 ---p 00000000 00:00 0 
7f8d3c000000-7f8d3c348000 rw-p 00000000 00:00 0 
7f8d3c348000-7f8d40000000 ---p 00000000 00:00 0 
7f8d44000000-7f8d44021000 rw-p 00000000 00:00 0 
7f8d44021000-7f8d48000000 ---p 00000000 00:00 0 
7f8d48000000-7f8d48021000 rw-p 00000000 00:00 0 
7f8d48021000-7f8d4c000000 ---p 00000000 00:00 0 
7f8d4c000000-7f8d4c021000 rw-p 00000000 00:00 0 
7f8d4c021000-7f8d50000000 ---p 00000000 00:00 0 
7f8d52ffe000-7f8d52fff000 ---p 00000000 00:00 0 
7f8d52fff000-7f8d537ff000 rw-p 00000000 00:00 0 
7f8d537ff000-7f8d53800000 ---p 00000000 00:00 0 
7f8d53800000-7f8d54021000 rw-p 00000000 00:00 0 
7f8d54021000-7f8d58000000 ---p 00000000 00:00 0 
7f8d58000000-7f8d58021000 rw-p 00000000 00:00 0 
7f8d58021000-7f8d5c000000 ---p 00000000 00:00 0 
7f8d5c000000-7f8d5c021000 rw-p 00000000 00:00 0 
7f8d5c021000-7f8d60000000 ---p 00000000 00:00 0 
7f8d60000000-7f8d60021000 rw-p 00000000 00:00 0 
7f8d60021000-7f8d64000000 ---p 00000000 00:00 0 
7f8d64000000-7f8d64021000 rw-p 00000000 00:00 0 
7f8d64021000-7f8d68000000 ---p 00000000 00:00 0 
7f8d68070000-7f8d68073000 ---p 00000000 00:00 0 
7f8d68073000-7f8d68170000 rw-p 00000000 00:00 0 
7f8d68170000-7f8d68173000 ---p 00000000 00:00 0 
7f8d68173000-7f8d68270000 rw-p 00000000 00:00 0 
7f8d68270000-7f8d683ff000 rw-s 00000000 00:01 36250                      /memfd:wayland-cursor (deleted)
7f8d683ff000-7f8d68400000 ---p 00000000 00:00 0 
7f8d68400000-7f8d68c00000 rw-p 00000000 00:00 0 
7f8d68c00000-7f8d68c43000 r-xp 00000000 00:20 711952                     /usr/lib/jvm/jdk1.8.0_202/jre/lib/amd64/libglassgtk3.so
7f8d68c43000-7f8d68e43000 ---p 00043000 00:20 711952                     /usr/lib/jvm/jdk1.8.0_202/jre/lib/amd64/libglassgtk3.so
7f8d68e43000-7f8d68e45000 r--p 00043000 00:20 711952                     /usr/lib/jvm/jdk1.8.0_202/jre/lib/amd64/libglassgtk3.so
7f8d68e45000-7f8d68e46000 rw-p 00045000 00:20 711952                     /usr/lib/jvm/jdk1.8.0_202/jre/lib/amd64/libglassgtk3.so
7f8d68e46000-7f8d68e47000 rw-p 00000000 00:00 0 
7f8d68e47000-7f8d68e5a000 r--p 00000000 00:20 460545                     /usr/lib64/gvfs/libgvfscommon.so
7f8d68e5a000-7f8d68e77000 r-xp 00013000 00:20 460545                     /usr/lib64/gvfs/libgvfscommon.so
7f8d68e77000-7f8d68e83000 r--p 00030000 00:20 460545                     /usr/lib64/gvfs/libgvfscommon.so
7f8d68e83000-7f8d68e89000 r--p 0003c000 00:20 460545                     /usr/lib64/gvfs/libgvfscommon.so
7f8d68e89000-7f8d68e8a000 rw-p 00000000 00:00 0 
7f8d68e8a000-7f8d68e94000 r--p 00000000 00:20 460544                     /usr/lib64/gio/modules/libgvfsdbus.so
7f8d68e94000-7f8d68eb3000 r-xp 0000a000 00:20 460544                     /usr/lib64/gio/modules/libgvfsdbus.so
7f8d68eb3000-7f8d68ebc000 r--p 00029000 00:20 460544                     /usr/lib64/gio/modules/libgvfsdbus.so
7f8d68ebc000-7f8d68ebe000 r--p 00031000 00:20 460544                     /usr/lib64/gio/modules/libgvfsdbus.so
7f8d68ebe000-7f8d68ebf000 rw-p 00033000 00:20 460544                     /usr/lib64/gio/modules/libgvfsdbus.so
7f8d68ebf000-7f8d68fa5000 r--p 00000000 00:20 7571                       /home/neon/.themes/WhiteSur-Dark/gtk-3.0/gtk.gresource
7f8d68fa5000-7f8d68fd7000 r--p 00000000 00:20 707330                     /usr/share/glib-2.0/schemas/gschemas.compiled
7f8d68fd7000-7f8d68ffa000 r--p 00000000 00:20 452429                     /usr/share/locale/es/LC_MESSAGES/glib20.mo
7f8d68ffa000-7f8d69016000 r--p 00000000 00:20 518738                     /usr/share/locale/es/LC_MESSAGES/gtk30.mo
7f8d69016000-7f8d69019000 r--p 00000000 00:20 433050                     /usr/lib64/liblz4.so.1.9.4
7f8d69019000-7f8d69034000 r-xp 00003000 00:20 433050                     /usr/lib64/liblz4.so.1.9.4
7f8d69034000-7f8d69036000 r--p 0001e000 00:20 433050                     /usr/lib64/liblz4.so.1.9.4
7f8d69036000-7f8d69037000 r--p 0001f000 00:20 433050                     /usr/lib64/liblz4.so.1.9.4
7f8d69037000-7f8d69038000 rw-p 00000000 00:00 0 
7f8d69038000-7f8d69039000 r--p 00000000 00:20 433338                     /usr/lib64/libbrotlicommon.so.1.1.0
7f8d69039000-7f8d6903a000 r-xp 00001000 00:20 433338                     /usr/lib64/libbrotlicommon.so.1.1.0
7f8d6903a000-7f8d69059000 r--p 00002000 00:20 433338                     /usr/lib64/libbrotlicommon.so.1.1.0
7f8d69059000-7f8d6905a000 r--p 00021000 00:20 433338                     /usr/lib64/libbrotlicommon.so.1.1.0
7f8d6905a000-7f8d6905b000 rw-p 00000000 00:00 0 
7f8d6905b000-7f8d69072000 r--p 00000000 00:20 696890                     /usr/lib64/libsystemd.so.0.37.0
7f8d69072000-7f8d6910c000 r-xp 00017000 00:20 696890                     /usr/lib64/libsystemd.so.0.37.0
7f8d6910c000-7f8d69140000 r--p 000b1000 00:20 696890                     /usr/lib64/libsystemd.so.0.37.0
7f8d69140000-7f8d6914c000 r--p 000e4000 00:20 696890                     /usr/lib64/libsystemd.so.0.37.0
7f8d6914c000-7f8d6914d000 rw-p 000f0000 00:20 696890                     /usr/lib64/libsystemd.so.0.37.0
7f8d6914d000-7f8d6914e000 rw-p 00000000 00:00 0 
7f8d6914e000-7f8d69152000 r--p 00000000 00:20 430266                     /usr/lib64/liblzma.so.5.4.4
7f8d69152000-7f8d69174000 r-xp 00004000 00:20 430266                     /usr/lib64/liblzma.so.5.4.4
7f8d69174000-7f8d6917f000 r--p 00026000 00:20 430266                     /usr/lib64/liblzma.so.5.4.4
7f8d6917f000-7f8d69180000 r--p 00031000 00:20 430266                     /usr/lib64/liblzma.so.5.4.4
7f8d69180000-7f8d69181000 rw-p 00000000 00:00 0 
7f8d69181000-7f8d69189000 r--p 00000000 00:20 430337                     /usr/lib64/libblkid.so.1.1.0
7f8d69189000-7f8d691ad000 r-xp 00008000 00:20 430337                     /usr/lib64/libblkid.so.1.1.0
7f8d691ad000-7f8d691b6000 r--p 0002c000 00:20 430337                     /usr/lib64/libblkid.so.1.1.0
7f8d691b6000-7f8d691bc000 r--p 00034000 00:20 430337                     /usr/lib64/libblkid.so.1.1.0
7f8d691bc000-7f8d691bd000 rw-p 0003a000 00:20 430337                     /usr/lib64/libblkid.so.1.1.0
7f8d691bd000-7f8d691cd000 r--p 00000000 00:20 430342                     /usr/lib64/libsqlite3.so.0.8.6
7f8d691cd000-7f8d692dd000 r-xp 00010000 00:20 430342                     /usr/lib64/libsqlite3.so.0.8.6
7f8d692dd000-7f8d69309000 r--p 00120000 00:20 430342                     /usr/lib64/libsqlite3.so.0.8.6
7f8d69309000-7f8d6930d000 r--p 0014c000 00:20 430342                     /usr/lib64/libsqlite3.so.0.8.6
7f8d6930d000-7f8d69311000 rw-p 00150000 00:20 430342                     /usr/lib64/libsqlite3.so.0.8.6
7f8d69311000-7f8d6931f000 r--p 00000000 00:20 433071                     /usr/lib64/libdbus-1.so.3.32.4
7f8d6931f000-7f8d69352000 r-xp 0000e000 00:20 433071                     /usr/lib64/libdbus-1.so.3.32.4
7f8d69352000-7f8d69363000 r--p 00041000 00:20 433071                     /usr/lib64/libdbus-1.so.3.32.4
7f8d69363000-7f8d69365000 r--p 00051000 00:20 433071                     /usr/lib64/libdbus-1.so.3.32.4
7f8d69365000-7f8d69366000 rw-p 00053000 00:20 433071                     /usr/lib64/libdbus-1.so.3.32.4
7f8d69366000-7f8d6936a000 r--p 00000000 00:20 430237                     /usr/lib64/libjpeg.so.62.3.0
7f8d6936a000-7f8d693b7000 r-xp 00004000 00:20 430237                     /usr/lib64/libjpeg.so.62.3.0
7f8d693b7000-7f8d693e7000 r--p 00051000 00:20 430237                     /usr/lib64/libjpeg.so.62.3.0
7f8d693e7000-7f8d693e8000 r--p 00081000 00:20 430237                     /usr/lib64/libjpeg.so.62.3.0
7f8d693e8000-7f8d693e9000 rw-p 00082000 00:20 430237                     /usr/lib64/libjpeg.so.62.3.0
7f8d693e9000-7f8d6941e000 r--p 00000000 00:20 430275                     /usr/lib64/libxml2.so.2.10.4
7f8d6941e000-7f8d69510000 r-xp 00035000 00:20 430275                     /usr/lib64/libxml2.so.2.10.4
7f8d69510000-7f8d69550000 r--p 00127000 00:20 430275                     /usr/lib64/libxml2.so.2.10.4
7f8d69550000-7f8d6955b000 r--p 00166000 00:20 430275                     /usr/lib64/libxml2.so.2.10.4
7f8d6955b000-7f8d6955c000 rw-p 00171000 00:20 430275                     /usr/lib64/libxml2.so.2.10.4
7f8d6955c000-7f8d6955d000 rw-p 00000000 00:00 0 
7f8d6955d000-7f8d69568000 r--p 00000000 00:20 432606                     /usr/lib64/libpixman-1.so.0.42.2
7f8d69568000-7f8d695f5000 r-xp 0000b000 00:20 432606                     /usr/lib64/libpixman-1.so.0.42.2
7f8d695f5000-7f8d69604000 r--p 00098000 00:20 432606                     /usr/lib64/libpixman-1.so.0.42.2
7f8d69604000-7f8d6960c000 r--p 000a6000 00:20 432606                     /usr/lib64/libpixman-1.so.0.42.2
7f8d6960c000-7f8d6960d000 rw-p 000ae000 00:20 432606                     /usr/lib64/libpixman-1.so.0.42.2
7f8d6960d000-7f8d6961b000 r--p 00000000 00:20 459611                     /usr/lib64/libfreetype.so.6.20.0
7f8d6961b000-7f8d696ad000 r-xp 0000e000 00:20 459611                     /usr/lib64/libfreetype.so.6.20.0
7f8d696ad000-7f8d696d4000 r--p 000a0000 00:20 459611                     /usr/lib64/libfreetype.so.6.20.0
7f8d696d4000-7f8d696dc000 r--p 000c6000 00:20 459611                     /usr/lib64/libfreetype.so.6.20.0
7f8d696dc000-7f8d696dd000 rw-p 00000000 00:00 0 
7f8d696dd000-7f8d6973d000 r--p 00000000 00:20 430679                     /usr/lib64/libepoxy.so.0.0.0
7f8d6973d000-7f8d697a3000 r-xp 00060000 00:20 430679                     /usr/lib64/libepoxy.so.0.0.0
7f8d697a3000-7f8d697f1000 r--p 000c6000 00:20 430679                     /usr/lib64/libepoxy.so.0.0.0
7f8d697f1000-7f8d697f9000 r--p 00113000 00:20 430679                     /usr/lib64/libepoxy.so.0.0.0
7f8d697f9000-7f8d69800000 rw-p 0011b000 00:20 430679                     /usr/lib64/libepoxy.so.0.0.0
7f8d69800000-7f8d69887000 r--p 00000000 00:20 518693                     /usr/lib64/libgtk-3.so.0.2406.32
7f8d69887000-7f8d69c39000 r-xp 00087000 00:20 518693                     /usr/lib64/libgtk-3.so.0.2406.32
7f8d69c39000-7f8d69fb3000 r--p 00439000 00:20 518693                     /usr/lib64/libgtk-3.so.0.2406.32
7f8d69fb3000-7f8d69fc3000 r--p 007b3000 00:20 518693                     /usr/lib64/libgtk-3.so.0.2406.32
7f8d69fc3000-7f8d69fc5000 rw-p 007c3000 00:20 518693                     /usr/lib64/libgtk-3.so.0.2406.32
7f8d69fc5000-7f8d69fca000 rw-p 00000000 00:00 0 
7f8d69fd4000-7f8d69fdd000 r--p 00000000 00:20 452258                     /usr/lib64/libjson-glib-1.0.so.0.800.0
7f8d69fdd000-7f8d69ff5000 r-xp 00009000 00:20 452258                     /usr/lib64/libjson-glib-1.0.so.0.800.0
7f8d69ff5000-7f8d69ffe000 r--p 00021000 00:20 452258                     /usr/lib64/libjson-glib-1.0.so.0.800.0
7f8d69ffe000-7f8d69fff000 r--p 0002a000 00:20 452258                     /usr/lib64/libjson-glib-1.0.so.0.800.0
7f8d69fff000-7f8d6a000000 rw-p 00000000 00:00 0 
7f8d6a000000-7f8d6a001000 r-xp 00000000 00:20 711951                     /usr/lib/jvm/jdk1.8.0_202/jre/lib/amd64/libglass.so
7f8d6a001000-7f8d6a201000 ---p 00001000 00:20 711951                     /usr/lib/jvm/jdk1.8.0_202/jre/lib/amd64/libglass.so
7f8d6a201000-7f8d6a202000 r--p 00001000 00:20 711951                     /usr/lib/jvm/jdk1.8.0_202/jre/lib/amd64/libglass.so
7f8d6a202000-7f8d6a203000 rw-p 00002000 00:20 711951                     /usr/lib/jvm/jdk1.8.0_202/jre/lib/amd64/libglass.so
7f8d6a20f000-7f8d6a211000 r--p 00000000 00:20 430690                     /usr/lib64/libcap.so.2.48
7f8d6a211000-7f8d6a215000 r-xp 00002000 00:20 430690                     /usr/lib64/libcap.so.2.48
7f8d6a215000-7f8d6a217000 r--p 00006000 00:20 430690                     /usr/lib64/libcap.so.2.48
7f8d6a217000-7f8d6a218000 r--p 00007000 00:20 430690                     /usr/lib64/libcap.so.2.48
7f8d6a218000-7f8d6a219000 rw-p 00008000 00:20 430690                     /usr/lib64/libcap.so.2.48
7f8d6a219000-7f8d6a21b000 r--p 00000000 00:20 430618                     /usr/lib64/libbz2.so.1.0.8
7f8d6a21b000-7f8d6a229000 r-xp 00002000 00:20 430618                     /usr/lib64/libbz2.so.1.0.8
7f8d6a229000-7f8d6a22b000 r--p 00010000 00:20 430618                     /usr/lib64/libbz2.so.1.0.8
7f8d6a22b000-7f8d6a22c000 r--p 00011000 00:20 430618                     /usr/lib64/libbz2.so.1.0.8
7f8d6a22c000-7f8d6a22d000 rw-p 00012000 00:20 430618                     /usr/lib64/libbz2.so.1.0.8
7f8d6a22d000-7f8d6a23d000 r--p 00000000 00:20 466975                     /usr/lib64/libatspi.so.0.0.1
7f8d6a23d000-7f8d6a256000 r-xp 00010000 00:20 466975                     /usr/lib64/libatspi.so.0.0.1
7f8d6a256000-7f8d6a263000 r--p 00029000 00:20 466975                     /usr/lib64/libatspi.so.0.0.1
7f8d6a263000-7f8d6a267000 r--p 00035000 00:20 466975                     /usr/lib64/libatspi.so.0.0.1
7f8d6a267000-7f8d6a268000 rw-p 00039000 00:20 466975                     /usr/lib64/libatspi.so.0.0.1
7f8d6a268000-7f8d6a26d000 r--p 00000000 00:20 430290                     /usr/lib64/libpng16.so.16.37.0
7f8d6a26d000-7f8d6a296000 r-xp 00005000 00:20 430290                     /usr/lib64/libpng16.so.16.37.0
7f8d6a296000-7f8d6a29f000 r--p 0002e000 00:20 430290                     /usr/lib64/libpng16.so.16.37.0
7f8d6a29f000-7f8d6a2a0000 r--p 00037000 00:20 430290                     /usr/lib64/libpng16.so.16.37.0
7f8d6a2a0000-7f8d6a2a1000 rw-p 00000000 00:00 0 
7f8d6a2a1000-7f8d6a2ab000 r--p 00000000 00:20 433548                     /usr/lib64/libmount.so.1.1.0
7f8d6a2ab000-7f8d6a2e2000 r-xp 0000a000 00:20 433548                     /usr/lib64/libmount.so.1.1.0
7f8d6a2e2000-7f8d6a2ef000 r--p 00041000 00:20 433548                     /usr/lib64/libmount.so.1.1.0
7f8d6a2ef000-7f8d6a2f1000 r--p 0004e000 00:20 433548                     /usr/lib64/libmount.so.1.1.0
7f8d6a2f1000-7f8d6a2f2000 rw-p 00050000 00:20 433548                     /usr/lib64/libmount.so.1.1.0
7f8d6a2f2000-7f8d6a2fe000 r--p 00000000 00:20 459603                     /usr/lib64/libharfbuzz.so.0.60821.0
7f8d6a2fe000-7f8d6a3cc000 r-xp 0000c000 00:20 459603                     /usr/lib64/libharfbuzz.so.0.60821.0
7f8d6a3cc000-7f8d6a3fe000 r--p 000da000 00:20 459603                     /usr/lib64/libharfbuzz.so.0.60821.0
7f8d6a3fe000-7f8d6a3ff000 r--p 0010c000 00:20 459603                     /usr/lib64/libharfbuzz.so.0.60821.0
7f8d6a3ff000-7f8d6a400000 rw-p 0010d000 00:20 459603                     /usr/lib64/libharfbuzz.so.0.60821.0
7f8d6a400000-7f8d6a40f000 r-xp 00000000 00:20 711949                     /usr/lib/jvm/jdk1.8.0_202/jre/lib/amd64/libprism_sw.so
7f8d6a40f000-7f8d6a60e000 ---p 0000f000 00:20 711949                     /usr/lib/jvm/jdk1.8.0_202/jre/lib/amd64/libprism_sw.so
7f8d6a60e000-7f8d6a60f000 r--p 0000e000 00:20 711949                     /usr/lib/jvm/jdk1.8.0_202/jre/lib/amd64/libprism_sw.so
7f8d6a60f000-7f8d6a610000 rw-p 0000f000 00:20 711949                     /usr/lib/jvm/jdk1.8.0_202/jre/lib/amd64/libprism_sw.so
7f8d6a614000-7f8d6a615000 r--p 00000000 00:20 433340                     /usr/lib64/libbrotlidec.so.1.1.0
7f8d6a615000-7f8d6a61d000 r-xp 00001000 00:20 433340                     /usr/lib64/libbrotlidec.so.1.1.0
7f8d6a61d000-7f8d6a620000 r--p 00009000 00:20 433340                     /usr/lib64/libbrotlidec.so.1.1.0
7f8d6a620000-7f8d6a621000 r--p 0000b000 00:20 433340                     /usr/lib64/libbrotlidec.so.1.1.0
7f8d6a621000-7f8d6a622000 rw-p 00000000 00:00 0 
7f8d6a622000-7f8d6a624000 r--p 00000000 00:20 443743                     /usr/lib64/libdatrie.so.1.4.0
7f8d6a624000-7f8d6a628000 r-xp 00002000 00:20 443743                     /usr/lib64/libdatrie.so.1.4.0
7f8d6a628000-7f8d6a629000 r--p 00006000 00:20 443743                     /usr/lib64/libdatrie.so.1.4.0
7f8d6a629000-7f8d6a62a000 r--p 00006000 00:20 443743                     /usr/lib64/libdatrie.so.1.4.0
7f8d6a62a000-7f8d6a62b000 rw-p 00000000 00:00 0 
7f8d6a62b000-7f8d6a62e000 r--p 00000000 00:20 430810                     /usr/lib64/libpcre2-8.so.0.11.2
7f8d6a62e000-7f8d6a69c000 r-xp 00003000 00:20 430810                     /usr/lib64/libpcre2-8.so.0.11.2
7f8d6a69c000-7f8d6a6c4000 r--p 00071000 00:20 430810                     /usr/lib64/libpcre2-8.so.0.11.2
7f8d6a6c4000-7f8d6a6c5000 r--p 00098000 00:20 430810                     /usr/lib64/libpcre2-8.so.0.11.2
7f8d6a6c5000-7f8d6a6c6000 rw-p 00099000 00:20 430810                     /usr/lib64/libpcre2-8.so.0.11.2
7f8d6a6c6000-7f8d6a6d9000 r--p 00000000 00:20 459582                     /usr/lib64/libcairo.so.2.11800.0
7f8d6a6d9000-7f8d6a7c6000 r-xp 00013000 00:20 459582                     /usr/lib64/libcairo.so.2.11800.0
7f8d6a7c6000-7f8d6a7f6000 r--p 00100000 00:20 459582                     /usr/lib64/libcairo.so.2.11800.0
7f8d6a7f6000-7f8d6a7fa000 r--p 00130000 00:20 459582                     /usr/lib64/libcairo.so.2.11800.0
7f8d6a7fa000-7f8d6a7fc000 rw-p 00134000 00:20 459582                     /usr/lib64/libcairo.so.2.11800.0
7f8d6a7fc000-7f8d6a7fd000 rw-p 00000000 00:00 0 
7f8d6a7fd000-7f8d6a7fe000 ---p 00000000 00:00 0 
7f8d6a7fe000-7f8d6affe000 rw-p 00000000 00:00 0 
7f8d6affe000-7f8d6afff000 ---p 00000000 00:00 0 
7f8d6afff000-7f8d6b7ff000 rw-p 00000000 00:00 0 
7f8d6b7ff000-7f8d6b800000 ---p 00000000 00:00 0 
7f8d6b800000-7f8d6c021000 rw-p 00000000 00:00 0 
7f8d6c021000-7f8d70000000 ---p 00000000 00:00 0 
7f8d70000000-7f8d70002000 r--p 00000000 00:20 450002                     /usr/lib64/libXtst.so.6.1.0
7f8d70002000-7f8d70005000 r-xp 00002000 00:20 450002                     /usr/lib64/libXtst.so.6.1.0
7f8d70005000-7f8d70006000 r--p 00005000 00:20 450002                     /usr/lib64/libXtst.so.6.1.0
7f8d70006000-7f8d70007000 r--p 00005000 00:20 450002                     /usr/lib64/libXtst.so.6.1.0
7f8d70007000-7f8d70008000 rw-p 00006000 00:20 450002                     /usr/lib64/libXtst.so.6.1.0
7f8d70008000-7f8d7000b000 r--p 00000000 00:20 438084                     /usr/lib64/libgraphite2.so.3.2.1
7f8d7000b000-7f8d70023000 r-xp 00003000 00:20 438084                     /usr/lib64/libgraphite2.so.3.2.1
7f8d70023000-7f8d70026000 r--p 0001b000 00:20 438084                     /usr/lib64/libgraphite2.so.3.2.1
7f8d70026000-7f8d70028000 r--p 0001d000 00:20 438084                     /usr/lib64/libgraphite2.so.3.2.1
7f8d70028000-7f8d70029000 rw-p 00000000 00:00 0 
7f8d70029000-7f8d70063000 r--p 00000000 00:20 452386                     /usr/lib64/libgio-2.0.so.0.7800.1
7f8d70063000-7f8d7017d000 r-xp 0003a000 00:20 452386                     /usr/lib64/libgio-2.0.so.0.7800.1
7f8d7017d000-7f8d701f4000 r--p 00154000 00:20 452386                     /usr/lib64/libgio-2.0.so.0.7800.1
7f8d701f4000-7f8d701fc000 r--p 001ca000 00:20 452386                     /usr/lib64/libgio-2.0.so.0.7800.1
7f8d701fc000-7f8d701fd000 rw-p 001d2000 00:20 452386                     /usr/lib64/libgio-2.0.so.0.7800.1
7f8d701fd000-7f8d701ff000 rw-p 00000000 00:00 0 
7f8d701ff000-7f8d70200000 ---p 00000000 00:00 0 
7f8d70200000-7f8d70a00000 rw-p 00000000 00:00 0 
7f8d70a00000-7f8d714bf000 r--p 00000000 00:20 434590                     /usr/lib64/llvm16/lib/libLLVM-16.so
7f8d714bf000-7f8d74b5d000 r-xp 00abf000 00:20 434590                     /usr/lib64/llvm16/lib/libLLVM-16.so
7f8d74b5d000-7f8d77773000 r--p 0415d000 00:20 434590                     /usr/lib64/llvm16/lib/libLLVM-16.so
7f8d77773000-7f8d77e39000 r--p 06d73000 00:20 434590                     /usr/lib64/llvm16/lib/libLLVM-16.so
7f8d77e39000-7f8d77e7e000 rw-p 07439000 00:20 434590                     /usr/lib64/llvm16/lib/libLLVM-16.so
7f8d77e7e000-7f8d77ef7000 rw-p 00000000 00:00 0 
7f8d77efc000-7f8d77f01000 r--p 00000000 00:20 433193                     /usr/lib64/libxcb-render.so.0.0.0
7f8d77f01000-7f8d77f06000 r-xp 00005000 00:20 433193                     /usr/lib64/libxcb-render.so.0.0.0
7f8d77f06000-7f8d77f09000 r--p 0000a000 00:20 433193                     /usr/lib64/libxcb-render.so.0.0.0
7f8d77f09000-7f8d77f0a000 r--p 0000c000 00:20 433193                     /usr/lib64/libxcb-render.so.0.0.0
7f8d77f0a000-7f8d77f0b000 rw-p 0000d000 00:20 433193                     /usr/lib64/libxcb-render.so.0.0.0
7f8d77f0b000-7f8d77f0d000 r--p 00000000 00:20 449988                     /usr/lib64/libXrender.so.1.3.0
7f8d77f0d000-7f8d77f14000 r-xp 00002000 00:20 449988                     /usr/lib64/libXrender.so.1.3.0
7f8d77f14000-7f8d77f15000 r--p 00009000 00:20 449988                     /usr/lib64/libXrender.so.1.3.0
7f8d77f15000-7f8d77f16000 r--p 00009000 00:20 449988                     /usr/lib64/libXrender.so.1.3.0
7f8d77f16000-7f8d77f17000 rw-p 0000a000 00:20 449988                     /usr/lib64/libXrender.so.1.3.0
7f8d77f17000-7f8d77f19000 r--p 00000000 00:20 443747                     /usr/lib64/libthai.so.0.3.1
7f8d77f19000-7f8d77f1d000 r-xp 00002000 00:20 443747                     /usr/lib64/libthai.so.0.3.1
7f8d77f1d000-7f8d77f20000 r--p 00006000 00:20 443747                     /usr/lib64/libthai.so.0.3.1
7f8d77f20000-7f8d77f21000 r--p 00008000 00:20 443747                     /usr/lib64/libthai.so.0.3.1
7f8d77f21000-7f8d77f22000 rw-p 00009000 00:20 443747                     /usr/lib64/libthai.so.0.3.1
7f8d77f22000-7f8d77f3b000 r--p 00000000 00:20 479009                     /usr/lib64/libtracker-sparql-3.0.so.0.600.0
7f8d77f3b000-7f8d77fbf000 r-xp 00019000 00:20 479009                     /usr/lib64/libtracker-sparql-3.0.so.0.600.0
7f8d77fbf000-7f8d77ff1000 r--p 0009d000 00:20 479009                     /usr/lib64/libtracker-sparql-3.0.so.0.600.0
7f8d77ff1000-7f8d77fff000 r--p 000ce000 00:20 479009                     /usr/lib64/libtracker-sparql-3.0.so.0.600.0
7f8d77fff000-7f8d78000000 rw-p 000dc000 00:20 479009                     /usr/lib64/libtracker-sparql-3.0.so.0.600.0
7f8d78000000-7f8d7830d000 rw-p 00000000 00:00 0 
7f8d7830d000-7f8d7c000000 ---p 00000000 00:00 0 
7f8d7c000000-7f8d7c021000 rw-p 00000000 00:00 0 
7f8d7c021000-7f8d80000000 ---p 00000000 00:00 0 
7f8d80000000-7f8d80021000 rw-p 00000000 00:00 0 
7f8d80021000-7f8d84000000 ---p 00000000 00:00 0 
7f8d84000000-7f8d84021000 rw-p 00000000 00:00 0 
7f8d84021000-7f8d88000000 ---p 00000000 00:00 0 
7f8d88000000-7f8d8807d000 rw-p 00000000 00:00 0 
7f8d8807d000-7f8d8c000000 ---p 00000000 00:00 0 
7f8d8c000000-7f8d8c192000 rw-p 00000000 00:00 0 
7f8d8c192000-7f8d90000000 ---p 00000000 00:00 0 
7f8d90000000-7f8d90103000 rw-p 00000000 00:00 0 
7f8d90103000-7f8d94000000 ---p 00000000 00:00 0 
7f8d94003000-7f8d94004000 r--p 00000000 00:20 452394                     /usr/lib64/libgthread-2.0.so.0.7800.1
7f8d94004000-7f8d94005000 r-xp 00001000 00:20 452394                     /usr/lib64/libgthread-2.0.so.0.7800.1
7f8d94005000-7f8d94006000 r--p 00002000 00:20 452394                     /usr/lib64/libgthread-2.0.so.0.7800.1
7f8d94006000-7f8d94007000 r--p 00002000 00:20 452394                     /usr/lib64/libgthread-2.0.so.0.7800.1
7f8d94007000-7f8d94008000 rw-p 00000000 00:00 0 
7f8d94008000-7f8d9400f000 r--p 00000000 00:20 433492                     /usr/lib64/libselinux.so.1
7f8d9400f000-7f8d9402b000 r-xp 00007000 00:20 433492                     /usr/lib64/libselinux.so.1
7f8d9402b000-7f8d94031000 r--p 00023000 00:20 433492                     /usr/lib64/libselinux.so.1
7f8d94031000-7f8d94032000 r--p 00029000 00:20 433492                     /usr/lib64/libselinux.so.1
7f8d94032000-7f8d94033000 rw-p 0002a000 00:20 433492                     /usr/lib64/libselinux.so.1
7f8d94033000-7f8d94035000 rw-p 00000000 00:00 0 
7f8d94035000-7f8d94036000 r--p 00000000 00:20 449998                     /usr/lib64/libXinerama.so.1.0.0
7f8d94036000-7f8d94037000 r-xp 00001000 00:20 449998                     /usr/lib64/libXinerama.so.1.0.0
7f8d94037000-7f8d94038000 r--p 00002000 00:20 449998                     /usr/lib64/libXinerama.so.1.0.0
7f8d94038000-7f8d94039000 r--p 00002000 00:20 449998                     /usr/lib64/libXinerama.so.1.0.0
7f8d94039000-7f8d9403a000 rw-p 00003000 00:20 449998                     /usr/lib64/libXinerama.so.1.0.0
7f8d9403a000-7f8d9403c000 r--p 00000000 00:20 449993                     /usr/lib64/libXrandr.so.2.2.0
7f8d9403c000-7f8d94043000 r-xp 00002000 00:20 449993                     /usr/lib64/libXrandr.so.2.2.0
7f8d94043000-7f8d94045000 r--p 00009000 00:20 449993                     /usr/lib64/libXrandr.so.2.2.0
7f8d94045000-7f8d94046000 r--p 0000a000 00:20 449993                     /usr/lib64/libXrandr.so.2.2.0
7f8d94046000-7f8d94047000 rw-p 0000b000 00:20 449993                     /usr/lib64/libXrandr.so.2.2.0
7f8d94047000-7f8d9404a000 r--p 00000000 00:20 450012                     /usr/lib64/libXcursor.so.1.0.2
7f8d9404a000-7f8d94050000 r-xp 00003000 00:20 450012                     /usr/lib64/libXcursor.so.1.0.2
7f8d94050000-7f8d94052000 r--p 00009000 00:20 450012                     /usr/lib64/libXcursor.so.1.0.2
7f8d94052000-7f8d94053000 r--p 0000a000 00:20 450012                     /usr/lib64/libXcursor.so.1.0.2
7f8d94053000-7f8d94054000 rw-p 00000000 00:00 0 
7f8d94054000-7f8d94059000 r--p 00000000 00:20 432578                     /usr/lib64/libxkbcommon.so.0.0.0
7f8d94059000-7f8d94079000 r-xp 00005000 00:20 432578                     /usr/lib64/libxkbcommon.so.0.0.0
7f8d94079000-7f8d9409a000 r--p 00025000 00:20 432578                     /usr/lib64/libxkbcommon.so.0.0.0
7f8d9409a000-7f8d9409c000 r--p 00045000 00:20 432578                     /usr/lib64/libxkbcommon.so.0.0.0
7f8d9409c000-7f8d9409d000 rw-p 00000000 00:00 0 
7f8d9409d000-7f8d940a4000 r--p 00000000 00:20 474145                     /usr/lib64/libcloudproviders.so.0.3.5
7f8d940a4000-7f8d940b0000 r-xp 00007000 00:20 474145                     /usr/lib64/libcloudproviders.so.0.3.5
7f8d940b0000-7f8d940b5000 r--p 00013000 00:20 474145                     /usr/lib64/libcloudproviders.so.0.3.5
7f8d940b5000-7f8d940b6000 r--p 00018000 00:20 474145                     /usr/lib64/libcloudproviders.so.0.3.5
7f8d940b6000-7f8d940b7000 rw-p 00019000 00:20 474145                     /usr/lib64/libcloudproviders.so.0.3.5
7f8d940b7000-7f8d940d5000 r--p 00000000 00:20 452388                     /usr/lib64/libglib-2.0.so.0.7800.1
7f8d940d5000-7f8d94175000 r-xp 0001e000 00:20 452388                     /usr/lib64/libglib-2.0.so.0.7800.1
7f8d94175000-7f8d941fd000 r--p 000be000 00:20 452388                     /usr/lib64/libglib-2.0.so.0.7800.1
7f8d941fd000-7f8d941fe000 r--p 00146000 00:20 452388                     /usr/lib64/libglib-2.0.so.0.7800.1
7f8d941fe000-7f8d941ff000 rw-p 00147000 00:20 452388                     /usr/lib64/libglib-2.0.so.0.7800.1
7f8d941ff000-7f8d94200000 rw-p 00000000 00:00 0 
7f8d94200000-7f8d94400000 rw-s 15438d000 00:05 513                       /dev/dri/renderD128
7f8d94400000-7f8d944e3000 r--p 00000000 00:20 442802                     /usr/lib64/dri/radeonsi_dri.so
7f8d944e3000-7f8d95b3b000 r-xp 000e3000 00:20 442802                     /usr/lib64/dri/radeonsi_dri.so
7f8d95b3b000-7f8d96624000 r--p 0173b000 00:20 442802                     /usr/lib64/dri/radeonsi_dri.so
7f8d96624000-7f8d966e8000 r--p 02224000 00:20 442802                     /usr/lib64/dri/radeonsi_dri.so
7f8d966e8000-7f8d966fe000 rw-p 022e8000 00:20 442802                     /usr/lib64/dri/radeonsi_dri.so
7f8d966fe000-7f8d968be000 rw-p 00000000 00:00 0 
7f8d968be000-7f8d968c0000 r--p 00000000 00:20 433027                     /usr/lib64/libwayland-cursor.so.0.22.0
7f8d968c0000-7f8d968c2000 r-xp 00002000 00:20 433027                     /usr/lib64/libwayland-cursor.so.0.22.0
7f8d968c2000-7f8d968c3000 r--p 00004000 00:20 433027                     /usr/lib64/libwayland-cursor.so.0.22.0
7f8d968c3000-7f8d968c4000 r--p 00004000 00:20 433027                     /usr/lib64/libwayland-cursor.so.0.22.0
7f8d968c4000-7f8d968c8000 rw-p 00005000 00:20 433027                     /usr/lib64/libwayland-cursor.so.0.22.0
7f8d968c8000-7f8d968d4000 r--p 00000000 00:20 467199                     /usr/lib64/libatk-bridge-2.0.so.0.0.0
7f8d968d4000-7f8d968ee000 r-xp 0000c000 00:20 467199                     /usr/lib64/libatk-bridge-2.0.so.0.0.0
7f8d968ee000-7f8d96901000 r--p 00026000 00:20 467199                     /usr/lib64/libatk-bridge-2.0.so.0.0.0
7f8d96901000-7f8d96903000 r--p 00038000 00:20 467199                     /usr/lib64/libatk-bridge-2.0.so.0.0.0
7f8d96903000-7f8d96905000 rw-p 0003a000 00:20 467199                     /usr/lib64/libatk-bridge-2.0.so.0.0.0
7f8d96905000-7f8d9692f000 r--p 00000000 00:20 518691                     /usr/lib64/libgdk-3.so.0.2406.32
7f8d9692f000-7f8d969b3000 r-xp 0002a000 00:20 518691                     /usr/lib64/libgdk-3.so.0.2406.32
7f8d969b3000-7f8d969f5000 r--p 000ae000 00:20 518691                     /usr/lib64/libgdk-3.so.0.2406.32
7f8d969f5000-7f8d969fe000 r--p 000ef000 00:20 518691                     /usr/lib64/libgdk-3.so.0.2406.32
7f8d969fe000-7f8d96a00000 rw-p 000f8000 00:20 518691                     /usr/lib64/libgdk-3.so.0.2406.32
7f8d96a00000-7f8da3ff9000 r--p 00000000 00:20 429137                     /usr/lib/locale/locale-archive
7f8da3ffb000-7f8da3ffc000 r--p 00000000 00:20 449981                     /usr/lib64/libXcomposite.so.1.0.0
7f8da3ffc000-7f8da3ffd000 r-xp 00001000 00:20 449981                     /usr/lib64/libXcomposite.so.1.0.0
7f8da3ffd000-7f8da3ffe000 r--p 00002000 00:20 449981                     /usr/lib64/libXcomposite.so.1.0.0
7f8da3ffe000-7f8da3fff000 r--p 00002000 00:20 449981                     /usr/lib64/libXcomposite.so.1.0.0
7f8da3fff000-7f8da4021000 rw-p 00000000 00:00 0 
7f8da4021000-7f8da8000000 ---p 00000000 00:00 0 
7f8da8000000-7f8da8021000 rw-p 00000000 00:00 0 
7f8da8021000-7f8dac000000 ---p 00000000 00:00 0 
7f8dac000000-7f8dac021000 rw-p 00000000 00:00 0 
7f8dac021000-7f8db0000000 ---p 00000000 00:00 0 
7f8db0000000-7f8db0021000 rw-p 00000000 00:00 0 
7f8db0021000-7f8db4000000 ---p 00000000 00:00 0 
7f8db4000000-7f8db4021000 rw-p 00000000 00:00 0 
7f8db4021000-7f8db8000000 ---p 00000000 00:00 0 
7f8db8002000-7f8db8008000 r--p 00000000 00:20 432762                     /usr/lib64/libwayland-client.so.0.22.0
7f8db8008000-7f8db800e000 r-xp 00006000 00:20 432762                     /usr/lib64/libwayland-client.so.0.22.0
7f8db800e000-7f8db8010000 r--p 0000c000 00:20 432762                     /usr/lib64/libwayland-client.so.0.22.0
7f8db8010000-7f8db8012000 r--p 0000e000 00:20 432762                     /usr/lib64/libwayland-client.so.0.22.0
7f8db8012000-7f8db8013000 rw-p 00010000 00:20 432762                     /usr/lib64/libwayland-client.so.0.22.0
7f8db8013000-7f8db8016000 r--p 00000000 00:20 449970                     /usr/lib64/libXi.so.6.1.0
7f8db8016000-7f8db8022000 r-xp 00003000 00:20 449970                     /usr/lib64/libXi.so.6.1.0
7f8db8022000-7f8db8024000 r--p 0000f000 00:20 449970                     /usr/lib64/libXi.so.6.1.0
7f8db8024000-7f8db8025000 r--p 00011000 00:20 449970                     /usr/lib64/libXi.so.6.1.0
7f8db8025000-7f8db8026000 rw-p 00012000 00:20 449970                     /usr/lib64/libXi.so.6.1.0
7f8db8026000-7f8db8031000 r--p 00000000 00:20 467090                     /usr/lib64/libatk-1.0.so.0.25009.1
7f8db8031000-7f8db8041000 r-xp 0000b000 00:20 467090                     /usr/lib64/libatk-1.0.so.0.25009.1
7f8db8041000-7f8db804c000 r--p 0001b000 00:20 467090                     /usr/lib64/libatk-1.0.so.0.25009.1
7f8db804c000-7f8db804f000 r--p 00025000 00:20 467090                     /usr/lib64/libatk-1.0.so.0.25009.1
7f8db804f000-7f8db8050000 rw-p 00028000 00:20 467090                     /usr/lib64/libatk-1.0.so.0.25009.1
7f8db8050000-7f8db8058000 r--p 00000000 00:20 460415                     /usr/lib64/libgdk_pixbuf-2.0.so.0.4200.10
7f8db8058000-7f8db8073000 r-xp 00008000 00:20 460415                     /usr/lib64/libgdk_pixbuf-2.0.so.0.4200.10
7f8db8073000-7f8db807c000 r--p 00023000 00:20 460415                     /usr/lib64/libgdk_pixbuf-2.0.so.0.4200.10
7f8db807c000-7f8db807d000 r--p 0002c000 00:20 460415                     /usr/lib64/libgdk_pixbuf-2.0.so.0.4200.10
7f8db807d000-7f8db807e000 rw-p 0002d000 00:20 460415                     /usr/lib64/libgdk_pixbuf-2.0.so.0.4200.10
7f8db807e000-7f8db827e000 rw-s 14b379000 00:05 513                       /dev/dri/renderD128
7f8db827e000-7f8db847e000 rw-s 1104da000 00:05 513                       /dev/dri/renderD128
7f8db847e000-7f8db847f000 ---p 00000000 00:00 0 
7f8db847f000-7f8db8c7f000 rw-p 00000000 00:00 0 
7f8db8c7f000-7f8db8c80000 ---p 00000000 00:00 0 
7f8db8c80000-7f8dc4021000 rw-p 00000000 00:00 0 
7f8dc4021000-7f8dc8000000 ---p 00000000 00:00 0 
7f8dc8000000-7f8dc8021000 rw-p 00000000 00:00 0 
7f8dc8021000-7f8dcc000000 ---p 00000000 00:00 0 
7f8dcc000000-7f8dcc021000 rw-p 00000000 00:00 0 
7f8dcc021000-7f8dd0000000 ---p 00000000 00:00 0 
7f8dd0001000-7f8dd0002000 r--p 00000000 00:20 449974                     /usr/lib64/libXdamage.so.1.1.0
7f8dd0002000-7f8dd0003000 r-xp 00001000 00:20 449974                     /usr/lib64/libXdamage.so.1.1.0
7f8dd0003000-7f8dd0004000 r--p 00002000 00:20 449974                     /usr/lib64/libXdamage.so.1.1.0
7f8dd0004000-7f8dd0005000 r--p 00002000 00:20 449974                     /usr/lib64/libXdamage.so.1.1.0
7f8dd0005000-7f8dd0006000 rw-p 00000000 00:00 0 
7f8dd0006000-7f8dd000d000 r--p 00000000 00:20 459640                     /usr/lib64/libfontconfig.so.1.12.0
7f8dd000d000-7f8dd003c000 r-xp 00007000 00:20 459640                     /usr/lib64/libfontconfig.so.1.12.0
7f8dd003c000-7f8dd0052000 r--p 00036000 00:20 459640                     /usr/lib64/libfontconfig.so.1.12.0
7f8dd0052000-7f8dd0054000 r--p 0004b000 00:20 459640                     /usr/lib64/libfontconfig.so.1.12.0
7f8dd0054000-7f8dd0055000 rw-p 0004d000 00:20 459640                     /usr/lib64/libfontconfig.so.1.12.0
7f8dd0055000-7f8dd0067000 r--p 00000000 00:20 478745                     /usr/lib64/libpango-1.0.so.0.5100.0
7f8dd0067000-7f8dd00a0000 r-xp 00012000 00:20 478745                     /usr/lib64/libpango-1.0.so.0.5100.0
7f8dd00a0000-7f8dd00ba000 r--p 0004b000 00:20 478745                     /usr/lib64/libpango-1.0.so.0.5100.0
7f8dd00ba000-7f8dd00be000 r--p 00064000 00:20 478745                     /usr/lib64/libpango-1.0.so.0.5100.0
7f8dd00be000-7f8dd00bf000 rw-p 00068000 00:20 478745                     /usr/lib64/libpango-1.0.so.0.5100.0
7f8dd00bf000-7f8dd0200000 rw-s 00000000 00:20 295                        /home/neon/.cache/mesa_shader_cache/index
7f8dd0200000-7f8dd029c000 r--p 00000000 00:20 430211                     /usr/lib64/libstdc++.so.6.0.32
7f8dd029c000-7f8dd03c6000 r-xp 0009c000 00:20 430211                     /usr/lib64/libstdc++.so.6.0.32
7f8dd03c6000-7f8dd0442000 r--p 001c6000 00:20 430211                     /usr/lib64/libstdc++.so.6.0.32
7f8dd0442000-7f8dd044f000 r--p 00242000 00:20 430211                     /usr/lib64/libstdc++.so.6.0.32
7f8dd044f000-7f8dd0450000 rw-p 0024f000 00:20 430211                     /usr/lib64/libstdc++.so.6.0.32
7f8dd0450000-7f8dd0454000 rw-p 00000000 00:00 0 
7f8dd0456000-7f8dd045a000 r--p 00000000 00:20 459828                     /usr/lib64/libcairo-gobject.so.2.11800.0
7f8dd045a000-7f8dd045c000 r-xp 00004000 00:20 459828                     /usr/lib64/libcairo-gobject.so.2.11800.0
7f8dd045c000-7f8dd045e000 r--p 00006000 00:20 459828                     /usr/lib64/libcairo-gobject.so.2.11800.0
7f8dd045e000-7f8dd0460000 r--p 00008000 00:20 459828                     /usr/lib64/libcairo-gobject.so.2.11800.0
7f8dd0460000-7f8dd0461000 rw-p 00000000 00:00 0 
7f8dd0461000-7f8dd0463000 r--p 00000000 00:20 432795                     /usr/lib64/libfribidi.so.0.4.0
7f8dd0463000-7f8dd0468000 r-xp 00002000 00:20 432795                     /usr/lib64/libfribidi.so.0.4.0
7f8dd0468000-7f8dd047e000 r--p 00007000 00:20 432795                     /usr/lib64/libfribidi.so.0.4.0
7f8dd047e000-7f8dd047f000 r--p 0001d000 00:20 432795                     /usr/lib64/libfribidi.so.0.4.0
7f8dd047f000-7f8dd0480000 rw-p 0001e000 00:20 432795                     /usr/lib64/libfribidi.so.0.4.0
7f8dd0480000-7f8dd0487000 r--p 00000000 00:20 478749                     /usr/lib64/libpangoft2-1.0.so.0.5100.0
7f8dd0487000-7f8dd0494000 r-xp 00007000 00:20 478749                     /usr/lib64/libpangoft2-1.0.so.0.5100.0
7f8dd0494000-7f8dd0498000 r--p 00014000 00:20 478749                     /usr/lib64/libpangoft2-1.0.so.0.5100.0
7f8dd0498000-7f8dd0499000 r--p 00018000 00:20 478749                     /usr/lib64/libpangoft2-1.0.so.0.5100.0
7f8dd0499000-7f8dd049a000 rw-p 00000000 00:00 0 
7f8dd049a000-7f8dd049f000 r--p 00000000 00:20 478747                     /usr/lib64/libpangocairo-1.0.so.0.5100.0
7f8dd049f000-7f8dd04a7000 r-xp 00005000 00:20 478747                     /usr/lib64/libpangocairo-1.0.so.0.5100.0
7f8dd04a7000-7f8dd04a9000 r--p 0000d000 00:20 478747                     /usr/lib64/libpangocairo-1.0.so.0.5100.0
7f8dd04a9000-7f8dd04aa000 r--p 0000f000 00:20 478747                     /usr/lib64/libpangocairo-1.0.so.0.5100.0
7f8dd04aa000-7f8dd04ab000 rw-p 00010000 00:20 478747                     /usr/lib64/libpangocairo-1.0.so.0.5100.0
7f8dd04ab000-7f8dd04b9000 r--p 00000000 00:20 452392                     /usr/lib64/libgobject-2.0.so.0.7800.1
7f8dd04b9000-7f8dd04ef000 r-xp 0000e000 00:20 452392                     /usr/lib64/libgobject-2.0.so.0.7800.1
7f8dd04ef000-7f8dd0507000 r--p 00044000 00:20 452392                     /usr/lib64/libgobject-2.0.so.0.7800.1
7f8dd0507000-7f8dd050a000 r--p 0005c000 00:20 452392                     /usr/lib64/libgobject-2.0.so.0.7800.1
7f8dd050a000-7f8dd050b000 rw-p 0005f000 00:20 452392                     /usr/lib64/libgobject-2.0.so.0.7800.1
7f8dd050b000-7f8dd050e000 r--p 00000000 00:20 433463                     /usr/lib64/libpciaccess.so.0.11.1
7f8dd050e000-7f8dd0513000 r-xp 00003000 00:20 433463                     /usr/lib64/libpciaccess.so.0.11.1
7f8dd0513000-7f8dd0515000 r--p 00008000 00:20 433463                     /usr/lib64/libpciaccess.so.0.11.1
7f8dd0515000-7f8dd0516000 r--p 00009000 00:20 433463                     /usr/lib64/libpciaccess.so.0.11.1
7f8dd0516000-7f8dd0517000 rw-p 00000000 00:00 0 
7f8dd0517000-7f8dd0525000 r--p 00000000 00:20 428967                     /usr/lib64/libtinfo.so.6.4
7f8dd0525000-7f8dd0539000 r-xp 0000e000 00:20 428967                     /usr/lib64/libtinfo.so.6.4
7f8dd0539000-7f8dd0547000 r--p 00022000 00:20 428967                     /usr/lib64/libtinfo.so.6.4
7f8dd0547000-7f8dd054b000 r--p 0002f000 00:20 428967                     /usr/lib64/libtinfo.so.6.4
7f8dd054b000-7f8dd054c000 rw-p 00033000 00:20 428967                     /usr/lib64/libtinfo.so.6.4
7f8dd054c000-7f8dd0555000 r--p 00000000 00:20 433357                     /usr/lib64/libedit.so.0.0.72
7f8dd0555000-7f8dd0576000 r-xp 00009000 00:20 433357                     /usr/lib64/libedit.so.0.0.72
7f8dd0576000-7f8dd0583000 r--p 0002a000 00:20 433357                     /usr/lib64/libedit.so.0.0.72
7f8dd0583000-7f8dd0585000 r--p 00037000 00:20 433357                     /usr/lib64/libedit.so.0.0.72
7f8dd0585000-7f8dd0586000 rw-p 00039000 00:20 433357                     /usr/lib64/libedit.so.0.0.72
7f8dd0586000-7f8dd0589000 rw-p 00000000 00:00 0 
7f8dd0589000-7f8dd058b000 r--p 00000000 00:20 432757                     /usr/lib64/libffi.so.8.1.2
7f8dd058b000-7f8dd0595000 r-xp 00002000 00:20 432757                     /usr/lib64/libffi.so.8.1.2
7f8dd0595000-7f8dd0597000 r--p 0000c000 00:20 432757                     /usr/lib64/libffi.so.8.1.2
7f8dd0597000-7f8dd0598000 r--p 0000d000 00:20 432757                     /usr/lib64/libffi.so.8.1.2
7f8dd0598000-7f8dd0599000 rw-p 0000e000 00:20 432757                     /usr/lib64/libffi.so.8.1.2
7f8dd0599000-7f8dd059c000 r--p 00000000 00:20 417486                     /usr/lib64/libgcc_s-13-20231011.so.1
7f8dd059c000-7f8dd05b7000 r-xp 00003000 00:20 417486                     /usr/lib64/libgcc_s-13-20231011.so.1
7f8dd05b7000-7f8dd05bb000 r--p 0001e000 00:20 417486                     /usr/lib64/libgcc_s-13-20231011.so.1
7f8dd05bb000-7f8dd05bc000 r--p 00021000 00:20 417486                     /usr/lib64/libgcc_s-13-20231011.so.1
7f8dd05bc000-7f8dd05bd000 rw-p 00000000 00:00 0 
7f8dd05bd000-7f8dd05c0000 r--p 00000000 00:20 433478                     /usr/lib64/libdrm_intel.so.1.0.0
7f8dd05c0000-7f8dd05d7000 r-xp 00003000 00:20 433478                     /usr/lib64/libdrm_intel.so.1.0.0
7f8dd05d7000-7f8dd05e0000 r--p 0001a000 00:20 433478                     /usr/lib64/libdrm_intel.so.1.0.0
7f8dd05e0000-7f8dd05e1000 r--p 00023000 00:20 433478                     /usr/lib64/libdrm_intel.so.1.0.0
7f8dd05e1000-7f8dd05e2000 rw-p 00024000 00:20 433478                     /usr/lib64/libdrm_intel.so.1.0.0
7f8dd05e2000-7f8dd05e5000 r--p 00000000 00:20 433476                     /usr/lib64/libdrm_amdgpu.so.1.0.0
7f8dd05e5000-7f8dd05eb000 r-xp 00003000 00:20 433476                     /usr/lib64/libdrm_amdgpu.so.1.0.0
7f8dd05eb000-7f8dd05ed000 r--p 00009000 00:20 433476                     /usr/lib64/libdrm_amdgpu.so.1.0.0
7f8dd05ed000-7f8dd05ee000 r--p 0000a000 00:20 433476                     /usr/lib64/libdrm_amdgpu.so.1.0.0
7f8dd05ee000-7f8dd05ef000 rw-p 00000000 00:00 0 
7f8dd05ef000-7f8dd05f3000 r--p 00000000 00:20 432610                     /usr/lib64/libelf-0.190.so
7f8dd05f3000-7f8dd0606000 r-xp 00004000 00:20 432610                     /usr/lib64/libelf-0.190.so
7f8dd0606000-7f8dd060a000 r--p 00017000 00:20 432610                     /usr/lib64/libelf-0.190.so
7f8dd060a000-7f8dd060b000 r--p 0001a000 00:20 432610                     /usr/lib64/libelf-0.190.so
7f8dd060b000-7f8dd060c000 rw-p 00000000 00:00 0 
7f8dd060c000-7f8dd060e000 r--p 00000000 00:20 433482                     /usr/lib64/libdrm_radeon.so.1.0.1
7f8dd060e000-7f8dd0614000 r-xp 00002000 00:20 433482                     /usr/lib64/libdrm_radeon.so.1.0.1
7f8dd0614000-7f8dd0618000 r--p 00008000 00:20 433482                     /usr/lib64/libdrm_radeon.so.1.0.1
7f8dd0618000-7f8dd0619000 r--p 0000b000 00:20 433482                     /usr/lib64/libdrm_radeon.so.1.0.1
7f8dd0619000-7f8dd061a000 rw-p 00000000 00:00 0 
7f8dd061a000-7f8dd061d000 r--p 00000000 00:20 442727                     /usr/lib64/libsensors.so.4.5.0
7f8dd061d000-7f8dd0624000 r-xp 00003000 00:20 442727                     /usr/lib64/libsensors.so.4.5.0
7f8dd0624000-7f8dd0628000 r--p 0000a000 00:20 442727                     /usr/lib64/libsensors.so.4.5.0
7f8dd0628000-7f8dd0629000 r--p 0000e000 00:20 442727                     /usr/lib64/libsensors.so.4.5.0
7f8dd0629000-7f8dd062a000 rw-p 0000f000 00:20 442727                     /usr/lib64/libsensors.so.4.5.0
7f8dd062a000-7f8dd062f000 r--p 00000000 00:20 430285                     /usr/lib64/libzstd.so.1.5.5
7f8dd062f000-7f8dd06d7000 r-xp 00005000 00:20 430285                     /usr/lib64/libzstd.so.1.5.5
7f8dd06d7000-7f8dd06e4000 r--p 000ad000 00:20 430285                     /usr/lib64/libzstd.so.1.5.5
7f8dd06e4000-7f8dd06e5000 r--p 000b9000 00:20 430285                     /usr/lib64/libzstd.so.1.5.5
7f8dd06e5000-7f8dd06e6000 rw-p 00000000 00:00 0 
7f8dd06e6000-7f8dd06e9000 r--p 00000000 00:20 430225                     /usr/lib64/libz.so.1.2.13
7f8dd06e9000-7f8dd06f8000 r-xp 00003000 00:20 430225                     /usr/lib64/libz.so.1.2.13
7f8dd06f8000-7f8dd06fe000 r--p 00012000 00:20 430225                     /usr/lib64/libz.so.1.2.13
7f8dd06fe000-7f8dd06ff000 r--p 00018000 00:20 430225                     /usr/lib64/libz.so.1.2.13
7f8dd06ff000-7f8dd0700000 rw-p 00000000 00:00 0 
7f8dd0703000-7f8dd0707000 r--p 00000000 00:20 460721                     /usr/lib64/gio/modules/libdconfsettings.so
7f8dd0707000-7f8dd070e000 r-xp 00004000 00:20 460721                     /usr/lib64/gio/modules/libdconfsettings.so
7f8dd070e000-7f8dd0711000 r--p 0000b000 00:20 460721                     /usr/lib64/gio/modules/libdconfsettings.so
7f8dd0711000-7f8dd0712000 r--p 0000d000 00:20 460721                     /usr/lib64/gio/modules/libdconfsettings.so
7f8dd0712000-7f8dd0713000 rw-p 0000e000 00:20 460721                     /usr/lib64/gio/modules/libdconfsettings.so
7f8dd0713000-7f8dd0735000 r--p 00000000 00:20 429107                     /usr/share/locale/es/LC_MESSAGES/libc.mo
7f8dd0735000-7f8dd0738000 r--p 00000000 00:20 433207                     /usr/lib64/libxcb-xfixes.so.0.0.0
7f8dd0738000-7f8dd073b000 r-xp 00003000 00:20 433207                     /usr/lib64/libxcb-xfixes.so.0.0.0
7f8dd073b000-7f8dd073d000 r--p 00006000 00:20 433207                     /usr/lib64/libxcb-xfixes.so.0.0.0
7f8dd073d000-7f8dd073e000 r--p 00007000 00:20 433207                     /usr/lib64/libxcb-xfixes.so.0.0.0
7f8dd073e000-7f8dd073f000 rw-p 00008000 00:20 433207                     /usr/lib64/libxcb-xfixes.so.0.0.0
7f8dd073f000-7f8dd0742000 r--p 00000000 00:20 433203                     /usr/lib64/libxcb-sync.so.1.0.0
7f8dd0742000-7f8dd0745000 r-xp 00003000 00:20 433203                     /usr/lib64/libxcb-sync.so.1.0.0
7f8dd0745000-7f8dd0746000 r--p 00006000 00:20 433203                     /usr/lib64/libxcb-sync.so.1.0.0
7f8dd0746000-7f8dd0747000 r--p 00007000 00:20 433203                     /usr/lib64/libxcb-sync.so.1.0.0
7f8dd0747000-7f8dd0748000 rw-p 00008000 00:20 433203                     /usr/lib64/libxcb-sync.so.1.0.0
7f8dd0748000-7f8dd0789000 r--p 00000000 00:20 435178                     /usr/lib64/libGLdispatch.so.0.0.0
7f8dd0789000-7f8dd07c8000 r-xp 00041000 00:20 435178                     /usr/lib64/libGLdispatch.so.0.0.0
7f8dd07c8000-7f8dd07db000 r--p 00080000 00:20 435178                     /usr/lib64/libGLdispatch.so.0.0.0
7f8dd07db000-7f8dd07f7000 r--p 00093000 00:20 435178                     /usr/lib64/libGLdispatch.so.0.0.0
7f8dd07f7000-7f8dd07f8000 rw-p 000af000 00:20 435178                     /usr/lib64/libGLdispatch.so.0.0.0
7f8dd07f8000-7f8dd0800000 rw-p 00000000 00:00 0 
7f8dd0800000-7f8dd080c000 r-xp 00000000 00:20 711981                     /usr/lib/jvm/jdk1.8.0_202/jre/lib/amd64/libprism_es2.so
7f8dd080c000-7f8dd0a0b000 ---p 0000c000 00:20 711981                     /usr/lib/jvm/jdk1.8.0_202/jre/lib/amd64/libprism_es2.so
7f8dd0a0b000-7f8dd0a0c000 r--p 0000b000 00:20 711981                     /usr/lib/jvm/jdk1.8.0_202/jre/lib/amd64/libprism_es2.so
7f8dd0a0c000-7f8dd0a0d000 rw-p 0000c000 00:20 711981                     /usr/lib/jvm/jdk1.8.0_202/jre/lib/amd64/libprism_es2.so
7f8dd0a0f000-7f8dd0a10000 r--p 00000000 00:20 433046                     /usr/lib64/libwayland-egl.so.1.22.0
7f8dd0a10000-7f8dd0a11000 r-xp 00001000 00:20 433046                     /usr/lib64/libwayland-egl.so.1.22.0
7f8dd0a11000-7f8dd0a12000 r--p 00002000 00:20 433046                     /usr/lib64/libwayland-egl.so.1.22.0
7f8dd0a12000-7f8dd0a13000 r--p 00002000 00:20 433046                     /usr/lib64/libwayland-egl.so.1.22.0
7f8dd0a13000-7f8dd0a14000 rw-p 00000000 00:00 0 
7f8dd0a14000-7f8dd0a18000 r--p 00000000 00:20 430652                     /usr/lib64/libexpat.so.1.8.10
7f8dd0a18000-7f8dd0a34000 r-xp 00004000 00:20 430652                     /usr/lib64/libexpat.so.1.8.10
7f8dd0a34000-7f8dd0a3c000 r--p 00020000 00:20 430652                     /usr/lib64/libexpat.so.1.8.10
7f8dd0a3c000-7f8dd0a3e000 r--p 00027000 00:20 430652                     /usr/lib64/libexpat.so.1.8.10
7f8dd0a3e000-7f8dd0a3f000 rw-p 00000000 00:00 0 
7f8dd0a3f000-7f8dd0a4c000 r--p 00000000 00:20 442732                     /usr/lib64/libglapi.so.0.0.0
7f8dd0a4c000-7f8dd0a5a000 r-xp 0000d000 00:20 442732                     /usr/lib64/libglapi.so.0.0.0
7f8dd0a5a000-7f8dd0a6e000 r--p 0001b000 00:20 442732                     /usr/lib64/libglapi.so.0.0.0
7f8dd0a6e000-7f8dd0a72000 r--p 0002f000 00:20 442732                     /usr/lib64/libglapi.so.0.0.0
7f8dd0a72000-7f8dd0a73000 rw-p 00000000 00:00 0 
7f8dd0a73000-7f8dd0a8f000 r--p 00000000 00:20 449955                     /usr/lib64/libX11.so.6.4.0
7f8dd0a8f000-7f8dd0b24000 r-xp 0001c000 00:20 449955                     /usr/lib64/libX11.so.6.4.0
7f8dd0b24000-7f8dd0bb3000 r--p 000b1000 00:20 449955                     /usr/lib64/libX11.so.6.4.0
7f8dd0bb3000-7f8dd0bb6000 r--p 0013f000 00:20 449955                     /usr/lib64/libX11.so.6.4.0
7f8dd0bb6000-7f8dd0bba000 rw-p 00142000 00:20 449955                     /usr/lib64/libX11.so.6.4.0
7f8dd0bba000-7f8dd0bbd000 ---p 00000000 00:00 0 
7f8dd0bbd000-7f8dd0cba000 rw-p 00000000 00:00 0 
7f8dd0cba000-7f8dd0cbb000 ---p 00000000 00:00 0 
7f8dd0cbb000-7f8dd0dbb000 rw-p 00000000 00:00 0 
7f8dd0dbb000-7f8dd0dbe000 ---p 00000000 00:00 0 
7f8dd0dbe000-7f8dd0ebb000 rw-p 00000000 00:00 0 
7f8dd0ebb000-7f8dd0ebc000 ---p 00000000 00:00 0 
7f8dd0ebc000-7f8dd0ebf000 ---p 00000000 00:00 0 
7f8dd0ebf000-7f8dd0fbc000 rw-p 00000000 00:00 0 
7f8dd0fbc000-7f8dd0fbd000 ---p 00000000 00:00 0 
7f8dd0fbd000-7f8dd0fc0000 ---p 00000000 00:00 0 
7f8dd0fc0000-7f8dd10bd000 rw-p 00000000 00:00 0 
7f8dd10bd000-7f8dd10be000 ---p 00000000 00:00 0 
7f8dd10be000-7f8dd10c1000 ---p 00000000 00:00 0 
7f8dd10c1000-7f8dd11be000 rw-p 00000000 00:00 0 
7f8dd11be000-7f8dd11c1000 ---p 00000000 00:00 0 
7f8dd11c1000-7f8dd12be000 rw-p 00000000 00:00 0 
7f8dd12be000-7f8dd12c1000 ---p 00000000 00:00 0 
7f8dd12c1000-7f8dd13be000 rw-p 00000000 00:00 0 
7f8dd13be000-7f8dd13c1000 ---p 00000000 00:00 0 
7f8dd13c1000-7f8dd14be000 rw-p 00000000 00:00 0 
7f8dd14be000-7f8dd14bf000 ---p 00000000 00:00 0 
7f8dd14bf000-7f8dd24ce000 rw-p 00000000 00:00 0 
7f8dd24ce000-7f8dd26a8000 r--s 03d6a000 00:20 711758                     /usr/lib/jvm/jdk1.8.0_202/jre/lib/rt.jar
7f8dd26a8000-7f8dd2be8000 rw-p 00000000 00:00 0 
7f8dd2be8000-7f8dd2ea8000 ---p 00000000 00:00 0 
7f8dd2ea8000-7f8dd3960000 rw-p 00000000 00:00 0 
7f8dd3960000-7f8dd3961000 ---p 00000000 00:00 0 
7f8dd3961000-7f8dd3ad4000 rw-p 00000000 00:00 0 
7f8dd3ad4000-7f8dd4187000 ---p 00000000 00:00 0 
7f8dd4187000-7f8dd41fa000 rw-p 00000000 00:00 0 
7f8dd41fa000-7f8dd48ac000 ---p 00000000 00:00 0 
7f8dd48ac000-7f8dd48e6000 rw-p 00000000 00:00 0 
7f8dd48e6000-7f8dd4c3f000 ---p 00000000 00:00 0 
7f8dd4c3f000-7f8dd4c4a000 rw-p 00000000 00:00 0 
7f8dd4c4a000-7f8dd5000000 ---p 00000000 00:00 0 
7f8dd5000000-7f8dd5270000 rwxp 00000000 00:00 0 
7f8dd5270000-7f8de4000000 ---p 00000000 00:00 0 
7f8de4000000-7f8de4b63000 rw-p 00000000 00:00 0 
7f8de4b63000-7f8de8000000 ---p 00000000 00:00 0 
7f8de8001000-7f8de8003000 r--p 00000000 00:20 452390                     /usr/lib64/libgmodule-2.0.so.0.7800.1
7f8de8003000-7f8de8005000 r-xp 00002000 00:20 452390                     /usr/lib64/libgmodule-2.0.so.0.7800.1
7f8de8005000-7f8de8006000 r--p 00004000 00:20 452390                     /usr/lib64/libgmodule-2.0.so.0.7800.1
7f8de8006000-7f8de8007000 r--p 00004000 00:20 452390                     /usr/lib64/libgmodule-2.0.so.0.7800.1
7f8de8007000-7f8de8008000 rw-p 00005000 00:20 452390                     /usr/lib64/libgmodule-2.0.so.0.7800.1
7f8de8008000-7f8de8021000 r--p 00000000 00:20 450119                     /usr/lib64/libGLX_mesa.so.0.0.0
7f8de8021000-7f8de8061000 r-xp 00019000 00:20 450119                     /usr/lib64/libGLX_mesa.so.0.0.0
7f8de8061000-7f8de8074000 r--p 00059000 00:20 450119                     /usr/lib64/libGLX_mesa.so.0.0.0
7f8de8074000-7f8de8077000 r--p 0006b000 00:20 450119                     /usr/lib64/libGLX_mesa.so.0.0.0
7f8de8077000-7f8de8078000 rw-p 0006e000 00:20 450119                     /usr/lib64/libGLX_mesa.so.0.0.0
7f8de8078000-7f8de80bb000 r--p 00000000 00:20 450113                     /usr/lib64/libGL.so.1.7.0
7f8de80bb000-7f8de80db000 r-xp 00043000 00:20 450113                     /usr/lib64/libGL.so.1.7.0
7f8de80db000-7f8de80ef000 r--p 00063000 00:20 450113                     /usr/lib64/libGL.so.1.7.0
7f8de80ef000-7f8de80fd000 r--p 00077000 00:20 450113                     /usr/lib64/libGL.so.1.7.0
7f8de80fd000-7f8de80fe000 rw-p 00085000 00:20 450113                     /usr/lib64/libGL.so.1.7.0
7f8de80fe000-7f8de80ff000 rw-p 00000000 00:00 0 
7f8de80ff000-7f8de8100000 ---p 00000000 00:00 0 
7f8de8100000-7f8de8200000 rw-p 00000000 00:00 0 
7f8de8200000-7f8de821b000 r-xp 00000000 00:20 711973                     /usr/lib/jvm/jdk1.8.0_202/jre/lib/amd64/libzip.so
7f8de821b000-7f8de841a000 ---p 0001b000 00:20 711973                     /usr/lib/jvm/jdk1.8.0_202/jre/lib/amd64/libzip.so
7f8de841a000-7f8de841b000 r--p 0001a000 00:20 711973                     /usr/lib/jvm/jdk1.8.0_202/jre/lib/amd64/libzip.so
7f8de841b000-7f8de841c000 rw-p 0001b000 00:20 711973                     /usr/lib/jvm/jdk1.8.0_202/jre/lib/amd64/libzip.so
7f8de841c000-7f8de841f000 r--p 00000000 00:20 467011                     /usr/share/locale/es/LC_MESSAGES/at-spi2-core.mo
7f8de841f000-7f8de8420000 r--p 00000000 00:20 433187                     /usr/lib64/libxcb-present.so.0.0.0
7f8de8420000-7f8de8421000 r-xp 00001000 00:20 433187                     /usr/lib64/libxcb-present.so.0.0.0
7f8de8421000-7f8de8422000 r--p 00002000 00:20 433187                     /usr/lib64/libxcb-present.so.0.0.0
7f8de8422000-7f8de8423000 r--p 00002000 00:20 433187                     /usr/lib64/libxcb-present.so.0.0.0
7f8de8423000-7f8de8424000 rw-p 00003000 00:20 433187                     /usr/lib64/libxcb-present.so.0.0.0
7f8de8424000-7f8de842b000 r--p 00000000 00:20 433189                     /usr/lib64/libxcb-randr.so.0.1.0
7f8de842b000-7f8de8431000 r-xp 00007000 00:20 433189                     /usr/lib64/libxcb-randr.so.0.1.0
7f8de8431000-7f8de8434000 r--p 0000d000 00:20 433189                     /usr/lib64/libxcb-randr.so.0.1.0
7f8de8434000-7f8de8435000 r--p 00010000 00:20 433189                     /usr/lib64/libxcb-randr.so.0.1.0
7f8de8435000-7f8de8436000 rw-p 00011000 00:20 433189                     /usr/lib64/libxcb-randr.so.0.1.0
7f8de8436000-7f8de8439000 r--p 00000000 00:20 450115                     /usr/lib64/libGLX.so.0.0.0
7f8de8439000-7f8de8454000 r-xp 00003000 00:20 450115                     /usr/lib64/libGLX.so.0.0.0
7f8de8454000-7f8de8457000 r--p 0001e000 00:20 450115                     /usr/lib64/libGLX.so.0.0.0
7f8de8457000-7f8de8458000 r--p 00020000 00:20 450115                     /usr/lib64/libGLX.so.0.0.0
7f8de8458000-7f8de8459000 rw-p 00021000 00:20 450115                     /usr/lib64/libGLX.so.0.0.0
7f8de8459000-7f8de8469000 rw-p 00000000 00:00 0 
7f8de8469000-7f8de84ff000 r--s 01111000 00:20 711820                     /usr/lib/jvm/jdk1.8.0_202/jre/lib/ext/jfxrt.jar
7f8de84ff000-7f8de8500000 ---p 00000000 00:00 0 
7f8de8500000-7f8de8600000 rw-p 00000000 00:00 0 
7f8de8600000-7f8de862c000 r-xp 00000000 00:20 711967                     /usr/lib/jvm/jdk1.8.0_202/jre/lib/amd64/libjava.so
7f8de862c000-7f8de882b000 ---p 0002c000 00:20 711967                     /usr/lib/jvm/jdk1.8.0_202/jre/lib/amd64/libjava.so
7f8de882b000-7f8de882c000 r--p 0002b000 00:20 711967                     /usr/lib/jvm/jdk1.8.0_202/jre/lib/amd64/libjava.so
7f8de882c000-7f8de882e000 rw-p 0002c000 00:20 711967                     /usr/lib/jvm/jdk1.8.0_202/jre/lib/amd64/libjava.so
7f8de882e000-7f8de8830000 r--p 00000000 00:20 433183                     /usr/lib64/libxcb-dri3.so.0.0.0
7f8de8830000-7f8de8832000 r-xp 00002000 00:20 433183                     /usr/lib64/libxcb-dri3.so.0.0.0
7f8de8832000-7f8de8833000 r--p 00004000 00:20 433183                     /usr/lib64/libxcb-dri3.so.0.0.0
7f8de8833000-7f8de8834000 r--p 00004000 00:20 433183                     /usr/lib64/libxcb-dri3.so.0.0.0
7f8de8834000-7f8de8835000 rw-p 00005000 00:20 433183                     /usr/lib64/libxcb-dri3.so.0.0.0
7f8de8835000-7f8de8836000 r--p 00000000 00:20 433648                     /usr/lib64/libxshmfence.so.1.0.0
7f8de8836000-7f8de8837000 r-xp 00001000 00:20 433648                     /usr/lib64/libxshmfence.so.1.0.0
7f8de8837000-7f8de8838000 r--p 00002000 00:20 433648                     /usr/lib64/libxshmfence.so.1.0.0
7f8de8838000-7f8de8839000 r--p 00002000 00:20 433648                     /usr/lib64/libxshmfence.so.1.0.0
7f8de8839000-7f8de88ff000 rw-p 00000000 00:00 0 
7f8de88ff000-7f8de8900000 ---p 00000000 00:00 0 
7f8de8900000-7f8de8a00000 rw-p 00000000 00:00 0 
7f8de8a00000-7f8de8a0d000 r-xp 00000000 00:20 711972                     /usr/lib/jvm/jdk1.8.0_202/jre/lib/amd64/libverify.so
7f8de8a0d000-7f8de8c0c000 ---p 0000d000 00:20 711972                     /usr/lib/jvm/jdk1.8.0_202/jre/lib/amd64/libverify.so
7f8de8c0c000-7f8de8c0e000 r--p 0000c000 00:20 711972                     /usr/lib/jvm/jdk1.8.0_202/jre/lib/amd64/libverify.so
7f8de8c0e000-7f8de8c0f000 rw-p 0000e000 00:20 711972                     /usr/lib/jvm/jdk1.8.0_202/jre/lib/amd64/libverify.so
7f8de8c0f000-7f8de8c10000 r--p 00000000 00:20 433201                     /usr/lib64/libxcb-shm.so.0.0.0
7f8de8c10000-7f8de8c11000 r-xp 00001000 00:20 433201                     /usr/lib64/libxcb-shm.so.0.0.0
7f8de8c11000-7f8de8c12000 r--p 00002000 00:20 433201                     /usr/lib64/libxcb-shm.so.0.0.0
7f8de8c12000-7f8de8c13000 r--p 00002000 00:20 433201                     /usr/lib64/libxcb-shm.so.0.0.0
7f8de8c13000-7f8de8c14000 rw-p 00003000 00:20 433201                     /usr/lib64/libxcb-shm.so.0.0.0
7f8de8c14000-7f8de8c16000 r--p 00000000 00:20 449964                     /usr/lib64/libXfixes.so.3.1.0
7f8de8c16000-7f8de8c19000 r-xp 00002000 00:20 449964                     /usr/lib64/libXfixes.so.3.1.0
7f8de8c19000-7f8de8c1a000 r--p 00005000 00:20 449964                     /usr/lib64/libXfixes.so.3.1.0
7f8de8c1a000-7f8de8c1b000 r--p 00005000 00:20 449964                     /usr/lib64/libXfixes.so.3.1.0
7f8de8c1b000-7f8de8c1c000 rw-p 00006000 00:20 449964                     /usr/lib64/libXfixes.so.3.1.0
7f8de8c1c000-7f8de8c27000 r--p 00000000 00:20 433185                     /usr/lib64/libxcb-glx.so.0.0.0
7f8de8c27000-7f8de8c30000 r-xp 0000b000 00:20 433185                     /usr/lib64/libxcb-glx.so.0.0.0
7f8de8c30000-7f8de8c35000 r--p 00014000 00:20 433185                     /usr/lib64/libxcb-glx.so.0.0.0
7f8de8c35000-7f8de8c37000 r--p 00019000 00:20 433185                     /usr/lib64/libxcb-glx.so.0.0.0
7f8de8c37000-7f8de8c38000 rw-p 0001b000 00:20 433185                     /usr/lib64/libxcb-glx.so.0.0.0
7f8de8c38000-7f8de8cff000 rw-p 00000000 00:00 0 
7f8de8cff000-7f8de8d00000 ---p 00000000 00:00 0 
7f8de8d00000-7f8de8d03000 ---p 00000000 00:00 0 
7f8de8d03000-7f8de8e00000 rw-p 00000000 00:00 0 
7f8de8e00000-7f8de9ae8000 r-xp 00000000 00:20 711948                     /usr/lib/jvm/jdk1.8.0_202/jre/lib/amd64/server/libjvm.so
7f8de9ae8000-7f8de9ce7000 ---p 00ce8000 00:20 711948                     /usr/lib/jvm/jdk1.8.0_202/jre/lib/amd64/server/libjvm.so
7f8de9ce7000-7f8de9d7d000 r--p 00ce7000 00:20 711948                     /usr/lib/jvm/jdk1.8.0_202/jre/lib/amd64/server/libjvm.so
7f8de9d7d000-7f8de9dae000 rw-p 00d7d000 00:20 711948                     /usr/lib/jvm/jdk1.8.0_202/jre/lib/amd64/server/libjvm.so
7f8de9dae000-7f8de9de9000 rw-p 00000000 00:00 0 
7f8de9de9000-7f8de9dea000 r--p 00000000 00:20 583743                     /etc/dconf/db/distro
7f8de9dea000-7f8de9deb000 r--p 00000000 00:20 583747                     /etc/dconf/db/site
7f8de9deb000-7f8de9dec000 r--p 00000000 00:20 583746                     /etc/dconf/db/local
7f8de9dec000-7f8de9dee000 r--p 00000000 00:20 433181                     /usr/lib64/libxcb-dri2.so.0.0.0
7f8de9dee000-7f8de9df0000 r-xp 00002000 00:20 433181                     /usr/lib64/libxcb-dri2.so.0.0.0
7f8de9df0000-7f8de9df1000 r--p 00004000 00:20 433181                     /usr/lib64/libxcb-dri2.so.0.0.0
7f8de9df1000-7f8de9df2000 r--p 00004000 00:20 433181                     /usr/lib64/libxcb-dri2.so.0.0.0
7f8de9df2000-7f8de9df3000 rw-p 00005000 00:20 433181                     /usr/lib64/libxcb-dri2.so.0.0.0
7f8de9df3000-7f8de9df8000 r--p 00000000 00:20 433474                     /usr/lib64/libdrm.so.2.4.0
7f8de9df8000-7f8de9e04000 r-xp 00005000 00:20 433474                     /usr/lib64/libdrm.so.2.4.0
7f8de9e04000-7f8de9e08000 r--p 00011000 00:20 433474                     /usr/lib64/libdrm.so.2.4.0
7f8de9e08000-7f8de9e09000 r--p 00014000 00:20 433474                     /usr/lib64/libdrm.so.2.4.0
7f8de9e09000-7f8de9e0a000 rw-p 00000000 00:00 0 
7f8de9e0a000-7f8de9e0e000 r--p 00000000 00:20 449959                     /usr/lib64/libXext.so.6.4.0
7f8de9e0e000-7f8de9e19000 r-xp 00004000 00:20 449959                     /usr/lib64/libXext.so.6.4.0
7f8de9e19000-7f8de9e1c000 r--p 0000f000 00:20 449959                     /usr/lib64/libXext.so.6.4.0
7f8de9e1c000-7f8de9e1d000 r--p 00011000 00:20 449959                     /usr/lib64/libXext.so.6.4.0
7f8de9e1d000-7f8de9e1e000 rw-p 00012000 00:20 449959                     /usr/lib64/libXext.so.6.4.0
7f8de9e1e000-7f8de9e44000 r--p 00000000 00:20 430142                     /usr/lib64/libc.so.6
7f8de9e44000-7f8de9fa4000 r-xp 00026000 00:20 430142                     /usr/lib64/libc.so.6
7f8de9fa4000-7f8de9ff2000 r--p 00186000 00:20 430142                     /usr/lib64/libc.so.6
7f8de9ff2000-7f8de9ff6000 r--p 001d3000 00:20 430142                     /usr/lib64/libc.so.6
7f8de9ff6000-7f8de9ff8000 rw-p 001d7000 00:20 430142                     /usr/lib64/libc.so.6
7f8de9ff8000-7f8dea000000 rw-p 00000000 00:00 0 
7f8dea000000-7f8dea017000 r-xp 00000000 00:20 711620                     /usr/lib/jvm/jdk1.8.0_202/lib/amd64/jli/libjli.so
7f8dea017000-7f8dea216000 ---p 00017000 00:20 711620                     /usr/lib/jvm/jdk1.8.0_202/lib/amd64/jli/libjli.so
7f8dea216000-7f8dea217000 r--p 00016000 00:20 711620                     /usr/lib/jvm/jdk1.8.0_202/lib/amd64/jli/libjli.so
7f8dea217000-7f8dea218000 rw-p 00017000 00:20 711620                     /usr/lib/jvm/jdk1.8.0_202/lib/amd64/jli/libjli.so
7f8dea218000-7f8dea21c000 r--p 00000000 00:20 95033                      /home/neon/.config/dconf/user
7f8dea21c000-7f8dea21d000 r--p 00000000 00:20 432824                     /usr/lib64/libX11-xcb.so.1.0.0
7f8dea21d000-7f8dea21e000 r-xp 00001000 00:20 432824                     /usr/lib64/libX11-xcb.so.1.0.0
7f8dea21e000-7f8dea21f000 r--p 00002000 00:20 432824                     /usr/lib64/libX11-xcb.so.1.0.0
7f8dea21f000-7f8dea220000 r--p 00002000 00:20 432824                     /usr/lib64/libX11-xcb.so.1.0.0
7f8dea220000-7f8dea221000 rw-p 00000000 00:00 0 
7f8dea221000-7f8dea222000 r--p 00000000 00:20 433144                     /usr/lib64/libXau.so.6.0.0
7f8dea222000-7f8dea224000 r-xp 00001000 00:20 433144                     /usr/lib64/libXau.so.6.0.0
7f8dea224000-7f8dea225000 r--p 00003000 00:20 433144                     /usr/lib64/libXau.so.6.0.0
7f8dea225000-7f8dea226000 r--p 00003000 00:20 433144                     /usr/lib64/libXau.so.6.0.0
7f8dea226000-7f8dea227000 rw-p 00000000 00:00 0 
7f8dea227000-7f8dea233000 r--p 00000000 00:20 433223                     /usr/lib64/libxcb.so.1.1.0
7f8dea233000-7f8dea247000 r-xp 0000c000 00:20 433223                     /usr/lib64/libxcb.so.1.1.0
7f8dea247000-7f8dea250000 r--p 00020000 00:20 433223                     /usr/lib64/libxcb.so.1.1.0
7f8dea250000-7f8dea251000 r--p 00028000 00:20 433223                     /usr/lib64/libxcb.so.1.1.0
7f8dea251000-7f8dea252000 rw-p 00029000 00:20 433223                     /usr/lib64/libxcb.so.1.1.0
7f8dea252000-7f8dea253000 r--s 00000000 00:4c 2394                       /run/user/1000/dconf/user
7f8dea253000-7f8dea254000 rw-s 113cfb000 00:05 513                       /dev/dri/renderD128
7f8dea254000-7f8dea256000 r--p 00000000 00:20 433480                     /usr/lib64/libdrm_nouveau.so.2.0.0
7f8dea256000-7f8dea25b000 r-xp 00002000 00:20 433480                     /usr/lib64/libdrm_nouveau.so.2.0.0
7f8dea25b000-7f8dea25c000 r--p 00007000 00:20 433480                     /usr/lib64/libdrm_nouveau.so.2.0.0
7f8dea25c000-7f8dea25d000 r--p 00008000 00:20 433480                     /usr/lib64/libdrm_nouveau.so.2.0.0
7f8dea25d000-7f8dea25e000 rw-p 00000000 00:00 0 
7f8dea25e000-7f8dea265000 r--s 00000000 00:20 580201                     /usr/lib64/gconv/gconv-modules.cache
7f8dea265000-7f8dea266000 r--p 00000000 00:20 430152                     /usr/lib64/librt.so.1
7f8dea266000-7f8dea267000 r-xp 00001000 00:20 430152                     /usr/lib64/librt.so.1
7f8dea267000-7f8dea268000 r--p 00002000 00:20 430152                     /usr/lib64/librt.so.1
7f8dea268000-7f8dea269000 r--p 00002000 00:20 430152                     /usr/lib64/librt.so.1
7f8dea269000-7f8dea26a000 rw-p 00000000 00:00 0 
7f8dea26a000-7f8dea27a000 r--p 00000000 00:20 430145                     /usr/lib64/libm.so.6
7f8dea27a000-7f8dea2ef000 r-xp 00010000 00:20 430145                     /usr/lib64/libm.so.6
7f8dea2ef000-7f8dea349000 r--p 00085000 00:20 430145                     /usr/lib64/libm.so.6
7f8dea349000-7f8dea34a000 r--p 000de000 00:20 430145                     /usr/lib64/libm.so.6
7f8dea34a000-7f8dea34b000 rw-p 000df000 00:20 430145                     /usr/lib64/libm.so.6
7f8dea34b000-7f8dea34d000 rw-p 00000000 00:00 0 
7f8dea34d000-7f8dea34e000 r--p 00000000 00:20 430144                     /usr/lib64/libdl.so.2
7f8dea34e000-7f8dea34f000 r-xp 00001000 00:20 430144                     /usr/lib64/libdl.so.2
7f8dea34f000-7f8dea350000 r--p 00002000 00:20 430144                     /usr/lib64/libdl.so.2
7f8dea350000-7f8dea351000 r--p 00002000 00:20 430144                     /usr/lib64/libdl.so.2
7f8dea351000-7f8dea352000 rw-p 00000000 00:00 0 
7f8dea352000-7f8dea353000 r--p 00000000 00:20 430150                     /usr/lib64/libpthread.so.0
7f8dea353000-7f8dea354000 r-xp 00001000 00:20 430150                     /usr/lib64/libpthread.so.0
7f8dea354000-7f8dea355000 r--p 00002000 00:20 430150                     /usr/lib64/libpthread.so.0
7f8dea355000-7f8dea356000 r--p 00002000 00:20 430150                     /usr/lib64/libpthread.so.0
7f8dea356000-7f8dea357000 rw-p 00000000 00:00 0 
7f8dea357000-7f8dea358000 r--p 00000000 00:20 450107                     /usr/lib64/libXxf86vm.so.1.0.0
7f8dea358000-7f8dea35b000 r-xp 00001000 00:20 450107                     /usr/lib64/libXxf86vm.so.1.0.0
7f8dea35b000-7f8dea35c000 r--p 00004000 00:20 450107                     /usr/lib64/libXxf86vm.so.1.0.0
7f8dea35c000-7f8dea35d000 r--p 00004000 00:20 450107                     /usr/lib64/libXxf86vm.so.1.0.0
7f8dea35d000-7f8dea35e000 rw-p 00005000 00:20 450107                     /usr/lib64/libXxf86vm.so.1.0.0
7f8dea35e000-7f8dea360000 r--s 0009c000 00:20 95231                      /home/neon/NetBeansProjects/ProyectFerreteria/dist/run383445731/CarritoDeCompras_Ferreteria.jar
7f8dea360000-7f8dea368000 rw-s 00000000 00:26 2065                       /tmp/hsperfdata_neon/18728
7f8dea368000-7f8dea369000 rw-p 00000000 00:00 0 
7f8dea369000-7f8dea36a000 r--p 00000000 00:00 0 
7f8dea36a000-7f8dea36c000 rw-p 00000000 00:00 0 
7f8dea36c000-7f8dea36d000 r--p 00000000 00:20 430139                     /usr/lib64/ld-linux-x86-64.so.2
7f8dea36d000-7f8dea394000 r-xp 00001000 00:20 430139                     /usr/lib64/ld-linux-x86-64.so.2
7f8dea394000-7f8dea39e000 r--p 00028000 00:20 430139                     /usr/lib64/ld-linux-x86-64.so.2
7f8dea39e000-7f8dea3a0000 r--p 00031000 00:20 430139                     /usr/lib64/ld-linux-x86-64.so.2
7f8dea3a0000-7f8dea3a2000 rw-p 00033000 00:20 430139                     /usr/lib64/ld-linux-x86-64.so.2
7ffcb192a000-7ffcb194b000 rw-p 00000000 00:00 0                          [stack]
7ffcb19eb000-7ffcb19ef000 r--p 00000000 00:00 0                          [vvar]
7ffcb19ef000-7ffcb19f1000 r-xp 00000000 00:00 0                          [vdso]
ffffffffff600000-ffffffffff601000 --xp 00000000 00:00 0                  [vsyscall]

VM Arguments:
jvm_args: -Dfile.encoding=UTF-8 
java_command: /home/neon/NetBeansProjects/ProyectFerreteria/dist/run383445731/CarritoDeCompras_Ferreteria.jar
java_class_path (initial): /home/neon/NetBeansProjects/ProyectFerreteria/dist/run383445731/CarritoDeCompras_Ferreteria.jar
Launcher Type: SUN_STANDARD

Environment Variables:
PATH=/home/neon/.local/bin:/home/neon/bin:/usr/local/bin:/usr/local/sbin:/usr/bin:/usr/sbin
USERNAME=neon
SHELL=/bin/bash
DISPLAY=:0

Signal Handlers:
SIGSEGV: [libjvm.so+0xad3ce0], sa_mask[0]=11111111011111111101111111111110, sa_flags=SA_RESTART|SA_SIGINFO
SIGBUS: [libjvm.so+0xad3ce0], sa_mask[0]=11111111011111111101111111111110, sa_flags=SA_RESTART|SA_SIGINFO
SIGFPE: [libjvm.so+0x90b820], sa_mask[0]=11111111011111111101111111111110, sa_flags=SA_RESTART|SA_SIGINFO
SIGPIPE: SIG_IGN, sa_mask[0]=00000000000010000000000000000000, sa_flags=SA_RESTART
SIGXFSZ: [libjvm.so+0x90b820], sa_mask[0]=11111111011111111101111111111110, sa_flags=SA_RESTART|SA_SIGINFO
SIGILL: [libjvm.so+0x90b820], sa_mask[0]=11111111011111111101111111111110, sa_flags=SA_RESTART|SA_SIGINFO
SIGUSR1: SIG_DFL, sa_mask[0]=00000000000000000000000000000000, sa_flags=none
SIGUSR2: [libjvm.so+0x90b6f0], sa_mask[0]=00100000000000000000000000000000, sa_flags=SA_RESTART|SA_SIGINFO
SIGHUP: [libjvm.so+0x90bd10], sa_mask[0]=11111111011111111101111111111110, sa_flags=SA_RESTART|SA_SIGINFO
SIGINT: SIG_IGN, sa_mask[0]=00000000000000000000000000000000, sa_flags=none
SIGTERM: [libjvm.so+0x90bd10], sa_mask[0]=11111111011111111101111111111110, sa_flags=SA_RESTART|SA_SIGINFO
SIGQUIT: [libjvm.so+0x90bd10], sa_mask[0]=11111111011111111101111111111110, sa_flags=SA_RESTART|SA_SIGINFO


---------------  S Y S T E M  ---------------

OS:Fedora release 39 (Thirty Nine)

uname:Linux 6.6.2-201.fc39.x86_64 #1 SMP PREEMPT_DYNAMIC Wed Nov 22 21:31:42 UTC 2023 x86_64
libc:glibc 2.38 NPTL 2.38 
rlimit: STACK 8192k, CORE infinity, NPROC 87561, NOFILE 524288, AS infinity
load average:1,43 1,23 1,30

/proc/meminfo:
MemTotal:       22476644 kB
MemFree:         4541580 kB
MemAvailable:   14533388 kB
Buffers:            5012 kB
Cached:         10425108 kB
SwapCached:            0 kB
Active:          8920052 kB
Inactive:        8019188 kB
Active(anon):    6542932 kB
Inactive(anon):   180428 kB
Active(file):    2377120 kB
Inactive(file):  7838760 kB
Unevictable:        6008 kB
Mlocked:            6008 kB
SwapTotal:       8388604 kB
SwapFree:        8388604 kB
Zswap:                 0 kB
Zswapped:              0 kB
Dirty:              2420 kB
Writeback:             0 kB
AnonPages:       6515448 kB
Mapped:          1237492 kB
Shmem:            208812 kB
KReclaimable:     141332 kB
Slab:             324776 kB
SReclaimable:     141332 kB
SUnreclaim:       183444 kB
KernelStack:       22832 kB
PageTables:        64448 kB
SecPageTables:         0 kB
NFS_Unstable:          0 kB
Bounce:                0 kB
WritebackTmp:          0 kB
CommitLimit:    19626924 kB
Committed_AS:   20792408 kB
VmallocTotal:   34359738367 kB
VmallocUsed:       98580 kB
VmallocChunk:          0 kB
Percpu:            17792 kB
HardwareCorrupted:     0 kB
AnonHugePages:         0 kB
ShmemHugePages:        0 kB
ShmemPmdMapped:        0 kB
FileHugePages:         0 kB
FilePmdMapped:         0 kB
CmaTotal:              0 kB
CmaFree:               0 kB
Unaccepted:            0 kB
HugePages_Total:       0
HugePages_Free:        0
HugePages_Rsvd:        0
HugePages_Surp:        0
Hugepagesize:       2048 kB
Hugetlb:               0 kB
DirectMap4k:      558100 kB
DirectMap2M:    19302400 kB
DirectMap1G:     4194304 kB


CPU:total 16 (initial active 4) (4 cores per cpu, 1 threads per core) family 23 model 24 stepping 1, cmov, cx8, fxsr, mmx, sse, sse2, sse3, ssse3, sse4.1, sse4.2, popcnt, avx, avx2, aes, clmul, mmxext, 3dnowpref, lzcnt, sse4a, tsc, tscinvbit, tscinv, bmi1

/proc/cpuinfo:
processor	: 0
vendor_id	: AuthenticAMD
cpu family	: 23
model		: 24
model name	: AMD Ryzen 3 3200U with Radeon Vega Mobile Gfx
stepping	: 1
microcode	: 0x8108109
cpu MHz		: 2774.134
cache size	: 512 KB
physical id	: 0
siblings	: 4
core id		: 0
cpu cores	: 2
apicid		: 0
initial apicid	: 0
fpu		: yes
fpu_exception	: yes
cpuid level	: 13
wp		: yes
flags		: fpu vme de pse tsc msr pae mce cx8 apic sep mtrr pge mca cmov pat pse36 clflush mmx fxsr sse sse2 ht syscall nx mmxext fxsr_opt pdpe1gb rdtscp lm constant_tsc rep_good nopl nonstop_tsc cpuid extd_apicid aperfmperf rapl pni pclmulqdq monitor ssse3 fma cx16 sse4_1 sse4_2 movbe popcnt aes xsave avx f16c rdrand lahf_lm cmp_legacy svm extapic cr8_legacy abm sse4a misalignsse 3dnowprefetch osvw skinit wdt tce topoext perfctr_core perfctr_nb bpext perfctr_llc mwaitx cpb hw_pstate ssbd ibpb vmmcall fsgsbase bmi1 avx2 smep bmi2 rdseed adx smap clflushopt sha_ni xsaveopt xsavec xgetbv1 clzero irperf xsaveerptr arat npt lbrv svm_lock nrip_save tsc_scale vmcb_clean flushbyasid decodeassists pausefilter pfthreshold avic v_vmsave_vmload vgif overflow_recov succor smca sev sev_es
bugs		: sysret_ss_attrs null_seg spectre_v1 spectre_v2 spec_store_bypass retbleed smt_rsb srso div0
bogomips	: 5189.77
TLB size	: 2560 4K pages
clflush size	: 64
cache_alignment	: 64
address sizes	: 43 bits physical, 48 bits virtual
power management: ts ttp tm hwpstate eff_freq_ro [13] [14]

processor	: 1
vendor_id	: AuthenticAMD
cpu family	: 23
model		: 24
model name	: AMD Ryzen 3 3200U with Radeon Vega Mobile Gfx
stepping	: 1
microcode	: 0x8108109
cpu MHz		: 2774.561
cache size	: 512 KB
physical id	: 0
siblings	: 4
core id		: 0
cpu cores	: 2
apicid		: 1
initial apicid	: 1
fpu		: yes
fpu_exception	: yes
cpuid level	: 13
wp		: yes
flags		: fpu vme de pse tsc msr pae mce cx8 apic sep mtrr pge mca cmov pat pse36 clflush mmx fxsr sse sse2 ht syscall nx mmxext fxsr_opt pdpe1gb rdtscp lm constant_tsc rep_good nopl nonstop_tsc cpuid extd_apicid aperfmperf rapl pni pclmulqdq monitor ssse3 fma cx16 sse4_1 sse4_2 movbe popcnt aes xsave avx f16c rdrand lahf_lm cmp_legacy svm extapic cr8_legacy abm sse4a misalignsse 3dnowprefetch osvw skinit wdt tce topoext perfctr_core perfctr_nb bpext perfctr_llc mwaitx cpb hw_pstate ssbd ibpb vmmcall fsgsbase bmi1 avx2 smep bmi2 rdseed adx smap clflushopt sha_ni xsaveopt xsavec xgetbv1 clzero irperf xsaveerptr arat npt lbrv svm_lock nrip_save tsc_scale vmcb_clean flushbyasid decodeassists pausefilter pfthreshold avic v_vmsave_vmload vgif overflow_recov succor smca sev sev_es
bugs		: sysret_ss_attrs null_seg spectre_v1 spectre_v2 spec_store_bypass retbleed smt_rsb srso div0
bogomips	: 5189.77
TLB size	: 2560 4K pages
clflush size	: 64
cache_alignment	: 64
address sizes	: 43 bits physical, 48 bits virtual
power management: ts ttp tm hwpstate eff_freq_ro [13] [14]

processor	: 2
vendor_id	: AuthenticAMD
cpu family	: 23
model		: 24
model name	: AMD Ryzen 3 3200U with Radeon Vega Mobile Gfx
stepping	: 1
microcode	: 0x8108109
cpu MHz		: 3468.158
cache size	: 512 KB
physical id	: 0
siblings	: 4
core id		: 1
cpu cores	: 2
apicid		: 2
initial apicid	: 2
fpu		: yes
fpu_exception	: yes
cpuid level	: 13
wp		: yes
flags		: fpu vme de pse tsc msr pae mce cx8 apic sep mtrr pge mca cmov pat pse36 clflush mmx fxsr sse sse2 ht syscall nx mmxext fxsr_opt pdpe1gb rdtscp lm constant_tsc rep_good nopl nonstop_tsc cpuid extd_apicid aperfmperf rapl pni pclmulqdq monitor ssse3 fma cx16 sse4_1 sse4_2 movbe popcnt aes xsave avx f16c rdrand lahf_lm cmp_legacy svm extapic cr8_legacy abm sse4a misalignsse 3dnowprefetch osvw skinit wdt tce topoext perfctr_core perfctr_nb bpext perfctr_llc mwaitx cpb hw_pstate ssbd ibpb vmmcall fsgsbase bmi1 avx2 smep bmi2 rdseed adx smap clflushopt sha_ni xsaveopt xsavec xgetbv1 clzero irperf xsaveerptr arat npt lbrv svm_lock nrip_save tsc_scale vmcb_clean flushbyasid decodeassists pausefilter pfthreshold avic v_vmsave_vmload vgif overflow_recov succor smca sev sev_es
bugs		: sysret_ss_attrs null_seg spectre_v1 spectre_v2 spec_store_bypass retbleed smt_rsb srso div0
bogomips	: 5189.77
TLB size	: 2560 4K pages
clflush size	: 64
cache_alignment	: 64
address sizes	: 43 bits physical, 48 bits virtual
power management: ts ttp tm hwpstate eff_freq_ro [13] [14]

processor	: 3
vendor_id	: AuthenticAMD
cpu family	: 23
model		: 24
model name	: AMD Ryzen 3 3200U with Radeon Vega Mobile Gfx
stepping	: 1
microcode	: 0x8108109
cpu MHz		: 3468.231
cache size	: 512 KB
physical id	: 0
siblings	: 4
core id		: 1
cpu cores	: 2
apicid		: 3
initial apicid	: 3
fpu		: yes
fpu_exception	: yes
cpuid level	: 13
wp		: yes
flags		: fpu vme de pse tsc msr pae mce cx8 apic sep mtrr pge mca cmov pat pse36 clflush mmx fxsr sse sse2 ht syscall nx mmxext fxsr_opt pdpe1gb rdtscp lm constant_tsc rep_good nopl nonstop_tsc cpuid extd_apicid aperfmperf rapl pni pclmulqdq monitor ssse3 fma cx16 sse4_1 sse4_2 movbe popcnt aes xsave avx f16c rdrand lahf_lm cmp_legacy svm extapic cr8_legacy abm sse4a misalignsse 3dnowprefetch osvw skinit wdt tce topoext perfctr_core perfctr_nb bpext perfctr_llc mwaitx cpb hw_pstate ssbd ibpb vmmcall fsgsbase bmi1 avx2 smep bmi2 rdseed adx smap clflushopt sha_ni xsaveopt xsavec xgetbv1 clzero irperf xsaveerptr arat npt lbrv svm_lock nrip_save tsc_scale vmcb_clean flushbyasid decodeassists pausefilter pfthreshold avic v_vmsave_vmload vgif overflow_recov succor smca sev sev_es
bugs		: sysret_ss_attrs null_seg spectre_v1 spectre_v2 spec_store_bypass retbleed smt_rsb srso div0
bogomips	: 5189.77
TLB size	: 2560 4K pages
clflush size	: 64
cache_alignment	: 64
address sizes	: 43 bits physical, 48 bits virtual
power management: ts ttp tm hwpstate eff_freq_ro [13] [14]



Memory: 4k page, physical 22476644k(4541580k free), swap 8388604k(8388604k free)

vm_info: Java HotSpot(TM) 64-Bit Server VM (25.202-b08) for linux-amd64 JRE (1.8.0_202-b08), built on Dec 15 2018 12:40:22 by "java_re" with gcc 7.3.0

time: Sun Dec  3 17:47:11 2023
timezone: EST
elapsed time: 0 seconds (0d 0h 0m 0s)

