#
# A fatal error has been detected by the Java Runtime Environment:
#
#  SIGSEGV (0xb) at pc=0x0000000000000004, pid=20299, tid=0x00007f3daaffd6c0
#
# JRE version: Java(TM) SE Runtime Environment (8.0_202-b08) (build 1.8.0_202-b08)
# Java VM: Java HotSpot(TM) 64-Bit Server VM (25.202-b08 mixed mode linux-amd64 compressed oops)
# Problematic frame:
# C  0x0000000000000004
#
# Core dump written. Default location: /home/neon/NetBeansProjects/ProyectFerreteria/core or core.20299
#
# If you would like to submit a bug report, please visit:
#   http://bugreport.java.com/bugreport/crash.jsp
# The crash happened outside the Java Virtual Machine in native code.
# See problematic frame for where to report the bug.
#

---------------  T H R E A D  ---------------

Current thread (0x00007f3e3c441000):  JavaThread "GtkNativeMainLoopThread" [_thread_in_native, id=20330, stack(0x00007f3daaefe000,0x00007f3daaffe000)]

siginfo: si_signo: 11 (SIGSEGV), si_code: 1 (SEGV_MAPERR), si_addr: 0x0000000000000004

Registers:
RAX=0x00007f3e3c3576d0, RBX=0x00007f3e3c354c00, RCX=0x0000000000000002, RDX=0x0000000000000001
RSP=0x00007f3daaffc088, RBP=0x00007f3daaffc100, RSI=0x00007f3dc0c39654, RDI=0x00007f3e3c354c00
R8 =0x0000000000000000, R9 =0x00007f3e3c354220, R10=0x00007f3e28a79e30, R11=0x00007f3e28aa6190
R12=0x00007f3dc0c39654, R13=0x0000000000000001, R14=0x0000000000000780, R15=0x0000000000000438
RIP=0x0000000000000004, EFLAGS=0x0000000000010202, CSGSFS=0x002b000000000033, ERR=0x0000000000000014
  TRAPNO=0x000000000000000e

Top of Stack: (sp=0x00007f3daaffc088)
0x00007f3daaffc088:   00007f3e28aa61d5 00000000000003d8
0x00007f3daaffc098:   0000000000000000 0000000000000000
0x00007f3daaffc0a8:   00000007c00ab2b0 00007f3e3c354c00
0x00007f3daaffc0b8:   00007f3e3c354a30 00007f3e3c354c00
0x00007f3daaffc0c8:   0000000000000780 00007f3daaffc0e0
0x00007f3daaffc0d8:   fc334599c36f3400 00007f3daaffc100
0x00007f3daaffc0e8:   00007f3e3c4411f8 00007f3e3c354c00
0x00007f3daaffc0f8:   00007f3e3c354c00 00007f3daaffc1d0
0x00007f3daaffc108:   00007f3dc0c189aa 00000000000003d8
0x00007f3daaffc118:   00007f3e3c441000 00007f3e3c529240
0x00007f3daaffc128:   00007f3e3c441000 0000000000000001
0x00007f3daaffc138:   000000003c4411f8 00007f3e3c441000
0x00007f3daaffc148:   00007f3e3c441000 00007f3daaffc1d0
0x00007f3daaffc158:   00007f3e414cbee4 00007f3e3c354c00
0x00007f3daaffc168:   00007f3e3c354a30 00007f3e2ab83b68
0x00007f3daaffc178:   000000074e3a8fe8 00007f3e3c441000
0x00007f3daaffc188:   00007f3e3c441000 0000000000000000
0x00007f3daaffc198:   0000000000000001 00007f3d94000f90
0x00007f3daaffc1a8:   00007f3e3c4411f8 0000000000000000
0x00007f3daaffc1b8:   0000000000000001 00007f3d94000f90
0x00007f3daaffc1c8:   00007f3e3c354c00 00007f3daaffc210
0x00007f3daaffc1d8:   00007f3dc0c18ea6 00007f3e2ab83b68
0x00007f3daaffc1e8:   00007f3e2ab83b68 0000000000000000
0x00007f3daaffc1f8:   00007f3e2ab83b68 00007f3daaffc2a0
0x00007f3daaffc208:   00007f3e3c441000 00007f3daaffc220
0x00007f3daaffc218:   00007f3dc0c271b9 00007f3daaffc280
0x00007f3daaffc228:   00007f3e2d018087 0000000c00000001
0x00007f3daaffc238:   00007f3e2d017da2 00007f3daaffc240
0x00007f3daaffc248:   00007f3e2ab83b68 00007f3daaffc2a0
0x00007f3daaffc258:   00007f3e2aba4ed0 0000000000000000
0x00007f3daaffc268:   00007f3e2ab83b68 0000000000000000
0x00007f3daaffc278:   00007f3daaffc2a0 00007f3daaffc2e8 

Instructions: (pc=0x0000000000000004)
0xffffffffffffffe4:   

Register to memory mapping:

RAX=0x00007f3e3c3576d0 is an unknown value
RBX=0x00007f3e3c354c00 is an unknown value
RCX=0x0000000000000002 is an unknown value
RDX=0x0000000000000001 is an unknown value
RSP=0x00007f3daaffc088 is pointing into the stack for thread: 0x00007f3e3c441000
RBP=0x00007f3daaffc100 is pointing into the stack for thread: 0x00007f3e3c441000
RSI=0x00007f3dc0c39654: <offset 0x39654> in /usr/lib/jvm/jdk1.8.0_202/jre/lib/amd64/libglassgtk3.so at 0x00007f3dc0c00000
RDI=0x00007f3e3c354c00 is an unknown value
R8 =0x0000000000000000 is an unknown value
R9 =0x00007f3e3c354220 is an unknown value
R10=0x00007f3e28a79e30: <offset 0x6e30> in /lib64/libX11.so.6 at 0x00007f3e28a73000
R11=0x00007f3e28aa6190: XInternAtom+0 in /lib64/libX11.so.6 at 0x00007f3e28a73000
R12=0x00007f3dc0c39654: <offset 0x39654> in /usr/lib/jvm/jdk1.8.0_202/jre/lib/amd64/libglassgtk3.so at 0x00007f3dc0c00000
R13=0x0000000000000001 is an unknown value
R14=0x0000000000000780 is an unknown value
R15=0x0000000000000438 is an unknown value


Stack: [0x00007f3daaefe000,0x00007f3daaffe000],  sp=0x00007f3daaffc088,  free space=1016k
Native frames: (J=compiled Java code, j=interpreted, Vv=VM code, C=native code)
C  0x0000000000000004
C  [libglassgtk3.so+0x189aa]  createJavaScreen(JNIEnv_*, _GdkScreen*, int)+0x5a
C  [libglassgtk3.so+0x18ea6]  rebuild_screens(JNIEnv_*)+0x76
C  [libglassgtk3.so+0x271b9]  Java_com_sun_glass_ui_gtk_GtkApplication_staticScreen_1getScreens+0x9
j  com.sun.glass.ui.gtk.GtkApplication.staticScreen_getScreens()[Lcom/sun/glass/ui/Screen;+0
j  com.sun.glass.ui.Screen.initScreens()V+6
j  com.sun.glass.ui.Application.lambda$run$93(Ljava/lang/Runnable;)V+0
j  com.sun.glass.ui.Application$$Lambda$42.run()V+4
v  ~StubRoutines::call_stub
V  [libjvm.so+0x68839b]  JavaCalls::call_helper(JavaValue*, methodHandle*, JavaCallArguments*, Thread*)+0xddb
V  [libjvm.so+0x6cfda8]  jni_invoke_nonstatic(JNIEnv_*, JavaValue*, _jobject*, JNICallType, _jmethodID*, JNI_ArgumentPusher*, Thread*) [clone .constprop.109]+0x208
V  [libjvm.so+0x6d1fba]  jni_CallVoidMethodV+0xea
C  [libglassgtk3.so+0x1b271]  JNIEnv_::CallVoidMethod(_jobject*, _jmethodID*, ...)+0x81
C  [libglassgtk3.so+0x270d1]  Java_com_sun_glass_ui_gtk_GtkApplication__1runLoop+0x21
j  com.sun.glass.ui.gtk.GtkApplication._runLoop(Ljava/lang/Runnable;Z)V+0
j  com.sun.glass.ui.gtk.GtkApplication.lambda$null$208(Ljava/lang/Runnable;Z)V+7
j  com.sun.glass.ui.gtk.GtkApplication$$Lambda$46.run()V+12
j  java.lang.Thread.run()V+11
v  ~StubRoutines::call_stub
V  [libjvm.so+0x68839b]  JavaCalls::call_helper(JavaValue*, methodHandle*, JavaCallArguments*, Thread*)+0xddb
V  [libjvm.so+0x685c63]  JavaCalls::call_virtual(JavaValue*, KlassHandle, Symbol*, Symbol*, JavaCallArguments*, Thread*)+0x263
V  [libjvm.so+0x686227]  JavaCalls::call_virtual(JavaValue*, Handle, KlassHandle, Symbol*, Symbol*, Thread*)+0x47
V  [libjvm.so+0x6f239c]  thread_entry(JavaThread*, Thread*)+0x6c
V  [libjvm.so+0xa7b9eb]  JavaThread::thread_main_inner()+0xdb
V  [libjvm.so+0xa7bcf1]  JavaThread::run()+0x2d1
V  [libjvm.so+0x90d8c2]  java_start(Thread*)+0x102
C  [libc.so.6+0x8e897]  start_thread+0x2f7
C  [libc.so.6+0x1156bc]  __clone3+0x2c

Java frames: (J=compiled Java code, j=interpreted, Vv=VM code)
j  com.sun.glass.ui.gtk.GtkApplication.staticScreen_getScreens()[Lcom/sun/glass/ui/Screen;+0
j  com.sun.glass.ui.Screen.initScreens()V+6
j  com.sun.glass.ui.Application.lambda$run$93(Ljava/lang/Runnable;)V+0
j  com.sun.glass.ui.Application$$Lambda$42.run()V+4
v  ~StubRoutines::call_stub
j  com.sun.glass.ui.gtk.GtkApplication._runLoop(Ljava/lang/Runnable;Z)V+0
j  com.sun.glass.ui.gtk.GtkApplication.lambda$null$208(Ljava/lang/Runnable;Z)V+7
j  com.sun.glass.ui.gtk.GtkApplication$$Lambda$46.run()V+12
j  java.lang.Thread.run()V+11
v  ~StubRoutines::call_stub

---------------  P R O C E S S  ---------------

Java Threads: ( => current thread )
=>0x00007f3e3c441000 JavaThread "GtkNativeMainLoopThread" [_thread_in_native, id=20330, stack(0x00007f3daaefe000,0x00007f3daaffe000)]
  0x00007f3e3c4a3800 JavaThread "Thread-1" daemon [_thread_blocked, id=20329, stack(0x00007f3dc0047000,0x00007f3dc0147000)]
  0x00007f3e3c308800 JavaThread "QuantumRenderer-0" daemon [_thread_blocked, id=20317, stack(0x00007f3e28bba000,0x00007f3e28cba000)]
  0x00007f3e3c193000 JavaThread "Service Thread" daemon [_thread_blocked, id=20315, stack(0x00007f3e28dbb000,0x00007f3e28ebb000)]
  0x00007f3e3c185800 JavaThread "C1 CompilerThread2" daemon [_thread_blocked, id=20314, stack(0x00007f3e28ebc000,0x00007f3e28fbc000)]
  0x00007f3e3c184000 JavaThread "C2 CompilerThread1" daemon [_thread_blocked, id=20313, stack(0x00007f3e28fbd000,0x00007f3e290bd000)]
  0x00007f3e3c181000 JavaThread "C2 CompilerThread0" daemon [_thread_blocked, id=20312, stack(0x00007f3e290be000,0x00007f3e291be000)]
  0x00007f3e3c17f800 JavaThread "Signal Dispatcher" daemon [_thread_blocked, id=20311, stack(0x00007f3e291be000,0x00007f3e292be000)]
  0x00007f3e3c14c000 JavaThread "Finalizer" daemon [_thread_blocked, id=20310, stack(0x00007f3e292be000,0x00007f3e293be000)]
  0x00007f3e3c149800 JavaThread "Reference Handler" daemon [_thread_blocked, id=20309, stack(0x00007f3e293be000,0x00007f3e294be000)]
  0x00007f3e3c009800 JavaThread "main" [_thread_blocked, id=20303, stack(0x00007f3e40c1f000,0x00007f3e40d1f000)]

Other Threads:
  0x00007f3e3c140000 VMThread [stack: 0x00007f3e294bf000,0x00007f3e295bf000] [id=20308]
  0x00007f3e3c195800 WatcherThread [stack: 0x00007f3e28cbb000,0x00007f3e28dbb000] [id=20316]

VM state:not at safepoint (normal execution)

VM Mutex/Monitor currently owned by a thread: None

heap address: 0x0000000669000000, size: 5488 MB, Compressed Oops mode: Zero based, Oop shift amount: 3
Narrow klass base: 0x0000000000000000, Narrow klass shift: 3
Compressed class space size: 1073741824 Address: 0x00000007c0000000

Heap:
 PSYoungGen      total 102912K, used 10630K [0x000000074db00000, 0x0000000754d80000, 0x00000007c0000000)
  eden space 88576K, 12% used [0x000000074db00000,0x000000074e561860,0x0000000753180000)
  from space 14336K, 0% used [0x0000000753f80000,0x0000000753f80000,0x0000000754d80000)
  to   space 14336K, 0% used [0x0000000753180000,0x0000000753180000,0x0000000753f80000)
 ParOldGen       total 235008K, used 0K [0x0000000669000000, 0x0000000677580000, 0x000000074db00000)
  object space 235008K, 0% used [0x0000000669000000,0x0000000669000000,0x0000000677580000)
 Metaspace       used 5412K, capacity 5968K, committed 6144K, reserved 1056768K
  class space    used 620K, capacity 727K, committed 768K, reserved 1048576K

Card table byte_map: [0x00007f3e2c187000,0x00007f3e2cc40000] byte_map_base: 0x00007f3e28e3f000

Marking Bits: (ParMarkBitMap*) 0x00007f3e41dcbd80
 Begin Bits: [0x00007f3e19480000, 0x00007f3e1ea40000)
 End Bits:   [0x00007f3e1ea40000, 0x00007f3e24000000)

Polling page: 0x00007f3e42242000

CodeCache: size=245760Kb used=1806Kb max_used=1806Kb free=243953Kb
 bounds [0x00007f3e2d000000, 0x00007f3e2d270000, 0x00007f3e3c000000]
 total_blobs=688 nmethods=352 adapters=251
 compilation: enabled

Compilation events (10 events):
Event: 0,511 Thread 0x00007f3e3c185800 nmethod 337 0x00007f3e2d1bb110 code [0x00007f3e2d1bb280, 0x00007f3e2d1bb428]
Event: 0,511 Thread 0x00007f3e3c185800  338   !   3       java.util.WeakHashMap::expungeStaleEntries (139 bytes)
Event: 0,512 Thread 0x00007f3e3c185800 nmethod 338 0x00007f3e2d1bb4d0 code [0x00007f3e2d1bb6a0, 0x00007f3e2d1bc1c8]
Event: 0,512 Thread 0x00007f3e3c185800  339       3       java.util.WeakHashMap::indexFor (6 bytes)
Event: 0,512 Thread 0x00007f3e3c185800 nmethod 339 0x00007f3e2d1bc810 code [0x00007f3e2d1bc960, 0x00007f3e2d1bca90]
Event: 0,513 Thread 0x00007f3e3c185800  341       3       java.util.AbstractList$Itr::hasNext (20 bytes)
Event: 0,513 Thread 0x00007f3e3c185800 nmethod 341 0x00007f3e2d1bcc90 code [0x00007f3e2d1bce00, 0x00007f3e2d1bd088]
Event: 0,513 Thread 0x00007f3e3c185800  343       3       java.lang.invoke.InvokerBytecodeGenerator::emitImplicitConversion (159 bytes)
Event: 0,515 Thread 0x00007f3e3c185800 nmethod 343 0x00007f3e2d1bd5d0 code [0x00007f3e2d1bd8a0, 0x00007f3e2d1bebb8]
Event: 0,515 Thread 0x00007f3e3c185800  346       3       java.lang.invoke.InvokerBytecodeGenerator::isStaticallyNameable (116 bytes)

GC Heap History (0 events):
No events

Deoptimization events (0 events):
No events

Classes redefined (0 events):
No events

Internal exceptions (9 events):
Event: 0,037 Thread 0x00007f3e3c009800 Exception <a 'java/lang/NoSuchMethodError': Method sun.misc.Unsafe.defineClass(Ljava/lang/String;[BII)Ljava/lang/Class; name or signature does not match> (0x000000074db07cb0) thrown at [/HUDSON/workspace/8-2-build-linux-amd64/jdk8u202/12319/hotspot/src/sh
Event: 0,037 Thread 0x00007f3e3c009800 Exception <a 'java/lang/NoSuchMethodError': Method sun.misc.Unsafe.prefetchRead(Ljava/lang/Object;J)V name or signature does not match> (0x000000074db07f98) thrown at [/HUDSON/workspace/8-2-build-linux-amd64/jdk8u202/12319/hotspot/src/share/vm/prims/jni.c
Event: 0,190 Thread 0x00007f3e3c009800 Exception <a 'java/lang/NoSuchFieldError': method resolution failed> (0x000000074dc84910) thrown at [/HUDSON/workspace/8-2-build-linux-amd64/jdk8u202/12319/hotspot/src/share/vm/prims/methodHandles.cpp, line 1167]
Event: 0,191 Thread 0x00007f3e3c009800 Exception <a 'java/lang/NoSuchFieldError': method resolution failed> (0x000000074dc91c90) thrown at [/HUDSON/workspace/8-2-build-linux-amd64/jdk8u202/12319/hotspot/src/share/vm/prims/methodHandles.cpp, line 1167]
Event: 0,218 Thread 0x00007f3e3c009800 Exception <a 'java/security/PrivilegedActionException'> (0x000000074ded6100) thrown at [/HUDSON/workspace/8-2-build-linux-amd64/jdk8u202/12319/hotspot/src/share/vm/prims/jvm.cpp, line 1502]
Event: 0,218 Thread 0x00007f3e3c009800 Exception <a 'java/security/PrivilegedActionException'> (0x000000074ded6310) thrown at [/HUDSON/workspace/8-2-build-linux-amd64/jdk8u202/12319/hotspot/src/share/vm/prims/jvm.cpp, line 1502]
Event: 0,218 Thread 0x00007f3e3c009800 Exception <a 'java/security/PrivilegedActionException'> (0x000000074ded8710) thrown at [/HUDSON/workspace/8-2-build-linux-amd64/jdk8u202/12319/hotspot/src/share/vm/prims/jvm.cpp, line 1502]
Event: 0,218 Thread 0x00007f3e3c009800 Exception <a 'java/security/PrivilegedActionException'> (0x000000074ded8920) thrown at [/HUDSON/workspace/8-2-build-linux-amd64/jdk8u202/12319/hotspot/src/share/vm/prims/jvm.cpp, line 1502]
Event: 0,219 Thread 0x00007f3e3c009800 Exception <a 'java/lang/NullPointerException'> (0x000000074ded8ef8) thrown at [/HUDSON/workspace/8-2-build-linux-amd64/jdk8u202/12319/hotspot/src/share/vm/interpreter/linkResolver.cpp, line 1185]

Events (10 events):
Event: 0,511 loading class java/util/concurrent/BlockingDeque
Event: 0,511 loading class java/util/concurrent/BlockingDeque done
Event: 0,511 loading class java/util/concurrent/LinkedBlockingDeque
Event: 0,511 loading class java/util/concurrent/LinkedBlockingDeque done
Event: 0,512 Thread 0x00007f3e3c4a3800 Thread added: 0x00007f3e3c4a3800
Event: 0,513 loading class com/sun/glass/ui/gtk/GtkApplication
Event: 0,513 loading class com/sun/glass/ui/gtk/GtkApplication done
Event: 0,515 loading class com/sun/glass/ui/gtk/GtkApplication
Event: 0,515 loading class com/sun/glass/ui/gtk/GtkApplication done
Event: 0,515 Thread 0x00007f3e3c441000 Thread added: 0x00007f3e3c441000


Dynamic libraries:
00400000-00401000 r-xp 00000000 00:20 710258                             /usr/lib/jvm/jdk1.8.0_202/bin/java
00600000-00601000 r--p 00000000 00:20 710258                             /usr/lib/jvm/jdk1.8.0_202/bin/java
00601000-00602000 rw-p 00001000 00:20 710258                             /usr/lib/jvm/jdk1.8.0_202/bin/java
0120e000-0122f000 rw-p 00000000 00:00 0                                  [heap]
669000000-677580000 rw-p 00000000 00:00 0 
677580000-74db00000 ---p 00000000 00:00 0 
74db00000-754d80000 rw-p 00000000 00:00 0 
754d80000-7c0000000 ---p 00000000 00:00 0 
7c0000000-7c00c0000 rw-p 00000000 00:00 0 
7c00c0000-800000000 ---p 00000000 00:00 0 
7f3d94000000-7f3d94348000 rw-p 00000000 00:00 0 
7f3d94348000-7f3d98000000 ---p 00000000 00:00 0 
7f3d9c000000-7f3d9c021000 rw-p 00000000 00:00 0 
7f3d9c021000-7f3da0000000 ---p 00000000 00:00 0 
7f3da0000000-7f3da0021000 rw-p 00000000 00:00 0 
7f3da0021000-7f3da4000000 ---p 00000000 00:00 0 
7f3da4000000-7f3da4021000 rw-p 00000000 00:00 0 
7f3da4021000-7f3da8000000 ---p 00000000 00:00 0 
7f3daaefe000-7f3daaf01000 ---p 00000000 00:00 0 
7f3daaf01000-7f3daaffe000 rw-p 00000000 00:00 0 
7f3daaffe000-7f3daafff000 ---p 00000000 00:00 0 
7f3daafff000-7f3dab7ff000 rw-p 00000000 00:00 0 
7f3dab7ff000-7f3dab800000 ---p 00000000 00:00 0 
7f3dab800000-7f3dac021000 rw-p 00000000 00:00 0 
7f3dac021000-7f3db0000000 ---p 00000000 00:00 0 
7f3db0000000-7f3db0021000 rw-p 00000000 00:00 0 
7f3db0021000-7f3db4000000 ---p 00000000 00:00 0 
7f3db4000000-7f3db4021000 rw-p 00000000 00:00 0 
7f3db4021000-7f3db8000000 ---p 00000000 00:00 0 
7f3db8000000-7f3db8021000 rw-p 00000000 00:00 0 
7f3db8021000-7f3dbc000000 ---p 00000000 00:00 0 
7f3dbc000000-7f3dbc021000 rw-p 00000000 00:00 0 
7f3dbc021000-7f3dc0000000 ---p 00000000 00:00 0 
7f3dc0047000-7f3dc004a000 ---p 00000000 00:00 0 
7f3dc004a000-7f3dc0147000 rw-p 00000000 00:00 0 
7f3dc0147000-7f3dc015a000 r--p 00000000 00:20 460545                     /usr/lib64/gvfs/libgvfscommon.so
7f3dc015a000-7f3dc0177000 r-xp 00013000 00:20 460545                     /usr/lib64/gvfs/libgvfscommon.so
7f3dc0177000-7f3dc0183000 r--p 00030000 00:20 460545                     /usr/lib64/gvfs/libgvfscommon.so
7f3dc0183000-7f3dc0189000 r--p 0003c000 00:20 460545                     /usr/lib64/gvfs/libgvfscommon.so
7f3dc0189000-7f3dc018a000 rw-p 00000000 00:00 0 
7f3dc018a000-7f3dc0270000 r--p 00000000 00:20 7571                       /home/neon/.themes/WhiteSur-Dark/gtk-3.0/gtk.gresource
7f3dc0270000-7f3dc03ff000 rw-s 00000000 00:01 36720                      /memfd:wayland-cursor (deleted)
7f3dc03ff000-7f3dc0400000 ---p 00000000 00:00 0 
7f3dc0400000-7f3dc0c00000 rw-p 00000000 00:00 0 
7f3dc0c00000-7f3dc0c43000 r-xp 00000000 00:20 711952                     /usr/lib/jvm/jdk1.8.0_202/jre/lib/amd64/libglassgtk3.so
7f3dc0c43000-7f3dc0e43000 ---p 00043000 00:20 711952                     /usr/lib/jvm/jdk1.8.0_202/jre/lib/amd64/libglassgtk3.so
7f3dc0e43000-7f3dc0e45000 r--p 00043000 00:20 711952                     /usr/lib/jvm/jdk1.8.0_202/jre/lib/amd64/libglassgtk3.so
7f3dc0e45000-7f3dc0e46000 rw-p 00045000 00:20 711952                     /usr/lib/jvm/jdk1.8.0_202/jre/lib/amd64/libglassgtk3.so
7f3dc0e46000-7f3dc0e47000 rw-p 00000000 00:00 0 
7f3dc0e54000-7f3dc0e5e000 r--p 00000000 00:20 460544                     /usr/lib64/gio/modules/libgvfsdbus.so
7f3dc0e5e000-7f3dc0e7d000 r-xp 0000a000 00:20 460544                     /usr/lib64/gio/modules/libgvfsdbus.so
7f3dc0e7d000-7f3dc0e86000 r--p 00029000 00:20 460544                     /usr/lib64/gio/modules/libgvfsdbus.so
7f3dc0e86000-7f3dc0e88000 r--p 00031000 00:20 460544                     /usr/lib64/gio/modules/libgvfsdbus.so
7f3dc0e88000-7f3dc0e89000 rw-p 00033000 00:20 460544                     /usr/lib64/gio/modules/libgvfsdbus.so
7f3dc0e89000-7f3dc0ebb000 r--p 00000000 00:20 707330                     /usr/share/glib-2.0/schemas/gschemas.compiled
7f3dc0ebb000-7f3dc0ede000 r--p 00000000 00:20 452429                     /usr/share/locale/es/LC_MESSAGES/glib20.mo
7f3dc0ede000-7f3dc0efa000 r--p 00000000 00:20 518738                     /usr/share/locale/es/LC_MESSAGES/gtk30.mo
7f3dc0efa000-7f3dc0efd000 r--p 00000000 00:20 433050                     /usr/lib64/liblz4.so.1.9.4
7f3dc0efd000-7f3dc0f18000 r-xp 00003000 00:20 433050                     /usr/lib64/liblz4.so.1.9.4
7f3dc0f18000-7f3dc0f1a000 r--p 0001e000 00:20 433050                     /usr/lib64/liblz4.so.1.9.4
7f3dc0f1a000-7f3dc0f1b000 r--p 0001f000 00:20 433050                     /usr/lib64/liblz4.so.1.9.4
7f3dc0f1b000-7f3dc0f1c000 rw-p 00000000 00:00 0 
7f3dc0f1c000-7f3dc0f1e000 r--p 00000000 00:20 430690                     /usr/lib64/libcap.so.2.48
7f3dc0f1e000-7f3dc0f22000 r-xp 00002000 00:20 430690                     /usr/lib64/libcap.so.2.48
7f3dc0f22000-7f3dc0f24000 r--p 00006000 00:20 430690                     /usr/lib64/libcap.so.2.48
7f3dc0f24000-7f3dc0f25000 r--p 00007000 00:20 430690                     /usr/lib64/libcap.so.2.48
7f3dc0f25000-7f3dc0f26000 rw-p 00008000 00:20 430690                     /usr/lib64/libcap.so.2.48
7f3dc0f26000-7f3dc0f27000 r--p 00000000 00:20 433338                     /usr/lib64/libbrotlicommon.so.1.1.0
7f3dc0f27000-7f3dc0f28000 r-xp 00001000 00:20 433338                     /usr/lib64/libbrotlicommon.so.1.1.0
7f3dc0f28000-7f3dc0f47000 r--p 00002000 00:20 433338                     /usr/lib64/libbrotlicommon.so.1.1.0
7f3dc0f47000-7f3dc0f48000 r--p 00021000 00:20 433338                     /usr/lib64/libbrotlicommon.so.1.1.0
7f3dc0f48000-7f3dc0f49000 rw-p 00000000 00:00 0 
7f3dc0f49000-7f3dc0f60000 r--p 00000000 00:20 696890                     /usr/lib64/libsystemd.so.0.37.0
7f3dc0f60000-7f3dc0ffa000 r-xp 00017000 00:20 696890                     /usr/lib64/libsystemd.so.0.37.0
7f3dc0ffa000-7f3dc102e000 r--p 000b1000 00:20 696890                     /usr/lib64/libsystemd.so.0.37.0
7f3dc102e000-7f3dc103a000 r--p 000e4000 00:20 696890                     /usr/lib64/libsystemd.so.0.37.0
7f3dc103a000-7f3dc103b000 rw-p 000f0000 00:20 696890                     /usr/lib64/libsystemd.so.0.37.0
7f3dc103b000-7f3dc103c000 rw-p 00000000 00:00 0 
7f3dc103c000-7f3dc1040000 r--p 00000000 00:20 430266                     /usr/lib64/liblzma.so.5.4.4
7f3dc1040000-7f3dc1062000 r-xp 00004000 00:20 430266                     /usr/lib64/liblzma.so.5.4.4
7f3dc1062000-7f3dc106d000 r--p 00026000 00:20 430266                     /usr/lib64/liblzma.so.5.4.4
7f3dc106d000-7f3dc106e000 r--p 00031000 00:20 430266                     /usr/lib64/liblzma.so.5.4.4
7f3dc106e000-7f3dc106f000 rw-p 00000000 00:00 0 
7f3dc106f000-7f3dc1077000 r--p 00000000 00:20 430337                     /usr/lib64/libblkid.so.1.1.0
7f3dc1077000-7f3dc109b000 r-xp 00008000 00:20 430337                     /usr/lib64/libblkid.so.1.1.0
7f3dc109b000-7f3dc10a4000 r--p 0002c000 00:20 430337                     /usr/lib64/libblkid.so.1.1.0
7f3dc10a4000-7f3dc10aa000 r--p 00034000 00:20 430337                     /usr/lib64/libblkid.so.1.1.0
7f3dc10aa000-7f3dc10ab000 rw-p 0003a000 00:20 430337                     /usr/lib64/libblkid.so.1.1.0
7f3dc10ab000-7f3dc10bb000 r--p 00000000 00:20 430342                     /usr/lib64/libsqlite3.so.0.8.6
7f3dc10bb000-7f3dc11cb000 r-xp 00010000 00:20 430342                     /usr/lib64/libsqlite3.so.0.8.6
7f3dc11cb000-7f3dc11f7000 r--p 00120000 00:20 430342                     /usr/lib64/libsqlite3.so.0.8.6
7f3dc11f7000-7f3dc11fb000 r--p 0014c000 00:20 430342                     /usr/lib64/libsqlite3.so.0.8.6
7f3dc11fb000-7f3dc11ff000 rw-p 00150000 00:20 430342                     /usr/lib64/libsqlite3.so.0.8.6
7f3dc11ff000-7f3dc1208000 r--p 00000000 00:20 452258                     /usr/lib64/libjson-glib-1.0.so.0.800.0
7f3dc1208000-7f3dc1220000 r-xp 00009000 00:20 452258                     /usr/lib64/libjson-glib-1.0.so.0.800.0
7f3dc1220000-7f3dc1229000 r--p 00021000 00:20 452258                     /usr/lib64/libjson-glib-1.0.so.0.800.0
7f3dc1229000-7f3dc122a000 r--p 0002a000 00:20 452258                     /usr/lib64/libjson-glib-1.0.so.0.800.0
7f3dc122a000-7f3dc122b000 rw-p 00000000 00:00 0 
7f3dc122b000-7f3dc1239000 r--p 00000000 00:20 433071                     /usr/lib64/libdbus-1.so.3.32.4
7f3dc1239000-7f3dc126c000 r-xp 0000e000 00:20 433071                     /usr/lib64/libdbus-1.so.3.32.4
7f3dc126c000-7f3dc127d000 r--p 00041000 00:20 433071                     /usr/lib64/libdbus-1.so.3.32.4
7f3dc127d000-7f3dc127f000 r--p 00051000 00:20 433071                     /usr/lib64/libdbus-1.so.3.32.4
7f3dc127f000-7f3dc1280000 rw-p 00053000 00:20 433071                     /usr/lib64/libdbus-1.so.3.32.4
7f3dc1280000-7f3dc1290000 r--p 00000000 00:20 466975                     /usr/lib64/libatspi.so.0.0.1
7f3dc1290000-7f3dc12a9000 r-xp 00010000 00:20 466975                     /usr/lib64/libatspi.so.0.0.1
7f3dc12a9000-7f3dc12b6000 r--p 00029000 00:20 466975                     /usr/lib64/libatspi.so.0.0.1
7f3dc12b6000-7f3dc12ba000 r--p 00035000 00:20 466975                     /usr/lib64/libatspi.so.0.0.1
7f3dc12ba000-7f3dc12bb000 rw-p 00039000 00:20 466975                     /usr/lib64/libatspi.so.0.0.1
7f3dc12bb000-7f3dc12bf000 r--p 00000000 00:20 430237                     /usr/lib64/libjpeg.so.62.3.0
7f3dc12bf000-7f3dc130c000 r-xp 00004000 00:20 430237                     /usr/lib64/libjpeg.so.62.3.0
7f3dc130c000-7f3dc133c000 r--p 00051000 00:20 430237                     /usr/lib64/libjpeg.so.62.3.0
7f3dc133c000-7f3dc133d000 r--p 00081000 00:20 430237                     /usr/lib64/libjpeg.so.62.3.0
7f3dc133d000-7f3dc133e000 rw-p 00082000 00:20 430237                     /usr/lib64/libjpeg.so.62.3.0
7f3dc133e000-7f3dc1373000 r--p 00000000 00:20 430275                     /usr/lib64/libxml2.so.2.10.4
7f3dc1373000-7f3dc1465000 r-xp 00035000 00:20 430275                     /usr/lib64/libxml2.so.2.10.4
7f3dc1465000-7f3dc14a5000 r--p 00127000 00:20 430275                     /usr/lib64/libxml2.so.2.10.4
7f3dc14a5000-7f3dc14b0000 r--p 00166000 00:20 430275                     /usr/lib64/libxml2.so.2.10.4
7f3dc14b0000-7f3dc14b1000 rw-p 00171000 00:20 430275                     /usr/lib64/libxml2.so.2.10.4
7f3dc14b1000-7f3dc14b2000 rw-p 00000000 00:00 0 
7f3dc14b2000-7f3dc14b5000 r--p 00000000 00:20 438084                     /usr/lib64/libgraphite2.so.3.2.1
7f3dc14b5000-7f3dc14cd000 r-xp 00003000 00:20 438084                     /usr/lib64/libgraphite2.so.3.2.1
7f3dc14cd000-7f3dc14d0000 r--p 0001b000 00:20 438084                     /usr/lib64/libgraphite2.so.3.2.1
7f3dc14d0000-7f3dc14d2000 r--p 0001d000 00:20 438084                     /usr/lib64/libgraphite2.so.3.2.1
7f3dc14d2000-7f3dc14d3000 rw-p 00000000 00:00 0 
7f3dc14d3000-7f3dc14de000 r--p 00000000 00:20 432606                     /usr/lib64/libpixman-1.so.0.42.2
7f3dc14de000-7f3dc156b000 r-xp 0000b000 00:20 432606                     /usr/lib64/libpixman-1.so.0.42.2
7f3dc156b000-7f3dc157a000 r--p 00098000 00:20 432606                     /usr/lib64/libpixman-1.so.0.42.2
7f3dc157a000-7f3dc1582000 r--p 000a6000 00:20 432606                     /usr/lib64/libpixman-1.so.0.42.2
7f3dc1582000-7f3dc1583000 rw-p 000ae000 00:20 432606                     /usr/lib64/libpixman-1.so.0.42.2
7f3dc1583000-7f3dc1591000 r--p 00000000 00:20 459611                     /usr/lib64/libfreetype.so.6.20.0
7f3dc1591000-7f3dc1623000 r-xp 0000e000 00:20 459611                     /usr/lib64/libfreetype.so.6.20.0
7f3dc1623000-7f3dc164a000 r--p 000a0000 00:20 459611                     /usr/lib64/libfreetype.so.6.20.0
7f3dc164a000-7f3dc1652000 r--p 000c6000 00:20 459611                     /usr/lib64/libfreetype.so.6.20.0
7f3dc1652000-7f3dc1653000 rw-p 00000000 00:00 0 
7f3dc1653000-7f3dc1658000 r--p 00000000 00:20 430290                     /usr/lib64/libpng16.so.16.37.0
7f3dc1658000-7f3dc1681000 r-xp 00005000 00:20 430290                     /usr/lib64/libpng16.so.16.37.0
7f3dc1681000-7f3dc168a000 r--p 0002e000 00:20 430290                     /usr/lib64/libpng16.so.16.37.0
7f3dc168a000-7f3dc168b000 r--p 00037000 00:20 430290                     /usr/lib64/libpng16.so.16.37.0
7f3dc168b000-7f3dc168c000 rw-p 00000000 00:00 0 
7f3dc168c000-7f3dc1696000 r--p 00000000 00:20 433548                     /usr/lib64/libmount.so.1.1.0
7f3dc1696000-7f3dc16cd000 r-xp 0000a000 00:20 433548                     /usr/lib64/libmount.so.1.1.0
7f3dc16cd000-7f3dc16da000 r--p 00041000 00:20 433548                     /usr/lib64/libmount.so.1.1.0
7f3dc16da000-7f3dc16dc000 r--p 0004e000 00:20 433548                     /usr/lib64/libmount.so.1.1.0
7f3dc16dc000-7f3dc16dd000 rw-p 00050000 00:20 433548                     /usr/lib64/libmount.so.1.1.0
7f3dc16dd000-7f3dc173d000 r--p 00000000 00:20 430679                     /usr/lib64/libepoxy.so.0.0.0
7f3dc173d000-7f3dc17a3000 r-xp 00060000 00:20 430679                     /usr/lib64/libepoxy.so.0.0.0
7f3dc17a3000-7f3dc17f1000 r--p 000c6000 00:20 430679                     /usr/lib64/libepoxy.so.0.0.0
7f3dc17f1000-7f3dc17f9000 r--p 00113000 00:20 430679                     /usr/lib64/libepoxy.so.0.0.0
7f3dc17f9000-7f3dc1800000 rw-p 0011b000 00:20 430679                     /usr/lib64/libepoxy.so.0.0.0
7f3dc1800000-7f3dc1887000 r--p 00000000 00:20 518693                     /usr/lib64/libgtk-3.so.0.2406.32
7f3dc1887000-7f3dc1c39000 r-xp 00087000 00:20 518693                     /usr/lib64/libgtk-3.so.0.2406.32
7f3dc1c39000-7f3dc1fb3000 r--p 00439000 00:20 518693                     /usr/lib64/libgtk-3.so.0.2406.32
7f3dc1fb3000-7f3dc1fc3000 r--p 007b3000 00:20 518693                     /usr/lib64/libgtk-3.so.0.2406.32
7f3dc1fc3000-7f3dc1fc5000 rw-p 007c3000 00:20 518693                     /usr/lib64/libgtk-3.so.0.2406.32
7f3dc1fc5000-7f3dc1fca000 rw-p 00000000 00:00 0 
7f3dc1fcb000-7f3dc1fcd000 r--p 00000000 00:20 450002                     /usr/lib64/libXtst.so.6.1.0
7f3dc1fcd000-7f3dc1fd0000 r-xp 00002000 00:20 450002                     /usr/lib64/libXtst.so.6.1.0
7f3dc1fd0000-7f3dc1fd1000 r--p 00005000 00:20 450002                     /usr/lib64/libXtst.so.6.1.0
7f3dc1fd1000-7f3dc1fd2000 r--p 00005000 00:20 450002                     /usr/lib64/libXtst.so.6.1.0
7f3dc1fd2000-7f3dc1fd3000 rw-p 00006000 00:20 450002                     /usr/lib64/libXtst.so.6.1.0
7f3dc1fd3000-7f3dc1fda000 r--p 00000000 00:20 433492                     /usr/lib64/libselinux.so.1
7f3dc1fda000-7f3dc1ff6000 r-xp 00007000 00:20 433492                     /usr/lib64/libselinux.so.1
7f3dc1ff6000-7f3dc1ffc000 r--p 00023000 00:20 433492                     /usr/lib64/libselinux.so.1
7f3dc1ffc000-7f3dc1ffd000 r--p 00029000 00:20 433492                     /usr/lib64/libselinux.so.1
7f3dc1ffd000-7f3dc1ffe000 rw-p 0002a000 00:20 433492                     /usr/lib64/libselinux.so.1
7f3dc1ffe000-7f3dc2000000 rw-p 00000000 00:00 0 
7f3dc2000000-7f3dc2001000 r-xp 00000000 00:20 711951                     /usr/lib/jvm/jdk1.8.0_202/jre/lib/amd64/libglass.so
7f3dc2001000-7f3dc2201000 ---p 00001000 00:20 711951                     /usr/lib/jvm/jdk1.8.0_202/jre/lib/amd64/libglass.so
7f3dc2201000-7f3dc2202000 r--p 00001000 00:20 711951                     /usr/lib/jvm/jdk1.8.0_202/jre/lib/amd64/libglass.so
7f3dc2202000-7f3dc2203000 rw-p 00002000 00:20 711951                     /usr/lib/jvm/jdk1.8.0_202/jre/lib/amd64/libglass.so
7f3dc2206000-7f3dc2207000 r--p 00000000 00:20 433340                     /usr/lib64/libbrotlidec.so.1.1.0
7f3dc2207000-7f3dc220f000 r-xp 00001000 00:20 433340                     /usr/lib64/libbrotlidec.so.1.1.0
7f3dc220f000-7f3dc2212000 r--p 00009000 00:20 433340                     /usr/lib64/libbrotlidec.so.1.1.0
7f3dc2212000-7f3dc2213000 r--p 0000b000 00:20 433340                     /usr/lib64/libbrotlidec.so.1.1.0
7f3dc2213000-7f3dc2214000 rw-p 00000000 00:00 0 
7f3dc2214000-7f3dc222d000 r--p 00000000 00:20 479009                     /usr/lib64/libtracker-sparql-3.0.so.0.600.0
7f3dc222d000-7f3dc22b1000 r-xp 00019000 00:20 479009                     /usr/lib64/libtracker-sparql-3.0.so.0.600.0
7f3dc22b1000-7f3dc22e3000 r--p 0009d000 00:20 479009                     /usr/lib64/libtracker-sparql-3.0.so.0.600.0
7f3dc22e3000-7f3dc22f1000 r--p 000ce000 00:20 479009                     /usr/lib64/libtracker-sparql-3.0.so.0.600.0
7f3dc22f1000-7f3dc22f2000 rw-p 000dc000 00:20 479009                     /usr/lib64/libtracker-sparql-3.0.so.0.600.0
7f3dc22f2000-7f3dc22fe000 r--p 00000000 00:20 459603                     /usr/lib64/libharfbuzz.so.0.60821.0
7f3dc22fe000-7f3dc23cc000 r-xp 0000c000 00:20 459603                     /usr/lib64/libharfbuzz.so.0.60821.0
7f3dc23cc000-7f3dc23fe000 r--p 000da000 00:20 459603                     /usr/lib64/libharfbuzz.so.0.60821.0
7f3dc23fe000-7f3dc23ff000 r--p 0010c000 00:20 459603                     /usr/lib64/libharfbuzz.so.0.60821.0
7f3dc23ff000-7f3dc2400000 rw-p 0010d000 00:20 459603                     /usr/lib64/libharfbuzz.so.0.60821.0
7f3dc2400000-7f3dc240f000 r-xp 00000000 00:20 711949                     /usr/lib/jvm/jdk1.8.0_202/jre/lib/amd64/libprism_sw.so
7f3dc240f000-7f3dc260e000 ---p 0000f000 00:20 711949                     /usr/lib/jvm/jdk1.8.0_202/jre/lib/amd64/libprism_sw.so
7f3dc260e000-7f3dc260f000 r--p 0000e000 00:20 711949                     /usr/lib/jvm/jdk1.8.0_202/jre/lib/amd64/libprism_sw.so
7f3dc260f000-7f3dc2610000 rw-p 0000f000 00:20 711949                     /usr/lib/jvm/jdk1.8.0_202/jre/lib/amd64/libprism_sw.so
7f3dc2617000-7f3dc2619000 r--p 00000000 00:20 430618                     /usr/lib64/libbz2.so.1.0.8
7f3dc2619000-7f3dc2627000 r-xp 00002000 00:20 430618                     /usr/lib64/libbz2.so.1.0.8
7f3dc2627000-7f3dc2629000 r--p 00010000 00:20 430618                     /usr/lib64/libbz2.so.1.0.8
7f3dc2629000-7f3dc262a000 r--p 00011000 00:20 430618                     /usr/lib64/libbz2.so.1.0.8
7f3dc262a000-7f3dc262b000 rw-p 00012000 00:20 430618                     /usr/lib64/libbz2.so.1.0.8
7f3dc262b000-7f3dc262e000 r--p 00000000 00:20 430810                     /usr/lib64/libpcre2-8.so.0.11.2
7f3dc262e000-7f3dc269c000 r-xp 00003000 00:20 430810                     /usr/lib64/libpcre2-8.so.0.11.2
7f3dc269c000-7f3dc26c4000 r--p 00071000 00:20 430810                     /usr/lib64/libpcre2-8.so.0.11.2
7f3dc26c4000-7f3dc26c5000 r--p 00098000 00:20 430810                     /usr/lib64/libpcre2-8.so.0.11.2
7f3dc26c5000-7f3dc26c6000 rw-p 00099000 00:20 430810                     /usr/lib64/libpcre2-8.so.0.11.2
7f3dc26c6000-7f3dc26d9000 r--p 00000000 00:20 459582                     /usr/lib64/libcairo.so.2.11800.0
7f3dc26d9000-7f3dc27c6000 r-xp 00013000 00:20 459582                     /usr/lib64/libcairo.so.2.11800.0
7f3dc27c6000-7f3dc27f6000 r--p 00100000 00:20 459582                     /usr/lib64/libcairo.so.2.11800.0
7f3dc27f6000-7f3dc27fa000 r--p 00130000 00:20 459582                     /usr/lib64/libcairo.so.2.11800.0
7f3dc27fa000-7f3dc27fc000 rw-p 00134000 00:20 459582                     /usr/lib64/libcairo.so.2.11800.0
7f3dc27fc000-7f3dc27fd000 rw-p 00000000 00:00 0 
7f3dc27fd000-7f3dc27fe000 ---p 00000000 00:00 0 
7f3dc27fe000-7f3dc2ffe000 rw-p 00000000 00:00 0 
7f3dc2ffe000-7f3dc2fff000 ---p 00000000 00:00 0 
7f3dc2fff000-7f3dc37ff000 rw-p 00000000 00:00 0 
7f3dc37ff000-7f3dc3800000 ---p 00000000 00:00 0 
7f3dc3800000-7f3dc4021000 rw-p 00000000 00:00 0 
7f3dc4021000-7f3dc8000000 ---p 00000000 00:00 0 
7f3dc8005000-7f3dc8007000 r--p 00000000 00:20 443743                     /usr/lib64/libdatrie.so.1.4.0
7f3dc8007000-7f3dc800b000 r-xp 00002000 00:20 443743                     /usr/lib64/libdatrie.so.1.4.0
7f3dc800b000-7f3dc800c000 r--p 00006000 00:20 443743                     /usr/lib64/libdatrie.so.1.4.0
7f3dc800c000-7f3dc800d000 r--p 00006000 00:20 443743                     /usr/lib64/libdatrie.so.1.4.0
7f3dc800d000-7f3dc800e000 rw-p 00000000 00:00 0 
7f3dc800e000-7f3dc8013000 r--p 00000000 00:20 433193                     /usr/lib64/libxcb-render.so.0.0.0
7f3dc8013000-7f3dc8018000 r-xp 00005000 00:20 433193                     /usr/lib64/libxcb-render.so.0.0.0
7f3dc8018000-7f3dc801b000 r--p 0000a000 00:20 433193                     /usr/lib64/libxcb-render.so.0.0.0
7f3dc801b000-7f3dc801c000 r--p 0000c000 00:20 433193                     /usr/lib64/libxcb-render.so.0.0.0
7f3dc801c000-7f3dc801d000 rw-p 0000d000 00:20 433193                     /usr/lib64/libxcb-render.so.0.0.0
7f3dc801d000-7f3dc801f000 r--p 00000000 00:20 449988                     /usr/lib64/libXrender.so.1.3.0
7f3dc801f000-7f3dc8026000 r-xp 00002000 00:20 449988                     /usr/lib64/libXrender.so.1.3.0
7f3dc8026000-7f3dc8027000 r--p 00009000 00:20 449988                     /usr/lib64/libXrender.so.1.3.0
7f3dc8027000-7f3dc8028000 r--p 00009000 00:20 449988                     /usr/lib64/libXrender.so.1.3.0
7f3dc8028000-7f3dc8029000 rw-p 0000a000 00:20 449988                     /usr/lib64/libXrender.so.1.3.0
7f3dc8029000-7f3dc8063000 r--p 00000000 00:20 452386                     /usr/lib64/libgio-2.0.so.0.7800.1
7f3dc8063000-7f3dc817d000 r-xp 0003a000 00:20 452386                     /usr/lib64/libgio-2.0.so.0.7800.1
7f3dc817d000-7f3dc81f4000 r--p 00154000 00:20 452386                     /usr/lib64/libgio-2.0.so.0.7800.1
7f3dc81f4000-7f3dc81fc000 r--p 001ca000 00:20 452386                     /usr/lib64/libgio-2.0.so.0.7800.1
7f3dc81fc000-7f3dc81fd000 rw-p 001d2000 00:20 452386                     /usr/lib64/libgio-2.0.so.0.7800.1
7f3dc81fd000-7f3dc81ff000 rw-p 00000000 00:00 0 
7f3dc81ff000-7f3dc8200000 ---p 00000000 00:00 0 
7f3dc8200000-7f3dc8a00000 rw-p 00000000 00:00 0 
7f3dc8a00000-7f3dc94bf000 r--p 00000000 00:20 434590                     /usr/lib64/llvm16/lib/libLLVM-16.so
7f3dc94bf000-7f3dccb5d000 r-xp 00abf000 00:20 434590                     /usr/lib64/llvm16/lib/libLLVM-16.so
7f3dccb5d000-7f3dcf773000 r--p 0415d000 00:20 434590                     /usr/lib64/llvm16/lib/libLLVM-16.so
7f3dcf773000-7f3dcfe39000 r--p 06d73000 00:20 434590                     /usr/lib64/llvm16/lib/libLLVM-16.so
7f3dcfe39000-7f3dcfe7e000 rw-p 07439000 00:20 434590                     /usr/lib64/llvm16/lib/libLLVM-16.so
7f3dcfe7e000-7f3dcfef7000 rw-p 00000000 00:00 0 
7f3dcfef7000-7f3dcfef8000 r--p 00000000 00:20 452394                     /usr/lib64/libgthread-2.0.so.0.7800.1
7f3dcfef8000-7f3dcfef9000 r-xp 00001000 00:20 452394                     /usr/lib64/libgthread-2.0.so.0.7800.1
7f3dcfef9000-7f3dcfefa000 r--p 00002000 00:20 452394                     /usr/lib64/libgthread-2.0.so.0.7800.1
7f3dcfefa000-7f3dcfefb000 r--p 00002000 00:20 452394                     /usr/lib64/libgthread-2.0.so.0.7800.1
7f3dcfefb000-7f3dcfefc000 rw-p 00000000 00:00 0 
7f3dcfefc000-7f3dcfefe000 r--p 00000000 00:20 443747                     /usr/lib64/libthai.so.0.3.1
7f3dcfefe000-7f3dcff02000 r-xp 00002000 00:20 443747                     /usr/lib64/libthai.so.0.3.1
7f3dcff02000-7f3dcff05000 r--p 00006000 00:20 443747                     /usr/lib64/libthai.so.0.3.1
7f3dcff05000-7f3dcff06000 r--p 00008000 00:20 443747                     /usr/lib64/libthai.so.0.3.1
7f3dcff06000-7f3dcff07000 rw-p 00009000 00:20 443747                     /usr/lib64/libthai.so.0.3.1
7f3dcff07000-7f3dcff09000 r--p 00000000 00:20 449993                     /usr/lib64/libXrandr.so.2.2.0
7f3dcff09000-7f3dcff10000 r-xp 00002000 00:20 449993                     /usr/lib64/libXrandr.so.2.2.0
7f3dcff10000-7f3dcff12000 r--p 00009000 00:20 449993                     /usr/lib64/libXrandr.so.2.2.0
7f3dcff12000-7f3dcff13000 r--p 0000a000 00:20 449993                     /usr/lib64/libXrandr.so.2.2.0
7f3dcff13000-7f3dcff14000 rw-p 0000b000 00:20 449993                     /usr/lib64/libXrandr.so.2.2.0
7f3dcff14000-7f3dcff17000 r--p 00000000 00:20 450012                     /usr/lib64/libXcursor.so.1.0.2
7f3dcff17000-7f3dcff1d000 r-xp 00003000 00:20 450012                     /usr/lib64/libXcursor.so.1.0.2
7f3dcff1d000-7f3dcff1f000 r--p 00009000 00:20 450012                     /usr/lib64/libXcursor.so.1.0.2
7f3dcff1f000-7f3dcff20000 r--p 0000a000 00:20 450012                     /usr/lib64/libXcursor.so.1.0.2
7f3dcff20000-7f3dcff21000 rw-p 00000000 00:00 0 
7f3dcff21000-7f3dcff23000 r--p 00000000 00:20 433027                     /usr/lib64/libwayland-cursor.so.0.22.0
7f3dcff23000-7f3dcff25000 r-xp 00002000 00:20 433027                     /usr/lib64/libwayland-cursor.so.0.22.0
7f3dcff25000-7f3dcff26000 r--p 00004000 00:20 433027                     /usr/lib64/libwayland-cursor.so.0.22.0
7f3dcff26000-7f3dcff27000 r--p 00004000 00:20 433027                     /usr/lib64/libwayland-cursor.so.0.22.0
7f3dcff27000-7f3dcff2b000 rw-p 00005000 00:20 433027                     /usr/lib64/libwayland-cursor.so.0.22.0
7f3dcff2b000-7f3dcff30000 r--p 00000000 00:20 432578                     /usr/lib64/libxkbcommon.so.0.0.0
7f3dcff30000-7f3dcff50000 r-xp 00005000 00:20 432578                     /usr/lib64/libxkbcommon.so.0.0.0
7f3dcff50000-7f3dcff71000 r--p 00025000 00:20 432578                     /usr/lib64/libxkbcommon.so.0.0.0
7f3dcff71000-7f3dcff73000 r--p 00045000 00:20 432578                     /usr/lib64/libxkbcommon.so.0.0.0
7f3dcff73000-7f3dcff74000 rw-p 00000000 00:00 0 
7f3dcff74000-7f3dcff80000 r--p 00000000 00:20 467199                     /usr/lib64/libatk-bridge-2.0.so.0.0.0
7f3dcff80000-7f3dcff9a000 r-xp 0000c000 00:20 467199                     /usr/lib64/libatk-bridge-2.0.so.0.0.0
7f3dcff9a000-7f3dcffad000 r--p 00026000 00:20 467199                     /usr/lib64/libatk-bridge-2.0.so.0.0.0
7f3dcffad000-7f3dcffaf000 r--p 00038000 00:20 467199                     /usr/lib64/libatk-bridge-2.0.so.0.0.0
7f3dcffaf000-7f3dcffb1000 rw-p 0003a000 00:20 467199                     /usr/lib64/libatk-bridge-2.0.so.0.0.0
7f3dcffb1000-7f3dcffb8000 r--p 00000000 00:20 459640                     /usr/lib64/libfontconfig.so.1.12.0
7f3dcffb8000-7f3dcffe7000 r-xp 00007000 00:20 459640                     /usr/lib64/libfontconfig.so.1.12.0
7f3dcffe7000-7f3dcfffd000 r--p 00036000 00:20 459640                     /usr/lib64/libfontconfig.so.1.12.0
7f3dcfffd000-7f3dcffff000 r--p 0004b000 00:20 459640                     /usr/lib64/libfontconfig.so.1.12.0
7f3dcffff000-7f3dd0000000 rw-p 0004d000 00:20 459640                     /usr/lib64/libfontconfig.so.1.12.0
7f3dd0000000-7f3dd030c000 rw-p 00000000 00:00 0 
7f3dd030c000-7f3dd4000000 ---p 00000000 00:00 0 
7f3dd4000000-7f3dd4021000 rw-p 00000000 00:00 0 
7f3dd4021000-7f3dd8000000 ---p 00000000 00:00 0 
7f3dd8000000-7f3dd8021000 rw-p 00000000 00:00 0 
7f3dd8021000-7f3ddc000000 ---p 00000000 00:00 0 
7f3ddc000000-7f3ddc021000 rw-p 00000000 00:00 0 
7f3ddc021000-7f3de0000000 ---p 00000000 00:00 0 
7f3de0000000-7f3de00b5000 rw-p 00000000 00:00 0 
7f3de00b5000-7f3de4000000 ---p 00000000 00:00 0 
7f3de4000000-7f3de41a7000 rw-p 00000000 00:00 0 
7f3de41a7000-7f3de8000000 ---p 00000000 00:00 0 
7f3de8000000-7f3de80b3000 rw-p 00000000 00:00 0 
7f3de80b3000-7f3dec000000 ---p 00000000 00:00 0 
7f3dec004000-7f3dec005000 r--p 00000000 00:20 449998                     /usr/lib64/libXinerama.so.1.0.0
7f3dec005000-7f3dec006000 r-xp 00001000 00:20 449998                     /usr/lib64/libXinerama.so.1.0.0
7f3dec006000-7f3dec007000 r--p 00002000 00:20 449998                     /usr/lib64/libXinerama.so.1.0.0
7f3dec007000-7f3dec008000 r--p 00002000 00:20 449998                     /usr/lib64/libXinerama.so.1.0.0
7f3dec008000-7f3dec009000 rw-p 00003000 00:20 449998                     /usr/lib64/libXinerama.so.1.0.0
7f3dec009000-7f3dec010000 r--p 00000000 00:20 474145                     /usr/lib64/libcloudproviders.so.0.3.5
7f3dec010000-7f3dec01c000 r-xp 00007000 00:20 474145                     /usr/lib64/libcloudproviders.so.0.3.5
7f3dec01c000-7f3dec021000 r--p 00013000 00:20 474145                     /usr/lib64/libcloudproviders.so.0.3.5
7f3dec021000-7f3dec022000 r--p 00018000 00:20 474145                     /usr/lib64/libcloudproviders.so.0.3.5
7f3dec022000-7f3dec023000 rw-p 00019000 00:20 474145                     /usr/lib64/libcloudproviders.so.0.3.5
7f3dec023000-7f3dec02e000 r--p 00000000 00:20 467090                     /usr/lib64/libatk-1.0.so.0.25009.1
7f3dec02e000-7f3dec03e000 r-xp 0000b000 00:20 467090                     /usr/lib64/libatk-1.0.so.0.25009.1
7f3dec03e000-7f3dec049000 r--p 0001b000 00:20 467090                     /usr/lib64/libatk-1.0.so.0.25009.1
7f3dec049000-7f3dec04c000 r--p 00025000 00:20 467090                     /usr/lib64/libatk-1.0.so.0.25009.1
7f3dec04c000-7f3dec04d000 rw-p 00028000 00:20 467090                     /usr/lib64/libatk-1.0.so.0.25009.1
7f3dec04d000-7f3dec05f000 r--p 00000000 00:20 478745                     /usr/lib64/libpango-1.0.so.0.5100.0
7f3dec05f000-7f3dec098000 r-xp 00012000 00:20 478745                     /usr/lib64/libpango-1.0.so.0.5100.0
7f3dec098000-7f3dec0b2000 r--p 0004b000 00:20 478745                     /usr/lib64/libpango-1.0.so.0.5100.0
7f3dec0b2000-7f3dec0b6000 r--p 00064000 00:20 478745                     /usr/lib64/libpango-1.0.so.0.5100.0
7f3dec0b6000-7f3dec0b7000 rw-p 00068000 00:20 478745                     /usr/lib64/libpango-1.0.so.0.5100.0
7f3dec0b7000-7f3dec0d5000 r--p 00000000 00:20 452388                     /usr/lib64/libglib-2.0.so.0.7800.1
7f3dec0d5000-7f3dec175000 r-xp 0001e000 00:20 452388                     /usr/lib64/libglib-2.0.so.0.7800.1
7f3dec175000-7f3dec1fd000 r--p 000be000 00:20 452388                     /usr/lib64/libglib-2.0.so.0.7800.1
7f3dec1fd000-7f3dec1fe000 r--p 00146000 00:20 452388                     /usr/lib64/libglib-2.0.so.0.7800.1
7f3dec1fe000-7f3dec1ff000 rw-p 00147000 00:20 452388                     /usr/lib64/libglib-2.0.so.0.7800.1
7f3dec1ff000-7f3dec200000 rw-p 00000000 00:00 0 
7f3dec200000-7f3dec400000 rw-s 15b392000 00:05 513                       /dev/dri/renderD128
7f3dec400000-7f3dec4e3000 r--p 00000000 00:20 442802                     /usr/lib64/dri/radeonsi_dri.so
7f3dec4e3000-7f3dedb3b000 r-xp 000e3000 00:20 442802                     /usr/lib64/dri/radeonsi_dri.so
7f3dedb3b000-7f3dee624000 r--p 0173b000 00:20 442802                     /usr/lib64/dri/radeonsi_dri.so
7f3dee624000-7f3dee6e8000 r--p 02224000 00:20 442802                     /usr/lib64/dri/radeonsi_dri.so
7f3dee6e8000-7f3dee6fe000 rw-p 022e8000 00:20 442802                     /usr/lib64/dri/radeonsi_dri.so
7f3dee6fe000-7f3dee8be000 rw-p 00000000 00:00 0 
7f3dee8c1000-7f3dee8c2000 r--p 00000000 00:20 449981                     /usr/lib64/libXcomposite.so.1.0.0
7f3dee8c2000-7f3dee8c3000 r-xp 00001000 00:20 449981                     /usr/lib64/libXcomposite.so.1.0.0
7f3dee8c3000-7f3dee8c4000 r--p 00002000 00:20 449981                     /usr/lib64/libXcomposite.so.1.0.0
7f3dee8c4000-7f3dee8c5000 r--p 00002000 00:20 449981                     /usr/lib64/libXcomposite.so.1.0.0
7f3dee8c5000-7f3dee8c6000 rw-p 00000000 00:00 0 
7f3dee8c6000-7f3dee8cc000 r--p 00000000 00:20 432762                     /usr/lib64/libwayland-client.so.0.22.0
7f3dee8cc000-7f3dee8d2000 r-xp 00006000 00:20 432762                     /usr/lib64/libwayland-client.so.0.22.0
7f3dee8d2000-7f3dee8d4000 r--p 0000c000 00:20 432762                     /usr/lib64/libwayland-client.so.0.22.0
7f3dee8d4000-7f3dee8d6000 r--p 0000e000 00:20 432762                     /usr/lib64/libwayland-client.so.0.22.0
7f3dee8d6000-7f3dee8d7000 rw-p 00010000 00:20 432762                     /usr/lib64/libwayland-client.so.0.22.0
7f3dee8d7000-7f3dee8df000 r--p 00000000 00:20 460415                     /usr/lib64/libgdk_pixbuf-2.0.so.0.4200.10
7f3dee8df000-7f3dee8fa000 r-xp 00008000 00:20 460415                     /usr/lib64/libgdk_pixbuf-2.0.so.0.4200.10
7f3dee8fa000-7f3dee903000 r--p 00023000 00:20 460415                     /usr/lib64/libgdk_pixbuf-2.0.so.0.4200.10
7f3dee903000-7f3dee904000 r--p 0002c000 00:20 460415                     /usr/lib64/libgdk_pixbuf-2.0.so.0.4200.10
7f3dee904000-7f3dee905000 rw-p 0002d000 00:20 460415                     /usr/lib64/libgdk_pixbuf-2.0.so.0.4200.10
7f3dee905000-7f3dee92f000 r--p 00000000 00:20 518691                     /usr/lib64/libgdk-3.so.0.2406.32
7f3dee92f000-7f3dee9b3000 r-xp 0002a000 00:20 518691                     /usr/lib64/libgdk-3.so.0.2406.32
7f3dee9b3000-7f3dee9f5000 r--p 000ae000 00:20 518691                     /usr/lib64/libgdk-3.so.0.2406.32
7f3dee9f5000-7f3dee9fe000 r--p 000ef000 00:20 518691                     /usr/lib64/libgdk-3.so.0.2406.32
7f3dee9fe000-7f3deea00000 rw-p 000f8000 00:20 518691                     /usr/lib64/libgdk-3.so.0.2406.32
7f3deea00000-7f3dfbff9000 r--p 00000000 00:20 429137                     /usr/lib/locale/locale-archive
7f3dfbffb000-7f3dfbffc000 r--p 00000000 00:20 449974                     /usr/lib64/libXdamage.so.1.1.0
7f3dfbffc000-7f3dfbffd000 r-xp 00001000 00:20 449974                     /usr/lib64/libXdamage.so.1.1.0
7f3dfbffd000-7f3dfbffe000 r--p 00002000 00:20 449974                     /usr/lib64/libXdamage.so.1.1.0
7f3dfbffe000-7f3dfbfff000 r--p 00002000 00:20 449974                     /usr/lib64/libXdamage.so.1.1.0
7f3dfbfff000-7f3dfc021000 rw-p 00000000 00:00 0 
7f3dfc021000-7f3e00000000 ---p 00000000 00:00 0 
7f3e00000000-7f3e00021000 rw-p 00000000 00:00 0 
7f3e00021000-7f3e04000000 ---p 00000000 00:00 0 
7f3e04000000-7f3e04021000 rw-p 00000000 00:00 0 
7f3e04021000-7f3e08000000 ---p 00000000 00:00 0 
7f3e08000000-7f3e08021000 rw-p 00000000 00:00 0 
7f3e08021000-7f3e0c000000 ---p 00000000 00:00 0 
7f3e0c000000-7f3e0c021000 rw-p 00000000 00:00 0 
7f3e0c021000-7f3e10000000 ---p 00000000 00:00 0 
7f3e10000000-7f3e10021000 rw-p 00000000 00:00 0 
7f3e10021000-7f3e14000000 ---p 00000000 00:00 0 
7f3e14000000-7f3e14021000 rw-p 00000000 00:00 0 
7f3e14021000-7f3e18000000 ---p 00000000 00:00 0 
7f3e18000000-7f3e18003000 r--p 00000000 00:20 449970                     /usr/lib64/libXi.so.6.1.0
7f3e18003000-7f3e1800f000 r-xp 00003000 00:20 449970                     /usr/lib64/libXi.so.6.1.0
7f3e1800f000-7f3e18011000 r--p 0000f000 00:20 449970                     /usr/lib64/libXi.so.6.1.0
7f3e18011000-7f3e18012000 r--p 00011000 00:20 449970                     /usr/lib64/libXi.so.6.1.0
7f3e18012000-7f3e18013000 rw-p 00012000 00:20 449970                     /usr/lib64/libXi.so.6.1.0
7f3e18013000-7f3e18017000 r--p 00000000 00:20 459828                     /usr/lib64/libcairo-gobject.so.2.11800.0
7f3e18017000-7f3e18019000 r-xp 00004000 00:20 459828                     /usr/lib64/libcairo-gobject.so.2.11800.0
7f3e18019000-7f3e1801b000 r--p 00006000 00:20 459828                     /usr/lib64/libcairo-gobject.so.2.11800.0
7f3e1801b000-7f3e1801d000 r--p 00008000 00:20 459828                     /usr/lib64/libcairo-gobject.so.2.11800.0
7f3e1801d000-7f3e1801e000 rw-p 00000000 00:00 0 
7f3e1801e000-7f3e1802c000 r--p 00000000 00:20 452392                     /usr/lib64/libgobject-2.0.so.0.7800.1
7f3e1802c000-7f3e18062000 r-xp 0000e000 00:20 452392                     /usr/lib64/libgobject-2.0.so.0.7800.1
7f3e18062000-7f3e1807a000 r--p 00044000 00:20 452392                     /usr/lib64/libgobject-2.0.so.0.7800.1
7f3e1807a000-7f3e1807d000 r--p 0005c000 00:20 452392                     /usr/lib64/libgobject-2.0.so.0.7800.1
7f3e1807d000-7f3e1807e000 rw-p 0005f000 00:20 452392                     /usr/lib64/libgobject-2.0.so.0.7800.1
7f3e1807e000-7f3e1827e000 rw-s 1598d2000 00:05 513                       /dev/dri/renderD128
7f3e1827e000-7f3e1847e000 rw-s 10e39a000 00:05 513                       /dev/dri/renderD128
7f3e1847e000-7f3e1847f000 ---p 00000000 00:00 0 
7f3e1847f000-7f3e18c7f000 rw-p 00000000 00:00 0 
7f3e18c7f000-7f3e18c80000 ---p 00000000 00:00 0 
7f3e18c80000-7f3e24021000 rw-p 00000000 00:00 0 
7f3e24021000-7f3e28000000 ---p 00000000 00:00 0 
7f3e28003000-7f3e28005000 r--p 00000000 00:20 432795                     /usr/lib64/libfribidi.so.0.4.0
7f3e28005000-7f3e2800a000 r-xp 00002000 00:20 432795                     /usr/lib64/libfribidi.so.0.4.0
7f3e2800a000-7f3e28020000 r--p 00007000 00:20 432795                     /usr/lib64/libfribidi.so.0.4.0
7f3e28020000-7f3e28021000 r--p 0001d000 00:20 432795                     /usr/lib64/libfribidi.so.0.4.0
7f3e28021000-7f3e28022000 rw-p 0001e000 00:20 432795                     /usr/lib64/libfribidi.so.0.4.0
7f3e28022000-7f3e28029000 r--p 00000000 00:20 478749                     /usr/lib64/libpangoft2-1.0.so.0.5100.0
7f3e28029000-7f3e28036000 r-xp 00007000 00:20 478749                     /usr/lib64/libpangoft2-1.0.so.0.5100.0
7f3e28036000-7f3e2803a000 r--p 00014000 00:20 478749                     /usr/lib64/libpangoft2-1.0.so.0.5100.0
7f3e2803a000-7f3e2803b000 r--p 00018000 00:20 478749                     /usr/lib64/libpangoft2-1.0.so.0.5100.0
7f3e2803b000-7f3e2803c000 rw-p 00000000 00:00 0 
7f3e2803c000-7f3e28041000 r--p 00000000 00:20 478747                     /usr/lib64/libpangocairo-1.0.so.0.5100.0
7f3e28041000-7f3e28049000 r-xp 00005000 00:20 478747                     /usr/lib64/libpangocairo-1.0.so.0.5100.0
7f3e28049000-7f3e2804b000 r--p 0000d000 00:20 478747                     /usr/lib64/libpangocairo-1.0.so.0.5100.0
7f3e2804b000-7f3e2804c000 r--p 0000f000 00:20 478747                     /usr/lib64/libpangocairo-1.0.so.0.5100.0
7f3e2804c000-7f3e2804d000 rw-p 00010000 00:20 478747                     /usr/lib64/libpangocairo-1.0.so.0.5100.0
7f3e2804d000-7f3e2818e000 rw-s 00000000 00:20 295                        /home/neon/.cache/mesa_shader_cache/index
7f3e2818e000-7f3e2819c000 r--p 00000000 00:20 428967                     /usr/lib64/libtinfo.so.6.4
7f3e2819c000-7f3e281b0000 r-xp 0000e000 00:20 428967                     /usr/lib64/libtinfo.so.6.4
7f3e281b0000-7f3e281be000 r--p 00022000 00:20 428967                     /usr/lib64/libtinfo.so.6.4
7f3e281be000-7f3e281c2000 r--p 0002f000 00:20 428967                     /usr/lib64/libtinfo.so.6.4
7f3e281c2000-7f3e281c3000 rw-p 00033000 00:20 428967                     /usr/lib64/libtinfo.so.6.4
7f3e281c3000-7f3e281cc000 r--p 00000000 00:20 433357                     /usr/lib64/libedit.so.0.0.72
7f3e281cc000-7f3e281ed000 r-xp 00009000 00:20 433357                     /usr/lib64/libedit.so.0.0.72
7f3e281ed000-7f3e281fa000 r--p 0002a000 00:20 433357                     /usr/lib64/libedit.so.0.0.72
7f3e281fa000-7f3e281fc000 r--p 00037000 00:20 433357                     /usr/lib64/libedit.so.0.0.72
7f3e281fc000-7f3e281fd000 rw-p 00039000 00:20 433357                     /usr/lib64/libedit.so.0.0.72
7f3e281fd000-7f3e28200000 rw-p 00000000 00:00 0 
7f3e28200000-7f3e2829c000 r--p 00000000 00:20 430211                     /usr/lib64/libstdc++.so.6.0.32
7f3e2829c000-7f3e283c6000 r-xp 0009c000 00:20 430211                     /usr/lib64/libstdc++.so.6.0.32
7f3e283c6000-7f3e28442000 r--p 001c6000 00:20 430211                     /usr/lib64/libstdc++.so.6.0.32
7f3e28442000-7f3e2844f000 r--p 00242000 00:20 430211                     /usr/lib64/libstdc++.so.6.0.32
7f3e2844f000-7f3e28450000 rw-p 0024f000 00:20 430211                     /usr/lib64/libstdc++.so.6.0.32
7f3e28450000-7f3e28454000 rw-p 00000000 00:00 0 
7f3e28458000-7f3e28459000 r--p 00000000 00:20 433046                     /usr/lib64/libwayland-egl.so.1.22.0
7f3e28459000-7f3e2845a000 r-xp 00001000 00:20 433046                     /usr/lib64/libwayland-egl.so.1.22.0
7f3e2845a000-7f3e2845b000 r--p 00002000 00:20 433046                     /usr/lib64/libwayland-egl.so.1.22.0
7f3e2845b000-7f3e2845c000 r--p 00002000 00:20 433046                     /usr/lib64/libwayland-egl.so.1.22.0
7f3e2845c000-7f3e2845d000 rw-p 00000000 00:00 0 
7f3e2845d000-7f3e2845f000 r--p 00000000 00:20 452390                     /usr/lib64/libgmodule-2.0.so.0.7800.1
7f3e2845f000-7f3e28461000 r-xp 00002000 00:20 452390                     /usr/lib64/libgmodule-2.0.so.0.7800.1
7f3e28461000-7f3e28462000 r--p 00004000 00:20 452390                     /usr/lib64/libgmodule-2.0.so.0.7800.1
7f3e28462000-7f3e28463000 r--p 00004000 00:20 452390                     /usr/lib64/libgmodule-2.0.so.0.7800.1
7f3e28463000-7f3e28464000 rw-p 00005000 00:20 452390                     /usr/lib64/libgmodule-2.0.so.0.7800.1
7f3e28464000-7f3e28467000 r--p 00000000 00:20 433463                     /usr/lib64/libpciaccess.so.0.11.1
7f3e28467000-7f3e2846c000 r-xp 00003000 00:20 433463                     /usr/lib64/libpciaccess.so.0.11.1
7f3e2846c000-7f3e2846e000 r--p 00008000 00:20 433463                     /usr/lib64/libpciaccess.so.0.11.1
7f3e2846e000-7f3e2846f000 r--p 00009000 00:20 433463                     /usr/lib64/libpciaccess.so.0.11.1
7f3e2846f000-7f3e28470000 rw-p 00000000 00:00 0 
7f3e28470000-7f3e28472000 r--p 00000000 00:20 432757                     /usr/lib64/libffi.so.8.1.2
7f3e28472000-7f3e2847c000 r-xp 00002000 00:20 432757                     /usr/lib64/libffi.so.8.1.2
7f3e2847c000-7f3e2847e000 r--p 0000c000 00:20 432757                     /usr/lib64/libffi.so.8.1.2
7f3e2847e000-7f3e2847f000 r--p 0000d000 00:20 432757                     /usr/lib64/libffi.so.8.1.2
7f3e2847f000-7f3e28480000 rw-p 0000e000 00:20 432757                     /usr/lib64/libffi.so.8.1.2
7f3e28480000-7f3e28483000 r--p 00000000 00:20 417486                     /usr/lib64/libgcc_s-13-20231011.so.1
7f3e28483000-7f3e2849e000 r-xp 00003000 00:20 417486                     /usr/lib64/libgcc_s-13-20231011.so.1
7f3e2849e000-7f3e284a2000 r--p 0001e000 00:20 417486                     /usr/lib64/libgcc_s-13-20231011.so.1
7f3e284a2000-7f3e284a3000 r--p 00021000 00:20 417486                     /usr/lib64/libgcc_s-13-20231011.so.1
7f3e284a3000-7f3e284a4000 rw-p 00000000 00:00 0 
7f3e284a4000-7f3e284a7000 r--p 00000000 00:20 433478                     /usr/lib64/libdrm_intel.so.1.0.0
7f3e284a7000-7f3e284be000 r-xp 00003000 00:20 433478                     /usr/lib64/libdrm_intel.so.1.0.0
7f3e284be000-7f3e284c7000 r--p 0001a000 00:20 433478                     /usr/lib64/libdrm_intel.so.1.0.0
7f3e284c7000-7f3e284c8000 r--p 00023000 00:20 433478                     /usr/lib64/libdrm_intel.so.1.0.0
7f3e284c8000-7f3e284c9000 rw-p 00024000 00:20 433478                     /usr/lib64/libdrm_intel.so.1.0.0
7f3e284c9000-7f3e284cc000 r--p 00000000 00:20 433476                     /usr/lib64/libdrm_amdgpu.so.1.0.0
7f3e284cc000-7f3e284d2000 r-xp 00003000 00:20 433476                     /usr/lib64/libdrm_amdgpu.so.1.0.0
7f3e284d2000-7f3e284d4000 r--p 00009000 00:20 433476                     /usr/lib64/libdrm_amdgpu.so.1.0.0
7f3e284d4000-7f3e284d5000 r--p 0000a000 00:20 433476                     /usr/lib64/libdrm_amdgpu.so.1.0.0
7f3e284d5000-7f3e284d6000 rw-p 00000000 00:00 0 
7f3e284d6000-7f3e284da000 r--p 00000000 00:20 432610                     /usr/lib64/libelf-0.190.so
7f3e284da000-7f3e284ed000 r-xp 00004000 00:20 432610                     /usr/lib64/libelf-0.190.so
7f3e284ed000-7f3e284f1000 r--p 00017000 00:20 432610                     /usr/lib64/libelf-0.190.so
7f3e284f1000-7f3e284f2000 r--p 0001a000 00:20 432610                     /usr/lib64/libelf-0.190.so
7f3e284f2000-7f3e284f3000 rw-p 00000000 00:00 0 
7f3e284f3000-7f3e284f5000 r--p 00000000 00:20 433482                     /usr/lib64/libdrm_radeon.so.1.0.1
7f3e284f5000-7f3e284fb000 r-xp 00002000 00:20 433482                     /usr/lib64/libdrm_radeon.so.1.0.1
7f3e284fb000-7f3e284ff000 r--p 00008000 00:20 433482                     /usr/lib64/libdrm_radeon.so.1.0.1
7f3e284ff000-7f3e28500000 r--p 0000b000 00:20 433482                     /usr/lib64/libdrm_radeon.so.1.0.1
7f3e28500000-7f3e28501000 rw-p 00000000 00:00 0 
7f3e28501000-7f3e28504000 r--p 00000000 00:20 442727                     /usr/lib64/libsensors.so.4.5.0
7f3e28504000-7f3e2850b000 r-xp 00003000 00:20 442727                     /usr/lib64/libsensors.so.4.5.0
7f3e2850b000-7f3e2850f000 r--p 0000a000 00:20 442727                     /usr/lib64/libsensors.so.4.5.0
7f3e2850f000-7f3e28510000 r--p 0000e000 00:20 442727                     /usr/lib64/libsensors.so.4.5.0
7f3e28510000-7f3e28511000 rw-p 0000f000 00:20 442727                     /usr/lib64/libsensors.so.4.5.0
7f3e28511000-7f3e28516000 r--p 00000000 00:20 430285                     /usr/lib64/libzstd.so.1.5.5
7f3e28516000-7f3e285be000 r-xp 00005000 00:20 430285                     /usr/lib64/libzstd.so.1.5.5
7f3e285be000-7f3e285cb000 r--p 000ad000 00:20 430285                     /usr/lib64/libzstd.so.1.5.5
7f3e285cb000-7f3e285cc000 r--p 000b9000 00:20 430285                     /usr/lib64/libzstd.so.1.5.5
7f3e285cc000-7f3e285cd000 rw-p 00000000 00:00 0 
7f3e285cd000-7f3e285d0000 r--p 00000000 00:20 430225                     /usr/lib64/libz.so.1.2.13
7f3e285d0000-7f3e285df000 r-xp 00003000 00:20 430225                     /usr/lib64/libz.so.1.2.13
7f3e285df000-7f3e285e5000 r--p 00012000 00:20 430225                     /usr/lib64/libz.so.1.2.13
7f3e285e5000-7f3e285e6000 r--p 00018000 00:20 430225                     /usr/lib64/libz.so.1.2.13
7f3e285e6000-7f3e285e7000 rw-p 00000000 00:00 0 
7f3e285e7000-7f3e285ea000 r--p 00000000 00:20 467011                     /usr/share/locale/es/LC_MESSAGES/at-spi2-core.mo
7f3e285ea000-7f3e285ee000 r--p 00000000 00:20 460721                     /usr/lib64/gio/modules/libdconfsettings.so
7f3e285ee000-7f3e285f5000 r-xp 00004000 00:20 460721                     /usr/lib64/gio/modules/libdconfsettings.so
7f3e285f5000-7f3e285f8000 r--p 0000b000 00:20 460721                     /usr/lib64/gio/modules/libdconfsettings.so
7f3e285f8000-7f3e285f9000 r--p 0000d000 00:20 460721                     /usr/lib64/gio/modules/libdconfsettings.so
7f3e285f9000-7f3e285fa000 rw-p 0000e000 00:20 460721                     /usr/lib64/gio/modules/libdconfsettings.so
7f3e285fa000-7f3e2861c000 r--p 00000000 00:20 429107                     /usr/share/locale/es/LC_MESSAGES/libc.mo
7f3e2861c000-7f3e2861f000 r--p 00000000 00:20 433207                     /usr/lib64/libxcb-xfixes.so.0.0.0
7f3e2861f000-7f3e28622000 r-xp 00003000 00:20 433207                     /usr/lib64/libxcb-xfixes.so.0.0.0
7f3e28622000-7f3e28624000 r--p 00006000 00:20 433207                     /usr/lib64/libxcb-xfixes.so.0.0.0
7f3e28624000-7f3e28625000 r--p 00007000 00:20 433207                     /usr/lib64/libxcb-xfixes.so.0.0.0
7f3e28625000-7f3e28626000 rw-p 00008000 00:20 433207                     /usr/lib64/libxcb-xfixes.so.0.0.0
7f3e28626000-7f3e2862a000 r--p 00000000 00:20 430652                     /usr/lib64/libexpat.so.1.8.10
7f3e2862a000-7f3e28646000 r-xp 00004000 00:20 430652                     /usr/lib64/libexpat.so.1.8.10
7f3e28646000-7f3e2864e000 r--p 00020000 00:20 430652                     /usr/lib64/libexpat.so.1.8.10
7f3e2864e000-7f3e28650000 r--p 00027000 00:20 430652                     /usr/lib64/libexpat.so.1.8.10
7f3e28650000-7f3e28651000 rw-p 00000000 00:00 0 
7f3e28651000-7f3e2866a000 r--p 00000000 00:20 450119                     /usr/lib64/libGLX_mesa.so.0.0.0
7f3e2866a000-7f3e286aa000 r-xp 00019000 00:20 450119                     /usr/lib64/libGLX_mesa.so.0.0.0
7f3e286aa000-7f3e286bd000 r--p 00059000 00:20 450119                     /usr/lib64/libGLX_mesa.so.0.0.0
7f3e286bd000-7f3e286c0000 r--p 0006b000 00:20 450119                     /usr/lib64/libGLX_mesa.so.0.0.0
7f3e286c0000-7f3e286c1000 rw-p 0006e000 00:20 450119                     /usr/lib64/libGLX_mesa.so.0.0.0
7f3e286c1000-7f3e28702000 r--p 00000000 00:20 435178                     /usr/lib64/libGLdispatch.so.0.0.0
7f3e28702000-7f3e28741000 r-xp 00041000 00:20 435178                     /usr/lib64/libGLdispatch.so.0.0.0
7f3e28741000-7f3e28754000 r--p 00080000 00:20 435178                     /usr/lib64/libGLdispatch.so.0.0.0
7f3e28754000-7f3e28770000 r--p 00093000 00:20 435178                     /usr/lib64/libGLdispatch.so.0.0.0
7f3e28770000-7f3e28771000 rw-p 000af000 00:20 435178                     /usr/lib64/libGLdispatch.so.0.0.0
7f3e28771000-7f3e28779000 rw-p 00000000 00:00 0 
7f3e28779000-7f3e287bc000 r--p 00000000 00:20 450113                     /usr/lib64/libGL.so.1.7.0
7f3e287bc000-7f3e287dc000 r-xp 00043000 00:20 450113                     /usr/lib64/libGL.so.1.7.0
7f3e287dc000-7f3e287f0000 r--p 00063000 00:20 450113                     /usr/lib64/libGL.so.1.7.0
7f3e287f0000-7f3e287fe000 r--p 00077000 00:20 450113                     /usr/lib64/libGL.so.1.7.0
7f3e287fe000-7f3e287ff000 rw-p 00085000 00:20 450113                     /usr/lib64/libGL.so.1.7.0
7f3e287ff000-7f3e28800000 rw-p 00000000 00:00 0 
7f3e28800000-7f3e2880c000 r-xp 00000000 00:20 711981                     /usr/lib/jvm/jdk1.8.0_202/jre/lib/amd64/libprism_es2.so
7f3e2880c000-7f3e28a0b000 ---p 0000c000 00:20 711981                     /usr/lib/jvm/jdk1.8.0_202/jre/lib/amd64/libprism_es2.so
7f3e28a0b000-7f3e28a0c000 r--p 0000b000 00:20 711981                     /usr/lib/jvm/jdk1.8.0_202/jre/lib/amd64/libprism_es2.so
7f3e28a0c000-7f3e28a0d000 rw-p 0000c000 00:20 711981                     /usr/lib/jvm/jdk1.8.0_202/jre/lib/amd64/libprism_es2.so
7f3e28a0d000-7f3e28a11000 r--p 00000000 00:20 96080                      /home/neon/.config/dconf/user
7f3e28a11000-7f3e28a18000 r--p 00000000 00:20 433189                     /usr/lib64/libxcb-randr.so.0.1.0
7f3e28a18000-7f3e28a1e000 r-xp 00007000 00:20 433189                     /usr/lib64/libxcb-randr.so.0.1.0
7f3e28a1e000-7f3e28a21000 r--p 0000d000 00:20 433189                     /usr/lib64/libxcb-randr.so.0.1.0
7f3e28a21000-7f3e28a22000 r--p 00010000 00:20 433189                     /usr/lib64/libxcb-randr.so.0.1.0
7f3e28a22000-7f3e28a23000 rw-p 00011000 00:20 433189                     /usr/lib64/libxcb-randr.so.0.1.0
7f3e28a23000-7f3e28a2e000 r--p 00000000 00:20 433185                     /usr/lib64/libxcb-glx.so.0.0.0
7f3e28a2e000-7f3e28a37000 r-xp 0000b000 00:20 433185                     /usr/lib64/libxcb-glx.so.0.0.0
7f3e28a37000-7f3e28a3c000 r--p 00014000 00:20 433185                     /usr/lib64/libxcb-glx.so.0.0.0
7f3e28a3c000-7f3e28a3e000 r--p 00019000 00:20 433185                     /usr/lib64/libxcb-glx.so.0.0.0
7f3e28a3e000-7f3e28a3f000 rw-p 0001b000 00:20 433185                     /usr/lib64/libxcb-glx.so.0.0.0
7f3e28a3f000-7f3e28a4c000 r--p 00000000 00:20 442732                     /usr/lib64/libglapi.so.0.0.0
7f3e28a4c000-7f3e28a5a000 r-xp 0000d000 00:20 442732                     /usr/lib64/libglapi.so.0.0.0
7f3e28a5a000-7f3e28a6e000 r--p 0001b000 00:20 442732                     /usr/lib64/libglapi.so.0.0.0
7f3e28a6e000-7f3e28a72000 r--p 0002f000 00:20 442732                     /usr/lib64/libglapi.so.0.0.0
7f3e28a72000-7f3e28a73000 rw-p 00000000 00:00 0 
7f3e28a73000-7f3e28a8f000 r--p 00000000 00:20 449955                     /usr/lib64/libX11.so.6.4.0
7f3e28a8f000-7f3e28b24000 r-xp 0001c000 00:20 449955                     /usr/lib64/libX11.so.6.4.0
7f3e28b24000-7f3e28bb3000 r--p 000b1000 00:20 449955                     /usr/lib64/libX11.so.6.4.0
7f3e28bb3000-7f3e28bb6000 r--p 0013f000 00:20 449955                     /usr/lib64/libX11.so.6.4.0
7f3e28bb6000-7f3e28bba000 rw-p 00142000 00:20 449955                     /usr/lib64/libX11.so.6.4.0
7f3e28bba000-7f3e28bbd000 ---p 00000000 00:00 0 
7f3e28bbd000-7f3e28cba000 rw-p 00000000 00:00 0 
7f3e28cba000-7f3e28cbb000 ---p 00000000 00:00 0 
7f3e28cbb000-7f3e28dbb000 rw-p 00000000 00:00 0 
7f3e28dbb000-7f3e28dbe000 ---p 00000000 00:00 0 
7f3e28dbe000-7f3e28ebb000 rw-p 00000000 00:00 0 
7f3e28ebb000-7f3e28ebc000 ---p 00000000 00:00 0 
7f3e28ebc000-7f3e28ebf000 ---p 00000000 00:00 0 
7f3e28ebf000-7f3e28fbc000 rw-p 00000000 00:00 0 
7f3e28fbc000-7f3e28fbd000 ---p 00000000 00:00 0 
7f3e28fbd000-7f3e28fc0000 ---p 00000000 00:00 0 
7f3e28fc0000-7f3e290bd000 rw-p 00000000 00:00 0 
7f3e290bd000-7f3e290be000 ---p 00000000 00:00 0 
7f3e290be000-7f3e290c1000 ---p 00000000 00:00 0 
7f3e290c1000-7f3e291be000 rw-p 00000000 00:00 0 
7f3e291be000-7f3e291c1000 ---p 00000000 00:00 0 
7f3e291c1000-7f3e292be000 rw-p 00000000 00:00 0 
7f3e292be000-7f3e292c1000 ---p 00000000 00:00 0 
7f3e292c1000-7f3e293be000 rw-p 00000000 00:00 0 
7f3e293be000-7f3e293c1000 ---p 00000000 00:00 0 
7f3e293c1000-7f3e294be000 rw-p 00000000 00:00 0 
7f3e294be000-7f3e294bf000 ---p 00000000 00:00 0 
7f3e294bf000-7f3e2a4ce000 rw-p 00000000 00:00 0 
7f3e2a4ce000-7f3e2a6a8000 r--s 03d6a000 00:20 711758                     /usr/lib/jvm/jdk1.8.0_202/jre/lib/rt.jar
7f3e2a6a8000-7f3e2abe8000 rw-p 00000000 00:00 0 
7f3e2abe8000-7f3e2aea8000 ---p 00000000 00:00 0 
7f3e2aea8000-7f3e2b960000 rw-p 00000000 00:00 0 
7f3e2b960000-7f3e2b961000 ---p 00000000 00:00 0 
7f3e2b961000-7f3e2bad4000 rw-p 00000000 00:00 0 
7f3e2bad4000-7f3e2c187000 ---p 00000000 00:00 0 
7f3e2c187000-7f3e2c1fa000 rw-p 00000000 00:00 0 
7f3e2c1fa000-7f3e2c8ac000 ---p 00000000 00:00 0 
7f3e2c8ac000-7f3e2c8e6000 rw-p 00000000 00:00 0 
7f3e2c8e6000-7f3e2cc3f000 ---p 00000000 00:00 0 
7f3e2cc3f000-7f3e2cc4a000 rw-p 00000000 00:00 0 
7f3e2cc4a000-7f3e2d000000 ---p 00000000 00:00 0 
7f3e2d000000-7f3e2d270000 rwxp 00000000 00:00 0 
7f3e2d270000-7f3e3c000000 ---p 00000000 00:00 0 
7f3e3c000000-7f3e3cb69000 rw-p 00000000 00:00 0 
7f3e3cb69000-7f3e40000000 ---p 00000000 00:00 0 
7f3e40002000-7f3e40005000 r--p 00000000 00:20 433203                     /usr/lib64/libxcb-sync.so.1.0.0
7f3e40005000-7f3e40008000 r-xp 00003000 00:20 433203                     /usr/lib64/libxcb-sync.so.1.0.0
7f3e40008000-7f3e40009000 r--p 00006000 00:20 433203                     /usr/lib64/libxcb-sync.so.1.0.0
7f3e40009000-7f3e4000a000 r--p 00007000 00:20 433203                     /usr/lib64/libxcb-sync.so.1.0.0
7f3e4000a000-7f3e4000b000 rw-p 00008000 00:20 433203                     /usr/lib64/libxcb-sync.so.1.0.0
7f3e4000b000-7f3e4000e000 r--p 00000000 00:20 450115                     /usr/lib64/libGLX.so.0.0.0
7f3e4000e000-7f3e40029000 r-xp 00003000 00:20 450115                     /usr/lib64/libGLX.so.0.0.0
7f3e40029000-7f3e4002c000 r--p 0001e000 00:20 450115                     /usr/lib64/libGLX.so.0.0.0
7f3e4002c000-7f3e4002d000 r--p 00020000 00:20 450115                     /usr/lib64/libGLX.so.0.0.0
7f3e4002d000-7f3e4002e000 rw-p 00021000 00:20 450115                     /usr/lib64/libGLX.so.0.0.0
7f3e4002e000-7f3e4003e000 rw-p 00000000 00:00 0 
7f3e4003e000-7f3e4004a000 r--p 00000000 00:20 433223                     /usr/lib64/libxcb.so.1.1.0
7f3e4004a000-7f3e4005e000 r-xp 0000c000 00:20 433223                     /usr/lib64/libxcb.so.1.1.0
7f3e4005e000-7f3e40067000 r--p 00020000 00:20 433223                     /usr/lib64/libxcb.so.1.1.0
7f3e40067000-7f3e40068000 r--p 00028000 00:20 433223                     /usr/lib64/libxcb.so.1.1.0
7f3e40068000-7f3e40069000 rw-p 00029000 00:20 433223                     /usr/lib64/libxcb.so.1.1.0
7f3e40069000-7f3e400ff000 r--s 01111000 00:20 711820                     /usr/lib/jvm/jdk1.8.0_202/jre/lib/ext/jfxrt.jar
7f3e400ff000-7f3e40100000 ---p 00000000 00:00 0 
7f3e40100000-7f3e40200000 rw-p 00000000 00:00 0 
7f3e40200000-7f3e4021b000 r-xp 00000000 00:20 711973                     /usr/lib/jvm/jdk1.8.0_202/jre/lib/amd64/libzip.so
7f3e4021b000-7f3e4041a000 ---p 0001b000 00:20 711973                     /usr/lib/jvm/jdk1.8.0_202/jre/lib/amd64/libzip.so
7f3e4041a000-7f3e4041b000 r--p 0001a000 00:20 711973                     /usr/lib/jvm/jdk1.8.0_202/jre/lib/amd64/libzip.so
7f3e4041b000-7f3e4041c000 rw-p 0001b000 00:20 711973                     /usr/lib/jvm/jdk1.8.0_202/jre/lib/amd64/libzip.so
7f3e4041c000-7f3e4041e000 r--p 00000000 00:20 433183                     /usr/lib64/libxcb-dri3.so.0.0.0
7f3e4041e000-7f3e40420000 r-xp 00002000 00:20 433183                     /usr/lib64/libxcb-dri3.so.0.0.0
7f3e40420000-7f3e40421000 r--p 00004000 00:20 433183                     /usr/lib64/libxcb-dri3.so.0.0.0
7f3e40421000-7f3e40422000 r--p 00004000 00:20 433183                     /usr/lib64/libxcb-dri3.so.0.0.0
7f3e40422000-7f3e40423000 rw-p 00005000 00:20 433183                     /usr/lib64/libxcb-dri3.so.0.0.0
7f3e40423000-7f3e40428000 r--p 00000000 00:20 433474                     /usr/lib64/libdrm.so.2.4.0
7f3e40428000-7f3e40434000 r-xp 00005000 00:20 433474                     /usr/lib64/libdrm.so.2.4.0
7f3e40434000-7f3e40438000 r--p 00011000 00:20 433474                     /usr/lib64/libdrm.so.2.4.0
7f3e40438000-7f3e40439000 r--p 00014000 00:20 433474                     /usr/lib64/libdrm.so.2.4.0
7f3e40439000-7f3e404ff000 rw-p 00000000 00:00 0 
7f3e404ff000-7f3e40500000 ---p 00000000 00:00 0 
7f3e40500000-7f3e40600000 rw-p 00000000 00:00 0 
7f3e40600000-7f3e4062c000 r-xp 00000000 00:20 711967                     /usr/lib/jvm/jdk1.8.0_202/jre/lib/amd64/libjava.so
7f3e4062c000-7f3e4082b000 ---p 0002c000 00:20 711967                     /usr/lib/jvm/jdk1.8.0_202/jre/lib/amd64/libjava.so
7f3e4082b000-7f3e4082c000 r--p 0002b000 00:20 711967                     /usr/lib/jvm/jdk1.8.0_202/jre/lib/amd64/libjava.so
7f3e4082c000-7f3e4082e000 rw-p 0002c000 00:20 711967                     /usr/lib/jvm/jdk1.8.0_202/jre/lib/amd64/libjava.so
7f3e4082e000-7f3e4082f000 r--p 00000000 00:20 433187                     /usr/lib64/libxcb-present.so.0.0.0
7f3e4082f000-7f3e40830000 r-xp 00001000 00:20 433187                     /usr/lib64/libxcb-present.so.0.0.0
7f3e40830000-7f3e40831000 r--p 00002000 00:20 433187                     /usr/lib64/libxcb-present.so.0.0.0
7f3e40831000-7f3e40832000 r--p 00002000 00:20 433187                     /usr/lib64/libxcb-present.so.0.0.0
7f3e40832000-7f3e40833000 rw-p 00003000 00:20 433187                     /usr/lib64/libxcb-present.so.0.0.0
7f3e40833000-7f3e40834000 r--p 00000000 00:20 433648                     /usr/lib64/libxshmfence.so.1.0.0
7f3e40834000-7f3e40835000 r-xp 00001000 00:20 433648                     /usr/lib64/libxshmfence.so.1.0.0
7f3e40835000-7f3e40836000 r--p 00002000 00:20 433648                     /usr/lib64/libxshmfence.so.1.0.0
7f3e40836000-7f3e40837000 r--p 00002000 00:20 433648                     /usr/lib64/libxshmfence.so.1.0.0
7f3e40837000-7f3e408ff000 rw-p 00000000 00:00 0 
7f3e408ff000-7f3e40900000 ---p 00000000 00:00 0 
7f3e40900000-7f3e40a00000 rw-p 00000000 00:00 0 
7f3e40a00000-7f3e40a0d000 r-xp 00000000 00:20 711972                     /usr/lib/jvm/jdk1.8.0_202/jre/lib/amd64/libverify.so
7f3e40a0d000-7f3e40c0c000 ---p 0000d000 00:20 711972                     /usr/lib/jvm/jdk1.8.0_202/jre/lib/amd64/libverify.so
7f3e40c0c000-7f3e40c0e000 r--p 0000c000 00:20 711972                     /usr/lib/jvm/jdk1.8.0_202/jre/lib/amd64/libverify.so
7f3e40c0e000-7f3e40c0f000 rw-p 0000e000 00:20 711972                     /usr/lib/jvm/jdk1.8.0_202/jre/lib/amd64/libverify.so
7f3e40c11000-7f3e40c12000 r--p 00000000 00:20 433201                     /usr/lib64/libxcb-shm.so.0.0.0
7f3e40c12000-7f3e40c13000 r-xp 00001000 00:20 433201                     /usr/lib64/libxcb-shm.so.0.0.0
7f3e40c13000-7f3e40c14000 r--p 00002000 00:20 433201                     /usr/lib64/libxcb-shm.so.0.0.0
7f3e40c14000-7f3e40c15000 r--p 00002000 00:20 433201                     /usr/lib64/libxcb-shm.so.0.0.0
7f3e40c15000-7f3e40c16000 rw-p 00003000 00:20 433201                     /usr/lib64/libxcb-shm.so.0.0.0
7f3e40c16000-7f3e40c18000 r--p 00000000 00:20 449964                     /usr/lib64/libXfixes.so.3.1.0
7f3e40c18000-7f3e40c1b000 r-xp 00002000 00:20 449964                     /usr/lib64/libXfixes.so.3.1.0
7f3e40c1b000-7f3e40c1c000 r--p 00005000 00:20 449964                     /usr/lib64/libXfixes.so.3.1.0
7f3e40c1c000-7f3e40c1d000 r--p 00005000 00:20 449964                     /usr/lib64/libXfixes.so.3.1.0
7f3e40c1d000-7f3e40c1e000 rw-p 00006000 00:20 449964                     /usr/lib64/libXfixes.so.3.1.0
7f3e40c1e000-7f3e40c1f000 ---p 00000000 00:00 0 
7f3e40c1f000-7f3e40c22000 ---p 00000000 00:00 0 
7f3e40c22000-7f3e40d1f000 rw-p 00000000 00:00 0 
7f3e40d1f000-7f3e40d2f000 r--p 00000000 00:20 430145                     /usr/lib64/libm.so.6
7f3e40d2f000-7f3e40da4000 r-xp 00010000 00:20 430145                     /usr/lib64/libm.so.6
7f3e40da4000-7f3e40dfe000 r--p 00085000 00:20 430145                     /usr/lib64/libm.so.6
7f3e40dfe000-7f3e40dff000 r--p 000de000 00:20 430145                     /usr/lib64/libm.so.6
7f3e40dff000-7f3e40e00000 rw-p 000df000 00:20 430145                     /usr/lib64/libm.so.6
7f3e40e00000-7f3e41ae8000 r-xp 00000000 00:20 711948                     /usr/lib/jvm/jdk1.8.0_202/jre/lib/amd64/server/libjvm.so
7f3e41ae8000-7f3e41ce7000 ---p 00ce8000 00:20 711948                     /usr/lib/jvm/jdk1.8.0_202/jre/lib/amd64/server/libjvm.so
7f3e41ce7000-7f3e41d7d000 r--p 00ce7000 00:20 711948                     /usr/lib/jvm/jdk1.8.0_202/jre/lib/amd64/server/libjvm.so
7f3e41d7d000-7f3e41dae000 rw-p 00d7d000 00:20 711948                     /usr/lib/jvm/jdk1.8.0_202/jre/lib/amd64/server/libjvm.so
7f3e41dae000-7f3e41de9000 rw-p 00000000 00:00 0 
7f3e41dea000-7f3e41deb000 r--p 00000000 00:20 583743                     /etc/dconf/db/distro
7f3e41deb000-7f3e41ded000 r--p 00000000 00:20 433181                     /usr/lib64/libxcb-dri2.so.0.0.0
7f3e41ded000-7f3e41def000 r-xp 00002000 00:20 433181                     /usr/lib64/libxcb-dri2.so.0.0.0
7f3e41def000-7f3e41df0000 r--p 00004000 00:20 433181                     /usr/lib64/libxcb-dri2.so.0.0.0
7f3e41df0000-7f3e41df1000 r--p 00004000 00:20 433181                     /usr/lib64/libxcb-dri2.so.0.0.0
7f3e41df1000-7f3e41df2000 rw-p 00005000 00:20 433181                     /usr/lib64/libxcb-dri2.so.0.0.0
7f3e41df2000-7f3e41df3000 r--p 00000000 00:20 432824                     /usr/lib64/libX11-xcb.so.1.0.0
7f3e41df3000-7f3e41df4000 r-xp 00001000 00:20 432824                     /usr/lib64/libX11-xcb.so.1.0.0
7f3e41df4000-7f3e41df5000 r--p 00002000 00:20 432824                     /usr/lib64/libX11-xcb.so.1.0.0
7f3e41df5000-7f3e41df6000 r--p 00002000 00:20 432824                     /usr/lib64/libX11-xcb.so.1.0.0
7f3e41df6000-7f3e41df7000 rw-p 00000000 00:00 0 
7f3e41df7000-7f3e41dfb000 r--p 00000000 00:20 449959                     /usr/lib64/libXext.so.6.4.0
7f3e41dfb000-7f3e41e06000 r-xp 00004000 00:20 449959                     /usr/lib64/libXext.so.6.4.0
7f3e41e06000-7f3e41e09000 r--p 0000f000 00:20 449959                     /usr/lib64/libXext.so.6.4.0
7f3e41e09000-7f3e41e0a000 r--p 00011000 00:20 449959                     /usr/lib64/libXext.so.6.4.0
7f3e41e0a000-7f3e41e0b000 rw-p 00012000 00:20 449959                     /usr/lib64/libXext.so.6.4.0
7f3e41e0b000-7f3e41e0c000 r--p 00000000 00:20 583747                     /etc/dconf/db/site
7f3e41e0c000-7f3e41e0d000 r--p 00000000 00:20 583746                     /etc/dconf/db/local
7f3e41e0d000-7f3e41e0f000 r--p 00000000 00:20 433480                     /usr/lib64/libdrm_nouveau.so.2.0.0
7f3e41e0f000-7f3e41e14000 r-xp 00002000 00:20 433480                     /usr/lib64/libdrm_nouveau.so.2.0.0
7f3e41e14000-7f3e41e15000 r--p 00007000 00:20 433480                     /usr/lib64/libdrm_nouveau.so.2.0.0
7f3e41e15000-7f3e41e16000 r--p 00008000 00:20 433480                     /usr/lib64/libdrm_nouveau.so.2.0.0
7f3e41e16000-7f3e41e17000 rw-p 00000000 00:00 0 
7f3e41e17000-7f3e41e1e000 r--s 00000000 00:20 580201                     /usr/lib64/gconv/gconv-modules.cache
7f3e41e1e000-7f3e41e44000 r--p 00000000 00:20 430142                     /usr/lib64/libc.so.6
7f3e41e44000-7f3e41fa4000 r-xp 00026000 00:20 430142                     /usr/lib64/libc.so.6
7f3e41fa4000-7f3e41ff2000 r--p 00186000 00:20 430142                     /usr/lib64/libc.so.6
7f3e41ff2000-7f3e41ff6000 r--p 001d3000 00:20 430142                     /usr/lib64/libc.so.6
7f3e41ff6000-7f3e41ff8000 rw-p 001d7000 00:20 430142                     /usr/lib64/libc.so.6
7f3e41ff8000-7f3e42000000 rw-p 00000000 00:00 0 
7f3e42000000-7f3e42017000 r-xp 00000000 00:20 711620                     /usr/lib/jvm/jdk1.8.0_202/lib/amd64/jli/libjli.so
7f3e42017000-7f3e42216000 ---p 00017000 00:20 711620                     /usr/lib/jvm/jdk1.8.0_202/lib/amd64/jli/libjli.so
7f3e42216000-7f3e42217000 r--p 00016000 00:20 711620                     /usr/lib/jvm/jdk1.8.0_202/lib/amd64/jli/libjli.so
7f3e42217000-7f3e42218000 rw-p 00017000 00:20 711620                     /usr/lib/jvm/jdk1.8.0_202/lib/amd64/jli/libjli.so
7f3e42218000-7f3e42219000 r--s 00000000 00:4c 2586                       /run/user/1000/dconf/user
7f3e42219000-7f3e4221a000 r--p 00000000 00:20 433144                     /usr/lib64/libXau.so.6.0.0
7f3e4221a000-7f3e4221c000 r-xp 00001000 00:20 433144                     /usr/lib64/libXau.so.6.0.0
7f3e4221c000-7f3e4221d000 r--p 00003000 00:20 433144                     /usr/lib64/libXau.so.6.0.0
7f3e4221d000-7f3e4221e000 r--p 00003000 00:20 433144                     /usr/lib64/libXau.so.6.0.0
7f3e4221e000-7f3e4221f000 rw-p 00000000 00:00 0 
7f3e4221f000-7f3e42220000 r--p 00000000 00:20 430152                     /usr/lib64/librt.so.1
7f3e42220000-7f3e42221000 r-xp 00001000 00:20 430152                     /usr/lib64/librt.so.1
7f3e42221000-7f3e42222000 r--p 00002000 00:20 430152                     /usr/lib64/librt.so.1
7f3e42222000-7f3e42223000 r--p 00002000 00:20 430152                     /usr/lib64/librt.so.1
7f3e42223000-7f3e42226000 rw-p 00000000 00:00 0 
7f3e42226000-7f3e42227000 r--p 00000000 00:20 430144                     /usr/lib64/libdl.so.2
7f3e42227000-7f3e42228000 r-xp 00001000 00:20 430144                     /usr/lib64/libdl.so.2
7f3e42228000-7f3e42229000 r--p 00002000 00:20 430144                     /usr/lib64/libdl.so.2
7f3e42229000-7f3e4222a000 r--p 00002000 00:20 430144                     /usr/lib64/libdl.so.2
7f3e4222a000-7f3e4222b000 rw-p 00000000 00:00 0 
7f3e4222b000-7f3e4222c000 r--p 00000000 00:20 430150                     /usr/lib64/libpthread.so.0
7f3e4222c000-7f3e4222d000 r-xp 00001000 00:20 430150                     /usr/lib64/libpthread.so.0
7f3e4222d000-7f3e4222e000 r--p 00002000 00:20 430150                     /usr/lib64/libpthread.so.0
7f3e4222e000-7f3e4222f000 r--p 00002000 00:20 430150                     /usr/lib64/libpthread.so.0
7f3e4222f000-7f3e42230000 rw-p 00000000 00:00 0 
7f3e42230000-7f3e42231000 rw-s 14cf40000 00:05 513                       /dev/dri/renderD128
7f3e42231000-7f3e42232000 r--p 00000000 00:20 450107                     /usr/lib64/libXxf86vm.so.1.0.0
7f3e42232000-7f3e42235000 r-xp 00001000 00:20 450107                     /usr/lib64/libXxf86vm.so.1.0.0
7f3e42235000-7f3e42236000 r--p 00004000 00:20 450107                     /usr/lib64/libXxf86vm.so.1.0.0
7f3e42236000-7f3e42237000 r--p 00004000 00:20 450107                     /usr/lib64/libXxf86vm.so.1.0.0
7f3e42237000-7f3e42238000 rw-p 00005000 00:20 450107                     /usr/lib64/libXxf86vm.so.1.0.0
7f3e42238000-7f3e42239000 r--s 0009d000 00:20 96208                      /home/neon/NetBeansProjects/ProyectFerreteria/dist/run772360377/CarritoDeCompras_Ferreteria.jar
7f3e42239000-7f3e42241000 rw-s 00000000 00:26 2164                       /tmp/hsperfdata_neon/20299
7f3e42241000-7f3e42242000 rw-p 00000000 00:00 0 
7f3e42242000-7f3e42243000 r--p 00000000 00:00 0 
7f3e42243000-7f3e42245000 rw-p 00000000 00:00 0 
7f3e42245000-7f3e42246000 r--p 00000000 00:20 430139                     /usr/lib64/ld-linux-x86-64.so.2
7f3e42246000-7f3e4226d000 r-xp 00001000 00:20 430139                     /usr/lib64/ld-linux-x86-64.so.2
7f3e4226d000-7f3e42277000 r--p 00028000 00:20 430139                     /usr/lib64/ld-linux-x86-64.so.2
7f3e42277000-7f3e42279000 r--p 00031000 00:20 430139                     /usr/lib64/ld-linux-x86-64.so.2
7f3e42279000-7f3e4227b000 rw-p 00033000 00:20 430139                     /usr/lib64/ld-linux-x86-64.so.2
7ffda6a1a000-7ffda6a3b000 rw-p 00000000 00:00 0                          [stack]
7ffda6aae000-7ffda6ab2000 r--p 00000000 00:00 0                          [vvar]
7ffda6ab2000-7ffda6ab4000 r-xp 00000000 00:00 0                          [vdso]
ffffffffff600000-ffffffffff601000 --xp 00000000 00:00 0                  [vsyscall]

VM Arguments:
jvm_args: -Dfile.encoding=UTF-8 
java_command: /home/neon/NetBeansProjects/ProyectFerreteria/dist/run772360377/CarritoDeCompras_Ferreteria.jar
java_class_path (initial): /home/neon/NetBeansProjects/ProyectFerreteria/dist/run772360377/CarritoDeCompras_Ferreteria.jar
Launcher Type: SUN_STANDARD

Environment Variables:
PATH=/home/neon/.local/bin:/home/neon/bin:/usr/local/bin:/usr/local/sbin:/usr/bin:/usr/sbin
USERNAME=neon
SHELL=/bin/bash
DISPLAY=:0

Signal Handlers:
SIGSEGV: [libjvm.so+0xad3ce0], sa_mask[0]=11111111011111111101111111111110, sa_flags=SA_RESTART|SA_SIGINFO
SIGBUS: [libjvm.so+0xad3ce0], sa_mask[0]=11111111011111111101111111111110, sa_flags=SA_RESTART|SA_SIGINFO
SIGFPE: [libjvm.so+0x90b820], sa_mask[0]=11111111011111111101111111111110, sa_flags=SA_RESTART|SA_SIGINFO
SIGPIPE: SIG_IGN, sa_mask[0]=00000000000010000000000000000000, sa_flags=SA_RESTART
SIGXFSZ: [libjvm.so+0x90b820], sa_mask[0]=11111111011111111101111111111110, sa_flags=SA_RESTART|SA_SIGINFO
SIGILL: [libjvm.so+0x90b820], sa_mask[0]=11111111011111111101111111111110, sa_flags=SA_RESTART|SA_SIGINFO
SIGUSR1: SIG_DFL, sa_mask[0]=00000000000000000000000000000000, sa_flags=none
SIGUSR2: [libjvm.so+0x90b6f0], sa_mask[0]=00100000000000000000000000000000, sa_flags=SA_RESTART|SA_SIGINFO
SIGHUP: [libjvm.so+0x90bd10], sa_mask[0]=11111111011111111101111111111110, sa_flags=SA_RESTART|SA_SIGINFO
SIGINT: SIG_IGN, sa_mask[0]=00000000000000000000000000000000, sa_flags=none
SIGTERM: [libjvm.so+0x90bd10], sa_mask[0]=11111111011111111101111111111110, sa_flags=SA_RESTART|SA_SIGINFO
SIGQUIT: [libjvm.so+0x90bd10], sa_mask[0]=11111111011111111101111111111110, sa_flags=SA_RESTART|SA_SIGINFO


---------------  S Y S T E M  ---------------

OS:Fedora release 39 (Thirty Nine)

uname:Linux 6.6.2-201.fc39.x86_64 #1 SMP PREEMPT_DYNAMIC Wed Nov 22 21:31:42 UTC 2023 x86_64
libc:glibc 2.38 NPTL 2.38 
rlimit: STACK 8192k, CORE infinity, NPROC 87561, NOFILE 524288, AS infinity
load average:0,77 0,93 1,29

/proc/meminfo:
MemTotal:       22476644 kB
MemFree:         4697088 kB
MemAvailable:   15379552 kB
Buffers:            5012 kB
Cached:         11115256 kB
SwapCached:            0 kB
Active:          8056656 kB
Inactive:        8708564 kB
Active(anon):    5679536 kB
Inactive(anon):   180720 kB
Active(file):    2377120 kB
Inactive(file):  8527844 kB
Unevictable:        6008 kB
Mlocked:            6008 kB
SwapTotal:       8388604 kB
SwapFree:        8388604 kB
Zswap:                 0 kB
Zswapped:              0 kB
Dirty:              2104 kB
Writeback:             0 kB
AnonPages:       5651052 kB
Mapped:          1232488 kB
Shmem:            209876 kB
KReclaimable:     144476 kB
Slab:             329504 kB
SReclaimable:     144476 kB
SUnreclaim:       185028 kB
KernelStack:       22624 kB
PageTables:        63596 kB
SecPageTables:         0 kB
NFS_Unstable:          0 kB
Bounce:                0 kB
WritebackTmp:          0 kB
CommitLimit:    19626924 kB
Committed_AS:   20116568 kB
VmallocTotal:   34359738367 kB
VmallocUsed:       98356 kB
VmallocChunk:          0 kB
Percpu:            17792 kB
HardwareCorrupted:     0 kB
AnonHugePages:         0 kB
ShmemHugePages:        0 kB
ShmemPmdMapped:        0 kB
FileHugePages:         0 kB
FilePmdMapped:         0 kB
CmaTotal:              0 kB
CmaFree:               0 kB
Unaccepted:            0 kB
HugePages_Total:       0
HugePages_Free:        0
HugePages_Rsvd:        0
HugePages_Surp:        0
Hugepagesize:       2048 kB
Hugetlb:               0 kB
DirectMap4k:      558100 kB
DirectMap2M:    19302400 kB
DirectMap1G:     4194304 kB


CPU:total 16 (initial active 4) (4 cores per cpu, 1 threads per core) family 23 model 24 stepping 1, cmov, cx8, fxsr, mmx, sse, sse2, sse3, ssse3, sse4.1, sse4.2, popcnt, avx, avx2, aes, clmul, mmxext, 3dnowpref, lzcnt, sse4a, tsc, tscinvbit, tscinv, bmi1

/proc/cpuinfo:
processor	: 0
vendor_id	: AuthenticAMD
cpu family	: 23
model		: 24
model name	: AMD Ryzen 3 3200U with Radeon Vega Mobile Gfx
stepping	: 1
microcode	: 0x8108109
cpu MHz		: 3468.133
cache size	: 512 KB
physical id	: 0
siblings	: 4
core id		: 0
cpu cores	: 2
apicid		: 0
initial apicid	: 0
fpu		: yes
fpu_exception	: yes
cpuid level	: 13
wp		: yes
flags		: fpu vme de pse tsc msr pae mce cx8 apic sep mtrr pge mca cmov pat pse36 clflush mmx fxsr sse sse2 ht syscall nx mmxext fxsr_opt pdpe1gb rdtscp lm constant_tsc rep_good nopl nonstop_tsc cpuid extd_apicid aperfmperf rapl pni pclmulqdq monitor ssse3 fma cx16 sse4_1 sse4_2 movbe popcnt aes xsave avx f16c rdrand lahf_lm cmp_legacy svm extapic cr8_legacy abm sse4a misalignsse 3dnowprefetch osvw skinit wdt tce topoext perfctr_core perfctr_nb bpext perfctr_llc mwaitx cpb hw_pstate ssbd ibpb vmmcall fsgsbase bmi1 avx2 smep bmi2 rdseed adx smap clflushopt sha_ni xsaveopt xsavec xgetbv1 clzero irperf xsaveerptr arat npt lbrv svm_lock nrip_save tsc_scale vmcb_clean flushbyasid decodeassists pausefilter pfthreshold avic v_vmsave_vmload vgif overflow_recov succor smca sev sev_es
bugs		: sysret_ss_attrs null_seg spectre_v1 spectre_v2 spec_store_bypass retbleed smt_rsb srso div0
bogomips	: 5189.77
TLB size	: 2560 4K pages
clflush size	: 64
cache_alignment	: 64
address sizes	: 43 bits physical, 48 bits virtual
power management: ts ttp tm hwpstate eff_freq_ro [13] [14]

processor	: 1
vendor_id	: AuthenticAMD
cpu family	: 23
model		: 24
model name	: AMD Ryzen 3 3200U with Radeon Vega Mobile Gfx
stepping	: 1
microcode	: 0x8108109
cpu MHz		: 3468.166
cache size	: 512 KB
physical id	: 0
siblings	: 4
core id		: 0
cpu cores	: 2
apicid		: 1
initial apicid	: 1
fpu		: yes
fpu_exception	: yes
cpuid level	: 13
wp		: yes
flags		: fpu vme de pse tsc msr pae mce cx8 apic sep mtrr pge mca cmov pat pse36 clflush mmx fxsr sse sse2 ht syscall nx mmxext fxsr_opt pdpe1gb rdtscp lm constant_tsc rep_good nopl nonstop_tsc cpuid extd_apicid aperfmperf rapl pni pclmulqdq monitor ssse3 fma cx16 sse4_1 sse4_2 movbe popcnt aes xsave avx f16c rdrand lahf_lm cmp_legacy svm extapic cr8_legacy abm sse4a misalignsse 3dnowprefetch osvw skinit wdt tce topoext perfctr_core perfctr_nb bpext perfctr_llc mwaitx cpb hw_pstate ssbd ibpb vmmcall fsgsbase bmi1 avx2 smep bmi2 rdseed adx smap clflushopt sha_ni xsaveopt xsavec xgetbv1 clzero irperf xsaveerptr arat npt lbrv svm_lock nrip_save tsc_scale vmcb_clean flushbyasid decodeassists pausefilter pfthreshold avic v_vmsave_vmload vgif overflow_recov succor smca sev sev_es
bugs		: sysret_ss_attrs null_seg spectre_v1 spectre_v2 spec_store_bypass retbleed smt_rsb srso div0
bogomips	: 5189.77
TLB size	: 2560 4K pages
clflush size	: 64
cache_alignment	: 64
address sizes	: 43 bits physical, 48 bits virtual
power management: ts ttp tm hwpstate eff_freq_ro [13] [14]

processor	: 2
vendor_id	: AuthenticAMD
cpu family	: 23
model		: 24
model name	: AMD Ryzen 3 3200U with Radeon Vega Mobile Gfx
stepping	: 1
microcode	: 0x8108109
cpu MHz		: 1380.132
cache size	: 512 KB
physical id	: 0
siblings	: 4
core id		: 1
cpu cores	: 2
apicid		: 2
initial apicid	: 2
fpu		: yes
fpu_exception	: yes
cpuid level	: 13
wp		: yes
flags		: fpu vme de pse tsc msr pae mce cx8 apic sep mtrr pge mca cmov pat pse36 clflush mmx fxsr sse sse2 ht syscall nx mmxext fxsr_opt pdpe1gb rdtscp lm constant_tsc rep_good nopl nonstop_tsc cpuid extd_apicid aperfmperf rapl pni pclmulqdq monitor ssse3 fma cx16 sse4_1 sse4_2 movbe popcnt aes xsave avx f16c rdrand lahf_lm cmp_legacy svm extapic cr8_legacy abm sse4a misalignsse 3dnowprefetch osvw skinit wdt tce topoext perfctr_core perfctr_nb bpext perfctr_llc mwaitx cpb hw_pstate ssbd ibpb vmmcall fsgsbase bmi1 avx2 smep bmi2 rdseed adx smap clflushopt sha_ni xsaveopt xsavec xgetbv1 clzero irperf xsaveerptr arat npt lbrv svm_lock nrip_save tsc_scale vmcb_clean flushbyasid decodeassists pausefilter pfthreshold avic v_vmsave_vmload vgif overflow_recov succor smca sev sev_es
bugs		: sysret_ss_attrs null_seg spectre_v1 spectre_v2 spec_store_bypass retbleed smt_rsb srso div0
bogomips	: 5189.77
TLB size	: 2560 4K pages
clflush size	: 64
cache_alignment	: 64
address sizes	: 43 bits physical, 48 bits virtual
power management: ts ttp tm hwpstate eff_freq_ro [13] [14]

processor	: 3
vendor_id	: AuthenticAMD
cpu family	: 23
model		: 24
model name	: AMD Ryzen 3 3200U with Radeon Vega Mobile Gfx
stepping	: 1
microcode	: 0x8108109
cpu MHz		: 1372.178
cache size	: 512 KB
physical id	: 0
siblings	: 4
core id		: 1
cpu cores	: 2
apicid		: 3
initial apicid	: 3
fpu		: yes
fpu_exception	: yes
cpuid level	: 13
wp		: yes
flags		: fpu vme de pse tsc msr pae mce cx8 apic sep mtrr pge mca cmov pat pse36 clflush mmx fxsr sse sse2 ht syscall nx mmxext fxsr_opt pdpe1gb rdtscp lm constant_tsc rep_good nopl nonstop_tsc cpuid extd_apicid aperfmperf rapl pni pclmulqdq monitor ssse3 fma cx16 sse4_1 sse4_2 movbe popcnt aes xsave avx f16c rdrand lahf_lm cmp_legacy svm extapic cr8_legacy abm sse4a misalignsse 3dnowprefetch osvw skinit wdt tce topoext perfctr_core perfctr_nb bpext perfctr_llc mwaitx cpb hw_pstate ssbd ibpb vmmcall fsgsbase bmi1 avx2 smep bmi2 rdseed adx smap clflushopt sha_ni xsaveopt xsavec xgetbv1 clzero irperf xsaveerptr arat npt lbrv svm_lock nrip_save tsc_scale vmcb_clean flushbyasid decodeassists pausefilter pfthreshold avic v_vmsave_vmload vgif overflow_recov succor smca sev sev_es
bugs		: sysret_ss_attrs null_seg spectre_v1 spectre_v2 spec_store_bypass retbleed smt_rsb srso div0
bogomips	: 5189.77
TLB size	: 2560 4K pages
clflush size	: 64
cache_alignment	: 64
address sizes	: 43 bits physical, 48 bits virtual
power management: ts ttp tm hwpstate eff_freq_ro [13] [14]



Memory: 4k page, physical 22476644k(4697088k free), swap 8388604k(8388604k free)

vm_info: Java HotSpot(TM) 64-Bit Server VM (25.202-b08) for linux-amd64 JRE (1.8.0_202-b08), built on Dec 15 2018 12:40:22 by "java_re" with gcc 7.3.0

time: Sun Dec  3 18:02:17 2023
timezone: EST
elapsed time: 0 seconds (0d 0h 0m 0s)

