#
# A fatal error has been detected by the Java Runtime Environment:
#
#  SIGSEGV (0xb) at pc=0x0000000000000004, pid=19071, tid=0x00007f7d7cc0f6c0
#
# JRE version: Java(TM) SE Runtime Environment (8.0_202-b08) (build 1.8.0_202-b08)
# Java VM: Java HotSpot(TM) 64-Bit Server VM (25.202-b08 mixed mode linux-amd64 compressed oops)
# Problematic frame:
# C  0x0000000000000004
#
# Core dump written. Default location: /home/neon/NetBeansProjects/ProyectFerreteria/core or core.19071
#
# If you would like to submit a bug report, please visit:
#   http://bugreport.java.com/bugreport/crash.jsp
# The crash happened outside the Java Virtual Machine in native code.
# See problematic frame for where to report the bug.
#

---------------  T H R E A D  ---------------

Current thread (0x00007f7e04480800):  JavaThread "GtkNativeMainLoopThread" [_thread_in_native, id=19102, stack(0x00007f7d7cb10000,0x00007f7d7cc10000)]

siginfo: si_signo: 11 (SIGSEGV), si_code: 1 (SEGV_MAPERR), si_addr: 0x0000000000000004

Registers:
RAX=0x00007f7e043655c0, RBX=0x00007f7e04362af0, RCX=0x0000000000000002, RDX=0x0000000000000001
RSP=0x00007f7d7cc0e088, RBP=0x00007f7d7cc0e100, RSI=0x00007f7d7e839654, RDI=0x00007f7e04362af0
R8 =0x0000000000000000, R9 =0x00007f7e04362110, R10=0x00007f7dba2bbe30, R11=0x00007f7dba2e8190
R12=0x00007f7d7e839654, R13=0x0000000000000001, R14=0x0000000000000780, R15=0x0000000000000438
RIP=0x0000000000000004, EFLAGS=0x0000000000010206, CSGSFS=0x002b000000000033, ERR=0x0000000000000014
  TRAPNO=0x000000000000000e

Top of Stack: (sp=0x00007f7d7cc0e088)
0x00007f7d7cc0e088:   00007f7dba2e81d5 00000000000003d8
0x00007f7d7cc0e098:   0000000000000000 0000000000000000
0x00007f7d7cc0e0a8:   00000007c00ab2b0 00007f7e04362af0
0x00007f7d7cc0e0b8:   00007f7e04362920 00007f7e04362af0
0x00007f7d7cc0e0c8:   0000000000000780 00007f7d7cc0e0e0
0x00007f7d7cc0e0d8:   d737628d949d7f00 00007f7d7cc0e100
0x00007f7d7cc0e0e8:   00007f7e044809f8 00007f7e04362af0
0x00007f7d7cc0e0f8:   00007f7e04362af0 00007f7d7cc0e1d0
0x00007f7d7cc0e108:   00007f7d7e8189aa 00000000000003d8
0x00007f7d7cc0e118:   00007f7e04480800 00007f7e045fc7f0
0x00007f7d7cc0e128:   00007f7e04480800 0000000000000001
0x00007f7d7cc0e138:   00000000044809f8 00007f7e04480800
0x00007f7d7cc0e148:   00007f7e04480800 00007f7d7cc0e1d0
0x00007f7d7cc0e158:   00007f7e0aecbee4 00007f7e04362af0
0x00007f7d7cc0e168:   00007f7e04362920 00007f7ddd15bb68
0x00007f7d7cc0e178:   000000074e3a9000 00007f7e04480800
0x00007f7d7cc0e188:   00007f7e04480800 0000000000000000
0x00007f7d7cc0e198:   0000000000000001 00007f7d5c000f90
0x00007f7d7cc0e1a8:   00007f7e044809f8 0000000000000000
0x00007f7d7cc0e1b8:   0000000000000001 00007f7d5c000f90
0x00007f7d7cc0e1c8:   00007f7e04362af0 00007f7d7cc0e210
0x00007f7d7cc0e1d8:   00007f7d7e818ea6 00007f7ddd15bb68
0x00007f7d7cc0e1e8:   00007f7ddd15bb68 0000000000000000
0x00007f7d7cc0e1f8:   00007f7ddd15bb68 00007f7d7cc0e2a0
0x00007f7d7cc0e208:   00007f7e04480800 00007f7d7cc0e220
0x00007f7d7cc0e218:   00007f7d7e8271b9 00007f7d7cc0e280
0x00007f7d7cc0e228:   00007f7df5018087 0000000600000001
0x00007f7d7cc0e238:   00007f7df5017da2 00007f7d7cc0e240
0x00007f7d7cc0e248:   00007f7ddd15bb68 00007f7d7cc0e2a0
0x00007f7d7cc0e258:   00007f7ddd17ced0 0000000000000000
0x00007f7d7cc0e268:   00007f7ddd15bb68 0000000000000000
0x00007f7d7cc0e278:   00007f7d7cc0e2a0 00007f7d7cc0e2e8 

Instructions: (pc=0x0000000000000004)
0xffffffffffffffe4:   

Register to memory mapping:

RAX=0x00007f7e043655c0 is an unknown value
RBX=0x00007f7e04362af0 is an unknown value
RCX=0x0000000000000002 is an unknown value
RDX=0x0000000000000001 is an unknown value
RSP=0x00007f7d7cc0e088 is pointing into the stack for thread: 0x00007f7e04480800
RBP=0x00007f7d7cc0e100 is pointing into the stack for thread: 0x00007f7e04480800
RSI=0x00007f7d7e839654: <offset 0x39654> in /usr/lib/jvm/jdk1.8.0_202/jre/lib/amd64/libglassgtk3.so at 0x00007f7d7e800000
RDI=0x00007f7e04362af0 is an unknown value
R8 =0x0000000000000000 is an unknown value
R9 =0x00007f7e04362110 is an unknown value
R10=0x00007f7dba2bbe30: <offset 0x6e30> in /lib64/libX11.so.6 at 0x00007f7dba2b5000
R11=0x00007f7dba2e8190: XInternAtom+0 in /lib64/libX11.so.6 at 0x00007f7dba2b5000
R12=0x00007f7d7e839654: <offset 0x39654> in /usr/lib/jvm/jdk1.8.0_202/jre/lib/amd64/libglassgtk3.so at 0x00007f7d7e800000
R13=0x0000000000000001 is an unknown value
R14=0x0000000000000780 is an unknown value
R15=0x0000000000000438 is an unknown value


Stack: [0x00007f7d7cb10000,0x00007f7d7cc10000],  sp=0x00007f7d7cc0e088,  free space=1016k
Native frames: (J=compiled Java code, j=interpreted, Vv=VM code, C=native code)
C  0x0000000000000004
C  [libglassgtk3.so+0x189aa]  createJavaScreen(JNIEnv_*, _GdkScreen*, int)+0x5a
C  [libglassgtk3.so+0x18ea6]  rebuild_screens(JNIEnv_*)+0x76
C  [libglassgtk3.so+0x271b9]  Java_com_sun_glass_ui_gtk_GtkApplication_staticScreen_1getScreens+0x9
j  com.sun.glass.ui.gtk.GtkApplication.staticScreen_getScreens()[Lcom/sun/glass/ui/Screen;+0
j  com.sun.glass.ui.Screen.initScreens()V+6
j  com.sun.glass.ui.Application.lambda$run$93(Ljava/lang/Runnable;)V+0
j  com.sun.glass.ui.Application$$Lambda$42.run()V+4
v  ~StubRoutines::call_stub
V  [libjvm.so+0x68839b]  JavaCalls::call_helper(JavaValue*, methodHandle*, JavaCallArguments*, Thread*)+0xddb
V  [libjvm.so+0x6cfda8]  jni_invoke_nonstatic(JNIEnv_*, JavaValue*, _jobject*, JNICallType, _jmethodID*, JNI_ArgumentPusher*, Thread*) [clone .constprop.109]+0x208
V  [libjvm.so+0x6d1fba]  jni_CallVoidMethodV+0xea
C  [libglassgtk3.so+0x1b271]  JNIEnv_::CallVoidMethod(_jobject*, _jmethodID*, ...)+0x81
C  [libglassgtk3.so+0x270d1]  Java_com_sun_glass_ui_gtk_GtkApplication__1runLoop+0x21
j  com.sun.glass.ui.gtk.GtkApplication._runLoop(Ljava/lang/Runnable;Z)V+0
j  com.sun.glass.ui.gtk.GtkApplication.lambda$null$208(Ljava/lang/Runnable;Z)V+7
j  com.sun.glass.ui.gtk.GtkApplication$$Lambda$46.run()V+12
j  java.lang.Thread.run()V+11
v  ~StubRoutines::call_stub
V  [libjvm.so+0x68839b]  JavaCalls::call_helper(JavaValue*, methodHandle*, JavaCallArguments*, Thread*)+0xddb
V  [libjvm.so+0x685c63]  JavaCalls::call_virtual(JavaValue*, KlassHandle, Symbol*, Symbol*, JavaCallArguments*, Thread*)+0x263
V  [libjvm.so+0x686227]  JavaCalls::call_virtual(JavaValue*, Handle, KlassHandle, Symbol*, Symbol*, Thread*)+0x47
V  [libjvm.so+0x6f239c]  thread_entry(JavaThread*, Thread*)+0x6c
V  [libjvm.so+0xa7b9eb]  JavaThread::thread_main_inner()+0xdb
V  [libjvm.so+0xa7bcf1]  JavaThread::run()+0x2d1
V  [libjvm.so+0x90d8c2]  java_start(Thread*)+0x102
C  [libc.so.6+0x8e897]  start_thread+0x2f7
C  [libc.so.6+0x1156bc]  __clone3+0x2c

Java frames: (J=compiled Java code, j=interpreted, Vv=VM code)
j  com.sun.glass.ui.gtk.GtkApplication.staticScreen_getScreens()[Lcom/sun/glass/ui/Screen;+0
j  com.sun.glass.ui.Screen.initScreens()V+6
j  com.sun.glass.ui.Application.lambda$run$93(Ljava/lang/Runnable;)V+0
j  com.sun.glass.ui.Application$$Lambda$42.run()V+4
v  ~StubRoutines::call_stub
j  com.sun.glass.ui.gtk.GtkApplication._runLoop(Ljava/lang/Runnable;Z)V+0
j  com.sun.glass.ui.gtk.GtkApplication.lambda$null$208(Ljava/lang/Runnable;Z)V+7
j  com.sun.glass.ui.gtk.GtkApplication$$Lambda$46.run()V+12
j  java.lang.Thread.run()V+11
v  ~StubRoutines::call_stub

---------------  P R O C E S S  ---------------

Java Threads: ( => current thread )
=>0x00007f7e04480800 JavaThread "GtkNativeMainLoopThread" [_thread_in_native, id=19102, stack(0x00007f7d7cb10000,0x00007f7d7cc10000)]
  0x00007f7e044b7000 JavaThread "Thread-1" daemon [_thread_blocked, id=19101, stack(0x00007f7d7cc10000,0x00007f7d7cd10000)]
  0x00007f7e04316800 JavaThread "QuantumRenderer-0" daemon [_thread_blocked, id=19089, stack(0x00007f7dba3fc000,0x00007f7dba4fc000)]
  0x00007f7e04190800 JavaThread "Service Thread" daemon [_thread_blocked, id=19087, stack(0x00007f7dba5fd000,0x00007f7dba6fd000)]
  0x00007f7e04185800 JavaThread "C1 CompilerThread2" daemon [_thread_blocked, id=19086, stack(0x00007f7dba6fe000,0x00007f7dba7fe000)]
  0x00007f7e04184000 JavaThread "C2 CompilerThread1" daemon [_thread_blocked, id=19085, stack(0x00007f7dba7ff000,0x00007f7dba8ff000)]
  0x00007f7e04181000 JavaThread "C2 CompilerThread0" daemon [_thread_blocked, id=19084, stack(0x00007f7dba900000,0x00007f7dbaa00000)]
  0x00007f7e0417f800 JavaThread "Signal Dispatcher" daemon [_thread_blocked, id=19083, stack(0x00007f7ddc077000,0x00007f7ddc177000)]
  0x00007f7e0414c000 JavaThread "Finalizer" daemon [_thread_blocked, id=19082, stack(0x00007f7ddc177000,0x00007f7ddc277000)]
  0x00007f7e04149800 JavaThread "Reference Handler" daemon [_thread_blocked, id=19081, stack(0x00007f7ddc277000,0x00007f7ddc377000)]
  0x00007f7e04009800 JavaThread "main" [_thread_blocked, id=19075, stack(0x00007f7e0a700000,0x00007f7e0a800000)]

Other Threads:
  0x00007f7e04140000 VMThread [stack: 0x00007f7ddc378000,0x00007f7ddc478000] [id=19080]
  0x00007f7e04193800 WatcherThread [stack: 0x00007f7dba4fd000,0x00007f7dba5fd000] [id=19088]

VM state:not at safepoint (normal execution)

VM Mutex/Monitor currently owned by a thread: None

heap address: 0x0000000669000000, size: 5488 MB, Compressed Oops mode: Zero based, Oop shift amount: 3
Narrow klass base: 0x0000000000000000, Narrow klass shift: 3
Compressed class space size: 1073741824 Address: 0x00000007c0000000

Heap:
 PSYoungGen      total 102912K, used 10630K [0x000000074db00000, 0x0000000754d80000, 0x00000007c0000000)
  eden space 88576K, 12% used [0x000000074db00000,0x000000074e561878,0x0000000753180000)
  from space 14336K, 0% used [0x0000000753f80000,0x0000000753f80000,0x0000000754d80000)
  to   space 14336K, 0% used [0x0000000753180000,0x0000000753180000,0x0000000753f80000)
 ParOldGen       total 235008K, used 0K [0x0000000669000000, 0x0000000677580000, 0x000000074db00000)
  object space 235008K, 0% used [0x0000000669000000,0x0000000669000000,0x0000000677580000)
 Metaspace       used 5414K, capacity 5968K, committed 6144K, reserved 1056768K
  class space    used 620K, capacity 727K, committed 768K, reserved 1048576K

Card table byte_map: [0x00007f7e08d87000,0x00007f7e09840000] byte_map_base: 0x00007f7e05a3f000

Marking Bits: (ParMarkBitMap*) 0x00007f7e0b7cbd80
 Begin Bits: [0x00007f7ddd480000, 0x00007f7de2a40000)
 End Bits:   [0x00007f7de2a40000, 0x00007f7de8000000)

Polling page: 0x00007f7e0be10000

CodeCache: size=245760Kb used=1802Kb max_used=1802Kb free=243958Kb
 bounds [0x00007f7df5000000, 0x00007f7df5270000, 0x00007f7e04000000]
 total_blobs=689 nmethods=353 adapters=251
 compilation: enabled

Compilation events (10 events):
Event: 0,505 Thread 0x00007f7e04185800  345       3       java.util.Collections$UnmodifiableCollection$1::next (10 bytes)
Event: 0,505 Thread 0x00007f7e04185800 nmethod 345 0x00007f7df51c11d0 code [0x00007f7df51c1340, 0x00007f7df51c1568]
Event: 0,505 Thread 0x00007f7e04185800  351       3       java.lang.invoke.LambdaForm$NamedFunction::methodType (23 bytes)
Event: 0,505 Thread 0x00007f7e04185800 nmethod 351 0x00007f7df51c1610 code [0x00007f7df51c1780, 0x00007f7df51c1a88]
Event: 0,505 Thread 0x00007f7e04185800  342       3       java.lang.invoke.LambdaForm::internArgument (84 bytes)
Event: 0,506 Thread 0x00007f7e04185800 nmethod 342 0x00007f7df51c1b50 code [0x00007f7df51c1d00, 0x00007f7df51c2188]
Event: 0,506 Thread 0x00007f7e04185800  350       3       java.lang.invoke.LambdaForm::parameter (52 bytes)
Event: 0,506 Thread 0x00007f7e04185800 nmethod 350 0x00007f7df51c2410 code [0x00007f7df51c2580, 0x00007f7df51c2710]
Event: 0,506 Thread 0x00007f7e04185800  353       3       java.lang.invoke.LambdaForm::parameterType (9 bytes)
Event: 0,506 Thread 0x00007f7e04185800 nmethod 353 0x00007f7df51c27d0 code [0x00007f7df51c2940, 0x00007f7df51c2ae8]

GC Heap History (0 events):
No events

Deoptimization events (0 events):
No events

Classes redefined (0 events):
No events

Internal exceptions (9 events):
Event: 0,040 Thread 0x00007f7e04009800 Exception <a 'java/lang/NoSuchMethodError': Method sun.misc.Unsafe.defineClass(Ljava/lang/String;[BII)Ljava/lang/Class; name or signature does not match> (0x000000074db07cb0) thrown at [/HUDSON/workspace/8-2-build-linux-amd64/jdk8u202/12319/hotspot/src/sh
Event: 0,040 Thread 0x00007f7e04009800 Exception <a 'java/lang/NoSuchMethodError': Method sun.misc.Unsafe.prefetchRead(Ljava/lang/Object;J)V name or signature does not match> (0x000000074db07f98) thrown at [/HUDSON/workspace/8-2-build-linux-amd64/jdk8u202/12319/hotspot/src/share/vm/prims/jni.c
Event: 0,176 Thread 0x00007f7e04009800 Exception <a 'java/lang/NoSuchFieldError': method resolution failed> (0x000000074dc84938) thrown at [/HUDSON/workspace/8-2-build-linux-amd64/jdk8u202/12319/hotspot/src/share/vm/prims/methodHandles.cpp, line 1167]
Event: 0,178 Thread 0x00007f7e04009800 Exception <a 'java/lang/NoSuchFieldError': method resolution failed> (0x000000074dc91cb8) thrown at [/HUDSON/workspace/8-2-build-linux-amd64/jdk8u202/12319/hotspot/src/share/vm/prims/methodHandles.cpp, line 1167]
Event: 0,201 Thread 0x00007f7e04009800 Exception <a 'java/security/PrivilegedActionException'> (0x000000074ded6118) thrown at [/HUDSON/workspace/8-2-build-linux-amd64/jdk8u202/12319/hotspot/src/share/vm/prims/jvm.cpp, line 1502]
Event: 0,201 Thread 0x00007f7e04009800 Exception <a 'java/security/PrivilegedActionException'> (0x000000074ded6328) thrown at [/HUDSON/workspace/8-2-build-linux-amd64/jdk8u202/12319/hotspot/src/share/vm/prims/jvm.cpp, line 1502]
Event: 0,201 Thread 0x00007f7e04009800 Exception <a 'java/security/PrivilegedActionException'> (0x000000074ded8728) thrown at [/HUDSON/workspace/8-2-build-linux-amd64/jdk8u202/12319/hotspot/src/share/vm/prims/jvm.cpp, line 1502]
Event: 0,201 Thread 0x00007f7e04009800 Exception <a 'java/security/PrivilegedActionException'> (0x000000074ded8938) thrown at [/HUDSON/workspace/8-2-build-linux-amd64/jdk8u202/12319/hotspot/src/share/vm/prims/jvm.cpp, line 1502]
Event: 0,202 Thread 0x00007f7e04009800 Exception <a 'java/lang/NullPointerException'> (0x000000074ded8f10) thrown at [/HUDSON/workspace/8-2-build-linux-amd64/jdk8u202/12319/hotspot/src/share/vm/interpreter/linkResolver.cpp, line 1185]

Events (10 events):
Event: 0,499 loading class java/util/concurrent/BlockingDeque
Event: 0,499 loading class java/util/concurrent/BlockingDeque done
Event: 0,500 loading class java/util/concurrent/LinkedBlockingDeque
Event: 0,500 loading class java/util/concurrent/LinkedBlockingDeque done
Event: 0,500 Thread 0x00007f7e044b7000 Thread added: 0x00007f7e044b7000
Event: 0,502 loading class com/sun/glass/ui/gtk/GtkApplication
Event: 0,502 loading class com/sun/glass/ui/gtk/GtkApplication done
Event: 0,504 loading class com/sun/glass/ui/gtk/GtkApplication
Event: 0,504 loading class com/sun/glass/ui/gtk/GtkApplication done
Event: 0,505 Thread 0x00007f7e04480800 Thread added: 0x00007f7e04480800


Dynamic libraries:
00400000-00401000 r-xp 00000000 00:20 710258                             /usr/lib/jvm/jdk1.8.0_202/bin/java
00600000-00601000 r--p 00000000 00:20 710258                             /usr/lib/jvm/jdk1.8.0_202/bin/java
00601000-00602000 rw-p 00001000 00:20 710258                             /usr/lib/jvm/jdk1.8.0_202/bin/java
014a8000-014c9000 rw-p 00000000 00:00 0                                  [heap]
669000000-677580000 rw-p 00000000 00:00 0 
677580000-74db00000 ---p 00000000 00:00 0 
74db00000-754d80000 rw-p 00000000 00:00 0 
754d80000-7c0000000 ---p 00000000 00:00 0 
7c0000000-7c00c0000 rw-p 00000000 00:00 0 
7c00c0000-800000000 ---p 00000000 00:00 0 
7f7d5c000000-7f7d5c348000 rw-p 00000000 00:00 0 
7f7d5c348000-7f7d60000000 ---p 00000000 00:00 0 
7f7d64000000-7f7d64021000 rw-p 00000000 00:00 0 
7f7d64021000-7f7d68000000 ---p 00000000 00:00 0 
7f7d68000000-7f7d68021000 rw-p 00000000 00:00 0 
7f7d68021000-7f7d6c000000 ---p 00000000 00:00 0 
7f7d6c000000-7f7d6c021000 rw-p 00000000 00:00 0 
7f7d6c021000-7f7d70000000 ---p 00000000 00:00 0 
7f7d74000000-7f7d74021000 rw-p 00000000 00:00 0 
7f7d74021000-7f7d78000000 ---p 00000000 00:00 0 
7f7d78000000-7f7d78021000 rw-p 00000000 00:00 0 
7f7d78021000-7f7d7c000000 ---p 00000000 00:00 0 
7f7d7cb10000-7f7d7cb13000 ---p 00000000 00:00 0 
7f7d7cb13000-7f7d7cc10000 rw-p 00000000 00:00 0 
7f7d7cc10000-7f7d7cc13000 ---p 00000000 00:00 0 
7f7d7cc13000-7f7d7cd10000 rw-p 00000000 00:00 0 
7f7d7cd10000-7f7d7cd23000 r--p 00000000 00:20 460545                     /usr/lib64/gvfs/libgvfscommon.so
7f7d7cd23000-7f7d7cd40000 r-xp 00013000 00:20 460545                     /usr/lib64/gvfs/libgvfscommon.so
7f7d7cd40000-7f7d7cd4c000 r--p 00030000 00:20 460545                     /usr/lib64/gvfs/libgvfscommon.so
7f7d7cd4c000-7f7d7cd52000 r--p 0003c000 00:20 460545                     /usr/lib64/gvfs/libgvfscommon.so
7f7d7cd52000-7f7d7cd53000 rw-p 00000000 00:00 0 
7f7d7cd53000-7f7d7cd5d000 r--p 00000000 00:20 460544                     /usr/lib64/gio/modules/libgvfsdbus.so
7f7d7cd5d000-7f7d7cd7c000 r-xp 0000a000 00:20 460544                     /usr/lib64/gio/modules/libgvfsdbus.so
7f7d7cd7c000-7f7d7cd85000 r--p 00029000 00:20 460544                     /usr/lib64/gio/modules/libgvfsdbus.so
7f7d7cd85000-7f7d7cd87000 r--p 00031000 00:20 460544                     /usr/lib64/gio/modules/libgvfsdbus.so
7f7d7cd87000-7f7d7cd88000 rw-p 00033000 00:20 460544                     /usr/lib64/gio/modules/libgvfsdbus.so
7f7d7cd88000-7f7d7ce6e000 r--p 00000000 00:20 7571                       /home/neon/.themes/WhiteSur-Dark/gtk-3.0/gtk.gresource
7f7d7ce6e000-7f7d7cffd000 rw-s 00000000 00:01 36251                      /memfd:wayland-cursor (deleted)
7f7d7cffd000-7f7d7cffe000 ---p 00000000 00:00 0 
7f7d7cffe000-7f7d7d7fe000 rw-p 00000000 00:00 0 
7f7d7d7fe000-7f7d7d7ff000 ---p 00000000 00:00 0 
7f7d7d7ff000-7f7d7dfff000 rw-p 00000000 00:00 0 
7f7d7dfff000-7f7d7e000000 ---p 00000000 00:00 0 
7f7d7e000000-7f7d7e800000 rw-p 00000000 00:00 0 
7f7d7e800000-7f7d7e843000 r-xp 00000000 00:20 711952                     /usr/lib/jvm/jdk1.8.0_202/jre/lib/amd64/libglassgtk3.so
7f7d7e843000-7f7d7ea43000 ---p 00043000 00:20 711952                     /usr/lib/jvm/jdk1.8.0_202/jre/lib/amd64/libglassgtk3.so
7f7d7ea43000-7f7d7ea45000 r--p 00043000 00:20 711952                     /usr/lib/jvm/jdk1.8.0_202/jre/lib/amd64/libglassgtk3.so
7f7d7ea45000-7f7d7ea46000 rw-p 00045000 00:20 711952                     /usr/lib/jvm/jdk1.8.0_202/jre/lib/amd64/libglassgtk3.so
7f7d7ea46000-7f7d7ea47000 rw-p 00000000 00:00 0 
7f7d7ea67000-7f7d7ea99000 r--p 00000000 00:20 707330                     /usr/share/glib-2.0/schemas/gschemas.compiled
7f7d7ea99000-7f7d7eabc000 r--p 00000000 00:20 452429                     /usr/share/locale/es/LC_MESSAGES/glib20.mo
7f7d7eabc000-7f7d7ead8000 r--p 00000000 00:20 518738                     /usr/share/locale/es/LC_MESSAGES/gtk30.mo
7f7d7ead8000-7f7d7eadb000 r--p 00000000 00:20 433050                     /usr/lib64/liblz4.so.1.9.4
7f7d7eadb000-7f7d7eaf6000 r-xp 00003000 00:20 433050                     /usr/lib64/liblz4.so.1.9.4
7f7d7eaf6000-7f7d7eaf8000 r--p 0001e000 00:20 433050                     /usr/lib64/liblz4.so.1.9.4
7f7d7eaf8000-7f7d7eaf9000 r--p 0001f000 00:20 433050                     /usr/lib64/liblz4.so.1.9.4
7f7d7eaf9000-7f7d7eafa000 rw-p 00000000 00:00 0 
7f7d7eafa000-7f7d7eafc000 r--p 00000000 00:20 430690                     /usr/lib64/libcap.so.2.48
7f7d7eafc000-7f7d7eb00000 r-xp 00002000 00:20 430690                     /usr/lib64/libcap.so.2.48
7f7d7eb00000-7f7d7eb02000 r--p 00006000 00:20 430690                     /usr/lib64/libcap.so.2.48
7f7d7eb02000-7f7d7eb03000 r--p 00007000 00:20 430690                     /usr/lib64/libcap.so.2.48
7f7d7eb03000-7f7d7eb04000 rw-p 00008000 00:20 430690                     /usr/lib64/libcap.so.2.48
7f7d7eb04000-7f7d7eb05000 r--p 00000000 00:20 433338                     /usr/lib64/libbrotlicommon.so.1.1.0
7f7d7eb05000-7f7d7eb06000 r-xp 00001000 00:20 433338                     /usr/lib64/libbrotlicommon.so.1.1.0
7f7d7eb06000-7f7d7eb25000 r--p 00002000 00:20 433338                     /usr/lib64/libbrotlicommon.so.1.1.0
7f7d7eb25000-7f7d7eb26000 r--p 00021000 00:20 433338                     /usr/lib64/libbrotlicommon.so.1.1.0
7f7d7eb26000-7f7d7eb27000 rw-p 00000000 00:00 0 
7f7d7eb27000-7f7d7eb3e000 r--p 00000000 00:20 696890                     /usr/lib64/libsystemd.so.0.37.0
7f7d7eb3e000-7f7d7ebd8000 r-xp 00017000 00:20 696890                     /usr/lib64/libsystemd.so.0.37.0
7f7d7ebd8000-7f7d7ec0c000 r--p 000b1000 00:20 696890                     /usr/lib64/libsystemd.so.0.37.0
7f7d7ec0c000-7f7d7ec18000 r--p 000e4000 00:20 696890                     /usr/lib64/libsystemd.so.0.37.0
7f7d7ec18000-7f7d7ec19000 rw-p 000f0000 00:20 696890                     /usr/lib64/libsystemd.so.0.37.0
7f7d7ec19000-7f7d7ec1a000 rw-p 00000000 00:00 0 
7f7d7ec1a000-7f7d7ec1e000 r--p 00000000 00:20 430266                     /usr/lib64/liblzma.so.5.4.4
7f7d7ec1e000-7f7d7ec40000 r-xp 00004000 00:20 430266                     /usr/lib64/liblzma.so.5.4.4
7f7d7ec40000-7f7d7ec4b000 r--p 00026000 00:20 430266                     /usr/lib64/liblzma.so.5.4.4
7f7d7ec4b000-7f7d7ec4c000 r--p 00031000 00:20 430266                     /usr/lib64/liblzma.so.5.4.4
7f7d7ec4c000-7f7d7ec4d000 rw-p 00000000 00:00 0 
7f7d7ec4d000-7f7d7ec4e000 r--p 00000000 00:20 433340                     /usr/lib64/libbrotlidec.so.1.1.0
7f7d7ec4e000-7f7d7ec56000 r-xp 00001000 00:20 433340                     /usr/lib64/libbrotlidec.so.1.1.0
7f7d7ec56000-7f7d7ec59000 r--p 00009000 00:20 433340                     /usr/lib64/libbrotlidec.so.1.1.0
7f7d7ec59000-7f7d7ec5a000 r--p 0000b000 00:20 433340                     /usr/lib64/libbrotlidec.so.1.1.0
7f7d7ec5a000-7f7d7ec5b000 rw-p 00000000 00:00 0 
7f7d7ec5b000-7f7d7ec5d000 r--p 00000000 00:20 430618                     /usr/lib64/libbz2.so.1.0.8
7f7d7ec5d000-7f7d7ec6b000 r-xp 00002000 00:20 430618                     /usr/lib64/libbz2.so.1.0.8
7f7d7ec6b000-7f7d7ec6d000 r--p 00010000 00:20 430618                     /usr/lib64/libbz2.so.1.0.8
7f7d7ec6d000-7f7d7ec6e000 r--p 00011000 00:20 430618                     /usr/lib64/libbz2.so.1.0.8
7f7d7ec6e000-7f7d7ec6f000 rw-p 00012000 00:20 430618                     /usr/lib64/libbz2.so.1.0.8
7f7d7ec6f000-7f7d7ec77000 r--p 00000000 00:20 430337                     /usr/lib64/libblkid.so.1.1.0
7f7d7ec77000-7f7d7ec9b000 r-xp 00008000 00:20 430337                     /usr/lib64/libblkid.so.1.1.0
7f7d7ec9b000-7f7d7eca4000 r--p 0002c000 00:20 430337                     /usr/lib64/libblkid.so.1.1.0
7f7d7eca4000-7f7d7ecaa000 r--p 00034000 00:20 430337                     /usr/lib64/libblkid.so.1.1.0
7f7d7ecaa000-7f7d7ecab000 rw-p 0003a000 00:20 430337                     /usr/lib64/libblkid.so.1.1.0
7f7d7ecab000-7f7d7ecbb000 r--p 00000000 00:20 430342                     /usr/lib64/libsqlite3.so.0.8.6
7f7d7ecbb000-7f7d7edcb000 r-xp 00010000 00:20 430342                     /usr/lib64/libsqlite3.so.0.8.6
7f7d7edcb000-7f7d7edf7000 r--p 00120000 00:20 430342                     /usr/lib64/libsqlite3.so.0.8.6
7f7d7edf7000-7f7d7edfb000 r--p 0014c000 00:20 430342                     /usr/lib64/libsqlite3.so.0.8.6
7f7d7edfb000-7f7d7edff000 rw-p 00150000 00:20 430342                     /usr/lib64/libsqlite3.so.0.8.6
7f7d7edff000-7f7d7ee08000 r--p 00000000 00:20 452258                     /usr/lib64/libjson-glib-1.0.so.0.800.0
7f7d7ee08000-7f7d7ee20000 r-xp 00009000 00:20 452258                     /usr/lib64/libjson-glib-1.0.so.0.800.0
7f7d7ee20000-7f7d7ee29000 r--p 00021000 00:20 452258                     /usr/lib64/libjson-glib-1.0.so.0.800.0
7f7d7ee29000-7f7d7ee2a000 r--p 0002a000 00:20 452258                     /usr/lib64/libjson-glib-1.0.so.0.800.0
7f7d7ee2a000-7f7d7ee2b000 rw-p 00000000 00:00 0 
7f7d7ee2b000-7f7d7ee39000 r--p 00000000 00:20 433071                     /usr/lib64/libdbus-1.so.3.32.4
7f7d7ee39000-7f7d7ee6c000 r-xp 0000e000 00:20 433071                     /usr/lib64/libdbus-1.so.3.32.4
7f7d7ee6c000-7f7d7ee7d000 r--p 00041000 00:20 433071                     /usr/lib64/libdbus-1.so.3.32.4
7f7d7ee7d000-7f7d7ee7f000 r--p 00051000 00:20 433071                     /usr/lib64/libdbus-1.so.3.32.4
7f7d7ee7f000-7f7d7ee80000 rw-p 00053000 00:20 433071                     /usr/lib64/libdbus-1.so.3.32.4
7f7d7ee80000-7f7d7ee90000 r--p 00000000 00:20 466975                     /usr/lib64/libatspi.so.0.0.1
7f7d7ee90000-7f7d7eea9000 r-xp 00010000 00:20 466975                     /usr/lib64/libatspi.so.0.0.1
7f7d7eea9000-7f7d7eeb6000 r--p 00029000 00:20 466975                     /usr/lib64/libatspi.so.0.0.1
7f7d7eeb6000-7f7d7eeba000 r--p 00035000 00:20 466975                     /usr/lib64/libatspi.so.0.0.1
7f7d7eeba000-7f7d7eebb000 rw-p 00039000 00:20 466975                     /usr/lib64/libatspi.so.0.0.1
7f7d7eebb000-7f7d7eebf000 r--p 00000000 00:20 430237                     /usr/lib64/libjpeg.so.62.3.0
7f7d7eebf000-7f7d7ef0c000 r-xp 00004000 00:20 430237                     /usr/lib64/libjpeg.so.62.3.0
7f7d7ef0c000-7f7d7ef3c000 r--p 00051000 00:20 430237                     /usr/lib64/libjpeg.so.62.3.0
7f7d7ef3c000-7f7d7ef3d000 r--p 00081000 00:20 430237                     /usr/lib64/libjpeg.so.62.3.0
7f7d7ef3d000-7f7d7ef3e000 rw-p 00082000 00:20 430237                     /usr/lib64/libjpeg.so.62.3.0
7f7d7ef3e000-7f7d7ef73000 r--p 00000000 00:20 430275                     /usr/lib64/libxml2.so.2.10.4
7f7d7ef73000-7f7d7f065000 r-xp 00035000 00:20 430275                     /usr/lib64/libxml2.so.2.10.4
7f7d7f065000-7f7d7f0a5000 r--p 00127000 00:20 430275                     /usr/lib64/libxml2.so.2.10.4
7f7d7f0a5000-7f7d7f0b0000 r--p 00166000 00:20 430275                     /usr/lib64/libxml2.so.2.10.4
7f7d7f0b0000-7f7d7f0b1000 rw-p 00171000 00:20 430275                     /usr/lib64/libxml2.so.2.10.4
7f7d7f0b1000-7f7d7f0b2000 rw-p 00000000 00:00 0 
7f7d7f0b2000-7f7d7f0b5000 r--p 00000000 00:20 438084                     /usr/lib64/libgraphite2.so.3.2.1
7f7d7f0b5000-7f7d7f0cd000 r-xp 00003000 00:20 438084                     /usr/lib64/libgraphite2.so.3.2.1
7f7d7f0cd000-7f7d7f0d0000 r--p 0001b000 00:20 438084                     /usr/lib64/libgraphite2.so.3.2.1
7f7d7f0d0000-7f7d7f0d2000 r--p 0001d000 00:20 438084                     /usr/lib64/libgraphite2.so.3.2.1
7f7d7f0d2000-7f7d7f0d3000 rw-p 00000000 00:00 0 
7f7d7f0d3000-7f7d7f0de000 r--p 00000000 00:20 432606                     /usr/lib64/libpixman-1.so.0.42.2
7f7d7f0de000-7f7d7f16b000 r-xp 0000b000 00:20 432606                     /usr/lib64/libpixman-1.so.0.42.2
7f7d7f16b000-7f7d7f17a000 r--p 00098000 00:20 432606                     /usr/lib64/libpixman-1.so.0.42.2
7f7d7f17a000-7f7d7f182000 r--p 000a6000 00:20 432606                     /usr/lib64/libpixman-1.so.0.42.2
7f7d7f182000-7f7d7f183000 rw-p 000ae000 00:20 432606                     /usr/lib64/libpixman-1.so.0.42.2
7f7d7f183000-7f7d7f191000 r--p 00000000 00:20 459611                     /usr/lib64/libfreetype.so.6.20.0
7f7d7f191000-7f7d7f223000 r-xp 0000e000 00:20 459611                     /usr/lib64/libfreetype.so.6.20.0
7f7d7f223000-7f7d7f24a000 r--p 000a0000 00:20 459611                     /usr/lib64/libfreetype.so.6.20.0
7f7d7f24a000-7f7d7f252000 r--p 000c6000 00:20 459611                     /usr/lib64/libfreetype.so.6.20.0
7f7d7f252000-7f7d7f253000 rw-p 00000000 00:00 0 
7f7d7f253000-7f7d7f258000 r--p 00000000 00:20 430290                     /usr/lib64/libpng16.so.16.37.0
7f7d7f258000-7f7d7f281000 r-xp 00005000 00:20 430290                     /usr/lib64/libpng16.so.16.37.0
7f7d7f281000-7f7d7f28a000 r--p 0002e000 00:20 430290                     /usr/lib64/libpng16.so.16.37.0
7f7d7f28a000-7f7d7f28b000 r--p 00037000 00:20 430290                     /usr/lib64/libpng16.so.16.37.0
7f7d7f28b000-7f7d7f28c000 rw-p 00000000 00:00 0 
7f7d7f28c000-7f7d7f296000 r--p 00000000 00:20 433548                     /usr/lib64/libmount.so.1.1.0
7f7d7f296000-7f7d7f2cd000 r-xp 0000a000 00:20 433548                     /usr/lib64/libmount.so.1.1.0
7f7d7f2cd000-7f7d7f2da000 r--p 00041000 00:20 433548                     /usr/lib64/libmount.so.1.1.0
7f7d7f2da000-7f7d7f2dc000 r--p 0004e000 00:20 433548                     /usr/lib64/libmount.so.1.1.0
7f7d7f2dc000-7f7d7f2dd000 rw-p 00050000 00:20 433548                     /usr/lib64/libmount.so.1.1.0
7f7d7f2dd000-7f7d7f33d000 r--p 00000000 00:20 430679                     /usr/lib64/libepoxy.so.0.0.0
7f7d7f33d000-7f7d7f3a3000 r-xp 00060000 00:20 430679                     /usr/lib64/libepoxy.so.0.0.0
7f7d7f3a3000-7f7d7f3f1000 r--p 000c6000 00:20 430679                     /usr/lib64/libepoxy.so.0.0.0
7f7d7f3f1000-7f7d7f3f9000 r--p 00113000 00:20 430679                     /usr/lib64/libepoxy.so.0.0.0
7f7d7f3f9000-7f7d7f400000 rw-p 0011b000 00:20 430679                     /usr/lib64/libepoxy.so.0.0.0
7f7d7f400000-7f7d7f487000 r--p 00000000 00:20 518693                     /usr/lib64/libgtk-3.so.0.2406.32
7f7d7f487000-7f7d7f839000 r-xp 00087000 00:20 518693                     /usr/lib64/libgtk-3.so.0.2406.32
7f7d7f839000-7f7d7fbb3000 r--p 00439000 00:20 518693                     /usr/lib64/libgtk-3.so.0.2406.32
7f7d7fbb3000-7f7d7fbc3000 r--p 007b3000 00:20 518693                     /usr/lib64/libgtk-3.so.0.2406.32
7f7d7fbc3000-7f7d7fbc5000 rw-p 007c3000 00:20 518693                     /usr/lib64/libgtk-3.so.0.2406.32
7f7d7fbc5000-7f7d7fbca000 rw-p 00000000 00:00 0 
7f7d7fbd3000-7f7d7fbda000 r--p 00000000 00:20 433492                     /usr/lib64/libselinux.so.1
7f7d7fbda000-7f7d7fbf6000 r-xp 00007000 00:20 433492                     /usr/lib64/libselinux.so.1
7f7d7fbf6000-7f7d7fbfc000 r--p 00023000 00:20 433492                     /usr/lib64/libselinux.so.1
7f7d7fbfc000-7f7d7fbfd000 r--p 00029000 00:20 433492                     /usr/lib64/libselinux.so.1
7f7d7fbfd000-7f7d7fbfe000 rw-p 0002a000 00:20 433492                     /usr/lib64/libselinux.so.1
7f7d7fbfe000-7f7d7fc00000 rw-p 00000000 00:00 0 
7f7d7fc00000-7f7d7fc01000 r-xp 00000000 00:20 711951                     /usr/lib/jvm/jdk1.8.0_202/jre/lib/amd64/libglass.so
7f7d7fc01000-7f7d7fe01000 ---p 00001000 00:20 711951                     /usr/lib/jvm/jdk1.8.0_202/jre/lib/amd64/libglass.so
7f7d7fe01000-7f7d7fe02000 r--p 00001000 00:20 711951                     /usr/lib/jvm/jdk1.8.0_202/jre/lib/amd64/libglass.so
7f7d7fe02000-7f7d7fe03000 rw-p 00002000 00:20 711951                     /usr/lib/jvm/jdk1.8.0_202/jre/lib/amd64/libglass.so
7f7d7fe05000-7f7d7fe0a000 r--p 00000000 00:20 433193                     /usr/lib64/libxcb-render.so.0.0.0
7f7d7fe0a000-7f7d7fe0f000 r-xp 00005000 00:20 433193                     /usr/lib64/libxcb-render.so.0.0.0
7f7d7fe0f000-7f7d7fe12000 r--p 0000a000 00:20 433193                     /usr/lib64/libxcb-render.so.0.0.0
7f7d7fe12000-7f7d7fe13000 r--p 0000c000 00:20 433193                     /usr/lib64/libxcb-render.so.0.0.0
7f7d7fe13000-7f7d7fe14000 rw-p 0000d000 00:20 433193                     /usr/lib64/libxcb-render.so.0.0.0
7f7d7fe14000-7f7d7fe2d000 r--p 00000000 00:20 479009                     /usr/lib64/libtracker-sparql-3.0.so.0.600.0
7f7d7fe2d000-7f7d7feb1000 r-xp 00019000 00:20 479009                     /usr/lib64/libtracker-sparql-3.0.so.0.600.0
7f7d7feb1000-7f7d7fee3000 r--p 0009d000 00:20 479009                     /usr/lib64/libtracker-sparql-3.0.so.0.600.0
7f7d7fee3000-7f7d7fef1000 r--p 000ce000 00:20 479009                     /usr/lib64/libtracker-sparql-3.0.so.0.600.0
7f7d7fef1000-7f7d7fef2000 rw-p 000dc000 00:20 479009                     /usr/lib64/libtracker-sparql-3.0.so.0.600.0
7f7d7fef2000-7f7d7fefe000 r--p 00000000 00:20 459603                     /usr/lib64/libharfbuzz.so.0.60821.0
7f7d7fefe000-7f7d7ffcc000 r-xp 0000c000 00:20 459603                     /usr/lib64/libharfbuzz.so.0.60821.0
7f7d7ffcc000-7f7d7fffe000 r--p 000da000 00:20 459603                     /usr/lib64/libharfbuzz.so.0.60821.0
7f7d7fffe000-7f7d7ffff000 r--p 0010c000 00:20 459603                     /usr/lib64/libharfbuzz.so.0.60821.0
7f7d7ffff000-7f7d80000000 rw-p 0010d000 00:20 459603                     /usr/lib64/libharfbuzz.so.0.60821.0
7f7d80000000-7f7d80021000 rw-p 00000000 00:00 0 
7f7d80021000-7f7d84000000 ---p 00000000 00:00 0 
7f7d84000000-7f7d84021000 rw-p 00000000 00:00 0 
7f7d84021000-7f7d88000000 ---p 00000000 00:00 0 
7f7d88000000-7f7d88021000 rw-p 00000000 00:00 0 
7f7d88021000-7f7d8c000000 ---p 00000000 00:00 0 
7f7d8c000000-7f7d8c021000 rw-p 00000000 00:00 0 
7f7d8c021000-7f7d90000000 ---p 00000000 00:00 0 
7f7d90000000-7f7d90021000 rw-p 00000000 00:00 0 
7f7d90021000-7f7d94000000 ---p 00000000 00:00 0 
7f7d94001000-7f7d94003000 r--p 00000000 00:20 450002                     /usr/lib64/libXtst.so.6.1.0
7f7d94003000-7f7d94006000 r-xp 00002000 00:20 450002                     /usr/lib64/libXtst.so.6.1.0
7f7d94006000-7f7d94007000 r--p 00005000 00:20 450002                     /usr/lib64/libXtst.so.6.1.0
7f7d94007000-7f7d94008000 r--p 00005000 00:20 450002                     /usr/lib64/libXtst.so.6.1.0
7f7d94008000-7f7d94009000 rw-p 00006000 00:20 450002                     /usr/lib64/libXtst.so.6.1.0
7f7d94009000-7f7d9400b000 r--p 00000000 00:20 449988                     /usr/lib64/libXrender.so.1.3.0
7f7d9400b000-7f7d94012000 r-xp 00002000 00:20 449988                     /usr/lib64/libXrender.so.1.3.0
7f7d94012000-7f7d94013000 r--p 00009000 00:20 449988                     /usr/lib64/libXrender.so.1.3.0
7f7d94013000-7f7d94014000 r--p 00009000 00:20 449988                     /usr/lib64/libXrender.so.1.3.0
7f7d94014000-7f7d94015000 rw-p 0000a000 00:20 449988                     /usr/lib64/libXrender.so.1.3.0
7f7d94015000-7f7d94017000 r--p 00000000 00:20 443747                     /usr/lib64/libthai.so.0.3.1
7f7d94017000-7f7d9401b000 r-xp 00002000 00:20 443747                     /usr/lib64/libthai.so.0.3.1
7f7d9401b000-7f7d9401e000 r--p 00006000 00:20 443747                     /usr/lib64/libthai.so.0.3.1
7f7d9401e000-7f7d9401f000 r--p 00008000 00:20 443747                     /usr/lib64/libthai.so.0.3.1
7f7d9401f000-7f7d94020000 rw-p 00009000 00:20 443747                     /usr/lib64/libthai.so.0.3.1
7f7d94020000-7f7d94023000 r--p 00000000 00:20 430810                     /usr/lib64/libpcre2-8.so.0.11.2
7f7d94023000-7f7d94091000 r-xp 00003000 00:20 430810                     /usr/lib64/libpcre2-8.so.0.11.2
7f7d94091000-7f7d940b9000 r--p 00071000 00:20 430810                     /usr/lib64/libpcre2-8.so.0.11.2
7f7d940b9000-7f7d940ba000 r--p 00098000 00:20 430810                     /usr/lib64/libpcre2-8.so.0.11.2
7f7d940ba000-7f7d940bb000 rw-p 00099000 00:20 430810                     /usr/lib64/libpcre2-8.so.0.11.2
7f7d940bb000-7f7d940bd000 r--p 00000000 00:20 449993                     /usr/lib64/libXrandr.so.2.2.0
7f7d940bd000-7f7d940c4000 r-xp 00002000 00:20 449993                     /usr/lib64/libXrandr.so.2.2.0
7f7d940c4000-7f7d940c6000 r--p 00009000 00:20 449993                     /usr/lib64/libXrandr.so.2.2.0
7f7d940c6000-7f7d940c7000 r--p 0000a000 00:20 449993                     /usr/lib64/libXrandr.so.2.2.0
7f7d940c7000-7f7d940c8000 rw-p 0000b000 00:20 449993                     /usr/lib64/libXrandr.so.2.2.0
7f7d940c8000-7f7d940db000 r--p 00000000 00:20 459582                     /usr/lib64/libcairo.so.2.11800.0
7f7d940db000-7f7d941c8000 r-xp 00013000 00:20 459582                     /usr/lib64/libcairo.so.2.11800.0
7f7d941c8000-7f7d941f8000 r--p 00100000 00:20 459582                     /usr/lib64/libcairo.so.2.11800.0
7f7d941f8000-7f7d941fc000 r--p 00130000 00:20 459582                     /usr/lib64/libcairo.so.2.11800.0
7f7d941fc000-7f7d941fe000 rw-p 00134000 00:20 459582                     /usr/lib64/libcairo.so.2.11800.0
7f7d941fe000-7f7d941ff000 rw-p 00000000 00:00 0 
7f7d941ff000-7f7d94200000 ---p 00000000 00:00 0 
7f7d94200000-7f7d94a00000 rw-p 00000000 00:00 0 
7f7d94a00000-7f7d954bf000 r--p 00000000 00:20 434590                     /usr/lib64/llvm16/lib/libLLVM-16.so
7f7d954bf000-7f7d98b5d000 r-xp 00abf000 00:20 434590                     /usr/lib64/llvm16/lib/libLLVM-16.so
7f7d98b5d000-7f7d9b773000 r--p 0415d000 00:20 434590                     /usr/lib64/llvm16/lib/libLLVM-16.so
7f7d9b773000-7f7d9be39000 r--p 06d73000 00:20 434590                     /usr/lib64/llvm16/lib/libLLVM-16.so
7f7d9be39000-7f7d9be7e000 rw-p 07439000 00:20 434590                     /usr/lib64/llvm16/lib/libLLVM-16.so
7f7d9be7e000-7f7d9bef7000 rw-p 00000000 00:00 0 
7f7d9bef7000-7f7d9befb000 r--p 00000000 00:20 95235                      /home/neon/.config/dconf/user
7f7d9befb000-7f7d9befc000 r--p 00000000 00:20 452394                     /usr/lib64/libgthread-2.0.so.0.7800.1
7f7d9befc000-7f7d9befd000 r-xp 00001000 00:20 452394                     /usr/lib64/libgthread-2.0.so.0.7800.1
7f7d9befd000-7f7d9befe000 r--p 00002000 00:20 452394                     /usr/lib64/libgthread-2.0.so.0.7800.1
7f7d9befe000-7f7d9beff000 r--p 00002000 00:20 452394                     /usr/lib64/libgthread-2.0.so.0.7800.1
7f7d9beff000-7f7d9bf00000 rw-p 00000000 00:00 0 
7f7d9bf00000-7f7d9bf05000 r--p 00000000 00:20 432578                     /usr/lib64/libxkbcommon.so.0.0.0
7f7d9bf05000-7f7d9bf25000 r-xp 00005000 00:20 432578                     /usr/lib64/libxkbcommon.so.0.0.0
7f7d9bf25000-7f7d9bf46000 r--p 00025000 00:20 432578                     /usr/lib64/libxkbcommon.so.0.0.0
7f7d9bf46000-7f7d9bf48000 r--p 00045000 00:20 432578                     /usr/lib64/libxkbcommon.so.0.0.0
7f7d9bf48000-7f7d9bf49000 rw-p 00000000 00:00 0 
7f7d9bf49000-7f7d9bf4f000 r--p 00000000 00:20 432762                     /usr/lib64/libwayland-client.so.0.22.0
7f7d9bf4f000-7f7d9bf55000 r-xp 00006000 00:20 432762                     /usr/lib64/libwayland-client.so.0.22.0
7f7d9bf55000-7f7d9bf57000 r--p 0000c000 00:20 432762                     /usr/lib64/libwayland-client.so.0.22.0
7f7d9bf57000-7f7d9bf59000 r--p 0000e000 00:20 432762                     /usr/lib64/libwayland-client.so.0.22.0
7f7d9bf59000-7f7d9bf5a000 rw-p 00010000 00:20 432762                     /usr/lib64/libwayland-client.so.0.22.0
7f7d9bf5a000-7f7d9bf61000 r--p 00000000 00:20 474145                     /usr/lib64/libcloudproviders.so.0.3.5
7f7d9bf61000-7f7d9bf6d000 r-xp 00007000 00:20 474145                     /usr/lib64/libcloudproviders.so.0.3.5
7f7d9bf6d000-7f7d9bf72000 r--p 00013000 00:20 474145                     /usr/lib64/libcloudproviders.so.0.3.5
7f7d9bf72000-7f7d9bf73000 r--p 00018000 00:20 474145                     /usr/lib64/libcloudproviders.so.0.3.5
7f7d9bf73000-7f7d9bf74000 rw-p 00019000 00:20 474145                     /usr/lib64/libcloudproviders.so.0.3.5
7f7d9bf74000-7f7d9bf80000 r--p 00000000 00:20 467199                     /usr/lib64/libatk-bridge-2.0.so.0.0.0
7f7d9bf80000-7f7d9bf9a000 r-xp 0000c000 00:20 467199                     /usr/lib64/libatk-bridge-2.0.so.0.0.0
7f7d9bf9a000-7f7d9bfad000 r--p 00026000 00:20 467199                     /usr/lib64/libatk-bridge-2.0.so.0.0.0
7f7d9bfad000-7f7d9bfaf000 r--p 00038000 00:20 467199                     /usr/lib64/libatk-bridge-2.0.so.0.0.0
7f7d9bfaf000-7f7d9bfb1000 rw-p 0003a000 00:20 467199                     /usr/lib64/libatk-bridge-2.0.so.0.0.0
7f7d9bfb1000-7f7d9bfb8000 r--p 00000000 00:20 459640                     /usr/lib64/libfontconfig.so.1.12.0
7f7d9bfb8000-7f7d9bfe7000 r-xp 00007000 00:20 459640                     /usr/lib64/libfontconfig.so.1.12.0
7f7d9bfe7000-7f7d9bffd000 r--p 00036000 00:20 459640                     /usr/lib64/libfontconfig.so.1.12.0
7f7d9bffd000-7f7d9bfff000 r--p 0004b000 00:20 459640                     /usr/lib64/libfontconfig.so.1.12.0
7f7d9bfff000-7f7d9c000000 rw-p 0004d000 00:20 459640                     /usr/lib64/libfontconfig.so.1.12.0
7f7d9c000000-7f7d9c30c000 rw-p 00000000 00:00 0 
7f7d9c30c000-7f7da0000000 ---p 00000000 00:00 0 
7f7da0000000-7f7da000b000 r--p 00000000 00:20 467090                     /usr/lib64/libatk-1.0.so.0.25009.1
7f7da000b000-7f7da001b000 r-xp 0000b000 00:20 467090                     /usr/lib64/libatk-1.0.so.0.25009.1
7f7da001b000-7f7da0026000 r--p 0001b000 00:20 467090                     /usr/lib64/libatk-1.0.so.0.25009.1
7f7da0026000-7f7da0029000 r--p 00025000 00:20 467090                     /usr/lib64/libatk-1.0.so.0.25009.1
7f7da0029000-7f7da002a000 rw-p 00028000 00:20 467090                     /usr/lib64/libatk-1.0.so.0.25009.1
7f7da002a000-7f7da0064000 r--p 00000000 00:20 452386                     /usr/lib64/libgio-2.0.so.0.7800.1
7f7da0064000-7f7da017e000 r-xp 0003a000 00:20 452386                     /usr/lib64/libgio-2.0.so.0.7800.1
7f7da017e000-7f7da01f5000 r--p 00154000 00:20 452386                     /usr/lib64/libgio-2.0.so.0.7800.1
7f7da01f5000-7f7da01fd000 r--p 001ca000 00:20 452386                     /usr/lib64/libgio-2.0.so.0.7800.1
7f7da01fd000-7f7da01fe000 rw-p 001d2000 00:20 452386                     /usr/lib64/libgio-2.0.so.0.7800.1
7f7da01fe000-7f7da0200000 rw-p 00000000 00:00 0 
7f7da0200000-7f7da020f000 r-xp 00000000 00:20 711949                     /usr/lib/jvm/jdk1.8.0_202/jre/lib/amd64/libprism_sw.so
7f7da020f000-7f7da040e000 ---p 0000f000 00:20 711949                     /usr/lib/jvm/jdk1.8.0_202/jre/lib/amd64/libprism_sw.so
7f7da040e000-7f7da040f000 r--p 0000e000 00:20 711949                     /usr/lib/jvm/jdk1.8.0_202/jre/lib/amd64/libprism_sw.so
7f7da040f000-7f7da0410000 rw-p 0000f000 00:20 711949                     /usr/lib/jvm/jdk1.8.0_202/jre/lib/amd64/libprism_sw.so
7f7da0410000-7f7da0413000 r--p 00000000 00:20 450012                     /usr/lib64/libXcursor.so.1.0.2
7f7da0413000-7f7da0419000 r-xp 00003000 00:20 450012                     /usr/lib64/libXcursor.so.1.0.2
7f7da0419000-7f7da041b000 r--p 00009000 00:20 450012                     /usr/lib64/libXcursor.so.1.0.2
7f7da041b000-7f7da041c000 r--p 0000a000 00:20 450012                     /usr/lib64/libXcursor.so.1.0.2
7f7da041c000-7f7da041d000 rw-p 00000000 00:00 0 
7f7da041d000-7f7da0425000 r--p 00000000 00:20 460415                     /usr/lib64/libgdk_pixbuf-2.0.so.0.4200.10
7f7da0425000-7f7da0440000 r-xp 00008000 00:20 460415                     /usr/lib64/libgdk_pixbuf-2.0.so.0.4200.10
7f7da0440000-7f7da0449000 r--p 00023000 00:20 460415                     /usr/lib64/libgdk_pixbuf-2.0.so.0.4200.10
7f7da0449000-7f7da044a000 r--p 0002c000 00:20 460415                     /usr/lib64/libgdk_pixbuf-2.0.so.0.4200.10
7f7da044a000-7f7da044b000 rw-p 0002d000 00:20 460415                     /usr/lib64/libgdk_pixbuf-2.0.so.0.4200.10
7f7da044b000-7f7da045d000 r--p 00000000 00:20 478745                     /usr/lib64/libpango-1.0.so.0.5100.0
7f7da045d000-7f7da0496000 r-xp 00012000 00:20 478745                     /usr/lib64/libpango-1.0.so.0.5100.0
7f7da0496000-7f7da04b0000 r--p 0004b000 00:20 478745                     /usr/lib64/libpango-1.0.so.0.5100.0
7f7da04b0000-7f7da04b4000 r--p 00064000 00:20 478745                     /usr/lib64/libpango-1.0.so.0.5100.0
7f7da04b4000-7f7da04b5000 rw-p 00068000 00:20 478745                     /usr/lib64/libpango-1.0.so.0.5100.0
7f7da04b5000-7f7da04d3000 r--p 00000000 00:20 452388                     /usr/lib64/libglib-2.0.so.0.7800.1
7f7da04d3000-7f7da0573000 r-xp 0001e000 00:20 452388                     /usr/lib64/libglib-2.0.so.0.7800.1
7f7da0573000-7f7da05fb000 r--p 000be000 00:20 452388                     /usr/lib64/libglib-2.0.so.0.7800.1
7f7da05fb000-7f7da05fc000 r--p 00146000 00:20 452388                     /usr/lib64/libglib-2.0.so.0.7800.1
7f7da05fc000-7f7da05fd000 rw-p 00147000 00:20 452388                     /usr/lib64/libglib-2.0.so.0.7800.1
7f7da05fd000-7f7da05fe000 rw-p 00000000 00:00 0 
7f7da05fe000-7f7da07fe000 rw-s 143a01000 00:05 513                       /dev/dri/renderD128
7f7da07fe000-7f7da07ff000 ---p 00000000 00:00 0 
7f7da07ff000-7f7da0fff000 rw-p 00000000 00:00 0 
7f7da0fff000-7f7da11ff000 rw-s 14b379000 00:05 513                       /dev/dri/renderD128
7f7da11ff000-7f7da1200000 ---p 00000000 00:00 0 
7f7da1200000-7f7da1a00000 rw-p 00000000 00:00 0 
7f7da1a00000-7f7da1ae3000 r--p 00000000 00:20 442802                     /usr/lib64/dri/radeonsi_dri.so
7f7da1ae3000-7f7da313b000 r-xp 000e3000 00:20 442802                     /usr/lib64/dri/radeonsi_dri.so
7f7da313b000-7f7da3c24000 r--p 0173b000 00:20 442802                     /usr/lib64/dri/radeonsi_dri.so
7f7da3c24000-7f7da3ce8000 r--p 02224000 00:20 442802                     /usr/lib64/dri/radeonsi_dri.so
7f7da3ce8000-7f7da3cfe000 rw-p 022e8000 00:20 442802                     /usr/lib64/dri/radeonsi_dri.so
7f7da3cfe000-7f7da3ebe000 rw-p 00000000 00:00 0 
7f7da3ebf000-7f7da3ec1000 r--p 00000000 00:20 443743                     /usr/lib64/libdatrie.so.1.4.0
7f7da3ec1000-7f7da3ec5000 r-xp 00002000 00:20 443743                     /usr/lib64/libdatrie.so.1.4.0
7f7da3ec5000-7f7da3ec6000 r--p 00006000 00:20 443743                     /usr/lib64/libdatrie.so.1.4.0
7f7da3ec6000-7f7da3ec7000 r--p 00006000 00:20 443743                     /usr/lib64/libdatrie.so.1.4.0
7f7da3ec7000-7f7da3ec8000 rw-p 00000000 00:00 0 
7f7da3ec8000-7f7da3ecb000 r--p 00000000 00:20 449970                     /usr/lib64/libXi.so.6.1.0
7f7da3ecb000-7f7da3ed7000 r-xp 00003000 00:20 449970                     /usr/lib64/libXi.so.6.1.0
7f7da3ed7000-7f7da3ed9000 r--p 0000f000 00:20 449970                     /usr/lib64/libXi.so.6.1.0
7f7da3ed9000-7f7da3eda000 r--p 00011000 00:20 449970                     /usr/lib64/libXi.so.6.1.0
7f7da3eda000-7f7da3edb000 rw-p 00012000 00:20 449970                     /usr/lib64/libXi.so.6.1.0
7f7da3edb000-7f7da3edf000 r--p 00000000 00:20 459828                     /usr/lib64/libcairo-gobject.so.2.11800.0
7f7da3edf000-7f7da3ee1000 r-xp 00004000 00:20 459828                     /usr/lib64/libcairo-gobject.so.2.11800.0
7f7da3ee1000-7f7da3ee3000 r--p 00006000 00:20 459828                     /usr/lib64/libcairo-gobject.so.2.11800.0
7f7da3ee3000-7f7da3ee5000 r--p 00008000 00:20 459828                     /usr/lib64/libcairo-gobject.so.2.11800.0
7f7da3ee5000-7f7da3ee6000 rw-p 00000000 00:00 0 
7f7da3ee6000-7f7da3ee8000 r--p 00000000 00:20 432795                     /usr/lib64/libfribidi.so.0.4.0
7f7da3ee8000-7f7da3eed000 r-xp 00002000 00:20 432795                     /usr/lib64/libfribidi.so.0.4.0
7f7da3eed000-7f7da3f03000 r--p 00007000 00:20 432795                     /usr/lib64/libfribidi.so.0.4.0
7f7da3f03000-7f7da3f04000 r--p 0001d000 00:20 432795                     /usr/lib64/libfribidi.so.0.4.0
7f7da3f04000-7f7da3f05000 rw-p 0001e000 00:20 432795                     /usr/lib64/libfribidi.so.0.4.0
7f7da3f05000-7f7da3f2f000 r--p 00000000 00:20 518691                     /usr/lib64/libgdk-3.so.0.2406.32
7f7da3f2f000-7f7da3fb3000 r-xp 0002a000 00:20 518691                     /usr/lib64/libgdk-3.so.0.2406.32
7f7da3fb3000-7f7da3ff5000 r--p 000ae000 00:20 518691                     /usr/lib64/libgdk-3.so.0.2406.32
7f7da3ff5000-7f7da3ffe000 r--p 000ef000 00:20 518691                     /usr/lib64/libgdk-3.so.0.2406.32
7f7da3ffe000-7f7da4000000 rw-p 000f8000 00:20 518691                     /usr/lib64/libgdk-3.so.0.2406.32
7f7da4000000-7f7da4021000 rw-p 00000000 00:00 0 
7f7da4021000-7f7da8000000 ---p 00000000 00:00 0 
7f7da8000000-7f7da8021000 rw-p 00000000 00:00 0 
7f7da8021000-7f7dac000000 ---p 00000000 00:00 0 
7f7dac000000-7f7dac0ee000 rw-p 00000000 00:00 0 
7f7dac0ee000-7f7db0000000 ---p 00000000 00:00 0 
7f7db0000000-7f7db0199000 rw-p 00000000 00:00 0 
7f7db0199000-7f7db4000000 ---p 00000000 00:00 0 
7f7db4000000-7f7db405b000 rw-p 00000000 00:00 0 
7f7db405b000-7f7db8000000 ---p 00000000 00:00 0 
7f7db8000000-7f7db8001000 r--p 00000000 00:20 449998                     /usr/lib64/libXinerama.so.1.0.0
7f7db8001000-7f7db8002000 r-xp 00001000 00:20 449998                     /usr/lib64/libXinerama.so.1.0.0
7f7db8002000-7f7db8003000 r--p 00002000 00:20 449998                     /usr/lib64/libXinerama.so.1.0.0
7f7db8003000-7f7db8004000 r--p 00002000 00:20 449998                     /usr/lib64/libXinerama.so.1.0.0
7f7db8004000-7f7db8005000 rw-p 00003000 00:20 449998                     /usr/lib64/libXinerama.so.1.0.0
7f7db8005000-7f7db800c000 r--p 00000000 00:20 478749                     /usr/lib64/libpangoft2-1.0.so.0.5100.0
7f7db800c000-7f7db8019000 r-xp 00007000 00:20 478749                     /usr/lib64/libpangoft2-1.0.so.0.5100.0
7f7db8019000-7f7db801d000 r--p 00014000 00:20 478749                     /usr/lib64/libpangoft2-1.0.so.0.5100.0
7f7db801d000-7f7db801e000 r--p 00018000 00:20 478749                     /usr/lib64/libpangoft2-1.0.so.0.5100.0
7f7db801e000-7f7db801f000 rw-p 00000000 00:00 0 
7f7db801f000-7f7db802d000 r--p 00000000 00:20 452392                     /usr/lib64/libgobject-2.0.so.0.7800.1
7f7db802d000-7f7db8063000 r-xp 0000e000 00:20 452392                     /usr/lib64/libgobject-2.0.so.0.7800.1
7f7db8063000-7f7db807b000 r--p 00044000 00:20 452392                     /usr/lib64/libgobject-2.0.so.0.7800.1
7f7db807b000-7f7db807e000 r--p 0005c000 00:20 452392                     /usr/lib64/libgobject-2.0.so.0.7800.1
7f7db807e000-7f7db807f000 rw-p 0005f000 00:20 452392                     /usr/lib64/libgobject-2.0.so.0.7800.1
7f7db807f000-7f7db827f000 rw-s 1598d2000 00:05 513                       /dev/dri/renderD128
7f7db827f000-7f7db8280000 ---p 00000000 00:00 0 
7f7db8280000-7f7db8a80000 rw-p 00000000 00:00 0 
7f7db8a80000-7f7db8a81000 ---p 00000000 00:00 0 
7f7db8a81000-7f7db9281000 rw-p 00000000 00:00 0 
7f7db9281000-7f7db93c2000 rw-s 00000000 00:20 295                        /home/neon/.cache/mesa_shader_cache/index
7f7db93c2000-7f7db93c3000 ---p 00000000 00:00 0 
7f7db93c3000-7f7db9bc3000 rw-p 00000000 00:00 0 
7f7db9bc3000-7f7db9bcc000 r--p 00000000 00:20 433357                     /usr/lib64/libedit.so.0.0.72
7f7db9bcc000-7f7db9bed000 r-xp 00009000 00:20 433357                     /usr/lib64/libedit.so.0.0.72
7f7db9bed000-7f7db9bfa000 r--p 0002a000 00:20 433357                     /usr/lib64/libedit.so.0.0.72
7f7db9bfa000-7f7db9bfc000 r--p 00037000 00:20 433357                     /usr/lib64/libedit.so.0.0.72
7f7db9bfc000-7f7db9bfd000 rw-p 00039000 00:20 433357                     /usr/lib64/libedit.so.0.0.72
7f7db9bfd000-7f7db9c00000 rw-p 00000000 00:00 0 
7f7db9c00000-7f7db9c9c000 r--p 00000000 00:20 430211                     /usr/lib64/libstdc++.so.6.0.32
7f7db9c9c000-7f7db9dc6000 r-xp 0009c000 00:20 430211                     /usr/lib64/libstdc++.so.6.0.32
7f7db9dc6000-7f7db9e42000 r--p 001c6000 00:20 430211                     /usr/lib64/libstdc++.so.6.0.32
7f7db9e42000-7f7db9e4f000 r--p 00242000 00:20 430211                     /usr/lib64/libstdc++.so.6.0.32
7f7db9e4f000-7f7db9e50000 rw-p 0024f000 00:20 430211                     /usr/lib64/libstdc++.so.6.0.32
7f7db9e50000-7f7db9e54000 rw-p 00000000 00:00 0 
7f7db9e57000-7f7db9e65000 r--p 00000000 00:20 428967                     /usr/lib64/libtinfo.so.6.4
7f7db9e65000-7f7db9e79000 r-xp 0000e000 00:20 428967                     /usr/lib64/libtinfo.so.6.4
7f7db9e79000-7f7db9e87000 r--p 00022000 00:20 428967                     /usr/lib64/libtinfo.so.6.4
7f7db9e87000-7f7db9e8b000 r--p 0002f000 00:20 428967                     /usr/lib64/libtinfo.so.6.4
7f7db9e8b000-7f7db9e8c000 rw-p 00033000 00:20 428967                     /usr/lib64/libtinfo.so.6.4
7f7db9e8c000-7f7db9e91000 r--p 00000000 00:20 430285                     /usr/lib64/libzstd.so.1.5.5
7f7db9e91000-7f7db9f39000 r-xp 00005000 00:20 430285                     /usr/lib64/libzstd.so.1.5.5
7f7db9f39000-7f7db9f46000 r--p 000ad000 00:20 430285                     /usr/lib64/libzstd.so.1.5.5
7f7db9f46000-7f7db9f47000 r--p 000b9000 00:20 430285                     /usr/lib64/libzstd.so.1.5.5
7f7db9f47000-7f7db9f48000 rw-p 00000000 00:00 0 
7f7db9f48000-7f7db9f89000 r--p 00000000 00:20 435178                     /usr/lib64/libGLdispatch.so.0.0.0
7f7db9f89000-7f7db9fc8000 r-xp 00041000 00:20 435178                     /usr/lib64/libGLdispatch.so.0.0.0
7f7db9fc8000-7f7db9fdb000 r--p 00080000 00:20 435178                     /usr/lib64/libGLdispatch.so.0.0.0
7f7db9fdb000-7f7db9ff7000 r--p 00093000 00:20 435178                     /usr/lib64/libGLdispatch.so.0.0.0
7f7db9ff7000-7f7db9ff8000 rw-p 000af000 00:20 435178                     /usr/lib64/libGLdispatch.so.0.0.0
7f7db9ff8000-7f7dba000000 rw-p 00000000 00:00 0 
7f7dba000000-7f7dba00c000 r-xp 00000000 00:20 711981                     /usr/lib/jvm/jdk1.8.0_202/jre/lib/amd64/libprism_es2.so
7f7dba00c000-7f7dba20b000 ---p 0000c000 00:20 711981                     /usr/lib/jvm/jdk1.8.0_202/jre/lib/amd64/libprism_es2.so
7f7dba20b000-7f7dba20c000 r--p 0000b000 00:20 711981                     /usr/lib/jvm/jdk1.8.0_202/jre/lib/amd64/libprism_es2.so
7f7dba20c000-7f7dba20d000 rw-p 0000c000 00:20 711981                     /usr/lib/jvm/jdk1.8.0_202/jre/lib/amd64/libprism_es2.so
7f7dba20d000-7f7dba210000 r--p 00000000 00:20 467011                     /usr/share/locale/es/LC_MESSAGES/at-spi2-core.mo
7f7dba210000-7f7dba211000 r--p 00000000 00:20 449981                     /usr/lib64/libXcomposite.so.1.0.0
7f7dba211000-7f7dba212000 r-xp 00001000 00:20 449981                     /usr/lib64/libXcomposite.so.1.0.0
7f7dba212000-7f7dba213000 r--p 00002000 00:20 449981                     /usr/lib64/libXcomposite.so.1.0.0
7f7dba213000-7f7dba214000 r--p 00002000 00:20 449981                     /usr/lib64/libXcomposite.so.1.0.0
7f7dba214000-7f7dba215000 rw-p 00000000 00:00 0 
7f7dba215000-7f7dba21a000 r--p 00000000 00:20 478747                     /usr/lib64/libpangocairo-1.0.so.0.5100.0
7f7dba21a000-7f7dba222000 r-xp 00005000 00:20 478747                     /usr/lib64/libpangocairo-1.0.so.0.5100.0
7f7dba222000-7f7dba224000 r--p 0000d000 00:20 478747                     /usr/lib64/libpangocairo-1.0.so.0.5100.0
7f7dba224000-7f7dba225000 r--p 0000f000 00:20 478747                     /usr/lib64/libpangocairo-1.0.so.0.5100.0
7f7dba225000-7f7dba226000 rw-p 00010000 00:20 478747                     /usr/lib64/libpangocairo-1.0.so.0.5100.0
7f7dba226000-7f7dba229000 r--p 00000000 00:20 433463                     /usr/lib64/libpciaccess.so.0.11.1
7f7dba229000-7f7dba22e000 r-xp 00003000 00:20 433463                     /usr/lib64/libpciaccess.so.0.11.1
7f7dba22e000-7f7dba230000 r--p 00008000 00:20 433463                     /usr/lib64/libpciaccess.so.0.11.1
7f7dba230000-7f7dba231000 r--p 00009000 00:20 433463                     /usr/lib64/libpciaccess.so.0.11.1
7f7dba231000-7f7dba232000 rw-p 00000000 00:00 0 
7f7dba232000-7f7dba234000 r--p 00000000 00:20 432757                     /usr/lib64/libffi.so.8.1.2
7f7dba234000-7f7dba23e000 r-xp 00002000 00:20 432757                     /usr/lib64/libffi.so.8.1.2
7f7dba23e000-7f7dba240000 r--p 0000c000 00:20 432757                     /usr/lib64/libffi.so.8.1.2
7f7dba240000-7f7dba241000 r--p 0000d000 00:20 432757                     /usr/lib64/libffi.so.8.1.2
7f7dba241000-7f7dba242000 rw-p 0000e000 00:20 432757                     /usr/lib64/libffi.so.8.1.2
7f7dba242000-7f7dba245000 r--p 00000000 00:20 417486                     /usr/lib64/libgcc_s-13-20231011.so.1
7f7dba245000-7f7dba260000 r-xp 00003000 00:20 417486                     /usr/lib64/libgcc_s-13-20231011.so.1
7f7dba260000-7f7dba264000 r--p 0001e000 00:20 417486                     /usr/lib64/libgcc_s-13-20231011.so.1
7f7dba264000-7f7dba265000 r--p 00021000 00:20 417486                     /usr/lib64/libgcc_s-13-20231011.so.1
7f7dba265000-7f7dba266000 rw-p 00000000 00:00 0 
7f7dba266000-7f7dba269000 r--p 00000000 00:20 433478                     /usr/lib64/libdrm_intel.so.1.0.0
7f7dba269000-7f7dba280000 r-xp 00003000 00:20 433478                     /usr/lib64/libdrm_intel.so.1.0.0
7f7dba280000-7f7dba289000 r--p 0001a000 00:20 433478                     /usr/lib64/libdrm_intel.so.1.0.0
7f7dba289000-7f7dba28a000 r--p 00023000 00:20 433478                     /usr/lib64/libdrm_intel.so.1.0.0
7f7dba28a000-7f7dba28b000 rw-p 00024000 00:20 433478                     /usr/lib64/libdrm_intel.so.1.0.0
7f7dba28b000-7f7dba28e000 r--p 00000000 00:20 433476                     /usr/lib64/libdrm_amdgpu.so.1.0.0
7f7dba28e000-7f7dba294000 r-xp 00003000 00:20 433476                     /usr/lib64/libdrm_amdgpu.so.1.0.0
7f7dba294000-7f7dba296000 r--p 00009000 00:20 433476                     /usr/lib64/libdrm_amdgpu.so.1.0.0
7f7dba296000-7f7dba297000 r--p 0000a000 00:20 433476                     /usr/lib64/libdrm_amdgpu.so.1.0.0
7f7dba297000-7f7dba298000 rw-p 00000000 00:00 0 
7f7dba298000-7f7dba29c000 r--p 00000000 00:20 432610                     /usr/lib64/libelf-0.190.so
7f7dba29c000-7f7dba2af000 r-xp 00004000 00:20 432610                     /usr/lib64/libelf-0.190.so
7f7dba2af000-7f7dba2b3000 r--p 00017000 00:20 432610                     /usr/lib64/libelf-0.190.so
7f7dba2b3000-7f7dba2b4000 r--p 0001a000 00:20 432610                     /usr/lib64/libelf-0.190.so
7f7dba2b4000-7f7dba2b5000 rw-p 00000000 00:00 0 
7f7dba2b5000-7f7dba2d1000 r--p 00000000 00:20 449955                     /usr/lib64/libX11.so.6.4.0
7f7dba2d1000-7f7dba366000 r-xp 0001c000 00:20 449955                     /usr/lib64/libX11.so.6.4.0
7f7dba366000-7f7dba3f5000 r--p 000b1000 00:20 449955                     /usr/lib64/libX11.so.6.4.0
7f7dba3f5000-7f7dba3f8000 r--p 0013f000 00:20 449955                     /usr/lib64/libX11.so.6.4.0
7f7dba3f8000-7f7dba3fc000 rw-p 00142000 00:20 449955                     /usr/lib64/libX11.so.6.4.0
7f7dba3fc000-7f7dba3ff000 ---p 00000000 00:00 0 
7f7dba3ff000-7f7dba4fc000 rw-p 00000000 00:00 0 
7f7dba4fc000-7f7dba4fd000 ---p 00000000 00:00 0 
7f7dba4fd000-7f7dba5fd000 rw-p 00000000 00:00 0 
7f7dba5fd000-7f7dba600000 ---p 00000000 00:00 0 
7f7dba600000-7f7dba6fd000 rw-p 00000000 00:00 0 
7f7dba6fd000-7f7dba6fe000 ---p 00000000 00:00 0 
7f7dba6fe000-7f7dba701000 ---p 00000000 00:00 0 
7f7dba701000-7f7dba7fe000 rw-p 00000000 00:00 0 
7f7dba7fe000-7f7dba7ff000 ---p 00000000 00:00 0 
7f7dba7ff000-7f7dba802000 ---p 00000000 00:00 0 
7f7dba802000-7f7dba8ff000 rw-p 00000000 00:00 0 
7f7dba8ff000-7f7dba900000 ---p 00000000 00:00 0 
7f7dba900000-7f7dba903000 ---p 00000000 00:00 0 
7f7dba903000-7f7dbaa00000 rw-p 00000000 00:00 0 
7f7dbaa00000-7f7dc7ff9000 r--p 00000000 00:20 429137                     /usr/lib/locale/locale-archive
7f7dc7ffb000-7f7dc7ffc000 r--p 00000000 00:20 449974                     /usr/lib64/libXdamage.so.1.1.0
7f7dc7ffc000-7f7dc7ffd000 r-xp 00001000 00:20 449974                     /usr/lib64/libXdamage.so.1.1.0
7f7dc7ffd000-7f7dc7ffe000 r--p 00002000 00:20 449974                     /usr/lib64/libXdamage.so.1.1.0
7f7dc7ffe000-7f7dc7fff000 r--p 00002000 00:20 449974                     /usr/lib64/libXdamage.so.1.1.0
7f7dc7fff000-7f7dc8021000 rw-p 00000000 00:00 0 
7f7dc8021000-7f7dcc000000 ---p 00000000 00:00 0 
7f7dcc000000-7f7dcc021000 rw-p 00000000 00:00 0 
7f7dcc021000-7f7dd0000000 ---p 00000000 00:00 0 
7f7dd0000000-7f7dd0021000 rw-p 00000000 00:00 0 
7f7dd0021000-7f7dd4000000 ---p 00000000 00:00 0 
7f7dd4000000-7f7dd4021000 rw-p 00000000 00:00 0 
7f7dd4021000-7f7dd8000000 ---p 00000000 00:00 0 
7f7dd8000000-7f7dd8021000 rw-p 00000000 00:00 0 
7f7dd8021000-7f7ddc000000 ---p 00000000 00:00 0 
7f7ddc000000-7f7ddc002000 r--p 00000000 00:20 433027                     /usr/lib64/libwayland-cursor.so.0.22.0
7f7ddc002000-7f7ddc004000 r-xp 00002000 00:20 433027                     /usr/lib64/libwayland-cursor.so.0.22.0
7f7ddc004000-7f7ddc005000 r--p 00004000 00:20 433027                     /usr/lib64/libwayland-cursor.so.0.22.0
7f7ddc005000-7f7ddc006000 r--p 00004000 00:20 433027                     /usr/lib64/libwayland-cursor.so.0.22.0
7f7ddc006000-7f7ddc00a000 rw-p 00005000 00:20 433027                     /usr/lib64/libwayland-cursor.so.0.22.0
7f7ddc00a000-7f7ddc00c000 r--p 00000000 00:20 433482                     /usr/lib64/libdrm_radeon.so.1.0.1
7f7ddc00c000-7f7ddc012000 r-xp 00002000 00:20 433482                     /usr/lib64/libdrm_radeon.so.1.0.1
7f7ddc012000-7f7ddc016000 r--p 00008000 00:20 433482                     /usr/lib64/libdrm_radeon.so.1.0.1
7f7ddc016000-7f7ddc017000 r--p 0000b000 00:20 433482                     /usr/lib64/libdrm_radeon.so.1.0.1
7f7ddc017000-7f7ddc018000 rw-p 00000000 00:00 0 
7f7ddc018000-7f7ddc01b000 r--p 00000000 00:20 442727                     /usr/lib64/libsensors.so.4.5.0
7f7ddc01b000-7f7ddc022000 r-xp 00003000 00:20 442727                     /usr/lib64/libsensors.so.4.5.0
7f7ddc022000-7f7ddc026000 r--p 0000a000 00:20 442727                     /usr/lib64/libsensors.so.4.5.0
7f7ddc026000-7f7ddc027000 r--p 0000e000 00:20 442727                     /usr/lib64/libsensors.so.4.5.0
7f7ddc027000-7f7ddc028000 rw-p 0000f000 00:20 442727                     /usr/lib64/libsensors.so.4.5.0
7f7ddc028000-7f7ddc02b000 r--p 00000000 00:20 430225                     /usr/lib64/libz.so.1.2.13
7f7ddc02b000-7f7ddc03a000 r-xp 00003000 00:20 430225                     /usr/lib64/libz.so.1.2.13
7f7ddc03a000-7f7ddc040000 r--p 00012000 00:20 430225                     /usr/lib64/libz.so.1.2.13
7f7ddc040000-7f7ddc041000 r--p 00018000 00:20 430225                     /usr/lib64/libz.so.1.2.13
7f7ddc041000-7f7ddc042000 rw-p 00000000 00:00 0 
7f7ddc044000-7f7ddc045000 r--p 00000000 00:20 583743                     /etc/dconf/db/distro
7f7ddc045000-7f7ddc049000 r--p 00000000 00:20 460721                     /usr/lib64/gio/modules/libdconfsettings.so
7f7ddc049000-7f7ddc050000 r-xp 00004000 00:20 460721                     /usr/lib64/gio/modules/libdconfsettings.so
7f7ddc050000-7f7ddc053000 r--p 0000b000 00:20 460721                     /usr/lib64/gio/modules/libdconfsettings.so
7f7ddc053000-7f7ddc054000 r--p 0000d000 00:20 460721                     /usr/lib64/gio/modules/libdconfsettings.so
7f7ddc054000-7f7ddc055000 rw-p 0000e000 00:20 460721                     /usr/lib64/gio/modules/libdconfsettings.so
7f7ddc055000-7f7ddc077000 r--p 00000000 00:20 429107                     /usr/share/locale/es/LC_MESSAGES/libc.mo
7f7ddc077000-7f7ddc07a000 ---p 00000000 00:00 0 
7f7ddc07a000-7f7ddc177000 rw-p 00000000 00:00 0 
7f7ddc177000-7f7ddc17a000 ---p 00000000 00:00 0 
7f7ddc17a000-7f7ddc277000 rw-p 00000000 00:00 0 
7f7ddc277000-7f7ddc27a000 ---p 00000000 00:00 0 
7f7ddc27a000-7f7ddc377000 rw-p 00000000 00:00 0 
7f7ddc377000-7f7ddc378000 ---p 00000000 00:00 0 
7f7ddc378000-7f7ddd1c0000 rw-p 00000000 00:00 0 
7f7ddd1c0000-7f7ddd480000 ---p 00000000 00:00 0 
7f7ddd480000-7f7de8021000 rw-p 00000000 00:00 0 
7f7de8021000-7f7dec000000 ---p 00000000 00:00 0 
7f7dec000000-7f7dec021000 rw-p 00000000 00:00 0 
7f7dec021000-7f7df0000000 ---p 00000000 00:00 0 
7f7df0000000-7f7df0021000 rw-p 00000000 00:00 0 
7f7df0021000-7f7df4000000 ---p 00000000 00:00 0 
7f7df4000000-7f7df4001000 r--p 00000000 00:20 433046                     /usr/lib64/libwayland-egl.so.1.22.0
7f7df4001000-7f7df4002000 r-xp 00001000 00:20 433046                     /usr/lib64/libwayland-egl.so.1.22.0
7f7df4002000-7f7df4003000 r--p 00002000 00:20 433046                     /usr/lib64/libwayland-egl.so.1.22.0
7f7df4003000-7f7df4004000 r--p 00002000 00:20 433046                     /usr/lib64/libwayland-egl.so.1.22.0
7f7df4004000-7f7df4005000 rw-p 00000000 00:00 0 
7f7df4005000-7f7df4008000 r--p 00000000 00:20 433207                     /usr/lib64/libxcb-xfixes.so.0.0.0
7f7df4008000-7f7df400b000 r-xp 00003000 00:20 433207                     /usr/lib64/libxcb-xfixes.so.0.0.0
7f7df400b000-7f7df400d000 r--p 00006000 00:20 433207                     /usr/lib64/libxcb-xfixes.so.0.0.0
7f7df400d000-7f7df400e000 r--p 00007000 00:20 433207                     /usr/lib64/libxcb-xfixes.so.0.0.0
7f7df400e000-7f7df400f000 rw-p 00008000 00:20 433207                     /usr/lib64/libxcb-xfixes.so.0.0.0
7f7df400f000-7f7df4012000 r--p 00000000 00:20 433203                     /usr/lib64/libxcb-sync.so.1.0.0
7f7df4012000-7f7df4015000 r-xp 00003000 00:20 433203                     /usr/lib64/libxcb-sync.so.1.0.0
7f7df4015000-7f7df4016000 r--p 00006000 00:20 433203                     /usr/lib64/libxcb-sync.so.1.0.0
7f7df4016000-7f7df4017000 r--p 00007000 00:20 433203                     /usr/lib64/libxcb-sync.so.1.0.0
7f7df4017000-7f7df4018000 rw-p 00008000 00:20 433203                     /usr/lib64/libxcb-sync.so.1.0.0
7f7df4018000-7f7df401c000 r--p 00000000 00:20 430652                     /usr/lib64/libexpat.so.1.8.10
7f7df401c000-7f7df4038000 r-xp 00004000 00:20 430652                     /usr/lib64/libexpat.so.1.8.10
7f7df4038000-7f7df4040000 r--p 00020000 00:20 430652                     /usr/lib64/libexpat.so.1.8.10
7f7df4040000-7f7df4042000 r--p 00027000 00:20 430652                     /usr/lib64/libexpat.so.1.8.10
7f7df4042000-7f7df5000000 rw-p 00000000 00:00 0 
7f7df5000000-7f7df5270000 rwxp 00000000 00:00 0 
7f7df5270000-7f7e04000000 ---p 00000000 00:00 0 
7f7e04000000-7f7e04b7a000 rw-p 00000000 00:00 0 
7f7e04b7a000-7f7e08000000 ---p 00000000 00:00 0 
7f7e08000000-7f7e08001000 r--p 00000000 00:20 583747                     /etc/dconf/db/site
7f7e08001000-7f7e08008000 r--p 00000000 00:20 433189                     /usr/lib64/libxcb-randr.so.0.1.0
7f7e08008000-7f7e0800e000 r-xp 00007000 00:20 433189                     /usr/lib64/libxcb-randr.so.0.1.0
7f7e0800e000-7f7e08011000 r--p 0000d000 00:20 433189                     /usr/lib64/libxcb-randr.so.0.1.0
7f7e08011000-7f7e08012000 r--p 00010000 00:20 433189                     /usr/lib64/libxcb-randr.so.0.1.0
7f7e08012000-7f7e08013000 rw-p 00011000 00:20 433189                     /usr/lib64/libxcb-randr.so.0.1.0
7f7e08013000-7f7e0802c000 r--p 00000000 00:20 450119                     /usr/lib64/libGLX_mesa.so.0.0.0
7f7e0802c000-7f7e0806c000 r-xp 00019000 00:20 450119                     /usr/lib64/libGLX_mesa.so.0.0.0
7f7e0806c000-7f7e0807f000 r--p 00059000 00:20 450119                     /usr/lib64/libGLX_mesa.so.0.0.0
7f7e0807f000-7f7e08082000 r--p 0006b000 00:20 450119                     /usr/lib64/libGLX_mesa.so.0.0.0
7f7e08082000-7f7e08083000 rw-p 0006e000 00:20 450119                     /usr/lib64/libGLX_mesa.so.0.0.0
7f7e08083000-7f7e08285000 rw-p 00000000 00:00 0 
7f7e08285000-7f7e0845f000 r--s 03d6a000 00:20 711758                     /usr/lib/jvm/jdk1.8.0_202/jre/lib/rt.jar
7f7e0845f000-7f7e08460000 ---p 00000000 00:00 0 
7f7e08460000-7f7e08560000 rw-p 00000000 00:00 0 
7f7e08560000-7f7e08561000 ---p 00000000 00:00 0 
7f7e08561000-7f7e086d4000 rw-p 00000000 00:00 0 
7f7e086d4000-7f7e08d87000 ---p 00000000 00:00 0 
7f7e08d87000-7f7e08dfa000 rw-p 00000000 00:00 0 
7f7e08dfa000-7f7e094ac000 ---p 00000000 00:00 0 
7f7e094ac000-7f7e094e6000 rw-p 00000000 00:00 0 
7f7e094e6000-7f7e0983f000 ---p 00000000 00:00 0 
7f7e0983f000-7f7e0984a000 rw-p 00000000 00:00 0 
7f7e0984a000-7f7e09c00000 ---p 00000000 00:00 0 
7f7e09c00000-7f7e09c1b000 r-xp 00000000 00:20 711973                     /usr/lib/jvm/jdk1.8.0_202/jre/lib/amd64/libzip.so
7f7e09c1b000-7f7e09e1a000 ---p 0001b000 00:20 711973                     /usr/lib/jvm/jdk1.8.0_202/jre/lib/amd64/libzip.so
7f7e09e1a000-7f7e09e1b000 r--p 0001a000 00:20 711973                     /usr/lib/jvm/jdk1.8.0_202/jre/lib/amd64/libzip.so
7f7e09e1b000-7f7e09e1c000 rw-p 0001b000 00:20 711973                     /usr/lib/jvm/jdk1.8.0_202/jre/lib/amd64/libzip.so
7f7e09e1c000-7f7e09e1e000 r--p 00000000 00:20 452390                     /usr/lib64/libgmodule-2.0.so.0.7800.1
7f7e09e1e000-7f7e09e20000 r-xp 00002000 00:20 452390                     /usr/lib64/libgmodule-2.0.so.0.7800.1
7f7e09e20000-7f7e09e21000 r--p 00004000 00:20 452390                     /usr/lib64/libgmodule-2.0.so.0.7800.1
7f7e09e21000-7f7e09e22000 r--p 00004000 00:20 452390                     /usr/lib64/libgmodule-2.0.so.0.7800.1
7f7e09e22000-7f7e09e23000 rw-p 00005000 00:20 452390                     /usr/lib64/libgmodule-2.0.so.0.7800.1
7f7e09e23000-7f7e09e24000 r--p 00000000 00:20 433187                     /usr/lib64/libxcb-present.so.0.0.0
7f7e09e24000-7f7e09e25000 r-xp 00001000 00:20 433187                     /usr/lib64/libxcb-present.so.0.0.0
7f7e09e25000-7f7e09e26000 r--p 00002000 00:20 433187                     /usr/lib64/libxcb-present.so.0.0.0
7f7e09e26000-7f7e09e27000 r--p 00002000 00:20 433187                     /usr/lib64/libxcb-present.so.0.0.0
7f7e09e27000-7f7e09e28000 rw-p 00003000 00:20 433187                     /usr/lib64/libxcb-present.so.0.0.0
7f7e09e28000-7f7e09e33000 r--p 00000000 00:20 433185                     /usr/lib64/libxcb-glx.so.0.0.0
7f7e09e33000-7f7e09e3c000 r-xp 0000b000 00:20 433185                     /usr/lib64/libxcb-glx.so.0.0.0
7f7e09e3c000-7f7e09e41000 r--p 00014000 00:20 433185                     /usr/lib64/libxcb-glx.so.0.0.0
7f7e09e41000-7f7e09e43000 r--p 00019000 00:20 433185                     /usr/lib64/libxcb-glx.so.0.0.0
7f7e09e43000-7f7e09e44000 rw-p 0001b000 00:20 433185                     /usr/lib64/libxcb-glx.so.0.0.0
7f7e09e44000-7f7e09e51000 r--p 00000000 00:20 442732                     /usr/lib64/libglapi.so.0.0.0
7f7e09e51000-7f7e09e5f000 r-xp 0000d000 00:20 442732                     /usr/lib64/libglapi.so.0.0.0
7f7e09e5f000-7f7e09e73000 r--p 0001b000 00:20 442732                     /usr/lib64/libglapi.so.0.0.0
7f7e09e73000-7f7e09e77000 r--p 0002f000 00:20 442732                     /usr/lib64/libglapi.so.0.0.0
7f7e09e77000-7f7e09e78000 rw-p 00000000 00:00 0 
7f7e09e78000-7f7e09ebb000 r--p 00000000 00:20 450113                     /usr/lib64/libGL.so.1.7.0
7f7e09ebb000-7f7e09edb000 r-xp 00043000 00:20 450113                     /usr/lib64/libGL.so.1.7.0
7f7e09edb000-7f7e09eef000 r--p 00063000 00:20 450113                     /usr/lib64/libGL.so.1.7.0
7f7e09eef000-7f7e09efd000 r--p 00077000 00:20 450113                     /usr/lib64/libGL.so.1.7.0
7f7e09efd000-7f7e09efe000 rw-p 00085000 00:20 450113                     /usr/lib64/libGL.so.1.7.0
7f7e09efe000-7f7e09eff000 rw-p 00000000 00:00 0 
7f7e09eff000-7f7e09f00000 ---p 00000000 00:00 0 
7f7e09f00000-7f7e0a000000 rw-p 00000000 00:00 0 
7f7e0a000000-7f7e0a02c000 r-xp 00000000 00:20 711967                     /usr/lib/jvm/jdk1.8.0_202/jre/lib/amd64/libjava.so
7f7e0a02c000-7f7e0a22b000 ---p 0002c000 00:20 711967                     /usr/lib/jvm/jdk1.8.0_202/jre/lib/amd64/libjava.so
7f7e0a22b000-7f7e0a22c000 r--p 0002b000 00:20 711967                     /usr/lib/jvm/jdk1.8.0_202/jre/lib/amd64/libjava.so
7f7e0a22c000-7f7e0a22e000 rw-p 0002c000 00:20 711967                     /usr/lib/jvm/jdk1.8.0_202/jre/lib/amd64/libjava.so
7f7e0a22e000-7f7e0a22f000 r--p 00000000 00:20 583746                     /etc/dconf/db/local
7f7e0a22f000-7f7e0a231000 r--p 00000000 00:20 433183                     /usr/lib64/libxcb-dri3.so.0.0.0
7f7e0a231000-7f7e0a233000 r-xp 00002000 00:20 433183                     /usr/lib64/libxcb-dri3.so.0.0.0
7f7e0a233000-7f7e0a234000 r--p 00004000 00:20 433183                     /usr/lib64/libxcb-dri3.so.0.0.0
7f7e0a234000-7f7e0a235000 r--p 00004000 00:20 433183                     /usr/lib64/libxcb-dri3.so.0.0.0
7f7e0a235000-7f7e0a236000 rw-p 00005000 00:20 433183                     /usr/lib64/libxcb-dri3.so.0.0.0
7f7e0a236000-7f7e0a239000 r--p 00000000 00:20 450115                     /usr/lib64/libGLX.so.0.0.0
7f7e0a239000-7f7e0a254000 r-xp 00003000 00:20 450115                     /usr/lib64/libGLX.so.0.0.0
7f7e0a254000-7f7e0a257000 r--p 0001e000 00:20 450115                     /usr/lib64/libGLX.so.0.0.0
7f7e0a257000-7f7e0a258000 r--p 00020000 00:20 450115                     /usr/lib64/libGLX.so.0.0.0
7f7e0a258000-7f7e0a259000 rw-p 00021000 00:20 450115                     /usr/lib64/libGLX.so.0.0.0
7f7e0a259000-7f7e0a269000 rw-p 00000000 00:00 0 
7f7e0a269000-7f7e0a2ff000 r--s 01111000 00:20 711820                     /usr/lib/jvm/jdk1.8.0_202/jre/lib/ext/jfxrt.jar
7f7e0a2ff000-7f7e0a300000 ---p 00000000 00:00 0 
7f7e0a300000-7f7e0a400000 rw-p 00000000 00:00 0 
7f7e0a400000-7f7e0a40d000 r-xp 00000000 00:20 711972                     /usr/lib/jvm/jdk1.8.0_202/jre/lib/amd64/libverify.so
7f7e0a40d000-7f7e0a60c000 ---p 0000d000 00:20 711972                     /usr/lib/jvm/jdk1.8.0_202/jre/lib/amd64/libverify.so
7f7e0a60c000-7f7e0a60e000 r--p 0000c000 00:20 711972                     /usr/lib/jvm/jdk1.8.0_202/jre/lib/amd64/libverify.so
7f7e0a60e000-7f7e0a60f000 rw-p 0000e000 00:20 711972                     /usr/lib/jvm/jdk1.8.0_202/jre/lib/amd64/libverify.so
7f7e0a60f000-7f7e0a610000 r--p 00000000 00:20 433648                     /usr/lib64/libxshmfence.so.1.0.0
7f7e0a610000-7f7e0a611000 r-xp 00001000 00:20 433648                     /usr/lib64/libxshmfence.so.1.0.0
7f7e0a611000-7f7e0a612000 r--p 00002000 00:20 433648                     /usr/lib64/libxshmfence.so.1.0.0
7f7e0a612000-7f7e0a613000 r--p 00002000 00:20 433648                     /usr/lib64/libxshmfence.so.1.0.0
7f7e0a613000-7f7e0a614000 rw-p 00000000 00:00 0 
7f7e0a614000-7f7e0a616000 r--p 00000000 00:20 449964                     /usr/lib64/libXfixes.so.3.1.0
7f7e0a616000-7f7e0a619000 r-xp 00002000 00:20 449964                     /usr/lib64/libXfixes.so.3.1.0
7f7e0a619000-7f7e0a61a000 r--p 00005000 00:20 449964                     /usr/lib64/libXfixes.so.3.1.0
7f7e0a61a000-7f7e0a61b000 r--p 00005000 00:20 449964                     /usr/lib64/libXfixes.so.3.1.0
7f7e0a61b000-7f7e0a61c000 rw-p 00006000 00:20 449964                     /usr/lib64/libXfixes.so.3.1.0
7f7e0a61c000-7f7e0a61e000 r--p 00000000 00:20 433181                     /usr/lib64/libxcb-dri2.so.0.0.0
7f7e0a61e000-7f7e0a620000 r-xp 00002000 00:20 433181                     /usr/lib64/libxcb-dri2.so.0.0.0
7f7e0a620000-7f7e0a621000 r--p 00004000 00:20 433181                     /usr/lib64/libxcb-dri2.so.0.0.0
7f7e0a621000-7f7e0a622000 r--p 00004000 00:20 433181                     /usr/lib64/libxcb-dri2.so.0.0.0
7f7e0a622000-7f7e0a623000 rw-p 00005000 00:20 433181                     /usr/lib64/libxcb-dri2.so.0.0.0
7f7e0a623000-7f7e0a628000 r--p 00000000 00:20 433474                     /usr/lib64/libdrm.so.2.4.0
7f7e0a628000-7f7e0a634000 r-xp 00005000 00:20 433474                     /usr/lib64/libdrm.so.2.4.0
7f7e0a634000-7f7e0a638000 r--p 00011000 00:20 433474                     /usr/lib64/libdrm.so.2.4.0
7f7e0a638000-7f7e0a639000 r--p 00014000 00:20 433474                     /usr/lib64/libdrm.so.2.4.0
7f7e0a639000-7f7e0a6ff000 rw-p 00000000 00:00 0 
7f7e0a6ff000-7f7e0a700000 ---p 00000000 00:00 0 
7f7e0a700000-7f7e0a703000 ---p 00000000 00:00 0 
7f7e0a703000-7f7e0a800000 rw-p 00000000 00:00 0 
7f7e0a800000-7f7e0b4e8000 r-xp 00000000 00:20 711948                     /usr/lib/jvm/jdk1.8.0_202/jre/lib/amd64/server/libjvm.so
7f7e0b4e8000-7f7e0b6e7000 ---p 00ce8000 00:20 711948                     /usr/lib/jvm/jdk1.8.0_202/jre/lib/amd64/server/libjvm.so
7f7e0b6e7000-7f7e0b77d000 r--p 00ce7000 00:20 711948                     /usr/lib/jvm/jdk1.8.0_202/jre/lib/amd64/server/libjvm.so
7f7e0b77d000-7f7e0b7ae000 rw-p 00d7d000 00:20 711948                     /usr/lib/jvm/jdk1.8.0_202/jre/lib/amd64/server/libjvm.so
7f7e0b7ae000-7f7e0b7e9000 rw-p 00000000 00:00 0 
7f7e0b7e9000-7f7e0b7ea000 r--p 00000000 00:20 433201                     /usr/lib64/libxcb-shm.so.0.0.0
7f7e0b7ea000-7f7e0b7eb000 r-xp 00001000 00:20 433201                     /usr/lib64/libxcb-shm.so.0.0.0
7f7e0b7eb000-7f7e0b7ec000 r--p 00002000 00:20 433201                     /usr/lib64/libxcb-shm.so.0.0.0
7f7e0b7ec000-7f7e0b7ed000 r--p 00002000 00:20 433201                     /usr/lib64/libxcb-shm.so.0.0.0
7f7e0b7ed000-7f7e0b7ee000 rw-p 00003000 00:20 433201                     /usr/lib64/libxcb-shm.so.0.0.0
7f7e0b7ee000-7f7e0b7ef000 r--p 00000000 00:20 432824                     /usr/lib64/libX11-xcb.so.1.0.0
7f7e0b7ef000-7f7e0b7f0000 r-xp 00001000 00:20 432824                     /usr/lib64/libX11-xcb.so.1.0.0
7f7e0b7f0000-7f7e0b7f1000 r--p 00002000 00:20 432824                     /usr/lib64/libX11-xcb.so.1.0.0
7f7e0b7f1000-7f7e0b7f2000 r--p 00002000 00:20 432824                     /usr/lib64/libX11-xcb.so.1.0.0
7f7e0b7f2000-7f7e0b7f3000 rw-p 00000000 00:00 0 
7f7e0b7f3000-7f7e0b7ff000 r--p 00000000 00:20 433223                     /usr/lib64/libxcb.so.1.1.0
7f7e0b7ff000-7f7e0b813000 r-xp 0000c000 00:20 433223                     /usr/lib64/libxcb.so.1.1.0
7f7e0b813000-7f7e0b81c000 r--p 00020000 00:20 433223                     /usr/lib64/libxcb.so.1.1.0
7f7e0b81c000-7f7e0b81d000 r--p 00028000 00:20 433223                     /usr/lib64/libxcb.so.1.1.0
7f7e0b81d000-7f7e0b81e000 rw-p 00029000 00:20 433223                     /usr/lib64/libxcb.so.1.1.0
7f7e0b81e000-7f7e0b844000 r--p 00000000 00:20 430142                     /usr/lib64/libc.so.6
7f7e0b844000-7f7e0b9a4000 r-xp 00026000 00:20 430142                     /usr/lib64/libc.so.6
7f7e0b9a4000-7f7e0b9f2000 r--p 00186000 00:20 430142                     /usr/lib64/libc.so.6
7f7e0b9f2000-7f7e0b9f6000 r--p 001d3000 00:20 430142                     /usr/lib64/libc.so.6
7f7e0b9f6000-7f7e0b9f8000 rw-p 001d7000 00:20 430142                     /usr/lib64/libc.so.6
7f7e0b9f8000-7f7e0ba00000 rw-p 00000000 00:00 0 
7f7e0ba00000-7f7e0ba17000 r-xp 00000000 00:20 711620                     /usr/lib/jvm/jdk1.8.0_202/lib/amd64/jli/libjli.so
7f7e0ba17000-7f7e0bc16000 ---p 00017000 00:20 711620                     /usr/lib/jvm/jdk1.8.0_202/lib/amd64/jli/libjli.so
7f7e0bc16000-7f7e0bc17000 r--p 00016000 00:20 711620                     /usr/lib/jvm/jdk1.8.0_202/lib/amd64/jli/libjli.so
7f7e0bc17000-7f7e0bc18000 rw-p 00017000 00:20 711620                     /usr/lib/jvm/jdk1.8.0_202/lib/amd64/jli/libjli.so
7f7e0bc18000-7f7e0bc19000 r--p 00000000 00:20 433144                     /usr/lib64/libXau.so.6.0.0
7f7e0bc19000-7f7e0bc1b000 r-xp 00001000 00:20 433144                     /usr/lib64/libXau.so.6.0.0
7f7e0bc1b000-7f7e0bc1c000 r--p 00003000 00:20 433144                     /usr/lib64/libXau.so.6.0.0
7f7e0bc1c000-7f7e0bc1d000 r--p 00003000 00:20 433144                     /usr/lib64/libXau.so.6.0.0
7f7e0bc1d000-7f7e0bc1e000 rw-p 00000000 00:00 0 
7f7e0bc1e000-7f7e0bc22000 r--p 00000000 00:20 449959                     /usr/lib64/libXext.so.6.4.0
7f7e0bc22000-7f7e0bc2d000 r-xp 00004000 00:20 449959                     /usr/lib64/libXext.so.6.4.0
7f7e0bc2d000-7f7e0bc30000 r--p 0000f000 00:20 449959                     /usr/lib64/libXext.so.6.4.0
7f7e0bc30000-7f7e0bc31000 r--p 00011000 00:20 449959                     /usr/lib64/libXext.so.6.4.0
7f7e0bc31000-7f7e0bc32000 rw-p 00012000 00:20 449959                     /usr/lib64/libXext.so.6.4.0
7f7e0bc32000-7f7e0bc33000 r--s 00000000 00:4c 2421                       /run/user/1000/dconf/user
7f7e0bc33000-7f7e0bc34000 rw-s 113cfb000 00:05 513                       /dev/dri/renderD128
7f7e0bc34000-7f7e0bc36000 r--p 00000000 00:20 433480                     /usr/lib64/libdrm_nouveau.so.2.0.0
7f7e0bc36000-7f7e0bc3b000 r-xp 00002000 00:20 433480                     /usr/lib64/libdrm_nouveau.so.2.0.0
7f7e0bc3b000-7f7e0bc3c000 r--p 00007000 00:20 433480                     /usr/lib64/libdrm_nouveau.so.2.0.0
7f7e0bc3c000-7f7e0bc3d000 r--p 00008000 00:20 433480                     /usr/lib64/libdrm_nouveau.so.2.0.0
7f7e0bc3d000-7f7e0bc3e000 rw-p 00000000 00:00 0 
7f7e0bc3e000-7f7e0bc45000 r--s 00000000 00:20 580201                     /usr/lib64/gconv/gconv-modules.cache
7f7e0bc45000-7f7e0bd0c000 rw-p 00000000 00:00 0 
7f7e0bd0c000-7f7e0bd0d000 r--p 00000000 00:20 430152                     /usr/lib64/librt.so.1
7f7e0bd0d000-7f7e0bd0e000 r-xp 00001000 00:20 430152                     /usr/lib64/librt.so.1
7f7e0bd0e000-7f7e0bd0f000 r--p 00002000 00:20 430152                     /usr/lib64/librt.so.1
7f7e0bd0f000-7f7e0bd10000 r--p 00002000 00:20 430152                     /usr/lib64/librt.so.1
7f7e0bd10000-7f7e0bd11000 rw-p 00000000 00:00 0 
7f7e0bd11000-7f7e0bd21000 r--p 00000000 00:20 430145                     /usr/lib64/libm.so.6
7f7e0bd21000-7f7e0bd96000 r-xp 00010000 00:20 430145                     /usr/lib64/libm.so.6
7f7e0bd96000-7f7e0bdf0000 r--p 00085000 00:20 430145                     /usr/lib64/libm.so.6
7f7e0bdf0000-7f7e0bdf1000 r--p 000de000 00:20 430145                     /usr/lib64/libm.so.6
7f7e0bdf1000-7f7e0bdf2000 rw-p 000df000 00:20 430145                     /usr/lib64/libm.so.6
7f7e0bdf2000-7f7e0bdf4000 rw-p 00000000 00:00 0 
7f7e0bdf4000-7f7e0bdf5000 r--p 00000000 00:20 430144                     /usr/lib64/libdl.so.2
7f7e0bdf5000-7f7e0bdf6000 r-xp 00001000 00:20 430144                     /usr/lib64/libdl.so.2
7f7e0bdf6000-7f7e0bdf7000 r--p 00002000 00:20 430144                     /usr/lib64/libdl.so.2
7f7e0bdf7000-7f7e0bdf8000 r--p 00002000 00:20 430144                     /usr/lib64/libdl.so.2
7f7e0bdf8000-7f7e0bdf9000 rw-p 00000000 00:00 0 
7f7e0bdf9000-7f7e0bdfa000 r--p 00000000 00:20 430150                     /usr/lib64/libpthread.so.0
7f7e0bdfa000-7f7e0bdfb000 r-xp 00001000 00:20 430150                     /usr/lib64/libpthread.so.0
7f7e0bdfb000-7f7e0bdfc000 r--p 00002000 00:20 430150                     /usr/lib64/libpthread.so.0
7f7e0bdfc000-7f7e0bdfd000 r--p 00002000 00:20 430150                     /usr/lib64/libpthread.so.0
7f7e0bdfd000-7f7e0bdfe000 rw-p 00000000 00:00 0 
7f7e0bdfe000-7f7e0bdff000 r--p 00000000 00:20 450107                     /usr/lib64/libXxf86vm.so.1.0.0
7f7e0bdff000-7f7e0be02000 r-xp 00001000 00:20 450107                     /usr/lib64/libXxf86vm.so.1.0.0
7f7e0be02000-7f7e0be03000 r--p 00004000 00:20 450107                     /usr/lib64/libXxf86vm.so.1.0.0
7f7e0be03000-7f7e0be04000 r--p 00004000 00:20 450107                     /usr/lib64/libXxf86vm.so.1.0.0
7f7e0be04000-7f7e0be05000 rw-p 00005000 00:20 450107                     /usr/lib64/libXxf86vm.so.1.0.0
7f7e0be05000-7f7e0be07000 r--s 0009c000 00:20 95271                      /home/neon/NetBeansProjects/ProyectFerreteria/dist/run2081873778/CarritoDeCompras_Ferreteria.jar
7f7e0be07000-7f7e0be0f000 rw-s 00000000 00:26 2091                       /tmp/hsperfdata_neon/19071
7f7e0be0f000-7f7e0be10000 rw-p 00000000 00:00 0 
7f7e0be10000-7f7e0be11000 r--p 00000000 00:00 0 
7f7e0be11000-7f7e0be13000 rw-p 00000000 00:00 0 
7f7e0be13000-7f7e0be14000 r--p 00000000 00:20 430139                     /usr/lib64/ld-linux-x86-64.so.2
7f7e0be14000-7f7e0be3b000 r-xp 00001000 00:20 430139                     /usr/lib64/ld-linux-x86-64.so.2
7f7e0be3b000-7f7e0be45000 r--p 00028000 00:20 430139                     /usr/lib64/ld-linux-x86-64.so.2
7f7e0be45000-7f7e0be47000 r--p 00031000 00:20 430139                     /usr/lib64/ld-linux-x86-64.so.2
7f7e0be47000-7f7e0be49000 rw-p 00033000 00:20 430139                     /usr/lib64/ld-linux-x86-64.so.2
7ffeb809e000-7ffeb80bf000 rw-p 00000000 00:00 0                          [stack]
7ffeb80eb000-7ffeb80ef000 r--p 00000000 00:00 0                          [vvar]
7ffeb80ef000-7ffeb80f1000 r-xp 00000000 00:00 0                          [vdso]
ffffffffff600000-ffffffffff601000 --xp 00000000 00:00 0                  [vsyscall]

VM Arguments:
jvm_args: -Dfile.encoding=UTF-8 
java_command: /home/neon/NetBeansProjects/ProyectFerreteria/dist/run2081873778/CarritoDeCompras_Ferreteria.jar
java_class_path (initial): /home/neon/NetBeansProjects/ProyectFerreteria/dist/run2081873778/CarritoDeCompras_Ferreteria.jar
Launcher Type: SUN_STANDARD

Environment Variables:
PATH=/home/neon/.local/bin:/home/neon/bin:/usr/local/bin:/usr/local/sbin:/usr/bin:/usr/sbin
USERNAME=neon
SHELL=/bin/bash
DISPLAY=:0

Signal Handlers:
SIGSEGV: [libjvm.so+0xad3ce0], sa_mask[0]=11111111011111111101111111111110, sa_flags=SA_RESTART|SA_SIGINFO
SIGBUS: [libjvm.so+0xad3ce0], sa_mask[0]=11111111011111111101111111111110, sa_flags=SA_RESTART|SA_SIGINFO
SIGFPE: [libjvm.so+0x90b820], sa_mask[0]=11111111011111111101111111111110, sa_flags=SA_RESTART|SA_SIGINFO
SIGPIPE: SIG_IGN, sa_mask[0]=00000000000010000000000000000000, sa_flags=SA_RESTART
SIGXFSZ: [libjvm.so+0x90b820], sa_mask[0]=11111111011111111101111111111110, sa_flags=SA_RESTART|SA_SIGINFO
SIGILL: [libjvm.so+0x90b820], sa_mask[0]=11111111011111111101111111111110, sa_flags=SA_RESTART|SA_SIGINFO
SIGUSR1: SIG_DFL, sa_mask[0]=00000000000000000000000000000000, sa_flags=none
SIGUSR2: [libjvm.so+0x90b6f0], sa_mask[0]=00100000000000000000000000000000, sa_flags=SA_RESTART|SA_SIGINFO
SIGHUP: [libjvm.so+0x90bd10], sa_mask[0]=11111111011111111101111111111110, sa_flags=SA_RESTART|SA_SIGINFO
SIGINT: SIG_IGN, sa_mask[0]=00000000000000000000000000000000, sa_flags=none
SIGTERM: [libjvm.so+0x90bd10], sa_mask[0]=11111111011111111101111111111110, sa_flags=SA_RESTART|SA_SIGINFO
SIGQUIT: [libjvm.so+0x90bd10], sa_mask[0]=11111111011111111101111111111110, sa_flags=SA_RESTART|SA_SIGINFO


---------------  S Y S T E M  ---------------

OS:Fedora release 39 (Thirty Nine)

uname:Linux 6.6.2-201.fc39.x86_64 #1 SMP PREEMPT_DYNAMIC Wed Nov 22 21:31:42 UTC 2023 x86_64
libc:glibc 2.38 NPTL 2.38 
rlimit: STACK 8192k, CORE infinity, NPROC 87561, NOFILE 524288, AS infinity
load average:3,90 2,12 1,61

/proc/meminfo:
MemTotal:       22476644 kB
MemFree:         4248612 kB
MemAvailable:   14514468 kB
Buffers:            5012 kB
Cached:         10698728 kB
SwapCached:            0 kB
Active:          8939524 kB
Inactive:        8292804 kB
Active(anon):    6562404 kB
Inactive(anon):   180460 kB
Active(file):    2377120 kB
Inactive(file):  8112344 kB
Unevictable:        6008 kB
Mlocked:            6008 kB
SwapTotal:       8388604 kB
SwapFree:        8388604 kB
Zswap:                 0 kB
Zswapped:              0 kB
Dirty:              1652 kB
Writeback:             0 kB
AnonPages:       6534664 kB
Mapped:          1237508 kB
Shmem:            208848 kB
KReclaimable:     142260 kB
Slab:             325864 kB
SReclaimable:     142260 kB
SUnreclaim:       183604 kB
KernelStack:       22800 kB
PageTables:        64440 kB
SecPageTables:         0 kB
NFS_Unstable:          0 kB
Bounce:                0 kB
WritebackTmp:          0 kB
CommitLimit:    19626924 kB
Committed_AS:   20798780 kB
VmallocTotal:   34359738367 kB
VmallocUsed:       98548 kB
VmallocChunk:          0 kB
Percpu:            17792 kB
HardwareCorrupted:     0 kB
AnonHugePages:         0 kB
ShmemHugePages:        0 kB
ShmemPmdMapped:        0 kB
FileHugePages:         0 kB
FilePmdMapped:         0 kB
CmaTotal:              0 kB
CmaFree:               0 kB
Unaccepted:            0 kB
HugePages_Total:       0
HugePages_Free:        0
HugePages_Rsvd:        0
HugePages_Surp:        0
Hugepagesize:       2048 kB
Hugetlb:               0 kB
DirectMap4k:      558100 kB
DirectMap2M:    19302400 kB
DirectMap1G:     4194304 kB


CPU:total 16 (initial active 4) (4 cores per cpu, 1 threads per core) family 23 model 24 stepping 1, cmov, cx8, fxsr, mmx, sse, sse2, sse3, ssse3, sse4.1, sse4.2, popcnt, avx, avx2, aes, clmul, mmxext, 3dnowpref, lzcnt, sse4a, tsc, tscinvbit, tscinv, bmi1

/proc/cpuinfo:
processor	: 0
vendor_id	: AuthenticAMD
cpu family	: 23
model		: 24
model name	: AMD Ryzen 3 3200U with Radeon Vega Mobile Gfx
stepping	: 1
microcode	: 0x8108109
cpu MHz		: 2794.122
cache size	: 512 KB
physical id	: 0
siblings	: 4
core id		: 0
cpu cores	: 2
apicid		: 0
initial apicid	: 0
fpu		: yes
fpu_exception	: yes
cpuid level	: 13
wp		: yes
flags		: fpu vme de pse tsc msr pae mce cx8 apic sep mtrr pge mca cmov pat pse36 clflush mmx fxsr sse sse2 ht syscall nx mmxext fxsr_opt pdpe1gb rdtscp lm constant_tsc rep_good nopl nonstop_tsc cpuid extd_apicid aperfmperf rapl pni pclmulqdq monitor ssse3 fma cx16 sse4_1 sse4_2 movbe popcnt aes xsave avx f16c rdrand lahf_lm cmp_legacy svm extapic cr8_legacy abm sse4a misalignsse 3dnowprefetch osvw skinit wdt tce topoext perfctr_core perfctr_nb bpext perfctr_llc mwaitx cpb hw_pstate ssbd ibpb vmmcall fsgsbase bmi1 avx2 smep bmi2 rdseed adx smap clflushopt sha_ni xsaveopt xsavec xgetbv1 clzero irperf xsaveerptr arat npt lbrv svm_lock nrip_save tsc_scale vmcb_clean flushbyasid decodeassists pausefilter pfthreshold avic v_vmsave_vmload vgif overflow_recov succor smca sev sev_es
bugs		: sysret_ss_attrs null_seg spectre_v1 spectre_v2 spec_store_bypass retbleed smt_rsb srso div0
bogomips	: 5189.77
TLB size	: 2560 4K pages
clflush size	: 64
cache_alignment	: 64
address sizes	: 43 bits physical, 48 bits virtual
power management: ts ttp tm hwpstate eff_freq_ro [13] [14]

processor	: 1
vendor_id	: AuthenticAMD
cpu family	: 23
model		: 24
model name	: AMD Ryzen 3 3200U with Radeon Vega Mobile Gfx
stepping	: 1
microcode	: 0x8108109
cpu MHz		: 2794.426
cache size	: 512 KB
physical id	: 0
siblings	: 4
core id		: 0
cpu cores	: 2
apicid		: 1
initial apicid	: 1
fpu		: yes
fpu_exception	: yes
cpuid level	: 13
wp		: yes
flags		: fpu vme de pse tsc msr pae mce cx8 apic sep mtrr pge mca cmov pat pse36 clflush mmx fxsr sse sse2 ht syscall nx mmxext fxsr_opt pdpe1gb rdtscp lm constant_tsc rep_good nopl nonstop_tsc cpuid extd_apicid aperfmperf rapl pni pclmulqdq monitor ssse3 fma cx16 sse4_1 sse4_2 movbe popcnt aes xsave avx f16c rdrand lahf_lm cmp_legacy svm extapic cr8_legacy abm sse4a misalignsse 3dnowprefetch osvw skinit wdt tce topoext perfctr_core perfctr_nb bpext perfctr_llc mwaitx cpb hw_pstate ssbd ibpb vmmcall fsgsbase bmi1 avx2 smep bmi2 rdseed adx smap clflushopt sha_ni xsaveopt xsavec xgetbv1 clzero irperf xsaveerptr arat npt lbrv svm_lock nrip_save tsc_scale vmcb_clean flushbyasid decodeassists pausefilter pfthreshold avic v_vmsave_vmload vgif overflow_recov succor smca sev sev_es
bugs		: sysret_ss_attrs null_seg spectre_v1 spectre_v2 spec_store_bypass retbleed smt_rsb srso div0
bogomips	: 5189.77
TLB size	: 2560 4K pages
clflush size	: 64
cache_alignment	: 64
address sizes	: 43 bits physical, 48 bits virtual
power management: ts ttp tm hwpstate eff_freq_ro [13] [14]

processor	: 2
vendor_id	: AuthenticAMD
cpu family	: 23
model		: 24
model name	: AMD Ryzen 3 3200U with Radeon Vega Mobile Gfx
stepping	: 1
microcode	: 0x8108109
cpu MHz		: 3493.011
cache size	: 512 KB
physical id	: 0
siblings	: 4
core id		: 1
cpu cores	: 2
apicid		: 2
initial apicid	: 2
fpu		: yes
fpu_exception	: yes
cpuid level	: 13
wp		: yes
flags		: fpu vme de pse tsc msr pae mce cx8 apic sep mtrr pge mca cmov pat pse36 clflush mmx fxsr sse sse2 ht syscall nx mmxext fxsr_opt pdpe1gb rdtscp lm constant_tsc rep_good nopl nonstop_tsc cpuid extd_apicid aperfmperf rapl pni pclmulqdq monitor ssse3 fma cx16 sse4_1 sse4_2 movbe popcnt aes xsave avx f16c rdrand lahf_lm cmp_legacy svm extapic cr8_legacy abm sse4a misalignsse 3dnowprefetch osvw skinit wdt tce topoext perfctr_core perfctr_nb bpext perfctr_llc mwaitx cpb hw_pstate ssbd ibpb vmmcall fsgsbase bmi1 avx2 smep bmi2 rdseed adx smap clflushopt sha_ni xsaveopt xsavec xgetbv1 clzero irperf xsaveerptr arat npt lbrv svm_lock nrip_save tsc_scale vmcb_clean flushbyasid decodeassists pausefilter pfthreshold avic v_vmsave_vmload vgif overflow_recov succor smca sev sev_es
bugs		: sysret_ss_attrs null_seg spectre_v1 spectre_v2 spec_store_bypass retbleed smt_rsb srso div0
bogomips	: 5189.77
TLB size	: 2560 4K pages
clflush size	: 64
cache_alignment	: 64
address sizes	: 43 bits physical, 48 bits virtual
power management: ts ttp tm hwpstate eff_freq_ro [13] [14]

processor	: 3
vendor_id	: AuthenticAMD
cpu family	: 23
model		: 24
model name	: AMD Ryzen 3 3200U with Radeon Vega Mobile Gfx
stepping	: 1
microcode	: 0x8108109
cpu MHz		: 3476.646
cache size	: 512 KB
physical id	: 0
siblings	: 4
core id		: 1
cpu cores	: 2
apicid		: 3
initial apicid	: 3
fpu		: yes
fpu_exception	: yes
cpuid level	: 13
wp		: yes
flags		: fpu vme de pse tsc msr pae mce cx8 apic sep mtrr pge mca cmov pat pse36 clflush mmx fxsr sse sse2 ht syscall nx mmxext fxsr_opt pdpe1gb rdtscp lm constant_tsc rep_good nopl nonstop_tsc cpuid extd_apicid aperfmperf rapl pni pclmulqdq monitor ssse3 fma cx16 sse4_1 sse4_2 movbe popcnt aes xsave avx f16c rdrand lahf_lm cmp_legacy svm extapic cr8_legacy abm sse4a misalignsse 3dnowprefetch osvw skinit wdt tce topoext perfctr_core perfctr_nb bpext perfctr_llc mwaitx cpb hw_pstate ssbd ibpb vmmcall fsgsbase bmi1 avx2 smep bmi2 rdseed adx smap clflushopt sha_ni xsaveopt xsavec xgetbv1 clzero irperf xsaveerptr arat npt lbrv svm_lock nrip_save tsc_scale vmcb_clean flushbyasid decodeassists pausefilter pfthreshold avic v_vmsave_vmload vgif overflow_recov succor smca sev sev_es
bugs		: sysret_ss_attrs null_seg spectre_v1 spectre_v2 spec_store_bypass retbleed smt_rsb srso div0
bogomips	: 5189.77
TLB size	: 2560 4K pages
clflush size	: 64
cache_alignment	: 64
address sizes	: 43 bits physical, 48 bits virtual
power management: ts ttp tm hwpstate eff_freq_ro [13] [14]



Memory: 4k page, physical 22476644k(4248612k free), swap 8388604k(8388604k free)

vm_info: Java HotSpot(TM) 64-Bit Server VM (25.202-b08) for linux-amd64 JRE (1.8.0_202-b08), built on Dec 15 2018 12:40:22 by "java_re" with gcc 7.3.0

time: Sun Dec  3 17:48:08 2023
timezone: EST
elapsed time: 0 seconds (0d 0h 0m 0s)

