#
# A fatal error has been detected by the Java Runtime Environment:
#
#  SIGSEGV (0xb) at pc=0x0000000000000004, pid=19655, tid=0x00007ffa684476c0
#
# JRE version: Java(TM) SE Runtime Environment (8.0_202-b08) (build 1.8.0_202-b08)
# Java VM: Java HotSpot(TM) 64-Bit Server VM (25.202-b08 mixed mode linux-amd64 compressed oops)
# Problematic frame:
# C  0x0000000000000004
#
# Core dump written. Default location: /home/neon/NetBeansProjects/ProyectFerreteria/core or core.19655
#
# If you would like to submit a bug report, please visit:
#   http://bugreport.java.com/bugreport/crash.jsp
# The crash happened outside the Java Virtual Machine in native code.
# See problematic frame for where to report the bug.
#

---------------  T H R E A D  ---------------

Current thread (0x00007ffa9c42b000):  JavaThread "GtkNativeMainLoopThread" [_thread_in_native, id=19686, stack(0x00007ffa68348000,0x00007ffa68448000)]

siginfo: si_signo: 11 (SIGSEGV), si_code: 1 (SEGV_MAPERR), si_addr: 0x0000000000000004

Registers:
RAX=0x00007ffa9c33d330, RBX=0x00007ffa9c33a860, RCX=0x0000000000000002, RDX=0x0000000000000001
RSP=0x00007ffa68446088, RBP=0x00007ffa68446100, RSI=0x00007ffa68839654, RDI=0x00007ffa9c33a860
R8 =0x0000000000000000, R9 =0x00007ffa9c339e80, R10=0x00007ffa80cbfe30, R11=0x00007ffa80cec190
R12=0x00007ffa68839654, R13=0x0000000000000001, R14=0x0000000000000780, R15=0x0000000000000438
RIP=0x0000000000000004, EFLAGS=0x0000000000010206, CSGSFS=0x002b000000000033, ERR=0x0000000000000014
  TRAPNO=0x000000000000000e

Top of Stack: (sp=0x00007ffa68446088)
0x00007ffa68446088:   00007ffa80cec1d5 00000000000003d8
0x00007ffa68446098:   0000000000000000 0000000000000000
0x00007ffa684460a8:   00000007c00ab2b0 00007ffa9c33a860
0x00007ffa684460b8:   00007ffa9c33a690 00007ffa9c33a860
0x00007ffa684460c8:   0000000000000780 00007ffa684460e0
0x00007ffa684460d8:   fc595b0c9b86e000 00007ffa68446100
0x00007ffa684460e8:   00007ffa9c42b1f8 00007ffa9c33a860
0x00007ffa684460f8:   00007ffa9c33a860 00007ffa684461d0
0x00007ffa68446108:   00007ffa688189aa 00000000000003d8
0x00007ffa68446118:   00007ffa9c42b000 00007ffa9c601b40
0x00007ffa68446128:   00007ffa9c42b000 0000000000000001
0x00007ffa68446138:   000000009c42b1f8 00007ffa9c42b000
0x00007ffa68446148:   00007ffa9c42b000 00007ffa684461d0
0x00007ffa68446158:   00007ffaa44cbee4 00007ffa9c33a860
0x00007ffa68446168:   00007ffa9c33a690 00007ffaa0c82b68
0x00007ffa68446178:   000000074e3a93a0 00007ffa9c42b000
0x00007ffa68446188:   00007ffa9c42b000 0000000000000000
0x00007ffa68446198:   0000000000000001 00007ffa00000f90
0x00007ffa684461a8:   00007ffa9c42b1f8 0000000000000000
0x00007ffa684461b8:   0000000000000001 00007ffa00000f90
0x00007ffa684461c8:   00007ffa9c33a860 00007ffa68446210
0x00007ffa684461d8:   00007ffa68818ea6 00007ffaa0c82b68
0x00007ffa684461e8:   00007ffaa0c82b68 0000000000000000
0x00007ffa684461f8:   00007ffaa0c82b68 00007ffa684462a0
0x00007ffa68446208:   00007ffa9c42b000 00007ffa68446220
0x00007ffa68446218:   00007ffa688271b9 00007ffa68446280
0x00007ffa68446228:   00007ffa8d018087 0000001900000001
0x00007ffa68446238:   00007ffa8d017da2 00007ffa68446240
0x00007ffa68446248:   00007ffaa0c82b68 00007ffa684462a0
0x00007ffa68446258:   00007ffaa0ca3ed0 0000000000000000
0x00007ffa68446268:   00007ffaa0c82b68 0000000000000000
0x00007ffa68446278:   00007ffa684462a0 00007ffa684462e8 

Instructions: (pc=0x0000000000000004)
0xffffffffffffffe4:   

Register to memory mapping:

RAX=0x00007ffa9c33d330 is an unknown value
RBX=0x00007ffa9c33a860 is an unknown value
RCX=0x0000000000000002 is an unknown value
RDX=0x0000000000000001 is an unknown value
RSP=0x00007ffa68446088 is pointing into the stack for thread: 0x00007ffa9c42b000
RBP=0x00007ffa68446100 is pointing into the stack for thread: 0x00007ffa9c42b000
RSI=0x00007ffa68839654: <offset 0x39654> in /usr/lib/jvm/jdk1.8.0_202/jre/lib/amd64/libglassgtk3.so at 0x00007ffa68800000
RDI=0x00007ffa9c33a860 is an unknown value
R8 =0x0000000000000000 is an unknown value
R9 =0x00007ffa9c339e80 is an unknown value
R10=0x00007ffa80cbfe30: <offset 0x6e30> in /lib64/libX11.so.6 at 0x00007ffa80cb9000
R11=0x00007ffa80cec190: XInternAtom+0 in /lib64/libX11.so.6 at 0x00007ffa80cb9000
R12=0x00007ffa68839654: <offset 0x39654> in /usr/lib/jvm/jdk1.8.0_202/jre/lib/amd64/libglassgtk3.so at 0x00007ffa68800000
R13=0x0000000000000001 is an unknown value
R14=0x0000000000000780 is an unknown value
R15=0x0000000000000438 is an unknown value


Stack: [0x00007ffa68348000,0x00007ffa68448000],  sp=0x00007ffa68446088,  free space=1016k
Native frames: (J=compiled Java code, j=interpreted, Vv=VM code, C=native code)
C  0x0000000000000004
C  [libglassgtk3.so+0x189aa]  createJavaScreen(JNIEnv_*, _GdkScreen*, int)+0x5a
C  [libglassgtk3.so+0x18ea6]  rebuild_screens(JNIEnv_*)+0x76
C  [libglassgtk3.so+0x271b9]  Java_com_sun_glass_ui_gtk_GtkApplication_staticScreen_1getScreens+0x9
j  com.sun.glass.ui.gtk.GtkApplication.staticScreen_getScreens()[Lcom/sun/glass/ui/Screen;+0
j  com.sun.glass.ui.Screen.initScreens()V+6
j  com.sun.glass.ui.Application.lambda$run$93(Ljava/lang/Runnable;)V+0
j  com.sun.glass.ui.Application$$Lambda$42.run()V+4
v  ~StubRoutines::call_stub
V  [libjvm.so+0x68839b]  JavaCalls::call_helper(JavaValue*, methodHandle*, JavaCallArguments*, Thread*)+0xddb
V  [libjvm.so+0x6cfda8]  jni_invoke_nonstatic(JNIEnv_*, JavaValue*, _jobject*, JNICallType, _jmethodID*, JNI_ArgumentPusher*, Thread*) [clone .constprop.109]+0x208
V  [libjvm.so+0x6d1fba]  jni_CallVoidMethodV+0xea
C  [libglassgtk3.so+0x1b271]  JNIEnv_::CallVoidMethod(_jobject*, _jmethodID*, ...)+0x81
C  [libglassgtk3.so+0x270d1]  Java_com_sun_glass_ui_gtk_GtkApplication__1runLoop+0x21
j  com.sun.glass.ui.gtk.GtkApplication._runLoop(Ljava/lang/Runnable;Z)V+0
j  com.sun.glass.ui.gtk.GtkApplication.lambda$null$208(Ljava/lang/Runnable;Z)V+7
j  com.sun.glass.ui.gtk.GtkApplication$$Lambda$46.run()V+12
j  java.lang.Thread.run()V+11
v  ~StubRoutines::call_stub
V  [libjvm.so+0x68839b]  JavaCalls::call_helper(JavaValue*, methodHandle*, JavaCallArguments*, Thread*)+0xddb
V  [libjvm.so+0x685c63]  JavaCalls::call_virtual(JavaValue*, KlassHandle, Symbol*, Symbol*, JavaCallArguments*, Thread*)+0x263
V  [libjvm.so+0x686227]  JavaCalls::call_virtual(JavaValue*, Handle, KlassHandle, Symbol*, Symbol*, Thread*)+0x47
V  [libjvm.so+0x6f239c]  thread_entry(JavaThread*, Thread*)+0x6c
V  [libjvm.so+0xa7b9eb]  JavaThread::thread_main_inner()+0xdb
V  [libjvm.so+0xa7bcf1]  JavaThread::run()+0x2d1
V  [libjvm.so+0x90d8c2]  java_start(Thread*)+0x102
C  [libc.so.6+0x8e897]  start_thread+0x2f7
C  [libc.so.6+0x1156bc]  __clone3+0x2c

Java frames: (J=compiled Java code, j=interpreted, Vv=VM code)
j  com.sun.glass.ui.gtk.GtkApplication.staticScreen_getScreens()[Lcom/sun/glass/ui/Screen;+0
j  com.sun.glass.ui.Screen.initScreens()V+6
j  com.sun.glass.ui.Application.lambda$run$93(Ljava/lang/Runnable;)V+0
j  com.sun.glass.ui.Application$$Lambda$42.run()V+4
v  ~StubRoutines::call_stub
j  com.sun.glass.ui.gtk.GtkApplication._runLoop(Ljava/lang/Runnable;Z)V+0
j  com.sun.glass.ui.gtk.GtkApplication.lambda$null$208(Ljava/lang/Runnable;Z)V+7
j  com.sun.glass.ui.gtk.GtkApplication$$Lambda$46.run()V+12
j  java.lang.Thread.run()V+11
v  ~StubRoutines::call_stub

---------------  P R O C E S S  ---------------

Java Threads: ( => current thread )
=>0x00007ffa9c42b000 JavaThread "GtkNativeMainLoopThread" [_thread_in_native, id=19686, stack(0x00007ffa68348000,0x00007ffa68448000)]
  0x00007ffa9c48d800 JavaThread "Thread-1" daemon [_thread_blocked, id=19685, stack(0x00007ffa68448000,0x00007ffa68548000)]
  0x00007ffa9c2ee000 JavaThread "QuantumRenderer-0" daemon [_thread_blocked, id=19673, stack(0x00007ffa81071000,0x00007ffa81171000)]
  0x00007ffa9c19b000 JavaThread "Service Thread" daemon [_thread_blocked, id=19671, stack(0x00007ffa81272000,0x00007ffa81372000)]
  0x00007ffa9c185800 JavaThread "C1 CompilerThread2" daemon [_thread_blocked, id=19670, stack(0x00007ffa81373000,0x00007ffa81473000)]
  0x00007ffa9c184000 JavaThread "C2 CompilerThread1" daemon [_thread_blocked, id=19669, stack(0x00007ffa81474000,0x00007ffa81574000)]
  0x00007ffa9c181000 JavaThread "C2 CompilerThread0" daemon [_thread_in_native, id=19668, stack(0x00007ffa81575000,0x00007ffa81675000)]
  0x00007ffa9c17f800 JavaThread "Signal Dispatcher" daemon [_thread_blocked, id=19667, stack(0x00007ffa81675000,0x00007ffa81775000)]
  0x00007ffa9c14c000 JavaThread "Finalizer" daemon [_thread_blocked, id=19666, stack(0x00007ffa81775000,0x00007ffa81875000)]
  0x00007ffa9c149800 JavaThread "Reference Handler" daemon [_thread_blocked, id=19665, stack(0x00007ffa81875000,0x00007ffa81975000)]
  0x00007ffa9c009800 JavaThread "main" [_thread_blocked, id=19657, stack(0x00007ffaa3d00000,0x00007ffaa3e00000)]

Other Threads:
  0x00007ffa9c140000 VMThread [stack: 0x00007ffa81976000,0x00007ffa81a76000] [id=19664]
  0x00007ffa9c19d800 WatcherThread [stack: 0x00007ffa81172000,0x00007ffa81272000] [id=19672]

VM state:not at safepoint (normal execution)

VM Mutex/Monitor currently owned by a thread: None

heap address: 0x0000000669000000, size: 5488 MB, Compressed Oops mode: Zero based, Oop shift amount: 3
Narrow klass base: 0x0000000000000000, Narrow klass shift: 3
Compressed class space size: 1073741824 Address: 0x00000007c0000000

Heap:
 PSYoungGen      total 102912K, used 10630K [0x000000074db00000, 0x0000000754d80000, 0x00000007c0000000)
  eden space 88576K, 12% used [0x000000074db00000,0x000000074e561878,0x0000000753180000)
  from space 14336K, 0% used [0x0000000753f80000,0x0000000753f80000,0x0000000754d80000)
  to   space 14336K, 0% used [0x0000000753180000,0x0000000753180000,0x0000000753f80000)
 ParOldGen       total 235008K, used 0K [0x0000000669000000, 0x0000000677580000, 0x000000074db00000)
  object space 235008K, 0% used [0x0000000669000000,0x0000000669000000,0x0000000677580000)
 Metaspace       used 5420K, capacity 5968K, committed 6144K, reserved 1056768K
  class space    used 620K, capacity 727K, committed 768K, reserved 1048576K

Card table byte_map: [0x00007ffaa2387000,0x00007ffaa2e40000] byte_map_base: 0x00007ffa9f03f000

Marking Bits: (ParMarkBitMap*) 0x00007ffaa4dcbd80
 Begin Bits: [0x00007ffa82480000, 0x00007ffa87a40000)
 End Bits:   [0x00007ffa87a40000, 0x00007ffa8d000000)

Polling page: 0x00007ffaa5356000

CodeCache: size=245760Kb used=1856Kb max_used=1856Kb free=243904Kb
 bounds [0x00007ffa8d000000, 0x00007ffa8d270000, 0x00007ffa9c000000]
 total_blobs=709 nmethods=373 adapters=251
 compilation: enabled

Compilation events (10 events):
Event: 0,594 Thread 0x00007ffa9c185800 nmethod 366 0x00007ffa8d1ca610 code [0x00007ffa8d1ca780, 0x00007ffa8d1ca910]
Event: 0,594 Thread 0x00007ffa9c185800  368       3       java.lang.invoke.MemberName$Factory::resolveOrFail (52 bytes)
Event: 0,595 Thread 0x00007ffa9c185800 nmethod 368 0x00007ffa8d1cab50 code [0x00007ffa8d1cad20, 0x00007ffa8d1cb618]
Event: 0,595 Thread 0x00007ffa9c185800  372       3       java.lang.invoke.LambdaForm::parameterType (9 bytes)
Event: 0,595 Thread 0x00007ffa9c185800 nmethod 372 0x00007ffa8d1cb910 code [0x00007ffa8d1cba80, 0x00007ffa8d1cbc28]
Event: 0,595 Thread 0x00007ffa9c185800  369   !   3       java.lang.invoke.MemberName$Factory::resolve (145 bytes)
Event: 0,596 Thread 0x00007ffa9c185800 nmethod 369 0x00007ffa8d1cbd10 code [0x00007ffa8d1cbf00, 0x00007ffa8d1cc768]
Event: 0,596 Thread 0x00007ffa9c185800  371       3       java.lang.invoke.MemberName::checkForTypeAlias (168 bytes)
Event: 0,596 Thread 0x00007ffa9c184000  373       4       jdk.internal.org.objectweb.asm.ClassWriter::get (49 bytes)
Event: 0,596 Thread 0x00007ffa9c181000  374       4       jdk.internal.org.objectweb.asm.Item::set (143 bytes)

GC Heap History (0 events):
No events

Deoptimization events (0 events):
No events

Classes redefined (0 events):
No events

Internal exceptions (9 events):
Event: 0,039 Thread 0x00007ffa9c009800 Exception <a 'java/lang/NoSuchMethodError': Method sun.misc.Unsafe.defineClass(Ljava/lang/String;[BII)Ljava/lang/Class; name or signature does not match> (0x000000074db07cb0) thrown at [/HUDSON/workspace/8-2-build-linux-amd64/jdk8u202/12319/hotspot/src/sh
Event: 0,039 Thread 0x00007ffa9c009800 Exception <a 'java/lang/NoSuchMethodError': Method sun.misc.Unsafe.prefetchRead(Ljava/lang/Object;J)V name or signature does not match> (0x000000074db07f98) thrown at [/HUDSON/workspace/8-2-build-linux-amd64/jdk8u202/12319/hotspot/src/share/vm/prims/jni.c
Event: 0,281 Thread 0x00007ffa9c009800 Exception <a 'java/lang/NoSuchFieldError': method resolution failed> (0x000000074dc84938) thrown at [/HUDSON/workspace/8-2-build-linux-amd64/jdk8u202/12319/hotspot/src/share/vm/prims/methodHandles.cpp, line 1167]
Event: 0,283 Thread 0x00007ffa9c009800 Exception <a 'java/lang/NoSuchFieldError': method resolution failed> (0x000000074dc91cb8) thrown at [/HUDSON/workspace/8-2-build-linux-amd64/jdk8u202/12319/hotspot/src/share/vm/prims/methodHandles.cpp, line 1167]
Event: 0,305 Thread 0x00007ffa9c009800 Exception <a 'java/security/PrivilegedActionException'> (0x000000074ded6088) thrown at [/HUDSON/workspace/8-2-build-linux-amd64/jdk8u202/12319/hotspot/src/share/vm/prims/jvm.cpp, line 1502]
Event: 0,305 Thread 0x00007ffa9c009800 Exception <a 'java/security/PrivilegedActionException'> (0x000000074ded6298) thrown at [/HUDSON/workspace/8-2-build-linux-amd64/jdk8u202/12319/hotspot/src/share/vm/prims/jvm.cpp, line 1502]
Event: 0,305 Thread 0x00007ffa9c009800 Exception <a 'java/security/PrivilegedActionException'> (0x000000074ded8698) thrown at [/HUDSON/workspace/8-2-build-linux-amd64/jdk8u202/12319/hotspot/src/share/vm/prims/jvm.cpp, line 1502]
Event: 0,305 Thread 0x00007ffa9c009800 Exception <a 'java/security/PrivilegedActionException'> (0x000000074ded88a8) thrown at [/HUDSON/workspace/8-2-build-linux-amd64/jdk8u202/12319/hotspot/src/share/vm/prims/jvm.cpp, line 1502]
Event: 0,306 Thread 0x00007ffa9c009800 Exception <a 'java/lang/NullPointerException'> (0x000000074ded8e80) thrown at [/HUDSON/workspace/8-2-build-linux-amd64/jdk8u202/12319/hotspot/src/share/vm/interpreter/linkResolver.cpp, line 1185]

Events (10 events):
Event: 0,589 loading class java/util/concurrent/BlockingDeque
Event: 0,590 loading class java/util/concurrent/BlockingDeque done
Event: 0,590 loading class java/util/concurrent/LinkedBlockingDeque
Event: 0,590 loading class java/util/concurrent/LinkedBlockingDeque done
Event: 0,590 Thread 0x00007ffa9c48d800 Thread added: 0x00007ffa9c48d800
Event: 0,592 loading class com/sun/glass/ui/gtk/GtkApplication
Event: 0,592 loading class com/sun/glass/ui/gtk/GtkApplication done
Event: 0,595 loading class com/sun/glass/ui/gtk/GtkApplication
Event: 0,595 loading class com/sun/glass/ui/gtk/GtkApplication done
Event: 0,595 Thread 0x00007ffa9c42b000 Thread added: 0x00007ffa9c42b000


Dynamic libraries:
00400000-00401000 r-xp 00000000 00:20 710258                             /usr/lib/jvm/jdk1.8.0_202/bin/java
00600000-00601000 r--p 00000000 00:20 710258                             /usr/lib/jvm/jdk1.8.0_202/bin/java
00601000-00602000 rw-p 00001000 00:20 710258                             /usr/lib/jvm/jdk1.8.0_202/bin/java
00d20000-00d41000 rw-p 00000000 00:00 0                                  [heap]
669000000-677580000 rw-p 00000000 00:00 0 
677580000-74db00000 ---p 00000000 00:00 0 
74db00000-754d80000 rw-p 00000000 00:00 0 
754d80000-7c0000000 ---p 00000000 00:00 0 
7c0000000-7c00c0000 rw-p 00000000 00:00 0 
7c00c0000-800000000 ---p 00000000 00:00 0 
7ff9fc000000-7ff9fc021000 rw-p 00000000 00:00 0 
7ff9fc021000-7ffa00000000 ---p 00000000 00:00 0 
7ffa00000000-7ffa00348000 rw-p 00000000 00:00 0 
7ffa00348000-7ffa04000000 ---p 00000000 00:00 0 
7ffa04000000-7ffa04021000 rw-p 00000000 00:00 0 
7ffa04021000-7ffa08000000 ---p 00000000 00:00 0 
7ffa08000000-7ffa08021000 rw-p 00000000 00:00 0 
7ffa08021000-7ffa0c000000 ---p 00000000 00:00 0 
7ffa0c000000-7ffa0c021000 rw-p 00000000 00:00 0 
7ffa0c021000-7ffa10000000 ---p 00000000 00:00 0 
7ffa10000000-7ffa10021000 rw-p 00000000 00:00 0 
7ffa10021000-7ffa14000000 ---p 00000000 00:00 0 
7ffa14000000-7ffa14021000 rw-p 00000000 00:00 0 
7ffa14021000-7ffa18000000 ---p 00000000 00:00 0 
7ffa18000000-7ffa18021000 rw-p 00000000 00:00 0 
7ffa18021000-7ffa1c000000 ---p 00000000 00:00 0 
7ffa1c000000-7ffa1c021000 rw-p 00000000 00:00 0 
7ffa1c021000-7ffa20000000 ---p 00000000 00:00 0 
7ffa20000000-7ffa20021000 rw-p 00000000 00:00 0 
7ffa20021000-7ffa24000000 ---p 00000000 00:00 0 
7ffa24000000-7ffa24021000 rw-p 00000000 00:00 0 
7ffa24021000-7ffa28000000 ---p 00000000 00:00 0 
7ffa28a00000-7ffa294bf000 r--p 00000000 00:20 434590                     /usr/lib64/llvm16/lib/libLLVM-16.so
7ffa294bf000-7ffa2cb5d000 r-xp 00abf000 00:20 434590                     /usr/lib64/llvm16/lib/libLLVM-16.so
7ffa2cb5d000-7ffa2f773000 r--p 0415d000 00:20 434590                     /usr/lib64/llvm16/lib/libLLVM-16.so
7ffa2f773000-7ffa2fe39000 r--p 06d73000 00:20 434590                     /usr/lib64/llvm16/lib/libLLVM-16.so
7ffa2fe39000-7ffa2fe7e000 rw-p 07439000 00:20 434590                     /usr/lib64/llvm16/lib/libLLVM-16.so
7ffa2fe7e000-7ffa2fef7000 rw-p 00000000 00:00 0 
7ffa30000000-7ffa30021000 rw-p 00000000 00:00 0 
7ffa30021000-7ffa34000000 ---p 00000000 00:00 0 
7ffa34000000-7ffa3430c000 rw-p 00000000 00:00 0 
7ffa3430c000-7ffa38000000 ---p 00000000 00:00 0 
7ffa38000000-7ffa381b3000 rw-p 00000000 00:00 0 
7ffa381b3000-7ffa3c000000 ---p 00000000 00:00 0 
7ffa3c000000-7ffa3c021000 rw-p 00000000 00:00 0 
7ffa3c021000-7ffa40000000 ---p 00000000 00:00 0 
7ffa40000000-7ffa400e9000 rw-p 00000000 00:00 0 
7ffa400e9000-7ffa44000000 ---p 00000000 00:00 0 
7ffa44000000-7ffa44021000 rw-p 00000000 00:00 0 
7ffa44021000-7ffa48000000 ---p 00000000 00:00 0 
7ffa48000000-7ffa48021000 rw-p 00000000 00:00 0 
7ffa48021000-7ffa4c000000 ---p 00000000 00:00 0 
7ffa4d1fd000-7ffa4d1fe000 ---p 00000000 00:00 0 
7ffa4d1fe000-7ffa4d9fe000 rw-p 00000000 00:00 0 
7ffa4d9fe000-7ffa4d9ff000 ---p 00000000 00:00 0 
7ffa4d9ff000-7ffa4e1ff000 rw-p 00000000 00:00 0 
7ffa4e1ff000-7ffa4e200000 ---p 00000000 00:00 0 
7ffa4e200000-7ffa4ea00000 rw-p 00000000 00:00 0 
7ffa4ea00000-7ffa5bff9000 r--p 00000000 00:20 429137                     /usr/lib/locale/locale-archive
7ffa5c000000-7ffa5c021000 rw-p 00000000 00:00 0 
7ffa5c021000-7ffa60000000 ---p 00000000 00:00 0 
7ffa60000000-7ffa60021000 rw-p 00000000 00:00 0 
7ffa60021000-7ffa64000000 ---p 00000000 00:00 0 
7ffa64000000-7ffa64021000 rw-p 00000000 00:00 0 
7ffa64021000-7ffa68000000 ---p 00000000 00:00 0 
7ffa68348000-7ffa6834b000 ---p 00000000 00:00 0 
7ffa6834b000-7ffa68448000 rw-p 00000000 00:00 0 
7ffa68448000-7ffa6844b000 ---p 00000000 00:00 0 
7ffa6844b000-7ffa68548000 rw-p 00000000 00:00 0 
7ffa68548000-7ffa6855b000 r--p 00000000 00:20 460545                     /usr/lib64/gvfs/libgvfscommon.so
7ffa6855b000-7ffa68578000 r-xp 00013000 00:20 460545                     /usr/lib64/gvfs/libgvfscommon.so
7ffa68578000-7ffa68584000 r--p 00030000 00:20 460545                     /usr/lib64/gvfs/libgvfscommon.so
7ffa68584000-7ffa6858a000 r--p 0003c000 00:20 460545                     /usr/lib64/gvfs/libgvfscommon.so
7ffa6858a000-7ffa6858b000 rw-p 00000000 00:00 0 
7ffa6858b000-7ffa68671000 r--p 00000000 00:20 7571                       /home/neon/.themes/WhiteSur-Dark/gtk-3.0/gtk.gresource
7ffa68671000-7ffa68800000 rw-s 00000000 00:01 38115                      /memfd:wayland-cursor (deleted)
7ffa68800000-7ffa68843000 r-xp 00000000 00:20 711952                     /usr/lib/jvm/jdk1.8.0_202/jre/lib/amd64/libglassgtk3.so
7ffa68843000-7ffa68a43000 ---p 00043000 00:20 711952                     /usr/lib/jvm/jdk1.8.0_202/jre/lib/amd64/libglassgtk3.so
7ffa68a43000-7ffa68a45000 r--p 00043000 00:20 711952                     /usr/lib/jvm/jdk1.8.0_202/jre/lib/amd64/libglassgtk3.so
7ffa68a45000-7ffa68a46000 rw-p 00045000 00:20 711952                     /usr/lib/jvm/jdk1.8.0_202/jre/lib/amd64/libglassgtk3.so
7ffa68a46000-7ffa68a47000 rw-p 00000000 00:00 0 
7ffa68a71000-7ffa68a7b000 r--p 00000000 00:20 460544                     /usr/lib64/gio/modules/libgvfsdbus.so
7ffa68a7b000-7ffa68a9a000 r-xp 0000a000 00:20 460544                     /usr/lib64/gio/modules/libgvfsdbus.so
7ffa68a9a000-7ffa68aa3000 r--p 00029000 00:20 460544                     /usr/lib64/gio/modules/libgvfsdbus.so
7ffa68aa3000-7ffa68aa5000 r--p 00031000 00:20 460544                     /usr/lib64/gio/modules/libgvfsdbus.so
7ffa68aa5000-7ffa68aa6000 rw-p 00033000 00:20 460544                     /usr/lib64/gio/modules/libgvfsdbus.so
7ffa68aa6000-7ffa68ad8000 r--p 00000000 00:20 707330                     /usr/share/glib-2.0/schemas/gschemas.compiled
7ffa68ad8000-7ffa68afb000 r--p 00000000 00:20 452429                     /usr/share/locale/es/LC_MESSAGES/glib20.mo
7ffa68afb000-7ffa68b17000 r--p 00000000 00:20 518738                     /usr/share/locale/es/LC_MESSAGES/gtk30.mo
7ffa68b17000-7ffa68b1a000 r--p 00000000 00:20 433050                     /usr/lib64/liblz4.so.1.9.4
7ffa68b1a000-7ffa68b35000 r-xp 00003000 00:20 433050                     /usr/lib64/liblz4.so.1.9.4
7ffa68b35000-7ffa68b37000 r--p 0001e000 00:20 433050                     /usr/lib64/liblz4.so.1.9.4
7ffa68b37000-7ffa68b38000 r--p 0001f000 00:20 433050                     /usr/lib64/liblz4.so.1.9.4
7ffa68b38000-7ffa68b39000 rw-p 00000000 00:00 0 
7ffa68b39000-7ffa68b3a000 r--p 00000000 00:20 433338                     /usr/lib64/libbrotlicommon.so.1.1.0
7ffa68b3a000-7ffa68b3b000 r-xp 00001000 00:20 433338                     /usr/lib64/libbrotlicommon.so.1.1.0
7ffa68b3b000-7ffa68b5a000 r--p 00002000 00:20 433338                     /usr/lib64/libbrotlicommon.so.1.1.0
7ffa68b5a000-7ffa68b5b000 r--p 00021000 00:20 433338                     /usr/lib64/libbrotlicommon.so.1.1.0
7ffa68b5b000-7ffa68b5c000 rw-p 00000000 00:00 0 
7ffa68b5c000-7ffa68b73000 r--p 00000000 00:20 696890                     /usr/lib64/libsystemd.so.0.37.0
7ffa68b73000-7ffa68c0d000 r-xp 00017000 00:20 696890                     /usr/lib64/libsystemd.so.0.37.0
7ffa68c0d000-7ffa68c41000 r--p 000b1000 00:20 696890                     /usr/lib64/libsystemd.so.0.37.0
7ffa68c41000-7ffa68c4d000 r--p 000e4000 00:20 696890                     /usr/lib64/libsystemd.so.0.37.0
7ffa68c4d000-7ffa68c4e000 rw-p 000f0000 00:20 696890                     /usr/lib64/libsystemd.so.0.37.0
7ffa68c4e000-7ffa68c4f000 rw-p 00000000 00:00 0 
7ffa68c4f000-7ffa68c53000 r--p 00000000 00:20 430266                     /usr/lib64/liblzma.so.5.4.4
7ffa68c53000-7ffa68c75000 r-xp 00004000 00:20 430266                     /usr/lib64/liblzma.so.5.4.4
7ffa68c75000-7ffa68c80000 r--p 00026000 00:20 430266                     /usr/lib64/liblzma.so.5.4.4
7ffa68c80000-7ffa68c81000 r--p 00031000 00:20 430266                     /usr/lib64/liblzma.so.5.4.4
7ffa68c81000-7ffa68c82000 rw-p 00000000 00:00 0 
7ffa68c82000-7ffa68c83000 r--p 00000000 00:20 433340                     /usr/lib64/libbrotlidec.so.1.1.0
7ffa68c83000-7ffa68c8b000 r-xp 00001000 00:20 433340                     /usr/lib64/libbrotlidec.so.1.1.0
7ffa68c8b000-7ffa68c8e000 r--p 00009000 00:20 433340                     /usr/lib64/libbrotlidec.so.1.1.0
7ffa68c8e000-7ffa68c8f000 r--p 0000b000 00:20 433340                     /usr/lib64/libbrotlidec.so.1.1.0
7ffa68c8f000-7ffa68c90000 rw-p 00000000 00:00 0 
7ffa68c90000-7ffa68c92000 r--p 00000000 00:20 430618                     /usr/lib64/libbz2.so.1.0.8
7ffa68c92000-7ffa68ca0000 r-xp 00002000 00:20 430618                     /usr/lib64/libbz2.so.1.0.8
7ffa68ca0000-7ffa68ca2000 r--p 00010000 00:20 430618                     /usr/lib64/libbz2.so.1.0.8
7ffa68ca2000-7ffa68ca3000 r--p 00011000 00:20 430618                     /usr/lib64/libbz2.so.1.0.8
7ffa68ca3000-7ffa68ca4000 rw-p 00012000 00:20 430618                     /usr/lib64/libbz2.so.1.0.8
7ffa68ca4000-7ffa68cac000 r--p 00000000 00:20 430337                     /usr/lib64/libblkid.so.1.1.0
7ffa68cac000-7ffa68cd0000 r-xp 00008000 00:20 430337                     /usr/lib64/libblkid.so.1.1.0
7ffa68cd0000-7ffa68cd9000 r--p 0002c000 00:20 430337                     /usr/lib64/libblkid.so.1.1.0
7ffa68cd9000-7ffa68cdf000 r--p 00034000 00:20 430337                     /usr/lib64/libblkid.so.1.1.0
7ffa68cdf000-7ffa68ce0000 rw-p 0003a000 00:20 430337                     /usr/lib64/libblkid.so.1.1.0
7ffa68ce0000-7ffa68cf0000 r--p 00000000 00:20 430342                     /usr/lib64/libsqlite3.so.0.8.6
7ffa68cf0000-7ffa68e00000 r-xp 00010000 00:20 430342                     /usr/lib64/libsqlite3.so.0.8.6
7ffa68e00000-7ffa68e2c000 r--p 00120000 00:20 430342                     /usr/lib64/libsqlite3.so.0.8.6
7ffa68e2c000-7ffa68e30000 r--p 0014c000 00:20 430342                     /usr/lib64/libsqlite3.so.0.8.6
7ffa68e30000-7ffa68e34000 rw-p 00150000 00:20 430342                     /usr/lib64/libsqlite3.so.0.8.6
7ffa68e34000-7ffa68e3d000 r--p 00000000 00:20 452258                     /usr/lib64/libjson-glib-1.0.so.0.800.0
7ffa68e3d000-7ffa68e55000 r-xp 00009000 00:20 452258                     /usr/lib64/libjson-glib-1.0.so.0.800.0
7ffa68e55000-7ffa68e5e000 r--p 00021000 00:20 452258                     /usr/lib64/libjson-glib-1.0.so.0.800.0
7ffa68e5e000-7ffa68e5f000 r--p 0002a000 00:20 452258                     /usr/lib64/libjson-glib-1.0.so.0.800.0
7ffa68e5f000-7ffa68e60000 rw-p 00000000 00:00 0 
7ffa68e60000-7ffa68e6e000 r--p 00000000 00:20 433071                     /usr/lib64/libdbus-1.so.3.32.4
7ffa68e6e000-7ffa68ea1000 r-xp 0000e000 00:20 433071                     /usr/lib64/libdbus-1.so.3.32.4
7ffa68ea1000-7ffa68eb2000 r--p 00041000 00:20 433071                     /usr/lib64/libdbus-1.so.3.32.4
7ffa68eb2000-7ffa68eb4000 r--p 00051000 00:20 433071                     /usr/lib64/libdbus-1.so.3.32.4
7ffa68eb4000-7ffa68eb5000 rw-p 00053000 00:20 433071                     /usr/lib64/libdbus-1.so.3.32.4
7ffa68eb5000-7ffa68ec5000 r--p 00000000 00:20 466975                     /usr/lib64/libatspi.so.0.0.1
7ffa68ec5000-7ffa68ede000 r-xp 00010000 00:20 466975                     /usr/lib64/libatspi.so.0.0.1
7ffa68ede000-7ffa68eeb000 r--p 00029000 00:20 466975                     /usr/lib64/libatspi.so.0.0.1
7ffa68eeb000-7ffa68eef000 r--p 00035000 00:20 466975                     /usr/lib64/libatspi.so.0.0.1
7ffa68eef000-7ffa68ef0000 rw-p 00039000 00:20 466975                     /usr/lib64/libatspi.so.0.0.1
7ffa68ef0000-7ffa68ef4000 r--p 00000000 00:20 430237                     /usr/lib64/libjpeg.so.62.3.0
7ffa68ef4000-7ffa68f41000 r-xp 00004000 00:20 430237                     /usr/lib64/libjpeg.so.62.3.0
7ffa68f41000-7ffa68f71000 r--p 00051000 00:20 430237                     /usr/lib64/libjpeg.so.62.3.0
7ffa68f71000-7ffa68f72000 r--p 00081000 00:20 430237                     /usr/lib64/libjpeg.so.62.3.0
7ffa68f72000-7ffa68f73000 rw-p 00082000 00:20 430237                     /usr/lib64/libjpeg.so.62.3.0
7ffa68f73000-7ffa68fa8000 r--p 00000000 00:20 430275                     /usr/lib64/libxml2.so.2.10.4
7ffa68fa8000-7ffa6909a000 r-xp 00035000 00:20 430275                     /usr/lib64/libxml2.so.2.10.4
7ffa6909a000-7ffa690da000 r--p 00127000 00:20 430275                     /usr/lib64/libxml2.so.2.10.4
7ffa690da000-7ffa690e5000 r--p 00166000 00:20 430275                     /usr/lib64/libxml2.so.2.10.4
7ffa690e5000-7ffa690e6000 rw-p 00171000 00:20 430275                     /usr/lib64/libxml2.so.2.10.4
7ffa690e6000-7ffa690e7000 rw-p 00000000 00:00 0 
7ffa690e7000-7ffa690f2000 r--p 00000000 00:20 432606                     /usr/lib64/libpixman-1.so.0.42.2
7ffa690f2000-7ffa6917f000 r-xp 0000b000 00:20 432606                     /usr/lib64/libpixman-1.so.0.42.2
7ffa6917f000-7ffa6918e000 r--p 00098000 00:20 432606                     /usr/lib64/libpixman-1.so.0.42.2
7ffa6918e000-7ffa69196000 r--p 000a6000 00:20 432606                     /usr/lib64/libpixman-1.so.0.42.2
7ffa69196000-7ffa69197000 rw-p 000ae000 00:20 432606                     /usr/lib64/libpixman-1.so.0.42.2
7ffa69197000-7ffa691a5000 r--p 00000000 00:20 459611                     /usr/lib64/libfreetype.so.6.20.0
7ffa691a5000-7ffa69237000 r-xp 0000e000 00:20 459611                     /usr/lib64/libfreetype.so.6.20.0
7ffa69237000-7ffa6925e000 r--p 000a0000 00:20 459611                     /usr/lib64/libfreetype.so.6.20.0
7ffa6925e000-7ffa69266000 r--p 000c6000 00:20 459611                     /usr/lib64/libfreetype.so.6.20.0
7ffa69266000-7ffa69267000 rw-p 00000000 00:00 0 
7ffa69267000-7ffa6926c000 r--p 00000000 00:20 430290                     /usr/lib64/libpng16.so.16.37.0
7ffa6926c000-7ffa69295000 r-xp 00005000 00:20 430290                     /usr/lib64/libpng16.so.16.37.0
7ffa69295000-7ffa6929e000 r--p 0002e000 00:20 430290                     /usr/lib64/libpng16.so.16.37.0
7ffa6929e000-7ffa6929f000 r--p 00037000 00:20 430290                     /usr/lib64/libpng16.so.16.37.0
7ffa6929f000-7ffa692a0000 rw-p 00000000 00:00 0 
7ffa692a0000-7ffa692aa000 r--p 00000000 00:20 433548                     /usr/lib64/libmount.so.1.1.0
7ffa692aa000-7ffa692e1000 r-xp 0000a000 00:20 433548                     /usr/lib64/libmount.so.1.1.0
7ffa692e1000-7ffa692ee000 r--p 00041000 00:20 433548                     /usr/lib64/libmount.so.1.1.0
7ffa692ee000-7ffa692f0000 r--p 0004e000 00:20 433548                     /usr/lib64/libmount.so.1.1.0
7ffa692f0000-7ffa692f1000 rw-p 00050000 00:20 433548                     /usr/lib64/libmount.so.1.1.0
7ffa692f1000-7ffa6930a000 r--p 00000000 00:20 479009                     /usr/lib64/libtracker-sparql-3.0.so.0.600.0
7ffa6930a000-7ffa6938e000 r-xp 00019000 00:20 479009                     /usr/lib64/libtracker-sparql-3.0.so.0.600.0
7ffa6938e000-7ffa693c0000 r--p 0009d000 00:20 479009                     /usr/lib64/libtracker-sparql-3.0.so.0.600.0
7ffa693c0000-7ffa693ce000 r--p 000ce000 00:20 479009                     /usr/lib64/libtracker-sparql-3.0.so.0.600.0
7ffa693ce000-7ffa693cf000 rw-p 000dc000 00:20 479009                     /usr/lib64/libtracker-sparql-3.0.so.0.600.0
7ffa693cf000-7ffa6942f000 r--p 00000000 00:20 430679                     /usr/lib64/libepoxy.so.0.0.0
7ffa6942f000-7ffa69495000 r-xp 00060000 00:20 430679                     /usr/lib64/libepoxy.so.0.0.0
7ffa69495000-7ffa694e3000 r--p 000c6000 00:20 430679                     /usr/lib64/libepoxy.so.0.0.0
7ffa694e3000-7ffa694eb000 r--p 00113000 00:20 430679                     /usr/lib64/libepoxy.so.0.0.0
7ffa694eb000-7ffa694f2000 rw-p 0011b000 00:20 430679                     /usr/lib64/libepoxy.so.0.0.0
7ffa694f2000-7ffa694fe000 r--p 00000000 00:20 459603                     /usr/lib64/libharfbuzz.so.0.60821.0
7ffa694fe000-7ffa695cc000 r-xp 0000c000 00:20 459603                     /usr/lib64/libharfbuzz.so.0.60821.0
7ffa695cc000-7ffa695fe000 r--p 000da000 00:20 459603                     /usr/lib64/libharfbuzz.so.0.60821.0
7ffa695fe000-7ffa695ff000 r--p 0010c000 00:20 459603                     /usr/lib64/libharfbuzz.so.0.60821.0
7ffa695ff000-7ffa69600000 rw-p 0010d000 00:20 459603                     /usr/lib64/libharfbuzz.so.0.60821.0
7ffa69600000-7ffa69687000 r--p 00000000 00:20 518693                     /usr/lib64/libgtk-3.so.0.2406.32
7ffa69687000-7ffa69a39000 r-xp 00087000 00:20 518693                     /usr/lib64/libgtk-3.so.0.2406.32
7ffa69a39000-7ffa69db3000 r--p 00439000 00:20 518693                     /usr/lib64/libgtk-3.so.0.2406.32
7ffa69db3000-7ffa69dc3000 r--p 007b3000 00:20 518693                     /usr/lib64/libgtk-3.so.0.2406.32
7ffa69dc3000-7ffa69dc5000 rw-p 007c3000 00:20 518693                     /usr/lib64/libgtk-3.so.0.2406.32
7ffa69dc5000-7ffa69dca000 rw-p 00000000 00:00 0 
7ffa69dcb000-7ffa69dcd000 r--p 00000000 00:20 450002                     /usr/lib64/libXtst.so.6.1.0
7ffa69dcd000-7ffa69dd0000 r-xp 00002000 00:20 450002                     /usr/lib64/libXtst.so.6.1.0
7ffa69dd0000-7ffa69dd1000 r--p 00005000 00:20 450002                     /usr/lib64/libXtst.so.6.1.0
7ffa69dd1000-7ffa69dd2000 r--p 00005000 00:20 450002                     /usr/lib64/libXtst.so.6.1.0
7ffa69dd2000-7ffa69dd3000 rw-p 00006000 00:20 450002                     /usr/lib64/libXtst.so.6.1.0
7ffa69dd3000-7ffa69dda000 r--p 00000000 00:20 433492                     /usr/lib64/libselinux.so.1
7ffa69dda000-7ffa69df6000 r-xp 00007000 00:20 433492                     /usr/lib64/libselinux.so.1
7ffa69df6000-7ffa69dfc000 r--p 00023000 00:20 433492                     /usr/lib64/libselinux.so.1
7ffa69dfc000-7ffa69dfd000 r--p 00029000 00:20 433492                     /usr/lib64/libselinux.so.1
7ffa69dfd000-7ffa69dfe000 rw-p 0002a000 00:20 433492                     /usr/lib64/libselinux.so.1
7ffa69dfe000-7ffa69e00000 rw-p 00000000 00:00 0 
7ffa69e00000-7ffa69e01000 r-xp 00000000 00:20 711951                     /usr/lib/jvm/jdk1.8.0_202/jre/lib/amd64/libglass.so
7ffa69e01000-7ffa6a001000 ---p 00001000 00:20 711951                     /usr/lib/jvm/jdk1.8.0_202/jre/lib/amd64/libglass.so
7ffa6a001000-7ffa6a002000 r--p 00001000 00:20 711951                     /usr/lib/jvm/jdk1.8.0_202/jre/lib/amd64/libglass.so
7ffa6a002000-7ffa6a003000 rw-p 00002000 00:20 711951                     /usr/lib/jvm/jdk1.8.0_202/jre/lib/amd64/libglass.so
7ffa6a003000-7ffa6a005000 r--p 00000000 00:20 430690                     /usr/lib64/libcap.so.2.48
7ffa6a005000-7ffa6a009000 r-xp 00002000 00:20 430690                     /usr/lib64/libcap.so.2.48
7ffa6a009000-7ffa6a00b000 r--p 00006000 00:20 430690                     /usr/lib64/libcap.so.2.48
7ffa6a00b000-7ffa6a00c000 r--p 00007000 00:20 430690                     /usr/lib64/libcap.so.2.48
7ffa6a00c000-7ffa6a00d000 rw-p 00008000 00:20 430690                     /usr/lib64/libcap.so.2.48
7ffa6a00d000-7ffa6a010000 r--p 00000000 00:20 438084                     /usr/lib64/libgraphite2.so.3.2.1
7ffa6a010000-7ffa6a028000 r-xp 00003000 00:20 438084                     /usr/lib64/libgraphite2.so.3.2.1
7ffa6a028000-7ffa6a02b000 r--p 0001b000 00:20 438084                     /usr/lib64/libgraphite2.so.3.2.1
7ffa6a02b000-7ffa6a02d000 r--p 0001d000 00:20 438084                     /usr/lib64/libgraphite2.so.3.2.1
7ffa6a02d000-7ffa6a02e000 rw-p 00000000 00:00 0 
7ffa6a02e000-7ffa6a031000 r--p 00000000 00:20 430810                     /usr/lib64/libpcre2-8.so.0.11.2
7ffa6a031000-7ffa6a09f000 r-xp 00003000 00:20 430810                     /usr/lib64/libpcre2-8.so.0.11.2
7ffa6a09f000-7ffa6a0c7000 r--p 00071000 00:20 430810                     /usr/lib64/libpcre2-8.so.0.11.2
7ffa6a0c7000-7ffa6a0c8000 r--p 00098000 00:20 430810                     /usr/lib64/libpcre2-8.so.0.11.2
7ffa6a0c8000-7ffa6a0c9000 rw-p 00099000 00:20 430810                     /usr/lib64/libpcre2-8.so.0.11.2
7ffa6a0c9000-7ffa6a0dc000 r--p 00000000 00:20 459582                     /usr/lib64/libcairo.so.2.11800.0
7ffa6a0dc000-7ffa6a1c9000 r-xp 00013000 00:20 459582                     /usr/lib64/libcairo.so.2.11800.0
7ffa6a1c9000-7ffa6a1f9000 r--p 00100000 00:20 459582                     /usr/lib64/libcairo.so.2.11800.0
7ffa6a1f9000-7ffa6a1fd000 r--p 00130000 00:20 459582                     /usr/lib64/libcairo.so.2.11800.0
7ffa6a1fd000-7ffa6a1ff000 rw-p 00134000 00:20 459582                     /usr/lib64/libcairo.so.2.11800.0
7ffa6a1ff000-7ffa6a200000 rw-p 00000000 00:00 0 
7ffa6a200000-7ffa6a20f000 r-xp 00000000 00:20 711949                     /usr/lib/jvm/jdk1.8.0_202/jre/lib/amd64/libprism_sw.so
7ffa6a20f000-7ffa6a40e000 ---p 0000f000 00:20 711949                     /usr/lib/jvm/jdk1.8.0_202/jre/lib/amd64/libprism_sw.so
7ffa6a40e000-7ffa6a40f000 r--p 0000e000 00:20 711949                     /usr/lib/jvm/jdk1.8.0_202/jre/lib/amd64/libprism_sw.so
7ffa6a40f000-7ffa6a410000 rw-p 0000f000 00:20 711949                     /usr/lib/jvm/jdk1.8.0_202/jre/lib/amd64/libprism_sw.so
7ffa6a413000-7ffa6a414000 r--p 00000000 00:20 452394                     /usr/lib64/libgthread-2.0.so.0.7800.1
7ffa6a414000-7ffa6a415000 r-xp 00001000 00:20 452394                     /usr/lib64/libgthread-2.0.so.0.7800.1
7ffa6a415000-7ffa6a416000 r--p 00002000 00:20 452394                     /usr/lib64/libgthread-2.0.so.0.7800.1
7ffa6a416000-7ffa6a417000 r--p 00002000 00:20 452394                     /usr/lib64/libgthread-2.0.so.0.7800.1
7ffa6a417000-7ffa6a418000 rw-p 00000000 00:00 0 
7ffa6a418000-7ffa6a41d000 r--p 00000000 00:20 433193                     /usr/lib64/libxcb-render.so.0.0.0
7ffa6a41d000-7ffa6a422000 r-xp 00005000 00:20 433193                     /usr/lib64/libxcb-render.so.0.0.0
7ffa6a422000-7ffa6a425000 r--p 0000a000 00:20 433193                     /usr/lib64/libxcb-render.so.0.0.0
7ffa6a425000-7ffa6a426000 r--p 0000c000 00:20 433193                     /usr/lib64/libxcb-render.so.0.0.0
7ffa6a426000-7ffa6a427000 rw-p 0000d000 00:20 433193                     /usr/lib64/libxcb-render.so.0.0.0
7ffa6a427000-7ffa6a461000 r--p 00000000 00:20 452386                     /usr/lib64/libgio-2.0.so.0.7800.1
7ffa6a461000-7ffa6a57b000 r-xp 0003a000 00:20 452386                     /usr/lib64/libgio-2.0.so.0.7800.1
7ffa6a57b000-7ffa6a5f2000 r--p 00154000 00:20 452386                     /usr/lib64/libgio-2.0.so.0.7800.1
7ffa6a5f2000-7ffa6a5fa000 r--p 001ca000 00:20 452386                     /usr/lib64/libgio-2.0.so.0.7800.1
7ffa6a5fa000-7ffa6a5fb000 rw-p 001d2000 00:20 452386                     /usr/lib64/libgio-2.0.so.0.7800.1
7ffa6a5fb000-7ffa6a5fd000 rw-p 00000000 00:00 0 
7ffa6a5fd000-7ffa6a7fd000 rw-s 14a679000 00:05 513                       /dev/dri/renderD128
7ffa6a7fd000-7ffa6a7fe000 ---p 00000000 00:00 0 
7ffa6a7fe000-7ffa6affe000 rw-p 00000000 00:00 0 
7ffa6affe000-7ffa6afff000 ---p 00000000 00:00 0 
7ffa6afff000-7ffa6b7ff000 rw-p 00000000 00:00 0 
7ffa6b7ff000-7ffa6b800000 ---p 00000000 00:00 0 
7ffa6b800000-7ffa6c021000 rw-p 00000000 00:00 0 
7ffa6c021000-7ffa70000000 ---p 00000000 00:00 0 
7ffa70000000-7ffa70021000 rw-p 00000000 00:00 0 
7ffa70021000-7ffa74000000 ---p 00000000 00:00 0 
7ffa74000000-7ffa74021000 rw-p 00000000 00:00 0 
7ffa74021000-7ffa78000000 ---p 00000000 00:00 0 
7ffa78003000-7ffa78005000 r--p 00000000 00:20 443743                     /usr/lib64/libdatrie.so.1.4.0
7ffa78005000-7ffa78009000 r-xp 00002000 00:20 443743                     /usr/lib64/libdatrie.so.1.4.0
7ffa78009000-7ffa7800a000 r--p 00006000 00:20 443743                     /usr/lib64/libdatrie.so.1.4.0
7ffa7800a000-7ffa7800b000 r--p 00006000 00:20 443743                     /usr/lib64/libdatrie.so.1.4.0
7ffa7800b000-7ffa7800c000 rw-p 00000000 00:00 0 
7ffa7800c000-7ffa7800e000 r--p 00000000 00:20 449988                     /usr/lib64/libXrender.so.1.3.0
7ffa7800e000-7ffa78015000 r-xp 00002000 00:20 449988                     /usr/lib64/libXrender.so.1.3.0
7ffa78015000-7ffa78016000 r--p 00009000 00:20 449988                     /usr/lib64/libXrender.so.1.3.0
7ffa78016000-7ffa78017000 r--p 00009000 00:20 449988                     /usr/lib64/libXrender.so.1.3.0
7ffa78017000-7ffa78018000 rw-p 0000a000 00:20 449988                     /usr/lib64/libXrender.so.1.3.0
7ffa78018000-7ffa7801a000 r--p 00000000 00:20 443747                     /usr/lib64/libthai.so.0.3.1
7ffa7801a000-7ffa7801e000 r-xp 00002000 00:20 443747                     /usr/lib64/libthai.so.0.3.1
7ffa7801e000-7ffa78021000 r--p 00006000 00:20 443747                     /usr/lib64/libthai.so.0.3.1
7ffa78021000-7ffa78022000 r--p 00008000 00:20 443747                     /usr/lib64/libthai.so.0.3.1
7ffa78022000-7ffa78023000 rw-p 00009000 00:20 443747                     /usr/lib64/libthai.so.0.3.1
7ffa78023000-7ffa78024000 r--p 00000000 00:20 449998                     /usr/lib64/libXinerama.so.1.0.0
7ffa78024000-7ffa78025000 r-xp 00001000 00:20 449998                     /usr/lib64/libXinerama.so.1.0.0
7ffa78025000-7ffa78026000 r--p 00002000 00:20 449998                     /usr/lib64/libXinerama.so.1.0.0
7ffa78026000-7ffa78027000 r--p 00002000 00:20 449998                     /usr/lib64/libXinerama.so.1.0.0
7ffa78027000-7ffa78028000 rw-p 00003000 00:20 449998                     /usr/lib64/libXinerama.so.1.0.0
7ffa78028000-7ffa7802a000 r--p 00000000 00:20 449993                     /usr/lib64/libXrandr.so.2.2.0
7ffa7802a000-7ffa78031000 r-xp 00002000 00:20 449993                     /usr/lib64/libXrandr.so.2.2.0
7ffa78031000-7ffa78033000 r--p 00009000 00:20 449993                     /usr/lib64/libXrandr.so.2.2.0
7ffa78033000-7ffa78034000 r--p 0000a000 00:20 449993                     /usr/lib64/libXrandr.so.2.2.0
7ffa78034000-7ffa78035000 rw-p 0000b000 00:20 449993                     /usr/lib64/libXrandr.so.2.2.0
7ffa78035000-7ffa78036000 r--p 00000000 00:20 449981                     /usr/lib64/libXcomposite.so.1.0.0
7ffa78036000-7ffa78037000 r-xp 00001000 00:20 449981                     /usr/lib64/libXcomposite.so.1.0.0
7ffa78037000-7ffa78038000 r--p 00002000 00:20 449981                     /usr/lib64/libXcomposite.so.1.0.0
7ffa78038000-7ffa78039000 r--p 00002000 00:20 449981                     /usr/lib64/libXcomposite.so.1.0.0
7ffa78039000-7ffa7803a000 rw-p 00000000 00:00 0 
7ffa7803a000-7ffa7803d000 r--p 00000000 00:20 450012                     /usr/lib64/libXcursor.so.1.0.2
7ffa7803d000-7ffa78043000 r-xp 00003000 00:20 450012                     /usr/lib64/libXcursor.so.1.0.2
7ffa78043000-7ffa78045000 r--p 00009000 00:20 450012                     /usr/lib64/libXcursor.so.1.0.2
7ffa78045000-7ffa78046000 r--p 0000a000 00:20 450012                     /usr/lib64/libXcursor.so.1.0.2
7ffa78046000-7ffa78047000 rw-p 00000000 00:00 0 
7ffa78047000-7ffa78049000 r--p 00000000 00:20 433027                     /usr/lib64/libwayland-cursor.so.0.22.0
7ffa78049000-7ffa7804b000 r-xp 00002000 00:20 433027                     /usr/lib64/libwayland-cursor.so.0.22.0
7ffa7804b000-7ffa7804c000 r--p 00004000 00:20 433027                     /usr/lib64/libwayland-cursor.so.0.22.0
7ffa7804c000-7ffa7804d000 r--p 00004000 00:20 433027                     /usr/lib64/libwayland-cursor.so.0.22.0
7ffa7804d000-7ffa78051000 rw-p 00005000 00:20 433027                     /usr/lib64/libwayland-cursor.so.0.22.0
7ffa78051000-7ffa78056000 r--p 00000000 00:20 432578                     /usr/lib64/libxkbcommon.so.0.0.0
7ffa78056000-7ffa78076000 r-xp 00005000 00:20 432578                     /usr/lib64/libxkbcommon.so.0.0.0
7ffa78076000-7ffa78097000 r--p 00025000 00:20 432578                     /usr/lib64/libxkbcommon.so.0.0.0
7ffa78097000-7ffa78099000 r--p 00045000 00:20 432578                     /usr/lib64/libxkbcommon.so.0.0.0
7ffa78099000-7ffa7809a000 rw-p 00000000 00:00 0 
7ffa7809a000-7ffa780a1000 r--p 00000000 00:20 474145                     /usr/lib64/libcloudproviders.so.0.3.5
7ffa780a1000-7ffa780ad000 r-xp 00007000 00:20 474145                     /usr/lib64/libcloudproviders.so.0.3.5
7ffa780ad000-7ffa780b2000 r--p 00013000 00:20 474145                     /usr/lib64/libcloudproviders.so.0.3.5
7ffa780b2000-7ffa780b3000 r--p 00018000 00:20 474145                     /usr/lib64/libcloudproviders.so.0.3.5
7ffa780b3000-7ffa780b4000 rw-p 00019000 00:20 474145                     /usr/lib64/libcloudproviders.so.0.3.5
7ffa780b4000-7ffa780d2000 r--p 00000000 00:20 452388                     /usr/lib64/libglib-2.0.so.0.7800.1
7ffa780d2000-7ffa78172000 r-xp 0001e000 00:20 452388                     /usr/lib64/libglib-2.0.so.0.7800.1
7ffa78172000-7ffa781fa000 r--p 000be000 00:20 452388                     /usr/lib64/libglib-2.0.so.0.7800.1
7ffa781fa000-7ffa781fb000 r--p 00146000 00:20 452388                     /usr/lib64/libglib-2.0.so.0.7800.1
7ffa781fb000-7ffa781fc000 rw-p 00147000 00:20 452388                     /usr/lib64/libglib-2.0.so.0.7800.1
7ffa781fc000-7ffa781fd000 rw-p 00000000 00:00 0 
7ffa781fd000-7ffa781fe000 ---p 00000000 00:00 0 
7ffa781fe000-7ffa789fe000 rw-p 00000000 00:00 0 
7ffa789fe000-7ffa789ff000 ---p 00000000 00:00 0 
7ffa789ff000-7ffa791ff000 rw-p 00000000 00:00 0 
7ffa791ff000-7ffa79200000 ---p 00000000 00:00 0 
7ffa79200000-7ffa79a00000 rw-p 00000000 00:00 0 
7ffa79a00000-7ffa79ae3000 r--p 00000000 00:20 442802                     /usr/lib64/dri/radeonsi_dri.so
7ffa79ae3000-7ffa7b13b000 r-xp 000e3000 00:20 442802                     /usr/lib64/dri/radeonsi_dri.so
7ffa7b13b000-7ffa7bc24000 r--p 0173b000 00:20 442802                     /usr/lib64/dri/radeonsi_dri.so
7ffa7bc24000-7ffa7bce8000 r--p 02224000 00:20 442802                     /usr/lib64/dri/radeonsi_dri.so
7ffa7bce8000-7ffa7bcfe000 rw-p 022e8000 00:20 442802                     /usr/lib64/dri/radeonsi_dri.so
7ffa7bcfe000-7ffa7bebe000 rw-p 00000000 00:00 0 
7ffa7bebe000-7ffa7bec4000 r--p 00000000 00:20 432762                     /usr/lib64/libwayland-client.so.0.22.0
7ffa7bec4000-7ffa7beca000 r-xp 00006000 00:20 432762                     /usr/lib64/libwayland-client.so.0.22.0
7ffa7beca000-7ffa7becc000 r--p 0000c000 00:20 432762                     /usr/lib64/libwayland-client.so.0.22.0
7ffa7becc000-7ffa7bece000 r--p 0000e000 00:20 432762                     /usr/lib64/libwayland-client.so.0.22.0
7ffa7bece000-7ffa7becf000 rw-p 00010000 00:20 432762                     /usr/lib64/libwayland-client.so.0.22.0
7ffa7becf000-7ffa7bedb000 r--p 00000000 00:20 467199                     /usr/lib64/libatk-bridge-2.0.so.0.0.0
7ffa7bedb000-7ffa7bef5000 r-xp 0000c000 00:20 467199                     /usr/lib64/libatk-bridge-2.0.so.0.0.0
7ffa7bef5000-7ffa7bf08000 r--p 00026000 00:20 467199                     /usr/lib64/libatk-bridge-2.0.so.0.0.0
7ffa7bf08000-7ffa7bf0a000 r--p 00038000 00:20 467199                     /usr/lib64/libatk-bridge-2.0.so.0.0.0
7ffa7bf0a000-7ffa7bf0c000 rw-p 0003a000 00:20 467199                     /usr/lib64/libatk-bridge-2.0.so.0.0.0
7ffa7bf0c000-7ffa7bf0f000 r--p 00000000 00:20 449970                     /usr/lib64/libXi.so.6.1.0
7ffa7bf0f000-7ffa7bf1b000 r-xp 00003000 00:20 449970                     /usr/lib64/libXi.so.6.1.0
7ffa7bf1b000-7ffa7bf1d000 r--p 0000f000 00:20 449970                     /usr/lib64/libXi.so.6.1.0
7ffa7bf1d000-7ffa7bf1e000 r--p 00011000 00:20 449970                     /usr/lib64/libXi.so.6.1.0
7ffa7bf1e000-7ffa7bf1f000 rw-p 00012000 00:20 449970                     /usr/lib64/libXi.so.6.1.0
7ffa7bf1f000-7ffa7bf2a000 r--p 00000000 00:20 467090                     /usr/lib64/libatk-1.0.so.0.25009.1
7ffa7bf2a000-7ffa7bf3a000 r-xp 0000b000 00:20 467090                     /usr/lib64/libatk-1.0.so.0.25009.1
7ffa7bf3a000-7ffa7bf45000 r--p 0001b000 00:20 467090                     /usr/lib64/libatk-1.0.so.0.25009.1
7ffa7bf45000-7ffa7bf48000 r--p 00025000 00:20 467090                     /usr/lib64/libatk-1.0.so.0.25009.1
7ffa7bf48000-7ffa7bf49000 rw-p 00028000 00:20 467090                     /usr/lib64/libatk-1.0.so.0.25009.1
7ffa7bf49000-7ffa7bf51000 r--p 00000000 00:20 460415                     /usr/lib64/libgdk_pixbuf-2.0.so.0.4200.10
7ffa7bf51000-7ffa7bf6c000 r-xp 00008000 00:20 460415                     /usr/lib64/libgdk_pixbuf-2.0.so.0.4200.10
7ffa7bf6c000-7ffa7bf75000 r--p 00023000 00:20 460415                     /usr/lib64/libgdk_pixbuf-2.0.so.0.4200.10
7ffa7bf75000-7ffa7bf76000 r--p 0002c000 00:20 460415                     /usr/lib64/libgdk_pixbuf-2.0.so.0.4200.10
7ffa7bf76000-7ffa7bf77000 rw-p 0002d000 00:20 460415                     /usr/lib64/libgdk_pixbuf-2.0.so.0.4200.10
7ffa7bf77000-7ffa7bf79000 r--p 00000000 00:20 432795                     /usr/lib64/libfribidi.so.0.4.0
7ffa7bf79000-7ffa7bf7e000 r-xp 00002000 00:20 432795                     /usr/lib64/libfribidi.so.0.4.0
7ffa7bf7e000-7ffa7bf94000 r--p 00007000 00:20 432795                     /usr/lib64/libfribidi.so.0.4.0
7ffa7bf94000-7ffa7bf95000 r--p 0001d000 00:20 432795                     /usr/lib64/libfribidi.so.0.4.0
7ffa7bf95000-7ffa7bf96000 rw-p 0001e000 00:20 432795                     /usr/lib64/libfribidi.so.0.4.0
7ffa7bf96000-7ffa7bfa8000 r--p 00000000 00:20 478745                     /usr/lib64/libpango-1.0.so.0.5100.0
7ffa7bfa8000-7ffa7bfe1000 r-xp 00012000 00:20 478745                     /usr/lib64/libpango-1.0.so.0.5100.0
7ffa7bfe1000-7ffa7bffb000 r--p 0004b000 00:20 478745                     /usr/lib64/libpango-1.0.so.0.5100.0
7ffa7bffb000-7ffa7bfff000 r--p 00064000 00:20 478745                     /usr/lib64/libpango-1.0.so.0.5100.0
7ffa7bfff000-7ffa7c000000 rw-p 00068000 00:20 478745                     /usr/lib64/libpango-1.0.so.0.5100.0
7ffa7c000000-7ffa7c021000 rw-p 00000000 00:00 0 
7ffa7c021000-7ffa80000000 ---p 00000000 00:00 0 
7ffa80000000-7ffa80001000 r--p 00000000 00:20 449974                     /usr/lib64/libXdamage.so.1.1.0
7ffa80001000-7ffa80002000 r-xp 00001000 00:20 449974                     /usr/lib64/libXdamage.so.1.1.0
7ffa80002000-7ffa80003000 r--p 00002000 00:20 449974                     /usr/lib64/libXdamage.so.1.1.0
7ffa80003000-7ffa80004000 r--p 00002000 00:20 449974                     /usr/lib64/libXdamage.so.1.1.0
7ffa80004000-7ffa80005000 rw-p 00000000 00:00 0 
7ffa80005000-7ffa80009000 r--p 00000000 00:20 459828                     /usr/lib64/libcairo-gobject.so.2.11800.0
7ffa80009000-7ffa8000b000 r-xp 00004000 00:20 459828                     /usr/lib64/libcairo-gobject.so.2.11800.0
7ffa8000b000-7ffa8000d000 r--p 00006000 00:20 459828                     /usr/lib64/libcairo-gobject.so.2.11800.0
7ffa8000d000-7ffa8000f000 r--p 00008000 00:20 459828                     /usr/lib64/libcairo-gobject.so.2.11800.0
7ffa8000f000-7ffa80010000 rw-p 00000000 00:00 0 
7ffa80010000-7ffa80017000 r--p 00000000 00:20 459640                     /usr/lib64/libfontconfig.so.1.12.0
7ffa80017000-7ffa80046000 r-xp 00007000 00:20 459640                     /usr/lib64/libfontconfig.so.1.12.0
7ffa80046000-7ffa8005c000 r--p 00036000 00:20 459640                     /usr/lib64/libfontconfig.so.1.12.0
7ffa8005c000-7ffa8005e000 r--p 0004b000 00:20 459640                     /usr/lib64/libfontconfig.so.1.12.0
7ffa8005e000-7ffa8005f000 rw-p 0004d000 00:20 459640                     /usr/lib64/libfontconfig.so.1.12.0
7ffa8005f000-7ffa8006d000 r--p 00000000 00:20 452392                     /usr/lib64/libgobject-2.0.so.0.7800.1
7ffa8006d000-7ffa800a3000 r-xp 0000e000 00:20 452392                     /usr/lib64/libgobject-2.0.so.0.7800.1
7ffa800a3000-7ffa800bb000 r--p 00044000 00:20 452392                     /usr/lib64/libgobject-2.0.so.0.7800.1
7ffa800bb000-7ffa800be000 r--p 0005c000 00:20 452392                     /usr/lib64/libgobject-2.0.so.0.7800.1
7ffa800be000-7ffa800bf000 rw-p 0005f000 00:20 452392                     /usr/lib64/libgobject-2.0.so.0.7800.1
7ffa800bf000-7ffa802bf000 rw-s 108f9a000 00:05 513                       /dev/dri/renderD128
7ffa802bf000-7ffa804bf000 rw-s 12d21a000 00:05 513                       /dev/dri/renderD128
7ffa804bf000-7ffa80600000 rw-s 00000000 00:20 295                        /home/neon/.cache/mesa_shader_cache/index
7ffa80600000-7ffa8069c000 r--p 00000000 00:20 430211                     /usr/lib64/libstdc++.so.6.0.32
7ffa8069c000-7ffa807c6000 r-xp 0009c000 00:20 430211                     /usr/lib64/libstdc++.so.6.0.32
7ffa807c6000-7ffa80842000 r--p 001c6000 00:20 430211                     /usr/lib64/libstdc++.so.6.0.32
7ffa80842000-7ffa8084f000 r--p 00242000 00:20 430211                     /usr/lib64/libstdc++.so.6.0.32
7ffa8084f000-7ffa80850000 rw-p 0024f000 00:20 430211                     /usr/lib64/libstdc++.so.6.0.32
7ffa80850000-7ffa80854000 rw-p 00000000 00:00 0 
7ffa80854000-7ffa8085b000 r--p 00000000 00:20 478749                     /usr/lib64/libpangoft2-1.0.so.0.5100.0
7ffa8085b000-7ffa80868000 r-xp 00007000 00:20 478749                     /usr/lib64/libpangoft2-1.0.so.0.5100.0
7ffa80868000-7ffa8086c000 r--p 00014000 00:20 478749                     /usr/lib64/libpangoft2-1.0.so.0.5100.0
7ffa8086c000-7ffa8086d000 r--p 00018000 00:20 478749                     /usr/lib64/libpangoft2-1.0.so.0.5100.0
7ffa8086d000-7ffa8086e000 rw-p 00000000 00:00 0 
7ffa8086e000-7ffa80873000 r--p 00000000 00:20 478747                     /usr/lib64/libpangocairo-1.0.so.0.5100.0
7ffa80873000-7ffa8087b000 r-xp 00005000 00:20 478747                     /usr/lib64/libpangocairo-1.0.so.0.5100.0
7ffa8087b000-7ffa8087d000 r--p 0000d000 00:20 478747                     /usr/lib64/libpangocairo-1.0.so.0.5100.0
7ffa8087d000-7ffa8087e000 r--p 0000f000 00:20 478747                     /usr/lib64/libpangocairo-1.0.so.0.5100.0
7ffa8087e000-7ffa8087f000 rw-p 00010000 00:20 478747                     /usr/lib64/libpangocairo-1.0.so.0.5100.0
7ffa8087f000-7ffa808a9000 r--p 00000000 00:20 518691                     /usr/lib64/libgdk-3.so.0.2406.32
7ffa808a9000-7ffa8092d000 r-xp 0002a000 00:20 518691                     /usr/lib64/libgdk-3.so.0.2406.32
7ffa8092d000-7ffa8096f000 r--p 000ae000 00:20 518691                     /usr/lib64/libgdk-3.so.0.2406.32
7ffa8096f000-7ffa80978000 r--p 000ef000 00:20 518691                     /usr/lib64/libgdk-3.so.0.2406.32
7ffa80978000-7ffa8097a000 rw-p 000f8000 00:20 518691                     /usr/lib64/libgdk-3.so.0.2406.32
7ffa8097a000-7ffa8097d000 r--p 00000000 00:20 433463                     /usr/lib64/libpciaccess.so.0.11.1
7ffa8097d000-7ffa80982000 r-xp 00003000 00:20 433463                     /usr/lib64/libpciaccess.so.0.11.1
7ffa80982000-7ffa80984000 r--p 00008000 00:20 433463                     /usr/lib64/libpciaccess.so.0.11.1
7ffa80984000-7ffa80985000 r--p 00009000 00:20 433463                     /usr/lib64/libpciaccess.so.0.11.1
7ffa80985000-7ffa80986000 rw-p 00000000 00:00 0 
7ffa80986000-7ffa80994000 r--p 00000000 00:20 428967                     /usr/lib64/libtinfo.so.6.4
7ffa80994000-7ffa809a8000 r-xp 0000e000 00:20 428967                     /usr/lib64/libtinfo.so.6.4
7ffa809a8000-7ffa809b6000 r--p 00022000 00:20 428967                     /usr/lib64/libtinfo.so.6.4
7ffa809b6000-7ffa809ba000 r--p 0002f000 00:20 428967                     /usr/lib64/libtinfo.so.6.4
7ffa809ba000-7ffa809bb000 rw-p 00033000 00:20 428967                     /usr/lib64/libtinfo.so.6.4
7ffa809bb000-7ffa809c4000 r--p 00000000 00:20 433357                     /usr/lib64/libedit.so.0.0.72
7ffa809c4000-7ffa809e5000 r-xp 00009000 00:20 433357                     /usr/lib64/libedit.so.0.0.72
7ffa809e5000-7ffa809f2000 r--p 0002a000 00:20 433357                     /usr/lib64/libedit.so.0.0.72
7ffa809f2000-7ffa809f4000 r--p 00037000 00:20 433357                     /usr/lib64/libedit.so.0.0.72
7ffa809f4000-7ffa809f5000 rw-p 00039000 00:20 433357                     /usr/lib64/libedit.so.0.0.72
7ffa809f5000-7ffa809f8000 rw-p 00000000 00:00 0 
7ffa809f8000-7ffa809fa000 r--p 00000000 00:20 432757                     /usr/lib64/libffi.so.8.1.2
7ffa809fa000-7ffa80a04000 r-xp 00002000 00:20 432757                     /usr/lib64/libffi.so.8.1.2
7ffa80a04000-7ffa80a06000 r--p 0000c000 00:20 432757                     /usr/lib64/libffi.so.8.1.2
7ffa80a06000-7ffa80a07000 r--p 0000d000 00:20 432757                     /usr/lib64/libffi.so.8.1.2
7ffa80a07000-7ffa80a08000 rw-p 0000e000 00:20 432757                     /usr/lib64/libffi.so.8.1.2
7ffa80a08000-7ffa80a0b000 r--p 00000000 00:20 417486                     /usr/lib64/libgcc_s-13-20231011.so.1
7ffa80a0b000-7ffa80a26000 r-xp 00003000 00:20 417486                     /usr/lib64/libgcc_s-13-20231011.so.1
7ffa80a26000-7ffa80a2a000 r--p 0001e000 00:20 417486                     /usr/lib64/libgcc_s-13-20231011.so.1
7ffa80a2a000-7ffa80a2b000 r--p 00021000 00:20 417486                     /usr/lib64/libgcc_s-13-20231011.so.1
7ffa80a2b000-7ffa80a2c000 rw-p 00000000 00:00 0 
7ffa80a2c000-7ffa80a2f000 r--p 00000000 00:20 433478                     /usr/lib64/libdrm_intel.so.1.0.0
7ffa80a2f000-7ffa80a46000 r-xp 00003000 00:20 433478                     /usr/lib64/libdrm_intel.so.1.0.0
7ffa80a46000-7ffa80a4f000 r--p 0001a000 00:20 433478                     /usr/lib64/libdrm_intel.so.1.0.0
7ffa80a4f000-7ffa80a50000 r--p 00023000 00:20 433478                     /usr/lib64/libdrm_intel.so.1.0.0
7ffa80a50000-7ffa80a51000 rw-p 00024000 00:20 433478                     /usr/lib64/libdrm_intel.so.1.0.0
7ffa80a51000-7ffa80a54000 r--p 00000000 00:20 433476                     /usr/lib64/libdrm_amdgpu.so.1.0.0
7ffa80a54000-7ffa80a5a000 r-xp 00003000 00:20 433476                     /usr/lib64/libdrm_amdgpu.so.1.0.0
7ffa80a5a000-7ffa80a5c000 r--p 00009000 00:20 433476                     /usr/lib64/libdrm_amdgpu.so.1.0.0
7ffa80a5c000-7ffa80a5d000 r--p 0000a000 00:20 433476                     /usr/lib64/libdrm_amdgpu.so.1.0.0
7ffa80a5d000-7ffa80a5e000 rw-p 00000000 00:00 0 
7ffa80a5e000-7ffa80a62000 r--p 00000000 00:20 432610                     /usr/lib64/libelf-0.190.so
7ffa80a62000-7ffa80a75000 r-xp 00004000 00:20 432610                     /usr/lib64/libelf-0.190.so
7ffa80a75000-7ffa80a79000 r--p 00017000 00:20 432610                     /usr/lib64/libelf-0.190.so
7ffa80a79000-7ffa80a7a000 r--p 0001a000 00:20 432610                     /usr/lib64/libelf-0.190.so
7ffa80a7a000-7ffa80a7b000 rw-p 00000000 00:00 0 
7ffa80a7b000-7ffa80a7d000 r--p 00000000 00:20 433482                     /usr/lib64/libdrm_radeon.so.1.0.1
7ffa80a7d000-7ffa80a83000 r-xp 00002000 00:20 433482                     /usr/lib64/libdrm_radeon.so.1.0.1
7ffa80a83000-7ffa80a87000 r--p 00008000 00:20 433482                     /usr/lib64/libdrm_radeon.so.1.0.1
7ffa80a87000-7ffa80a88000 r--p 0000b000 00:20 433482                     /usr/lib64/libdrm_radeon.so.1.0.1
7ffa80a88000-7ffa80a89000 rw-p 00000000 00:00 0 
7ffa80a89000-7ffa80a8c000 r--p 00000000 00:20 442727                     /usr/lib64/libsensors.so.4.5.0
7ffa80a8c000-7ffa80a93000 r-xp 00003000 00:20 442727                     /usr/lib64/libsensors.so.4.5.0
7ffa80a93000-7ffa80a97000 r--p 0000a000 00:20 442727                     /usr/lib64/libsensors.so.4.5.0
7ffa80a97000-7ffa80a98000 r--p 0000e000 00:20 442727                     /usr/lib64/libsensors.so.4.5.0
7ffa80a98000-7ffa80a99000 rw-p 0000f000 00:20 442727                     /usr/lib64/libsensors.so.4.5.0
7ffa80a99000-7ffa80a9e000 r--p 00000000 00:20 430285                     /usr/lib64/libzstd.so.1.5.5
7ffa80a9e000-7ffa80b46000 r-xp 00005000 00:20 430285                     /usr/lib64/libzstd.so.1.5.5
7ffa80b46000-7ffa80b53000 r--p 000ad000 00:20 430285                     /usr/lib64/libzstd.so.1.5.5
7ffa80b53000-7ffa80b54000 r--p 000b9000 00:20 430285                     /usr/lib64/libzstd.so.1.5.5
7ffa80b54000-7ffa80b55000 rw-p 00000000 00:00 0 
7ffa80b55000-7ffa80b58000 r--p 00000000 00:20 430225                     /usr/lib64/libz.so.1.2.13
7ffa80b58000-7ffa80b67000 r-xp 00003000 00:20 430225                     /usr/lib64/libz.so.1.2.13
7ffa80b67000-7ffa80b6d000 r--p 00012000 00:20 430225                     /usr/lib64/libz.so.1.2.13
7ffa80b6d000-7ffa80b6e000 r--p 00018000 00:20 430225                     /usr/lib64/libz.so.1.2.13
7ffa80b6e000-7ffa80b6f000 rw-p 00000000 00:00 0 
7ffa80b6f000-7ffa80b91000 r--p 00000000 00:20 429107                     /usr/share/locale/es/LC_MESSAGES/libc.mo
7ffa80b91000-7ffa80baa000 r--p 00000000 00:20 450119                     /usr/lib64/libGLX_mesa.so.0.0.0
7ffa80baa000-7ffa80bea000 r-xp 00019000 00:20 450119                     /usr/lib64/libGLX_mesa.so.0.0.0
7ffa80bea000-7ffa80bfd000 r--p 00059000 00:20 450119                     /usr/lib64/libGLX_mesa.so.0.0.0
7ffa80bfd000-7ffa80c00000 r--p 0006b000 00:20 450119                     /usr/lib64/libGLX_mesa.so.0.0.0
7ffa80c00000-7ffa80c01000 rw-p 0006e000 00:20 450119                     /usr/lib64/libGLX_mesa.so.0.0.0
7ffa80c01000-7ffa80c42000 r--p 00000000 00:20 435178                     /usr/lib64/libGLdispatch.so.0.0.0
7ffa80c42000-7ffa80c81000 r-xp 00041000 00:20 435178                     /usr/lib64/libGLdispatch.so.0.0.0
7ffa80c81000-7ffa80c94000 r--p 00080000 00:20 435178                     /usr/lib64/libGLdispatch.so.0.0.0
7ffa80c94000-7ffa80cb0000 r--p 00093000 00:20 435178                     /usr/lib64/libGLdispatch.so.0.0.0
7ffa80cb0000-7ffa80cb1000 rw-p 000af000 00:20 435178                     /usr/lib64/libGLdispatch.so.0.0.0
7ffa80cb1000-7ffa80cb9000 rw-p 00000000 00:00 0 
7ffa80cb9000-7ffa80cd5000 r--p 00000000 00:20 449955                     /usr/lib64/libX11.so.6.4.0
7ffa80cd5000-7ffa80d6a000 r-xp 0001c000 00:20 449955                     /usr/lib64/libX11.so.6.4.0
7ffa80d6a000-7ffa80df9000 r--p 000b1000 00:20 449955                     /usr/lib64/libX11.so.6.4.0
7ffa80df9000-7ffa80dfc000 r--p 0013f000 00:20 449955                     /usr/lib64/libX11.so.6.4.0
7ffa80dfc000-7ffa80e00000 rw-p 00142000 00:20 449955                     /usr/lib64/libX11.so.6.4.0
7ffa80e00000-7ffa80e0c000 r-xp 00000000 00:20 711981                     /usr/lib/jvm/jdk1.8.0_202/jre/lib/amd64/libprism_es2.so
7ffa80e0c000-7ffa8100b000 ---p 0000c000 00:20 711981                     /usr/lib/jvm/jdk1.8.0_202/jre/lib/amd64/libprism_es2.so
7ffa8100b000-7ffa8100c000 r--p 0000b000 00:20 711981                     /usr/lib/jvm/jdk1.8.0_202/jre/lib/amd64/libprism_es2.so
7ffa8100c000-7ffa8100d000 rw-p 0000c000 00:20 711981                     /usr/lib/jvm/jdk1.8.0_202/jre/lib/amd64/libprism_es2.so
7ffa81010000-7ffa81014000 r--p 00000000 00:20 460721                     /usr/lib64/gio/modules/libdconfsettings.so
7ffa81014000-7ffa8101b000 r-xp 00004000 00:20 460721                     /usr/lib64/gio/modules/libdconfsettings.so
7ffa8101b000-7ffa8101e000 r--p 0000b000 00:20 460721                     /usr/lib64/gio/modules/libdconfsettings.so
7ffa8101e000-7ffa8101f000 r--p 0000d000 00:20 460721                     /usr/lib64/gio/modules/libdconfsettings.so
7ffa8101f000-7ffa81020000 rw-p 0000e000 00:20 460721                     /usr/lib64/gio/modules/libdconfsettings.so
7ffa81020000-7ffa81023000 r--p 00000000 00:20 433207                     /usr/lib64/libxcb-xfixes.so.0.0.0
7ffa81023000-7ffa81026000 r-xp 00003000 00:20 433207                     /usr/lib64/libxcb-xfixes.so.0.0.0
7ffa81026000-7ffa81028000 r--p 00006000 00:20 433207                     /usr/lib64/libxcb-xfixes.so.0.0.0
7ffa81028000-7ffa81029000 r--p 00007000 00:20 433207                     /usr/lib64/libxcb-xfixes.so.0.0.0
7ffa81029000-7ffa8102a000 rw-p 00008000 00:20 433207                     /usr/lib64/libxcb-xfixes.so.0.0.0
7ffa8102a000-7ffa8102e000 r--p 00000000 00:20 430652                     /usr/lib64/libexpat.so.1.8.10
7ffa8102e000-7ffa8104a000 r-xp 00004000 00:20 430652                     /usr/lib64/libexpat.so.1.8.10
7ffa8104a000-7ffa81052000 r--p 00020000 00:20 430652                     /usr/lib64/libexpat.so.1.8.10
7ffa81052000-7ffa81054000 r--p 00027000 00:20 430652                     /usr/lib64/libexpat.so.1.8.10
7ffa81054000-7ffa81055000 rw-p 00000000 00:00 0 
7ffa81055000-7ffa81060000 r--p 00000000 00:20 433185                     /usr/lib64/libxcb-glx.so.0.0.0
7ffa81060000-7ffa81069000 r-xp 0000b000 00:20 433185                     /usr/lib64/libxcb-glx.so.0.0.0
7ffa81069000-7ffa8106e000 r--p 00014000 00:20 433185                     /usr/lib64/libxcb-glx.so.0.0.0
7ffa8106e000-7ffa81070000 r--p 00019000 00:20 433185                     /usr/lib64/libxcb-glx.so.0.0.0
7ffa81070000-7ffa81071000 rw-p 0001b000 00:20 433185                     /usr/lib64/libxcb-glx.so.0.0.0
7ffa81071000-7ffa81074000 ---p 00000000 00:00 0 
7ffa81074000-7ffa81171000 rw-p 00000000 00:00 0 
7ffa81171000-7ffa81172000 ---p 00000000 00:00 0 
7ffa81172000-7ffa81272000 rw-p 00000000 00:00 0 
7ffa81272000-7ffa81275000 ---p 00000000 00:00 0 
7ffa81275000-7ffa81372000 rw-p 00000000 00:00 0 
7ffa81372000-7ffa81373000 ---p 00000000 00:00 0 
7ffa81373000-7ffa81376000 ---p 00000000 00:00 0 
7ffa81376000-7ffa81473000 rw-p 00000000 00:00 0 
7ffa81473000-7ffa81474000 ---p 00000000 00:00 0 
7ffa81474000-7ffa81477000 ---p 00000000 00:00 0 
7ffa81477000-7ffa81574000 rw-p 00000000 00:00 0 
7ffa81574000-7ffa81575000 ---p 00000000 00:00 0 
7ffa81575000-7ffa81578000 ---p 00000000 00:00 0 
7ffa81578000-7ffa81675000 rw-p 00000000 00:00 0 
7ffa81675000-7ffa81678000 ---p 00000000 00:00 0 
7ffa81678000-7ffa81775000 rw-p 00000000 00:00 0 
7ffa81775000-7ffa81778000 ---p 00000000 00:00 0 
7ffa81778000-7ffa81875000 rw-p 00000000 00:00 0 
7ffa81875000-7ffa81878000 ---p 00000000 00:00 0 
7ffa81878000-7ffa81975000 rw-p 00000000 00:00 0 
7ffa81975000-7ffa81976000 ---p 00000000 00:00 0 
7ffa81976000-7ffa8d000000 rw-p 00000000 00:00 0 
7ffa8d000000-7ffa8d270000 rwxp 00000000 00:00 0 
7ffa8d270000-7ffa9c000000 ---p 00000000 00:00 0 
7ffa9c000000-7ffa9cb50000 rw-p 00000000 00:00 0 
7ffa9cb50000-7ffaa0000000 ---p 00000000 00:00 0 
7ffaa0000000-7ffaa0004000 r--p 00000000 00:20 95235                      /home/neon/.config/dconf/user
7ffaa0004000-7ffaa0007000 r--p 00000000 00:20 433203                     /usr/lib64/libxcb-sync.so.1.0.0
7ffaa0007000-7ffaa000a000 r-xp 00003000 00:20 433203                     /usr/lib64/libxcb-sync.so.1.0.0
7ffaa000a000-7ffaa000b000 r--p 00006000 00:20 433203                     /usr/lib64/libxcb-sync.so.1.0.0
7ffaa000b000-7ffaa000c000 r--p 00007000 00:20 433203                     /usr/lib64/libxcb-sync.so.1.0.0
7ffaa000c000-7ffaa000d000 rw-p 00008000 00:20 433203                     /usr/lib64/libxcb-sync.so.1.0.0
7ffaa000d000-7ffaa001a000 r--p 00000000 00:20 442732                     /usr/lib64/libglapi.so.0.0.0
7ffaa001a000-7ffaa0028000 r-xp 0000d000 00:20 442732                     /usr/lib64/libglapi.so.0.0.0
7ffaa0028000-7ffaa003c000 r--p 0001b000 00:20 442732                     /usr/lib64/libglapi.so.0.0.0
7ffaa003c000-7ffaa0040000 r--p 0002f000 00:20 442732                     /usr/lib64/libglapi.so.0.0.0
7ffaa0040000-7ffaa0041000 rw-p 00000000 00:00 0 
7ffaa0041000-7ffaa0084000 r--p 00000000 00:20 450113                     /usr/lib64/libGL.so.1.7.0
7ffaa0084000-7ffaa00a4000 r-xp 00043000 00:20 450113                     /usr/lib64/libGL.so.1.7.0
7ffaa00a4000-7ffaa00b8000 r--p 00063000 00:20 450113                     /usr/lib64/libGL.so.1.7.0
7ffaa00b8000-7ffaa00c6000 r--p 00077000 00:20 450113                     /usr/lib64/libGL.so.1.7.0
7ffaa00c6000-7ffaa00c7000 rw-p 00085000 00:20 450113                     /usr/lib64/libGL.so.1.7.0
7ffaa00c7000-7ffaa05cd000 rw-p 00000000 00:00 0 
7ffaa05cd000-7ffaa07a7000 r--s 03d6a000 00:20 711758                     /usr/lib/jvm/jdk1.8.0_202/jre/lib/rt.jar
7ffaa07a7000-7ffaa0ce7000 rw-p 00000000 00:00 0 
7ffaa0ce7000-7ffaa0fa7000 ---p 00000000 00:00 0 
7ffaa0fa7000-7ffaa1a5f000 rw-p 00000000 00:00 0 
7ffaa1a5f000-7ffaa1a60000 ---p 00000000 00:00 0 
7ffaa1a60000-7ffaa1b60000 rw-p 00000000 00:00 0 
7ffaa1b60000-7ffaa1b61000 ---p 00000000 00:00 0 
7ffaa1b61000-7ffaa1cd4000 rw-p 00000000 00:00 0 
7ffaa1cd4000-7ffaa2387000 ---p 00000000 00:00 0 
7ffaa2387000-7ffaa23fa000 rw-p 00000000 00:00 0 
7ffaa23fa000-7ffaa2aac000 ---p 00000000 00:00 0 
7ffaa2aac000-7ffaa2ae6000 rw-p 00000000 00:00 0 
7ffaa2ae6000-7ffaa2e3f000 ---p 00000000 00:00 0 
7ffaa2e3f000-7ffaa2e4a000 rw-p 00000000 00:00 0 
7ffaa2e4a000-7ffaa3200000 ---p 00000000 00:00 0 
7ffaa3200000-7ffaa321b000 r-xp 00000000 00:20 711973                     /usr/lib/jvm/jdk1.8.0_202/jre/lib/amd64/libzip.so
7ffaa321b000-7ffaa341a000 ---p 0001b000 00:20 711973                     /usr/lib/jvm/jdk1.8.0_202/jre/lib/amd64/libzip.so
7ffaa341a000-7ffaa341b000 r--p 0001a000 00:20 711973                     /usr/lib/jvm/jdk1.8.0_202/jre/lib/amd64/libzip.so
7ffaa341b000-7ffaa341c000 rw-p 0001b000 00:20 711973                     /usr/lib/jvm/jdk1.8.0_202/jre/lib/amd64/libzip.so
7ffaa341c000-7ffaa341f000 r--p 00000000 00:20 467011                     /usr/share/locale/es/LC_MESSAGES/at-spi2-core.mo
7ffaa341f000-7ffaa3420000 r--p 00000000 00:20 433046                     /usr/lib64/libwayland-egl.so.1.22.0
7ffaa3420000-7ffaa3421000 r-xp 00001000 00:20 433046                     /usr/lib64/libwayland-egl.so.1.22.0
7ffaa3421000-7ffaa3422000 r--p 00002000 00:20 433046                     /usr/lib64/libwayland-egl.so.1.22.0
7ffaa3422000-7ffaa3423000 r--p 00002000 00:20 433046                     /usr/lib64/libwayland-egl.so.1.22.0
7ffaa3423000-7ffaa3424000 rw-p 00000000 00:00 0 
7ffaa3424000-7ffaa342b000 r--p 00000000 00:20 433189                     /usr/lib64/libxcb-randr.so.0.1.0
7ffaa342b000-7ffaa3431000 r-xp 00007000 00:20 433189                     /usr/lib64/libxcb-randr.so.0.1.0
7ffaa3431000-7ffaa3434000 r--p 0000d000 00:20 433189                     /usr/lib64/libxcb-randr.so.0.1.0
7ffaa3434000-7ffaa3435000 r--p 00010000 00:20 433189                     /usr/lib64/libxcb-randr.so.0.1.0
7ffaa3435000-7ffaa3436000 rw-p 00011000 00:20 433189                     /usr/lib64/libxcb-randr.so.0.1.0
7ffaa3436000-7ffaa3439000 r--p 00000000 00:20 450115                     /usr/lib64/libGLX.so.0.0.0
7ffaa3439000-7ffaa3454000 r-xp 00003000 00:20 450115                     /usr/lib64/libGLX.so.0.0.0
7ffaa3454000-7ffaa3457000 r--p 0001e000 00:20 450115                     /usr/lib64/libGLX.so.0.0.0
7ffaa3457000-7ffaa3458000 r--p 00020000 00:20 450115                     /usr/lib64/libGLX.so.0.0.0
7ffaa3458000-7ffaa3459000 rw-p 00021000 00:20 450115                     /usr/lib64/libGLX.so.0.0.0
7ffaa3459000-7ffaa3469000 rw-p 00000000 00:00 0 
7ffaa3469000-7ffaa34ff000 r--s 01111000 00:20 711820                     /usr/lib/jvm/jdk1.8.0_202/jre/lib/ext/jfxrt.jar
7ffaa34ff000-7ffaa3500000 ---p 00000000 00:00 0 
7ffaa3500000-7ffaa3600000 rw-p 00000000 00:00 0 
7ffaa3600000-7ffaa362c000 r-xp 00000000 00:20 711967                     /usr/lib/jvm/jdk1.8.0_202/jre/lib/amd64/libjava.so
7ffaa362c000-7ffaa382b000 ---p 0002c000 00:20 711967                     /usr/lib/jvm/jdk1.8.0_202/jre/lib/amd64/libjava.so
7ffaa382b000-7ffaa382c000 r--p 0002b000 00:20 711967                     /usr/lib/jvm/jdk1.8.0_202/jre/lib/amd64/libjava.so
7ffaa382c000-7ffaa382e000 rw-p 0002c000 00:20 711967                     /usr/lib/jvm/jdk1.8.0_202/jre/lib/amd64/libjava.so
7ffaa382e000-7ffaa3830000 r--p 00000000 00:20 452390                     /usr/lib64/libgmodule-2.0.so.0.7800.1
7ffaa3830000-7ffaa3832000 r-xp 00002000 00:20 452390                     /usr/lib64/libgmodule-2.0.so.0.7800.1
7ffaa3832000-7ffaa3833000 r--p 00004000 00:20 452390                     /usr/lib64/libgmodule-2.0.so.0.7800.1
7ffaa3833000-7ffaa3834000 r--p 00004000 00:20 452390                     /usr/lib64/libgmodule-2.0.so.0.7800.1
7ffaa3834000-7ffaa3835000 rw-p 00005000 00:20 452390                     /usr/lib64/libgmodule-2.0.so.0.7800.1
7ffaa3835000-7ffaa3836000 r--p 00000000 00:20 433187                     /usr/lib64/libxcb-present.so.0.0.0
7ffaa3836000-7ffaa3837000 r-xp 00001000 00:20 433187                     /usr/lib64/libxcb-present.so.0.0.0
7ffaa3837000-7ffaa3838000 r--p 00002000 00:20 433187                     /usr/lib64/libxcb-present.so.0.0.0
7ffaa3838000-7ffaa3839000 r--p 00002000 00:20 433187                     /usr/lib64/libxcb-present.so.0.0.0
7ffaa3839000-7ffaa383a000 rw-p 00003000 00:20 433187                     /usr/lib64/libxcb-present.so.0.0.0
7ffaa383a000-7ffaa38ff000 rw-p 00000000 00:00 0 
7ffaa38ff000-7ffaa3900000 ---p 00000000 00:00 0 
7ffaa3900000-7ffaa3a00000 rw-p 00000000 00:00 0 
7ffaa3a00000-7ffaa3a0d000 r-xp 00000000 00:20 711972                     /usr/lib/jvm/jdk1.8.0_202/jre/lib/amd64/libverify.so
7ffaa3a0d000-7ffaa3c0c000 ---p 0000d000 00:20 711972                     /usr/lib/jvm/jdk1.8.0_202/jre/lib/amd64/libverify.so
7ffaa3c0c000-7ffaa3c0e000 r--p 0000c000 00:20 711972                     /usr/lib/jvm/jdk1.8.0_202/jre/lib/amd64/libverify.so
7ffaa3c0e000-7ffaa3c0f000 rw-p 0000e000 00:20 711972                     /usr/lib/jvm/jdk1.8.0_202/jre/lib/amd64/libverify.so
7ffaa3c10000-7ffaa3c12000 r--p 00000000 00:20 433183                     /usr/lib64/libxcb-dri3.so.0.0.0
7ffaa3c12000-7ffaa3c14000 r-xp 00002000 00:20 433183                     /usr/lib64/libxcb-dri3.so.0.0.0
7ffaa3c14000-7ffaa3c15000 r--p 00004000 00:20 433183                     /usr/lib64/libxcb-dri3.so.0.0.0
7ffaa3c15000-7ffaa3c16000 r--p 00004000 00:20 433183                     /usr/lib64/libxcb-dri3.so.0.0.0
7ffaa3c16000-7ffaa3c17000 rw-p 00005000 00:20 433183                     /usr/lib64/libxcb-dri3.so.0.0.0
7ffaa3c17000-7ffaa3c18000 r--p 00000000 00:20 433648                     /usr/lib64/libxshmfence.so.1.0.0
7ffaa3c18000-7ffaa3c19000 r-xp 00001000 00:20 433648                     /usr/lib64/libxshmfence.so.1.0.0
7ffaa3c19000-7ffaa3c1a000 r--p 00002000 00:20 433648                     /usr/lib64/libxshmfence.so.1.0.0
7ffaa3c1a000-7ffaa3c1b000 r--p 00002000 00:20 433648                     /usr/lib64/libxshmfence.so.1.0.0
7ffaa3c1b000-7ffaa3c1c000 rw-p 00000000 00:00 0 
7ffaa3c1c000-7ffaa3c1d000 r--p 00000000 00:20 433201                     /usr/lib64/libxcb-shm.so.0.0.0
7ffaa3c1d000-7ffaa3c1e000 r-xp 00001000 00:20 433201                     /usr/lib64/libxcb-shm.so.0.0.0
7ffaa3c1e000-7ffaa3c1f000 r--p 00002000 00:20 433201                     /usr/lib64/libxcb-shm.so.0.0.0
7ffaa3c1f000-7ffaa3c20000 r--p 00002000 00:20 433201                     /usr/lib64/libxcb-shm.so.0.0.0
7ffaa3c20000-7ffaa3c21000 rw-p 00003000 00:20 433201                     /usr/lib64/libxcb-shm.so.0.0.0
7ffaa3c21000-7ffaa3c26000 r--p 00000000 00:20 433474                     /usr/lib64/libdrm.so.2.4.0
7ffaa3c26000-7ffaa3c32000 r-xp 00005000 00:20 433474                     /usr/lib64/libdrm.so.2.4.0
7ffaa3c32000-7ffaa3c36000 r--p 00011000 00:20 433474                     /usr/lib64/libdrm.so.2.4.0
7ffaa3c36000-7ffaa3c37000 r--p 00014000 00:20 433474                     /usr/lib64/libdrm.so.2.4.0
7ffaa3c37000-7ffaa3cff000 rw-p 00000000 00:00 0 
7ffaa3cff000-7ffaa3d00000 ---p 00000000 00:00 0 
7ffaa3d00000-7ffaa3d03000 ---p 00000000 00:00 0 
7ffaa3d03000-7ffaa3e00000 rw-p 00000000 00:00 0 
7ffaa3e00000-7ffaa4ae8000 r-xp 00000000 00:20 711948                     /usr/lib/jvm/jdk1.8.0_202/jre/lib/amd64/server/libjvm.so
7ffaa4ae8000-7ffaa4ce7000 ---p 00ce8000 00:20 711948                     /usr/lib/jvm/jdk1.8.0_202/jre/lib/amd64/server/libjvm.so
7ffaa4ce7000-7ffaa4d7d000 r--p 00ce7000 00:20 711948                     /usr/lib/jvm/jdk1.8.0_202/jre/lib/amd64/server/libjvm.so
7ffaa4d7d000-7ffaa4dae000 rw-p 00d7d000 00:20 711948                     /usr/lib/jvm/jdk1.8.0_202/jre/lib/amd64/server/libjvm.so
7ffaa4dae000-7ffaa4de9000 rw-p 00000000 00:00 0 
7ffaa4de9000-7ffaa4dea000 r--p 00000000 00:20 583743                     /etc/dconf/db/distro
7ffaa4dea000-7ffaa4deb000 r--p 00000000 00:20 583747                     /etc/dconf/db/site
7ffaa4deb000-7ffaa4ded000 r--p 00000000 00:20 449964                     /usr/lib64/libXfixes.so.3.1.0
7ffaa4ded000-7ffaa4df0000 r-xp 00002000 00:20 449964                     /usr/lib64/libXfixes.so.3.1.0
7ffaa4df0000-7ffaa4df1000 r--p 00005000 00:20 449964                     /usr/lib64/libXfixes.so.3.1.0
7ffaa4df1000-7ffaa4df2000 r--p 00005000 00:20 449964                     /usr/lib64/libXfixes.so.3.1.0
7ffaa4df2000-7ffaa4df3000 rw-p 00006000 00:20 449964                     /usr/lib64/libXfixes.so.3.1.0
7ffaa4df3000-7ffaa4dff000 r--p 00000000 00:20 433223                     /usr/lib64/libxcb.so.1.1.0
7ffaa4dff000-7ffaa4e13000 r-xp 0000c000 00:20 433223                     /usr/lib64/libxcb.so.1.1.0
7ffaa4e13000-7ffaa4e1c000 r--p 00020000 00:20 433223                     /usr/lib64/libxcb.so.1.1.0
7ffaa4e1c000-7ffaa4e1d000 r--p 00028000 00:20 433223                     /usr/lib64/libxcb.so.1.1.0
7ffaa4e1d000-7ffaa4e1e000 rw-p 00029000 00:20 433223                     /usr/lib64/libxcb.so.1.1.0
7ffaa4e1e000-7ffaa4e44000 r--p 00000000 00:20 430142                     /usr/lib64/libc.so.6
7ffaa4e44000-7ffaa4fa4000 r-xp 00026000 00:20 430142                     /usr/lib64/libc.so.6
7ffaa4fa4000-7ffaa4ff2000 r--p 00186000 00:20 430142                     /usr/lib64/libc.so.6
7ffaa4ff2000-7ffaa4ff6000 r--p 001d3000 00:20 430142                     /usr/lib64/libc.so.6
7ffaa4ff6000-7ffaa4ff8000 rw-p 001d7000 00:20 430142                     /usr/lib64/libc.so.6
7ffaa4ff8000-7ffaa5000000 rw-p 00000000 00:00 0 
7ffaa5000000-7ffaa5017000 r-xp 00000000 00:20 711620                     /usr/lib/jvm/jdk1.8.0_202/lib/amd64/jli/libjli.so
7ffaa5017000-7ffaa5216000 ---p 00017000 00:20 711620                     /usr/lib/jvm/jdk1.8.0_202/lib/amd64/jli/libjli.so
7ffaa5216000-7ffaa5217000 r--p 00016000 00:20 711620                     /usr/lib/jvm/jdk1.8.0_202/lib/amd64/jli/libjli.so
7ffaa5217000-7ffaa5218000 rw-p 00017000 00:20 711620                     /usr/lib/jvm/jdk1.8.0_202/lib/amd64/jli/libjli.so
7ffaa5218000-7ffaa5219000 r--p 00000000 00:20 583746                     /etc/dconf/db/local
7ffaa5219000-7ffaa521b000 r--p 00000000 00:20 433181                     /usr/lib64/libxcb-dri2.so.0.0.0
7ffaa521b000-7ffaa521d000 r-xp 00002000 00:20 433181                     /usr/lib64/libxcb-dri2.so.0.0.0
7ffaa521d000-7ffaa521e000 r--p 00004000 00:20 433181                     /usr/lib64/libxcb-dri2.so.0.0.0
7ffaa521e000-7ffaa521f000 r--p 00004000 00:20 433181                     /usr/lib64/libxcb-dri2.so.0.0.0
7ffaa521f000-7ffaa5220000 rw-p 00005000 00:20 433181                     /usr/lib64/libxcb-dri2.so.0.0.0
7ffaa5220000-7ffaa5221000 r--p 00000000 00:20 432824                     /usr/lib64/libX11-xcb.so.1.0.0
7ffaa5221000-7ffaa5222000 r-xp 00001000 00:20 432824                     /usr/lib64/libX11-xcb.so.1.0.0
7ffaa5222000-7ffaa5223000 r--p 00002000 00:20 432824                     /usr/lib64/libX11-xcb.so.1.0.0
7ffaa5223000-7ffaa5224000 r--p 00002000 00:20 432824                     /usr/lib64/libX11-xcb.so.1.0.0
7ffaa5224000-7ffaa5225000 rw-p 00000000 00:00 0 
7ffaa5225000-7ffaa5226000 r--p 00000000 00:20 433144                     /usr/lib64/libXau.so.6.0.0
7ffaa5226000-7ffaa5228000 r-xp 00001000 00:20 433144                     /usr/lib64/libXau.so.6.0.0
7ffaa5228000-7ffaa5229000 r--p 00003000 00:20 433144                     /usr/lib64/libXau.so.6.0.0
7ffaa5229000-7ffaa522a000 r--p 00003000 00:20 433144                     /usr/lib64/libXau.so.6.0.0
7ffaa522a000-7ffaa522b000 rw-p 00000000 00:00 0 
7ffaa522b000-7ffaa522f000 r--p 00000000 00:20 449959                     /usr/lib64/libXext.so.6.4.0
7ffaa522f000-7ffaa523a000 r-xp 00004000 00:20 449959                     /usr/lib64/libXext.so.6.4.0
7ffaa523a000-7ffaa523d000 r--p 0000f000 00:20 449959                     /usr/lib64/libXext.so.6.4.0
7ffaa523d000-7ffaa523e000 r--p 00011000 00:20 449959                     /usr/lib64/libXext.so.6.4.0
7ffaa523e000-7ffaa523f000 rw-p 00012000 00:20 449959                     /usr/lib64/libXext.so.6.4.0
7ffaa523f000-7ffaa5240000 r--s 00000000 00:4c 2421                       /run/user/1000/dconf/user
7ffaa5240000-7ffaa5241000 rw-s 113cfb000 00:05 513                       /dev/dri/renderD128
7ffaa5241000-7ffaa5243000 r--p 00000000 00:20 433480                     /usr/lib64/libdrm_nouveau.so.2.0.0
7ffaa5243000-7ffaa5248000 r-xp 00002000 00:20 433480                     /usr/lib64/libdrm_nouveau.so.2.0.0
7ffaa5248000-7ffaa5249000 r--p 00007000 00:20 433480                     /usr/lib64/libdrm_nouveau.so.2.0.0
7ffaa5249000-7ffaa524a000 r--p 00008000 00:20 433480                     /usr/lib64/libdrm_nouveau.so.2.0.0
7ffaa524a000-7ffaa524b000 rw-p 00000000 00:00 0 
7ffaa524b000-7ffaa5252000 r--s 00000000 00:20 580201                     /usr/lib64/gconv/gconv-modules.cache
7ffaa5252000-7ffaa5253000 r--p 00000000 00:20 430152                     /usr/lib64/librt.so.1
7ffaa5253000-7ffaa5254000 r-xp 00001000 00:20 430152                     /usr/lib64/librt.so.1
7ffaa5254000-7ffaa5255000 r--p 00002000 00:20 430152                     /usr/lib64/librt.so.1
7ffaa5255000-7ffaa5256000 r--p 00002000 00:20 430152                     /usr/lib64/librt.so.1
7ffaa5256000-7ffaa5257000 rw-p 00000000 00:00 0 
7ffaa5257000-7ffaa5267000 r--p 00000000 00:20 430145                     /usr/lib64/libm.so.6
7ffaa5267000-7ffaa52dc000 r-xp 00010000 00:20 430145                     /usr/lib64/libm.so.6
7ffaa52dc000-7ffaa5336000 r--p 00085000 00:20 430145                     /usr/lib64/libm.so.6
7ffaa5336000-7ffaa5337000 r--p 000de000 00:20 430145                     /usr/lib64/libm.so.6
7ffaa5337000-7ffaa5338000 rw-p 000df000 00:20 430145                     /usr/lib64/libm.so.6
7ffaa5338000-7ffaa533a000 rw-p 00000000 00:00 0 
7ffaa533a000-7ffaa533b000 r--p 00000000 00:20 430144                     /usr/lib64/libdl.so.2
7ffaa533b000-7ffaa533c000 r-xp 00001000 00:20 430144                     /usr/lib64/libdl.so.2
7ffaa533c000-7ffaa533d000 r--p 00002000 00:20 430144                     /usr/lib64/libdl.so.2
7ffaa533d000-7ffaa533e000 r--p 00002000 00:20 430144                     /usr/lib64/libdl.so.2
7ffaa533e000-7ffaa533f000 rw-p 00000000 00:00 0 
7ffaa533f000-7ffaa5340000 r--p 00000000 00:20 430150                     /usr/lib64/libpthread.so.0
7ffaa5340000-7ffaa5341000 r-xp 00001000 00:20 430150                     /usr/lib64/libpthread.so.0
7ffaa5341000-7ffaa5342000 r--p 00002000 00:20 430150                     /usr/lib64/libpthread.so.0
7ffaa5342000-7ffaa5343000 r--p 00002000 00:20 430150                     /usr/lib64/libpthread.so.0
7ffaa5343000-7ffaa5344000 rw-p 00000000 00:00 0 
7ffaa5344000-7ffaa5345000 r--p 00000000 00:20 450107                     /usr/lib64/libXxf86vm.so.1.0.0
7ffaa5345000-7ffaa5348000 r-xp 00001000 00:20 450107                     /usr/lib64/libXxf86vm.so.1.0.0
7ffaa5348000-7ffaa5349000 r--p 00004000 00:20 450107                     /usr/lib64/libXxf86vm.so.1.0.0
7ffaa5349000-7ffaa534a000 r--p 00004000 00:20 450107                     /usr/lib64/libXxf86vm.so.1.0.0
7ffaa534a000-7ffaa534b000 rw-p 00005000 00:20 450107                     /usr/lib64/libXxf86vm.so.1.0.0
7ffaa534b000-7ffaa534d000 r--s 0009c000 00:20 96003                      /home/neon/NetBeansProjects/ProyectFerreteria/dist/run1923715443/CarritoDeCompras_Ferreteria.jar
7ffaa534d000-7ffaa5355000 rw-s 00000000 00:26 2125                       /tmp/hsperfdata_neon/19655
7ffaa5355000-7ffaa5356000 rw-p 00000000 00:00 0 
7ffaa5356000-7ffaa5357000 r--p 00000000 00:00 0 
7ffaa5357000-7ffaa5359000 rw-p 00000000 00:00 0 
7ffaa5359000-7ffaa535a000 r--p 00000000 00:20 430139                     /usr/lib64/ld-linux-x86-64.so.2
7ffaa535a000-7ffaa5381000 r-xp 00001000 00:20 430139                     /usr/lib64/ld-linux-x86-64.so.2
7ffaa5381000-7ffaa538b000 r--p 00028000 00:20 430139                     /usr/lib64/ld-linux-x86-64.so.2
7ffaa538b000-7ffaa538d000 r--p 00031000 00:20 430139                     /usr/lib64/ld-linux-x86-64.so.2
7ffaa538d000-7ffaa538f000 rw-p 00033000 00:20 430139                     /usr/lib64/ld-linux-x86-64.so.2
7fff0523b000-7fff0525c000 rw-p 00000000 00:00 0                          [stack]
7fff0536d000-7fff05371000 r--p 00000000 00:00 0                          [vvar]
7fff05371000-7fff05373000 r-xp 00000000 00:00 0                          [vdso]
ffffffffff600000-ffffffffff601000 --xp 00000000 00:00 0                  [vsyscall]

VM Arguments:
jvm_args: -Dfile.encoding=UTF-8 
java_command: /home/neon/NetBeansProjects/ProyectFerreteria/dist/run1923715443/CarritoDeCompras_Ferreteria.jar
java_class_path (initial): /home/neon/NetBeansProjects/ProyectFerreteria/dist/run1923715443/CarritoDeCompras_Ferreteria.jar
Launcher Type: SUN_STANDARD

Environment Variables:
PATH=/home/neon/.local/bin:/home/neon/bin:/usr/local/bin:/usr/local/sbin:/usr/bin:/usr/sbin
USERNAME=neon
SHELL=/bin/bash
DISPLAY=:0

Signal Handlers:
SIGSEGV: [libjvm.so+0xad3ce0], sa_mask[0]=11111111011111111101111111111110, sa_flags=SA_RESTART|SA_SIGINFO
SIGBUS: [libjvm.so+0xad3ce0], sa_mask[0]=11111111011111111101111111111110, sa_flags=SA_RESTART|SA_SIGINFO
SIGFPE: [libjvm.so+0x90b820], sa_mask[0]=11111111011111111101111111111110, sa_flags=SA_RESTART|SA_SIGINFO
SIGPIPE: SIG_IGN, sa_mask[0]=00000000000010000000000000000000, sa_flags=SA_RESTART
SIGXFSZ: [libjvm.so+0x90b820], sa_mask[0]=11111111011111111101111111111110, sa_flags=SA_RESTART|SA_SIGINFO
SIGILL: [libjvm.so+0x90b820], sa_mask[0]=11111111011111111101111111111110, sa_flags=SA_RESTART|SA_SIGINFO
SIGUSR1: SIG_DFL, sa_mask[0]=00000000000000000000000000000000, sa_flags=none
SIGUSR2: [libjvm.so+0x90b6f0], sa_mask[0]=00100000000000000000000000000000, sa_flags=SA_RESTART|SA_SIGINFO
SIGHUP: [libjvm.so+0x90bd10], sa_mask[0]=11111111011111111101111111111110, sa_flags=SA_RESTART|SA_SIGINFO
SIGINT: SIG_IGN, sa_mask[0]=00000000000000000000000000000000, sa_flags=none
SIGTERM: [libjvm.so+0x90bd10], sa_mask[0]=11111111011111111101111111111110, sa_flags=SA_RESTART|SA_SIGINFO
SIGQUIT: [libjvm.so+0x90bd10], sa_mask[0]=11111111011111111101111111111110, sa_flags=SA_RESTART|SA_SIGINFO


---------------  S Y S T E M  ---------------

OS:Fedora release 39 (Thirty Nine)

uname:Linux 6.6.2-201.fc39.x86_64 #1 SMP PREEMPT_DYNAMIC Wed Nov 22 21:31:42 UTC 2023 x86_64
libc:glibc 2.38 NPTL 2.38 
rlimit: STACK 8192k, CORE infinity, NPROC 87561, NOFILE 524288, AS infinity
load average:0,86 1,44 1,54

/proc/meminfo:
MemTotal:       22476644 kB
MemFree:         3900364 kB
MemAvailable:   14417160 kB
Buffers:            5012 kB
Cached:         10954276 kB
SwapCached:            0 kB
Active:          9027308 kB
Inactive:        8547404 kB
Active(anon):    6650188 kB
Inactive(anon):   185020 kB
Active(file):    2377120 kB
Inactive(file):  8362384 kB
Unevictable:        6008 kB
Mlocked:            6008 kB
SwapTotal:       8388604 kB
SwapFree:        8388604 kB
Zswap:                 0 kB
Zswapped:              0 kB
Dirty:              1932 kB
Writeback:             0 kB
AnonPages:       6621468 kB
Mapped:          1237108 kB
Shmem:            214356 kB
KReclaimable:     144064 kB
Slab:             332064 kB
SReclaimable:     144064 kB
SUnreclaim:       188000 kB
KernelStack:       22448 kB
PageTables:        65732 kB
SecPageTables:         0 kB
NFS_Unstable:          0 kB
Bounce:                0 kB
WritebackTmp:          0 kB
CommitLimit:    19626924 kB
Committed_AS:   21133748 kB
VmallocTotal:   34359738367 kB
VmallocUsed:       98156 kB
VmallocChunk:          0 kB
Percpu:            17792 kB
HardwareCorrupted:     0 kB
AnonHugePages:         0 kB
ShmemHugePages:        0 kB
ShmemPmdMapped:        0 kB
FileHugePages:         0 kB
FilePmdMapped:         0 kB
CmaTotal:              0 kB
CmaFree:               0 kB
Unaccepted:            0 kB
HugePages_Total:       0
HugePages_Free:        0
HugePages_Rsvd:        0
HugePages_Surp:        0
Hugepagesize:       2048 kB
Hugetlb:               0 kB
DirectMap4k:      558100 kB
DirectMap2M:    19302400 kB
DirectMap1G:     4194304 kB


CPU:total 16 (initial active 4) (4 cores per cpu, 1 threads per core) family 23 model 24 stepping 1, cmov, cx8, fxsr, mmx, sse, sse2, sse3, ssse3, sse4.1, sse4.2, popcnt, avx, avx2, aes, clmul, mmxext, 3dnowpref, lzcnt, sse4a, tsc, tscinvbit, tscinv, bmi1

/proc/cpuinfo:
processor	: 0
vendor_id	: AuthenticAMD
cpu family	: 23
model		: 24
model name	: AMD Ryzen 3 3200U with Radeon Vega Mobile Gfx
stepping	: 1
microcode	: 0x8108109
cpu MHz		: 2794.488
cache size	: 512 KB
physical id	: 0
siblings	: 4
core id		: 0
cpu cores	: 2
apicid		: 0
initial apicid	: 0
fpu		: yes
fpu_exception	: yes
cpuid level	: 13
wp		: yes
flags		: fpu vme de pse tsc msr pae mce cx8 apic sep mtrr pge mca cmov pat pse36 clflush mmx fxsr sse sse2 ht syscall nx mmxext fxsr_opt pdpe1gb rdtscp lm constant_tsc rep_good nopl nonstop_tsc cpuid extd_apicid aperfmperf rapl pni pclmulqdq monitor ssse3 fma cx16 sse4_1 sse4_2 movbe popcnt aes xsave avx f16c rdrand lahf_lm cmp_legacy svm extapic cr8_legacy abm sse4a misalignsse 3dnowprefetch osvw skinit wdt tce topoext perfctr_core perfctr_nb bpext perfctr_llc mwaitx cpb hw_pstate ssbd ibpb vmmcall fsgsbase bmi1 avx2 smep bmi2 rdseed adx smap clflushopt sha_ni xsaveopt xsavec xgetbv1 clzero irperf xsaveerptr arat npt lbrv svm_lock nrip_save tsc_scale vmcb_clean flushbyasid decodeassists pausefilter pfthreshold avic v_vmsave_vmload vgif overflow_recov succor smca sev sev_es
bugs		: sysret_ss_attrs null_seg spectre_v1 spectre_v2 spec_store_bypass retbleed smt_rsb srso div0
bogomips	: 5189.77
TLB size	: 2560 4K pages
clflush size	: 64
cache_alignment	: 64
address sizes	: 43 bits physical, 48 bits virtual
power management: ts ttp tm hwpstate eff_freq_ro [13] [14]

processor	: 1
vendor_id	: AuthenticAMD
cpu family	: 23
model		: 24
model name	: AMD Ryzen 3 3200U with Radeon Vega Mobile Gfx
stepping	: 1
microcode	: 0x8108109
cpu MHz		: 2792.983
cache size	: 512 KB
physical id	: 0
siblings	: 4
core id		: 0
cpu cores	: 2
apicid		: 1
initial apicid	: 1
fpu		: yes
fpu_exception	: yes
cpuid level	: 13
wp		: yes
flags		: fpu vme de pse tsc msr pae mce cx8 apic sep mtrr pge mca cmov pat pse36 clflush mmx fxsr sse sse2 ht syscall nx mmxext fxsr_opt pdpe1gb rdtscp lm constant_tsc rep_good nopl nonstop_tsc cpuid extd_apicid aperfmperf rapl pni pclmulqdq monitor ssse3 fma cx16 sse4_1 sse4_2 movbe popcnt aes xsave avx f16c rdrand lahf_lm cmp_legacy svm extapic cr8_legacy abm sse4a misalignsse 3dnowprefetch osvw skinit wdt tce topoext perfctr_core perfctr_nb bpext perfctr_llc mwaitx cpb hw_pstate ssbd ibpb vmmcall fsgsbase bmi1 avx2 smep bmi2 rdseed adx smap clflushopt sha_ni xsaveopt xsavec xgetbv1 clzero irperf xsaveerptr arat npt lbrv svm_lock nrip_save tsc_scale vmcb_clean flushbyasid decodeassists pausefilter pfthreshold avic v_vmsave_vmload vgif overflow_recov succor smca sev sev_es
bugs		: sysret_ss_attrs null_seg spectre_v1 spectre_v2 spec_store_bypass retbleed smt_rsb srso div0
bogomips	: 5189.77
TLB size	: 2560 4K pages
clflush size	: 64
cache_alignment	: 64
address sizes	: 43 bits physical, 48 bits virtual
power management: ts ttp tm hwpstate eff_freq_ro [13] [14]

processor	: 2
vendor_id	: AuthenticAMD
cpu family	: 23
model		: 24
model name	: AMD Ryzen 3 3200U with Radeon Vega Mobile Gfx
stepping	: 1
microcode	: 0x8108109
cpu MHz		: 3492.636
cache size	: 512 KB
physical id	: 0
siblings	: 4
core id		: 1
cpu cores	: 2
apicid		: 2
initial apicid	: 2
fpu		: yes
fpu_exception	: yes
cpuid level	: 13
wp		: yes
flags		: fpu vme de pse tsc msr pae mce cx8 apic sep mtrr pge mca cmov pat pse36 clflush mmx fxsr sse sse2 ht syscall nx mmxext fxsr_opt pdpe1gb rdtscp lm constant_tsc rep_good nopl nonstop_tsc cpuid extd_apicid aperfmperf rapl pni pclmulqdq monitor ssse3 fma cx16 sse4_1 sse4_2 movbe popcnt aes xsave avx f16c rdrand lahf_lm cmp_legacy svm extapic cr8_legacy abm sse4a misalignsse 3dnowprefetch osvw skinit wdt tce topoext perfctr_core perfctr_nb bpext perfctr_llc mwaitx cpb hw_pstate ssbd ibpb vmmcall fsgsbase bmi1 avx2 smep bmi2 rdseed adx smap clflushopt sha_ni xsaveopt xsavec xgetbv1 clzero irperf xsaveerptr arat npt lbrv svm_lock nrip_save tsc_scale vmcb_clean flushbyasid decodeassists pausefilter pfthreshold avic v_vmsave_vmload vgif overflow_recov succor smca sev sev_es
bugs		: sysret_ss_attrs null_seg spectre_v1 spectre_v2 spec_store_bypass retbleed smt_rsb srso div0
bogomips	: 5189.77
TLB size	: 2560 4K pages
clflush size	: 64
cache_alignment	: 64
address sizes	: 43 bits physical, 48 bits virtual
power management: ts ttp tm hwpstate eff_freq_ro [13] [14]

processor	: 3
vendor_id	: AuthenticAMD
cpu family	: 23
model		: 24
model name	: AMD Ryzen 3 3200U with Radeon Vega Mobile Gfx
stepping	: 1
microcode	: 0x8108109
cpu MHz		: 3493.046
cache size	: 512 KB
physical id	: 0
siblings	: 4
core id		: 1
cpu cores	: 2
apicid		: 3
initial apicid	: 3
fpu		: yes
fpu_exception	: yes
cpuid level	: 13
wp		: yes
flags		: fpu vme de pse tsc msr pae mce cx8 apic sep mtrr pge mca cmov pat pse36 clflush mmx fxsr sse sse2 ht syscall nx mmxext fxsr_opt pdpe1gb rdtscp lm constant_tsc rep_good nopl nonstop_tsc cpuid extd_apicid aperfmperf rapl pni pclmulqdq monitor ssse3 fma cx16 sse4_1 sse4_2 movbe popcnt aes xsave avx f16c rdrand lahf_lm cmp_legacy svm extapic cr8_legacy abm sse4a misalignsse 3dnowprefetch osvw skinit wdt tce topoext perfctr_core perfctr_nb bpext perfctr_llc mwaitx cpb hw_pstate ssbd ibpb vmmcall fsgsbase bmi1 avx2 smep bmi2 rdseed adx smap clflushopt sha_ni xsaveopt xsavec xgetbv1 clzero irperf xsaveerptr arat npt lbrv svm_lock nrip_save tsc_scale vmcb_clean flushbyasid decodeassists pausefilter pfthreshold avic v_vmsave_vmload vgif overflow_recov succor smca sev sev_es
bugs		: sysret_ss_attrs null_seg spectre_v1 spectre_v2 spec_store_bypass retbleed smt_rsb srso div0
bogomips	: 5189.77
TLB size	: 2560 4K pages
clflush size	: 64
cache_alignment	: 64
address sizes	: 43 bits physical, 48 bits virtual
power management: ts ttp tm hwpstate eff_freq_ro [13] [14]



Memory: 4k page, physical 22476644k(3900364k free), swap 8388604k(8388604k free)

vm_info: Java HotSpot(TM) 64-Bit Server VM (25.202-b08) for linux-amd64 JRE (1.8.0_202-b08), built on Dec 15 2018 12:40:22 by "java_re" with gcc 7.3.0

time: Sun Dec  3 17:54:53 2023
timezone: EST
elapsed time: 0 seconds (0d 0h 0m 0s)

